[root@localhost rlsys-terminal-main]#
[root@localhost rlsys-terminal-main]# #!/bin/bash
set -uo pipefail

# Cores para o alerta visual
GREEN='\033[0;32m'
RED='\033[0;31m'
YELLOW='\033[1;33m'
NC='\033[0m'
BOLD='\033[1m'

LOG_FILE="sprint_035_persistence.log"
> "$LOG_FILE"

log() {
    echo -e "[$(date +'%H:%M:%S')] $1" | tee -a "$LOG_FILE"
}

error_handler() {
    echo -e "\n${RED}${BOLD}━━━━━━━━━━━━━━━━━━━━━━━━━━━━━━━━━━━━
━━━━━━━━━━━━━━━━━━━━━━━━━${NC}"
    echo -e "${RED}${BOLD}   ❌ ERRO DETECTADO NA LINHA $1${NC}"

    echo -e "${RED}   A Sprint 035 foi interrompida para protege
r a integridade.${NC}"
    echo -e "${RED}${BOLD}━━━━━━━━━━━━━━━━━━━━━━━━━━━━━━━━━━━━━━
━━━━━━━━━━━━━━━━━━━━━━━${NC}"
    return 1 2>/dev/null || exit 1
}

trap 'error_handler $LINENO' ERR

log "======================================================"
log " INICIANDO SPRINT 035 - SESSION LOCK PERSISTENCE "
log "======================================================"

cd "$HOME/rlsys-terminal-main"

# 1. Preparação do Git
log "=> Sincronizando repositório..."
git checkout main
git pull origin main

log "=> Preparando branch isolada..."
git branch -D sprint-035-lock-persistence 2>/dev/null || true
git checkout -b sprint-035-lock-persistence

log "=> Criando estrutura de pastas de infraestrutura..."
mkdir -p src/infrastructure/storage

# 2. Atualizar Contratos (Adicionando CooldownState e Repository
 Interface)
cat << 'EOF' > src/domain/runtime/CooldownContracts.ts
export enum CooldownReason {
  STOP_LOSS = 'STOP_LOSS',
  DRAWDOWN_VELOCITY = 'DRAWDOWN_VELOCITY',
  PARADIGM_BREAK = 'PARADIGM_BREAK',
  MANUAL_EMERGENCY = 'MANUAL_EMERGENCY'
}

export interface CooldownPolicy {
  readonly stopLossMs: number;
  readonly drawdownVelocityMs: number;
  readonly paradigmBreakMs: number;
  readonly manualEmergencyMs: number;
}

export interface CooldownStatus {
  readonly isActive: boolean;
  readonly remainingMs: number;
  readonly reason: CooldownReason | null;
}

// Novo: Interface de Estado para Persistência
export interface CooldownState {
  readonly lockTimestampMs: number;
  readonly activeReason: CooldownReason;
  readonly requiredDurationMs: number;
}

// Novo: Contrato de Repositório (Inversão de Dependência)
export interface CooldownStateRepository {
  save(state: CooldownState): void;
  load(): CooldownState | null;
  clear(): void;
}
EOF

# 3. Atualizar o Guardião para suportar Injeção do Repositório
cat << 'EOF' > src/domain/runtime/OperatorCooldownGuard.ts
import { CooldownPolicy, CooldownReason, CooldownStatus, Cooldow
nState, CooldownStateRepository } from './CooldownContracts';

export class OperatorCooldownGuard {
  private lockTimestampMs: number | null = null;
  private activeReason: CooldownReason | null = null;
  private requiredDurationMs: number = 0;

  constructor(
    private readonly policy: CooldownPolicy,
    private readonly repository?: CooldownStateRepository
  ) {
    this.restoreState();
  }

  private restoreState(): void {
    if (!this.repository) return;
    const savedState = this.repository.load();
    if (savedState) {
      this.lockTimestampMs = savedState.lockTimestampMs;
      this.activeReason = savedState.activeReason;
      this.requiredDurationMs = savedState.requiredDurationMs;
    }
  }

  public enforceLock(reason: CooldownReason, currentTimeMs: numb
er): void {
    const newDuration = this.getDurationForReason(reason);
    const currentStatus = this.evaluate(currentTimeMs);

    if (currentStatus.isActive && currentStatus.remainingMs > ne
wDuration) {
        return; // Mantém o bloqueio mais rigoroso
    }

    this.lockTimestampMs = currentTimeMs;
    this.activeReason = reason;
    this.requiredDurationMs = newDuration;

    // Persiste o estado O(1) apenas na mudança
    if (this.repository) {
      this.repository.save({
        lockTimestampMs: this.lockTimestampMs,
        activeReason: this.activeReason,
        requiredDurationMs: this.requiredDurationMs
      });
    }
  }

  public evaluate(currentTimeMs: number): CooldownStatus {
    if (this.lockTimestampMs === null) {
      return { isActive: false, remainingMs: 0, reason: null };
    }

    const elapsedMs = currentTimeMs - this.lockTimestampMs;
    const remainingMs = this.requiredDurationMs - elapsedMs;

    if (remainingMs <= 0) {
      this.clear();
      return { isActive: false, remainingMs: 0, reason: null };
    }

    return { isActive: true, remainingMs, reason: this.activeRea
son };
  }

  private clear(): void {
    this.lockTimestampMs = null;
    this.activeReason = null;
    this.requiredDurationMs = 0;
    if (this.repository) {
      this.repository.clear();
    }
  }

  private getDurationForReason(reason: CooldownReason): number {

    switch (reason) {
      case CooldownReason.STOP_LOSS: return this.policy.stopLoss
Ms;
      case CooldownReason.DRAWDOWN_VELOCITY: return this.policy.
drawdownVelocityMs;
      case CooldownReason.PARADIGM_BREAK: return this.policy.par
adigmBreakMs;
      case CooldownReason.MANUAL_EMERGENCY: return this.policy.m
anualEmergencyMs;
      default: return 0;
    }
  }
}
EOF

# 4. Implementação da Camada de Infraestrutura (File Repository)

cat << 'EOF' > src/infrastructure/storage/FileCooldownStateRepos
itory.ts
import * as fs from 'node:fs';
import * as path from 'node:path';
import { CooldownState, CooldownStateRepository } from '../../do
main/runtime/CooldownContracts';

export class FileCooldownStateRepository implements CooldownStat
eRepository {
  private readonly filePath: string;

  constructor(storageDirectory: string) {
    if (!fs.existsSync(storageDirectory)) {
      fs.mkdirSync(storageDirectory, { recursive: true });
    }
    this.filePath = path.join(storageDirectory, 'cooldown_state.
json');
  }

  public save(state: CooldownState): void {
    try {
      // Uso sincrono garantindo atomicidade antes que o process
o morra
      fs.writeFileSync(this.filePath, JSON.stringify(state), 'ut
f-8');
    } catch (error) {
      console.error('[FileCooldownRepo] Erro ao salvar estado:',
 error);
    }
  }

  public load(): CooldownState | null {
    try {
      if (!fs.existsSync(this.filePath)) return null;
      const data = fs.readFileSync(this.filePath, 'utf-8');
      return JSON.parse(data) as CooldownState;
    } catch (error) {
      console.error('[FileCooldownRepo] Erro ao carregar estado.
 Assumindo estado limpo.', error);
      return null;
    }
  }

  public clear(): void {
    try {
      if (fs.existsSync(this.filePath)) {
        fs.unlinkSync(this.filePath);
      }
    } catch (error) {
      console.error('[FileCooldownRepo] Erro ao limpar estado:',
 error);
    }
  }
}
EOF

# 5. Escrita: Testes Unitários de Persistência
cat << 'EOF' > tests/persistent-cooldown.test.js
const test = require('node:test');
const assert = require('node:assert');
const fs = require('node:fs');
const path = require('node:path');
const { OperatorCooldownGuard } = require('../dist/domain/runtim
e/OperatorCooldownGuard');
const { CooldownReason } = require('../dist/domain/runtime/Coold
ownContracts');
const { FileCooldownStateRepository } = require('../dist/infrast
ructure/storage/FileCooldownStateRepository');

const policy = { stopLossMs: 3600000, drawdownVelocityMs: 180000
0, paradigmBreakMs: 43200000, manualEmergencyMs: 86400000 };
const testStorageDir = path.join(__dirname, 'test_storage');

test('PersistentCooldown: Guarda estado no disco e restaura em n
ova instancia', () => {
  const repo1 = new FileCooldownStateRepository(testStorageDir);

  const guard1 = new OperatorCooldownGuard(policy, repo1);
  const startTime = 1000000;

  // Applica bloqueio
  guard1.enforceLock(CooldownReason.STOP_LOSS, startTime);

  // Simula "Morte do Processo" e "Reinicio" criando nova instân
cia
  const repo2 = new FileCooldownStateRepository(testStorageDir);

  const guard2 = new OperatorCooldownGuard(policy, repo2);

  // Verifica se o estado sobreviveu à nova instância
  const status = guard2.evaluate(startTime + 1000);
  assert.strictEqual(status.isActive, true);
  assert.strictEqual(status.reason, CooldownReason.STOP_LOSS);
  assert.strictEqual(status.remainingMs, 3600000 - 1000);
});

test('PersistentCooldown: Remove arquivo do disco quando tempo e
xpira', () => {
  const repo = new FileCooldownStateRepository(testStorageDir);
  const guard = new OperatorCooldownGuard(policy, repo);
  const startTime = 1000000;

  guard.enforceLock(CooldownReason.DRAWDOWN_VELOCITY, startTime)
;
  assert.strictEqual(fs.existsSync(path.join(testStorageDir, 'co
oldown_state.json')), true);

  // Avalia após o tempo expirar (Drawdown = 30min)
  guard.evaluate(startTime + 1800001);

  // Arquivo deve ter sido excluído
  assert.strictEqual(fs.existsSync(path.join(testStorageDir, 'co
oldown_state.json')), false);
});

// Limpeza pós-teste
test('Cleanup: Remove test storage', () => {
  if (fs.existsSync(testStorageDir)) {
    fs.rmSync(testStorageDir, { recursive: true, force: true });

  }
});
EOF

# 6. Compilação e Teste
log "=> Instalando dependências e a compilar (TypeScript)..."
npm ci && npm run build

log "=> Executando bateria de testes com I/O em disco..."
npm test

# 7. Finalização Git
log "=> Guardar registos e integrar (Merge)..."
git add .
git commit -m "feat(runtime): session lock persistence via file
system repository"
git push -u origin sprint-035-lock-persistence

git checkout main
git merge sprint-035-lock-persistence
git push origin main

# 8. Banner de Sucesso
echo -e "\n${GREEN}${BOLD}━━━━━━━━━━━━━━━━━━━━━━━━━━━━━━━━━━━━━━
━━━━━━━━━━━━━━━━━━━━━━━${NC}"
echo -e "${GREEN}${BOLD}   💾 SPRINT 035 CONCLUÍDA: LOCK PERSIST
ENCE ATIVO!${NC}"
echo -e "${GREEN}   • FASE 1 (RUNTIME ENFORCEMENT) COMPLETADA CO
M SUCESSO.${NC}"
echo -e "${GREEN}   • Guardião agora sobrevive a reinícios do Ar
chLinux/Termux.${NC}"
echo -e "${GREEN}   • Implementação O(1) de escrita em disco (ap
enas em eventos).${NC}"
echo -e "${GREEN}${BOLD}━━━━━━━━━━━━━━━━━━━━━━━━━━━━━━━━━━━━━━━━
━━━━━━━━━━━━━━━━━━━━━${NC}"
log "Operação terminada. Terminal livre para uso."
[18:58:15] =====================================================
=
[18:58:15]  INICIANDO SPRINT 035 - SESSION LOCK PERSISTENCE
[18:58:15] =====================================================
=
[18:58:15] => Sincronizando repositório...
Already on 'main'
Your branch is up to date with 'origin/main'.
From https://github.com/thiagocoder30/rlsys-terminal-main
 * branch            main       -> FETCH_HEAD
Already up to date.
[18:58:18] => Preparando branch isolada...
Switched to a new branch 'sprint-035-lock-persistence'
[18:58:18] => Criando estrutura de pastas de infraestrutura...
[18:58:19] => Instalando dependências e a compilar (TypeScript).
..

added 98 packages, and audited 99 packages in 20s

19 packages are looking for funding
  run `npm fund` for details

found 0 vulnerabilities

> rl-sys-core@2.9.0 build
> tsc

[18:59:23] => Executando bateria de testes com I/O em disco...

> rl-sys-core@2.9.0 test
> node --test tests/*.test.js

✔ AdaptiveConfidenceEngine allows mature low-noise signal calibr
ation (21.745539ms)
✔ AdaptiveConfidenceEngine observes marginal confidence near dyn
amic threshold (3.458769ms)
✔ AdaptiveConfidenceEngine blocks noisy low-quality calibration
(4.397ms)
✔ AdaptiveConfidenceEngine rejects malformed input without silen
t failure (5.030846ms)
✔ AdvancedWalkForwardService rejects corrupted datasets (33773.6
07309ms)
✔ AdvancedWalkForwardService returns blocked research report for
 clean dataset (518.232308ms)
✔ AdvancedWalkForwardValidator rejects invalid roulette history
(19.726154ms)
✔ AdvancedWalkForwardValidator detects low robustness on balance
d data (149.67ms)
✔ AdvancedWalkForwardValidator surfaces candidate for persistent
 out-of-sample bias (55.244615ms)
✔ BayesianEdgeValidator rejects insufficient evidence (22.492846
ms)
✔ BayesianEdgeValidator supports strong positive out-of-sample e
vidence (5.034692ms)
✔ BenchmarkComparisonService rejects corrupted datasets (3583.13
3ms)
✔ BenchmarkComparisonService returns institutional benchmark rep
ort with blocked gate (1186.316461ms)
✔ BootstrapResampler creates deterministic block samples with ch
ecksums (43.149ms)
✔ BootstrapResampler rejects insufficient history (5.110615ms)
✔ CapitalExposureService returns institutional capital report wi
th blocked gate (3274.363539ms)
✔ CapitalExposureService rejects corrupted datasets (4.565ms)
✔ CapitalExposureSimulator returns bounded capital survival metr
ics (59.861692ms)
✔ CapitalExposureSimulator rejects invalid roulette histories (4
.730769ms)
✔ CapitalExposureSimulator flags aggressive capital pressure wit
hout opening operational gate (30.442308ms)
✔ ConfidenceScorer returns a bounded score and grade (13.778308m
s)
✔ ConfigValidator accepts production-safe defaults with warnings
 only (14.112462ms)
✔ ConfigValidator rejects invalid ports and log levels (5.883154
ms)
✔ DataIntegrityValidator accepts research-sized canonical datase
ts (41.894693ms)
✔ DataIntegrityValidator blocks insufficient datasets (5.118154m
s)
✔ DatasetEngine parses and normalizes CSV datasets with checksum
s (14328.508462ms)
✔ DatasetEngine rejects invalid spin values without throwing (4.
252154ms)
✔ DatasetRegistryEngine accepts high quality datasets with deter
ministic checksums (48.013077ms)
✔ DatasetRegistryEngine requires review for OCR datasets with we
ak reliability (6.131231ms)
✔ DatasetRegistryEngine blocks corrupted roulette sample values
(8.101154ms)
✔ DatasetRegistryEngine rejects duplicate dataset ids without si
lent failure (3.789923ms)
✔ DatasetRegistryEngine blocks oversized dataset batches before
processing (3.683384ms)
✔ DatasetRegistryEngine can block synthetic datasets by policy (
4.883923ms)
✔ DealerSignatureEngine detects persistent dealer sector signatu
re (29.380846ms)
✔ DealerSignatureEngine returns inconclusive for balanced dealer
 history (5.662615ms)
✔ DealerSignatureEngine blocks insufficient dealer sample (9.167
692ms)
✔ DealerSignatureEngine rejects malformed roulette values withou
t silent failure (6.12023ms)
✔ DealerSignatureEngine blocks oversized batches for low-end har
dware safety (3.223769ms)
✔ DealerSignatureEngine is deterministic for repeated analysis (
10.091615ms)
✔ DecisionOrchestrator connects ranking to research-only live de
cision (55.383384ms)
✔ DecisionOrchestrator keeps observation state when live session
 is not ready (7.565846ms)
✔ DecisionOrchestrator returns typed Result error for malformed
input (6.408923ms)
✔ DecisionOrchestrator blocks research signal when regime policy
 blocks signals (21.165538ms)
✔ DecisionOrchestrator blocks research signal when ensemble repo
rts strategic conflict (15.786462ms)
✔ DecisionOrchestrator blocks research signal when temporal deca
y expires evidence (13.659ms)
✔ DecisionOrchestrator blocks research signal when adaptive conf
idence is too low (12.878154ms)
✔ DeterministicReplayStudio replays command streams with stable
checksums (4014.781847ms)
✔ DeterministicReplayStudio preserves idempotency for duplicate
frame events (5.876616ms)
✔ DeterministicReplayStudio replays verified persistence records
 (17.625153ms)
✔ DeterministicReplayStudio blocks checkpoint mismatches without
 throwing (5.829ms)
✔ DeterministicReplayStudio rejects malformed requests without s
ilent failure (34.779693ms)
✔ EdgePersistenceAnalyzer returns no persistent edge for rotatin
g balanced data (155.179384ms)
✔ EdgePersistenceAnalyzer flags stable concentrated evidence as
persistent research signal (48.749461ms)
✔ EdgePersistenceAnalyzer estimates decay direction for fading s
ignals (47.686308ms)
✔ EmergencyGuard: Permite operacao com telemetria saudavel (15.5
04846ms)
✔ EmergencyGuard: Congela por perda de Heartbeat (Morte do Senso
r) (2.583923ms)
✔ EmergencyGuard: Congela por cegueira do OCR (Baixa Confianca)
(2.377693ms)
✔ EmergencyGuard: Congela por alta latencia (Risco de delay na a
cao) (2.660154ms)
✔ EmergencyGuard: Avaliacao O(1) nao aloca memoria se saudavel (
2.112ms)
✔ EVRiskAnalyticsEngine identifies positive edge candidate under
 bounded risk (124.027385ms)
✔ EVRiskAnalyticsEngine blocks negative expected value samples (
5.969846ms)
✔ EVRiskAnalyticsEngine blocks insufficient samples even when pr
ofitable (5.381847ms)
✔ EVRiskAnalyticsEngine exposes deterministic checksums for repe
ated analytics (5.355461ms)
✔ EVRiskAnalyticsEngine rejects malformed outcomes without silen
t failure (5.100846ms)
✔ EVRiskAnalyticsEngine blocks oversized analytics batches befor
e processing (2.744461ms)
✔ ExplainabilityEngine generates deterministic audit narrative f
or research signal (67.777077ms)
✔ ExplainabilityEngine surfaces blockers as primary reason for r
ejected decisions (11.407385ms)
✔ ExplainabilityEngine bounds evidence list for low-memory opera
tor UI (15.069308ms)
✔ ExplainabilityEngine rejects malformed input without silent fa
ilure (3.830615ms)
✔ HealthCheckService reports readiness with writable data direct
ory (3737.604846ms)
✔ HypothesisValidator keeps operational gate blocked without str
ong large-sample evidence (27.333846ms)
✔ IncrementalStatisticsEngine updates bounded rolling metrics wi
thout recompute over full history (51.894077ms)
✔ IncrementalStatisticsEngine preserves idempotency for duplicat
e round events (3.814616ms)
✔ IncrementalStatisticsEngine detects concentrated low-entropy w
indows (18.06523ms)
✔ IncrementalStatisticsEngine replays deterministically with mat
ching checksum (37.335539ms)
✔ IncrementalStatisticsEngine rejects malformed roulette values
without silent failure (13.043769ms)
✔ InputHardeningEngine accepts bounded manual roulette payloads
(47.762615ms)
✔ InputHardeningEngine rejects invalid roulette values before do
main processing (8.46223ms)
✔ InputHardeningEngine rejects suspicious tokens and prototype p
ollution keys (5.631077ms)
✔ InputHardeningEngine sanitizes long strings without mutating p
ayload (8.392076ms)
✔ InputHardeningEngine rejects payloads exceeding bounded array
policy (55.297461ms)
✔ InputHardeningEngine returns typed Result error for malformed
request (3.673385ms)
✔ InstitutionalBacktestEngine returns bounded institutional metr
ics and gates (217.506538ms)
✔ InstitutionalBacktestEngine rejects invalid roulette history (
10.236ms)
✔ InstitutionalBacktestService rejects corrupted datasets and ke
eps operational gate blocked (6822.177309ms)
✔ InstitutionalBacktestService returns institutional research re
port for clean dataset (360.285692ms)
✔ InternalEventBus delivers events to observers in a typed deter
ministic report (34.069846ms)
✔ InternalEventBus preserves idempotency for duplicate event ids
 (6.329538ms)
✔ InternalEventBus isolates observer failures without throwing t
hrough publisher (87.896924ms)
✔ InternalEventBus rejects malformed events without silent failu
re (3.730384ms)
✔ LiveSessionRuntimeService collects rounds before decision read
iness (3326.986923ms)
✔ LiveSessionRuntimeService invokes decision layer after 100 rou
nds while keeping live gate blocked (184.213615ms)
✔ LiveSessionRuntimeService reports duplicate events idempotentl
y (3.611077ms)
✔ LiveSessionRuntimeService rejects malformed round input (5.298
923ms)
✔ LiveSessionRuntimeService surfaces cooldown without invoking l
ive stake (62.100154ms)
✔ LiveSessionRuntime ingests rounds incrementally with bounded w
indows (3277.639769ms)
✔ LiveSessionRuntime is idempotent for duplicated event ids (4.0
68231ms)
✔ LiveSessionRuntime rejects invalid roulette values without sil
ent failure (3.957077ms)
✔ LiveSessionRuntime exposes deterministic control frame for dec
ision readiness (18.443462ms)
✔ LiveSessionRuntime enters cooldown on concentrated rolling win
dow (8.110846ms)
✔ MetricsRegistry captures counters, timers, uptime and memory (
3960.962923ms)
✔ MonteCarloEngine returns bounded institutional risk metrics (2
9.806616ms)
(node:11397) [MODULE_TYPELESS_PACKAGE_JSON] Warning: Module type
 of file:///root/rlsys-terminal-main/tests/monte-carlo-research-
studio.test.js is not specified and it doesn't parse as CommonJS
.
Reparsing as ES module because module syntax was detected. This
incurs a performance overhead.
To eliminate this warning, add "type": "module" to /root/rlsys-t
erminal-main/package.json.
(Use `node --trace-warnings ...` to show where the warning was c
reated)
✔ MonteCarloResearchStudio accepts robust candidate under varian
ce stress (74.41777ms)
✔ MonteCarloResearchStudio blocks fragile candidate when drawdow
n and ruin risk are excessive (18.067154ms)
✔ MonteCarloResearchStudio is deterministic for the same seed an
d inputs (31.990923ms)
✔ MonteCarloResearchStudio blocks oversized research batches (3.
708692ms)
✔ MonteCarloResearchStudio rejects malformed outcomes without si
lent failure (4.044616ms)
✔ MonteCarloV2Engine returns bounded bootstrap risk metrics (362
.217923ms)
✔ MonteCarloV2Engine surfaces robust candidate without opening o
perational gate (229.260385ms)
✔ MonteCarloV2Engine rejects invalid histories (6.894384ms)
✔ MonteCarloV2Service returns institutional blocked research rep
ort (13936.221539ms)
✔ MonteCarloV2Service rejects corrupted datasets (6.736308ms)
✔ OfflineResearchRunner processes clean datasets with determinis
tic checksum (3906.546924ms)
✔ OfflineResearchRunner preserves replay idempotency metrics for
 duplicate events (7.573231ms)
✔ OfflineResearchRunner blocks oversized offline batches before
replay (3.600077ms)
✔ OfflineResearchRunner rejects malformed datasets without silen
t failure (4.269615ms)
✔ OfflineResearchRunner reports no signal-like frames without tr
eating it as failure (20.148846ms)
✔ CooldownGuard: Inicia inativo (Permissivo) (12.180539ms)
✔ CooldownGuard: Aplica penalidade correta e bloqueia (2.875384m
s)
✔ CooldownGuard: Libera o sistema após expiração do tempo (2.548
ms)
✔ CooldownGuard: Evita bypass - Nao substitui bloqueio maior por
 um menor (2.342154ms)
✔ OperatorHudProjectionEngine creates deterministic research-onl
y HUD projection (103.389ms)
✔ OperatorHudProjectionEngine surfaces blocked decisions as dang
er mode (9.528385ms)
✔ OperatorHudProjectionEngine bounds cards for low-memory operat
or UI (8.844615ms)
✔ OperatorHudProjectionEngine rejects malformed input without si
lent failure (3.644692ms)
✔ PersistenceResearchService rejects corrupted tiny dataset (35.
76777ms)
✔ PersistenceResearchService returns research-ready status for p
ersistent evidence while keeping operational gate blocked (3993.
957308ms)
✔ PersistentCooldown: Guarda estado no disco e restaura em nova
instancia (22.048846ms)
✖ PersistentCooldown: Remove arquivo do disco quando tempo expir
a (14.403384ms)
✔ Cleanup: Remove test storage (9.145461ms)
✔ RegimeClassificationEngine classifies balanced history as stab
le research regime (33.074692ms)
✔ RegimeClassificationEngine blocks chaotic concentrated history
 (6.101692ms)
✔ RegimeClassificationEngine detects drifting sector pressure wi
thout opening signals (15.87ms)
✔ RegimeClassificationEngine returns typed Result error for malf
ormed history (4.872231ms)
✔ RegimeDetector returns bounded stability and windows (37.39184
6ms)
✔ RegimeDetector marks very small samples as unstable (3.164846m
s)
✔ ReleaseReadinessService returns review when config has warning
s but no blockers (7772.983078ms)
✔ ReleaseReadinessService blocks failed readiness checks (3.0975
39ms)
✔ ResearchDatasetService returns accepted report for clean resea
rch dataset (3584.268231ms)
✔ ResearchDatasetService rejects corrupted dataset (6.954385ms)
✔ ResearchExperimentOrchestrator promotes governed positive edge
 to alpha candidate (37.266307ms)
✔ ResearchExperimentOrchestrator blocks when analytics is negati
ve or inconclusive (3.796231ms)
✔ ResearchExperimentOrchestrator blocks mismatched dataset count
s without silent failure (4.457846ms)
✔ ResearchExperimentOrchestrator is deterministic for repeated e
xperiment envelopes (5.387538ms)
✔ ResearchExperimentOrchestrator blocks insufficient offline fra
me evidence (4.141385ms)
✔ ResearchReportingService rejects corrupted datasets with audit
 envelope (3389.552769ms)
✔ ResearchReportingService consolidates all research modules whi
le keeping operational gate blocked (576.530846ms)
✔ DrawdownMonitor: Mantem status HEALTHY em flutuacoes normais (
13.825154ms)
✔ DrawdownMonitor: Dispara VELOCITY_ALERT em queda brusca (2.971
308ms)
✔ DrawdownMonitor: Garante idempotencia e rejeita rodadas duplic
adas (2.478769ms)
✔ RuntimePerformanceBudgetEngine keeps low-end runtime within bu
dget (25.157ms)
✔ RuntimePerformanceBudgetEngine throttles when queue and latenc
y exceed policy (5.572154ms)
✔ RuntimePerformanceBudgetEngine blocks live evaluation on criti
cal thermal state (3.900154ms)
✔ RuntimePerformanceBudgetEngine produces deterministic checksum
s for repeated samples (4.207538ms)
✔ RuntimePerformanceBudgetEngine rejects malformed samples witho
ut silent failure (4.091847ms)
✔ RuntimeSanityEngine accepts healthy runtime alignment (20.9000
77ms)
✔ RuntimeSanityEngine requires review for moderate divergence (2
.904615ms)
✔ RuntimeSanityEngine detects paradigm break under severe diverg
ence (3.226308ms)
✔ RuntimeSanityEngine blocks insufficient runtime sample (3.2575
38ms)
✔ RuntimeSanityEngine rejects malformed runtime input (3.137154m
s)
✔ securityHeaders applies baseline hardening headers (13.131308m
s)
✔ valueToState maps roulette values to institutional states (13.
272923ms)
✔ SequentialBiasDetector returns low evidence for rotating balan
ced states (44.531461ms)
✔ SequentialBiasDetector flags persistent temporal clusters (11.
625615ms)
✔ SequentialResearchService rejects corrupted tiny dataset (41.1
63616ms)
✔ SequentialResearchService returns a temporal report for persis
tent dataset (75.132923ms)
✔ Sessao Saudavel (11.741461ms)
✔ Disparo Stop Loss (2.746538ms)
✔ SessionPersistenceEngine creates and verifies deterministic pe
rsistence records (11915.872385ms)
✔ SessionPersistenceEngine replays journal for crash recovery wi
th matching checksum (20.477077ms)
✔ SessionPersistenceEngine preserves idempotency during replay (
8.68877ms)
✔ SessionPersistenceEngine rejects corrupted records without sil
ent failure (5.975615ms)
✔ SpatialClusterCorrelationEngine detects contextual spatial clu
ster (30.206461ms)
✔ SpatialClusterCorrelationEngine remains deterministic for repe
ated evaluation (21.536077ms)
✔ SpatialClusterCorrelationEngine returns inconclusive for balan
ced contexts (7.563692ms)
✔ SpatialClusterCorrelationEngine blocks insufficient sample (3.
108923ms)
✔ SpatialClusterCorrelationEngine rejects malformed roulette val
ues without silent failure (5.511923ms)
✔ StatisticalResearchService returns inconclusive research repor
t for clean uniform dataset (8612.404616ms)
✔ StatisticalResearchService rejects corrupted tiny dataset (14.
865769ms)
✔ StatisticalSignificanceEngine treats balanced roulette distrib
ution as low evidence (30.276846ms)
✔ StatisticalSignificanceEngine flags concentrated deviation as
significant (11.600923ms)
✔ StrategyBenchmarkEngine rejects invalid histories (19.234923ms
)
✔ StrategyBenchmarkEngine returns bounded benchmark metrics (573
.944308ms)
✔ StrategyBenchmarkEngine can surface candidate without opening
operational gate (572.346385ms)
✔ StrategyComparisonFramework selects a clear risk-adjusted lead
er (34.101077ms)
✔ StrategyComparisonFramework returns no clear leader for close
candidates (4.57777ms)
✔ StrategyComparisonFramework blocks candidates that fail eligib
ility policy (5.024154ms)
✔ StrategyComparisonFramework is deterministic across repeated c
omparisons (87.983461ms)
✔ StrategyComparisonFramework rejects malformed input without si
lent failure (4.034385ms)
✔ StrategyComparisonFramework blocks oversized comparison batche
s (2.887ms)
✔ StrategyDecisionEngine returns research-only entry candidate f
or strong evidence (37.559154ms)
✔ StrategyDecisionEngine blocks NO_GO warmup regardless of other
 evidence (9.178ms)
✔ StrategyDecisionEngine never opens live stake even for candida
tes (3.73277ms)
✔ StrategyDecisionEngine blocks unsafe bankroll progression when
 stake does not fit stop loss budget (4.162616ms)
✔ StrategyDecisionEngine exposes no-stake bankroll guard for obs
ervation states (10.715539ms)
✔ StrategyDecisionService returns blocked governance decision fo
r clean session (8904.716ms)
✔ StrategyDecisionService rejects corrupted tiny sessions throug
h decision blockers (12.978308ms)
✔ RouletteStats rejects invalid roulette numbers (15.638308ms)
✔ StrategyEngine locks insufficient samples (3.882ms)
✔ StrategyEngine returns institutional analysis shape for valid
sample (18.308538ms)
✔ BacktestEngine produces a stable walk-forward summary (297.101
538ms)
✔ RiskPolicy blocks strategy without enough walk-forward evidenc
e (6.302461ms)
✔ StrategyEnsembleEngine forms consensus from aligned strategy v
otes (21.871154ms)
✔ StrategyEnsembleEngine blocks when strategies conflict above p
olicy limit (4.734846ms)
✔ StrategyEnsembleEngine rejects malformed votes without silent
failure (5.161231ms)
✔ StrategyRankingEngine ranks eligible candidates by Bayesian ev
idence adjusted for risk (21.558231ms)
✔ StrategyRankingEngine is deterministic for repeated input orde
r and tie-breaks by id (91.160154ms)
✔ StrategyRankingEngine rejects malformed candidates without sil
ent failure (7.408769ms)
✔ StressScenarioAnalyzer returns bounded stress metrics and draw
down surface (129.124924ms)
✔ StressScenarioAnalyzer rejects invalid roulette histories (5.3
51385ms)
✔ StressScenarioAnalyzer flags aggressive capital pressure witho
ut opening operational gate (65.861616ms)
✔ StressScenarioService returns institutional stress report with
 blocked gate (3611.812385ms)
✔ StressScenarioService rejects corrupted datasets (5.930308ms)
✔ StructuredLogger emits sanitized JSON logs (3317.965692ms)
✔ SyntheticSessionGenerator creates deterministic balanced contr
ol sessions (43.133231ms)
✔ SyntheticSessionGenerator injects sector bias for physical-edg
e research (16.259539ms)
✔ SyntheticSessionGenerator creates drifting sessions with multi
ple segments (12.687307ms)
✔ SyntheticSessionGenerator blocks oversized batches for low-mem
ory devices (3.560846ms)
✔ SyntheticSessionGenerator rejects malformed requests without s
ilent failure (3.829461ms)
(node:11683) [MODULE_TYPELESS_PACKAGE_JSON] Warning: Module type
 of file:///root/rlsys-terminal-main/tests/synthetic-session-gen
erator.test.js is not specified and it doesn't parse as CommonJS
.
Reparsing as ES module because module syntax was detected. This
incurs a performance overhead.
To eliminate this warning, add "type": "module" to /root/rlsys-t
erminal-main/package.json.
(Use `node --trace-warnings ...` to show where the warning was c
reated)
✔ TemporalDecayEngine keeps fresh signals eligible with bounded
contribution (23.681693ms)
✔ TemporalDecayEngine blocks expired evidence before live decisi
on (3.911307ms)
✔ TemporalDecayEngine returns observation for aging but non-expi
red evidence (4.001ms)
✔ TemporalDecayEngine rejects malformed signal without silent fa
ilure (3.780385ms)
✔ VisionReliabilityInspector accepts complete high-quality warmu
p extraction (21.011307ms)
✔ VisionReliabilityInspector requires manual review for low item
 confidence (6.409ms)
✔ VisionReliabilityInspector rejects incomplete high-rejection e
xtraction (3.467693ms)
✔ VisionWarmupNormalizer extracts valid roulette numbers from JS
ON markdown (36.513538ms)
✔ VisionWarmupNormalizer reports rejected OCR values without gue
ssing (4.640231ms)
✔ VisionWarmupNormalizer rejects payload without sequence (3.217
615ms)
✔ VisionWarmupNormalizer reads object values and exposes reliabi
lity review (5.835615ms)
✔ WalkForwardValidationLab accepts robust out-of-sample alpha ca
ndidate (44.904077ms)
✔ WalkForwardValidationLab flags train-positive validation-negat
ive overfit (7.815154ms)
✔ WalkForwardValidationLab returns inconclusive when validation
pass rate is weak but not pure overfit (6.995308ms)
✔ WalkForwardValidationLab is deterministic across repeated runs
 (10.485692ms)
✔ WalkForwardValidationLab rejects malformed outcomes without si
lent failure (4.195154ms)
✔ WalkForwardValidationLab blocks oversized research batches (2.
923538ms)
✔ WarmupSessionAnalyzer accepts complete balanced 100-round warm
up for research (37.928692ms)
✔ WarmupSessionAnalyzer rejects invalid roulette values (5.07830
7ms)
✔ WarmupSessionAnalyzer marks incomplete warmup as NO_GO (4.6430
77ms)
✔ WarmupSessionService evaluates manual 100-round warmup with bl
ocked operational gate (3813.606385ms)
✔ WarmupSessionService rejects corrupted warmup dataset (5.73176
9ms)
✔ WarmupSessionService evaluates vision raw JSON without opening
 operational gate (19.715077ms)
ℹ tests 242
ℹ suites 0
ℹ pass 241
ℹ fail 1
ℹ cancelled 0
ℹ skipped 0
ℹ todo 0
ℹ duration_ms 47997.631387

✖ failing tests:

test at tests/persistent-cooldown.test.js:31:1
✖ PersistentCooldown: Remove arquivo do disco quando tempo expir
a (14.403384ms)
  AssertionError [ERR_ASSERTION]: Expected values to be strictly
 equal:

  true !== false

      at TestContext.<anonymous> (/root/rlsys-terminal-main/test
s/persistent-cooldown.test.js:43:10)
      at Test.runInAsyncScope (node:async_hooks:226:14)
      at Test.run (node:internal/test_runner/test:1201:25)
      at Test.processPendingSubtests (node:internal/test_runner/
test:831:18)
      at Test.postRun (node:internal/test_runner/test:1330:19)
      at Test.run (node:internal/test_runner/test:1258:12)
      at async startSubtestAfterBootstrap (node:internal/test_ru
nner/harness:385:3) {
    generatedMessage: true,
    code: 'ERR_ASSERTION',
    actual: true,
    expected: false,
    operator: 'strictEqual',
    diff: 'simple'
  }

━━━━━━━━━━━━━━━━━━━━━━━━━━━━━━━━━━━━━━━━━━━━━━━━━━━━━━━━━━━━━
   ❌ ERRO DETECTADO NA LINHA 1044
   A Sprint 035 foi interrompida para proteger a integridade.
━━━━━━━━━━━━━━━━━━━━━━━━━━━━━━━━━━━━━━━━━━━━━━━━━━━━━━━━━━━━━
[19:00:16] => Guardar registos e integrar (Merge)...
[sprint-035-lock-persistence 9b82dcc] feat(runtime): session loc
k persistence via file system repository
 4 files changed, 141 insertions(+), 21 deletions(-)
 create mode 100644 src/infrastructure/storage/FileCooldownState
Repository.ts
 create mode 100644 tests/persistent-cooldown.test.js
Enumerating objects: 20, done.
Counting objects: 100% (20/20), done.
Delta compression using up to 8 threads
Compressing objects: 100% (12/12), done.
Writing objects: 100% (12/12), 2.94 KiB | 120.00 KiB/s, done.
Total 12 (delta 7), reused 0 (delta 0), pack-reused 0 (from 0)
remote: Resolving deltas: 100% (7/7), completed with 7 local obj
ects.
remote:
remote: Create a pull request for 'sprint-035-lock-persistence'
on GitHub by visiting:
remote:      https://github.com/thiagocoder30/rlsys-terminal-mai
n/pull/new/sprint-035-lock-persistence
remote:
To https://github.com/thiagocoder30/rlsys-terminal-main.git
 * [new branch]      sprint-035-lock-persistence -> sprint-035-l
ock-persistence
branch 'sprint-035-lock-persistence' set up to track 'origin/spr
int-035-lock-persistence'.
Switched to branch 'main'
Your branch is up to date with 'origin/main'.
Updating c388957..9b82dcc
Fast-forward
 src/domain/runtime/CooldownContracts.ts  | 14 ++++
 .../runtime/OperatorCooldownGuard.ts     | 53 ++++++++++------
 .../FileCooldownStateRepository.ts       | 44 +++++++++++++
 tests/persistent-cooldown.test.js        | 51 +++++++++++++++
 4 files changed, 141 insertions(+), 21 deletions(-)
 create mode 100644 src/infrastructure/storage/FileCooldownState
Repository.ts
 create mode 100644 tests/persistent-cooldown.test.js
Total 0 (delta 0), reused 0 (delta 0), pack-reused 0 (from 0)
To https://github.com/thiagocoder30/rlsys-terminal-main.git
   c388957..9b82dcc  main -> main

━━━━━━━━━━━━━━━━━━━━━━━━━━━━━━━━━━━━━━━━━━━━━━━━━━━━━━━━━━━━━
echo -e "${GREEN}${BOLD}   💾 SPRINT 035 CONCLUÍDA: LOCK PERSIST
ENCE ATIVO"\n${GREEN}${BOLD}━━━━━━━━━━━━━━━━━━━━━━━━━━━━━━━━━━━━
━━━━━━━━━━━━━━━━━━━━━━━━━${NC}"{NC}"
   💾 SPRINT 035 CONCLUÍDA: LOCK PERSISTENCE ATIVOn━━━━━━━━━━━━━
━━━━━━━━━━━━━━━━━━━━━━━━━━━━━━━━━━━━━━━━━━━━━━━━{NC}
   • FASE 1 (RUNTIME ENFORCEMENT) COMPLETADA COM SUCESSO.
   • Guardião agora sobrevive a reinícios do ArchLinux/Termux.
   • Implementação O(1) de escrita em disco (apenas em eventos).
━━━━━━━━━━━━━━━━━━━━━━━━━━━━━━━━━━━━━━━━━━━━━━━━━━━━━━━━━━━━━
[19:00:27] Operação terminada. Terminal livre para uso.
[root@localhost rlsys-terminal-main]# ./capture-sprint-buffer.sh


