[INFO] Entrando no projeto...
[INFO] Ativando venv, se existir...
[INFO] Garantindo patch na raiz do projeto...
[INFO] Conferindo ambiente...
/root/rlsys-terminal-main
?? logs/sprint-034-install-20260519-120725.log
?? logs/sprint-034-v2-install-20260519-124140.log
?? logs/sprint-034-v3-install-20260519-141931.log
?? logs/sprint-034-v3-install-20260519-145533.log
?? logs/sprint-buffer-20260519-093130.log
?? rlsys-terminal-sprint-034-runtime-enforcement-orchestrator-v2.diff
?? rlsys-terminal-sprint-034-runtime-enforcement-orchestrator-v3.diff
?? rlsys-terminal-sprint-034-runtime-enforcement-orchestrator.diff
?? run-sprint-034-v2.sh
?? run-sprint-034-v3.sh
?? run-sprint-034.sh
v26.1.0
11.14.1
[INFO] Preparando branch...
Switched to branch 'main'
Your branch is up to date with 'origin/main'.
From https://github.com/thiagocoder30/rlsys-terminal-main
 * branch            main       -> FETCH_HEAD
Already up to date.
Deleted branch sprint-034-runtime-enforcement-orchestrator (was a65d1d9).
Switched to a new branch 'sprint-034-runtime-enforcement-orchestrator'
[INFO] Validando patch...
[INFO] Aplicando patch...
[INFO] Instalando dependências...

added 115 packages, and audited 116 packages in 22s

19 packages are looking for funding
  run `npm fund` for details

found 0 vulnerabilities
[INFO] Build TypeScript...

> rl-sys-core@2.9.0 build
> tsc

[INFO] Testes...

> rl-sys-core@2.9.0 test
> node --test tests/*.test.js

✔ AdaptiveConfidenceEngine allows mature low-noise signal calibration (30.589154ms)
✔ AdaptiveConfidenceEngine observes marginal confidence near dynamic threshold (5.226ms)
✔ AdaptiveConfidenceEngine blocks noisy low-quality calibration (7.125769ms)
✔ AdaptiveConfidenceEngine rejects malformed input without silent failure (3.606385ms)
✔ AdvancedWalkForwardService rejects corrupted datasets (35608.426156ms)
✔ AdvancedWalkForwardService returns blocked research report for clean dataset (1977.672077ms)
✔ AdvancedWalkForwardValidator rejects invalid roulette history (14.984769ms)
✔ AdvancedWalkForwardValidator detects low robustness on balanced data (186.24677ms)
✔ AdvancedWalkForwardValidator surfaces candidate for persistent out-of-sample bias (63.300462ms)
✔ BayesianEdgeValidator rejects insufficient evidence (20.64523ms)
✔ BayesianEdgeValidator supports strong positive out-of-sample evidence (3.07ms)
✔ BenchmarkComparisonService rejects corrupted datasets (4268.168077ms)
✔ BenchmarkComparisonService returns institutional benchmark report with blocked gate (1225.252307ms)
✔ BootstrapResampler creates deterministic block samples with checksums (28.707769ms)
✔ BootstrapResampler rejects insufficient history (6.791384ms)
✔ CapitalExposureService returns institutional capital report with blocked gate (3852.12277ms)
✔ CapitalExposureService rejects corrupted datasets (4.945077ms)
✔ CapitalExposureSimulator returns bounded capital survival metrics (78.704077ms)
✔ CapitalExposureSimulator rejects invalid roulette histories (4.113692ms)
✔ CapitalExposureSimulator flags aggressive capital pressure without opening operational gate (36.257846ms)
✔ ConfidenceScorer returns a bounded score and grade (10.917461ms)
✔ ConfigValidator accepts production-safe defaults with warnings only (13.671077ms)
✔ ConfigValidator rejects invalid ports and log levels (5.963692ms)
✔ DataIntegrityValidator accepts research-sized canonical datasets (41.819308ms)
✔ DataIntegrityValidator blocks insufficient datasets (5.098ms)
✔ DatasetEngine parses and normalizes CSV datasets with checksums (20114.150232ms)
✔ DatasetEngine rejects invalid spin values without throwing (3.987846ms)
✔ DatasetRegistryEngine accepts high quality datasets with deterministic checksums (46.389077ms)
✔ DatasetRegistryEngine requires review for OCR datasets with weak reliability (9.203ms)
✔ DatasetRegistryEngine blocks corrupted roulette sample values (6.320769ms)
✔ DatasetRegistryEngine rejects duplicate dataset ids without silent failure (3.544692ms)
✔ DatasetRegistryEngine blocks oversized dataset batches before processing (3.429077ms)
✔ DatasetRegistryEngine can block synthetic datasets by policy (4.037ms)
✔ DealerSignatureEngine detects persistent dealer sector signature (39.004846ms)
✔ DealerSignatureEngine returns inconclusive for balanced dealer history (6.147308ms)
✔ DealerSignatureEngine blocks insufficient dealer sample (10.038693ms)
✔ DealerSignatureEngine rejects malformed roulette values without silent failure (6.554538ms)
✔ DealerSignatureEngine blocks oversized batches for low-end hardware safety (3.368693ms)
✔ DealerSignatureEngine is deterministic for repeated analysis (7.015ms)
✔ DecisionOrchestrator connects ranking to research-only live decision (56.617539ms)
✔ DecisionOrchestrator keeps observation state when live session is not ready (8.937461ms)
✔ DecisionOrchestrator returns typed Result error for malformed input (6.031ms)
✔ DecisionOrchestrator blocks research signal when regime policy blocks signals (23.454846ms)
✔ DecisionOrchestrator blocks research signal when ensemble reports strategic conflict (17.54723ms)
✔ DecisionOrchestrator blocks research signal when temporal decay expires evidence (13.530539ms)
✔ DecisionOrchestrator blocks research signal when adaptive confidence is too low (14.276923ms)
✔ DeterministicReplayStudio replays command streams with stable checksums (4362.514923ms)
✔ DeterministicReplayStudio preserves idempotency for duplicate frame events (5.731769ms)
✔ DeterministicReplayStudio replays verified persistence records (15.666461ms)
✔ DeterministicReplayStudio blocks checkpoint mismatches without throwing (14.161462ms)
✔ DeterministicReplayStudio rejects malformed requests without silent failure (7.873846ms)
✔ EdgePersistenceAnalyzer returns no persistent edge for rotating balanced data (167.224692ms)
✔ EdgePersistenceAnalyzer flags stable concentrated evidence as persistent research signal (53.995846ms)
✔ EdgePersistenceAnalyzer estimates decay direction for fading signals (49.569307ms)
✔ EmergencyGuard: Permite operacao com telemetria saudavel (14.633461ms)
✔ EmergencyGuard: Congela por perda de Heartbeat (Morte do Sensor) (2.496846ms)
✔ EmergencyGuard: Congela por cegueira do OCR (Baixa Confianca) (2.344846ms)
✔ EmergencyGuard: Congela por alta latencia (Risco de delay na acao) (3.100461ms)
✔ EmergencyGuard: Avaliacao O(1) nao aloca memoria se saudavel (2.142616ms)
✔ EVRiskAnalyticsEngine identifies positive edge candidate under bounded risk (121.383846ms)
✔ EVRiskAnalyticsEngine blocks negative expected value samples (6.207461ms)
✔ EVRiskAnalyticsEngine blocks insufficient samples even when profitable (6.78723ms)
✔ EVRiskAnalyticsEngine exposes deterministic checksums for repeated analytics (6.079693ms)
✔ EVRiskAnalyticsEngine rejects malformed outcomes without silent failure (4.975924ms)
✔ EVRiskAnalyticsEngine blocks oversized analytics batches before processing (2.747923ms)
✔ ExplainabilityEngine generates deterministic audit narrative for research signal (70.78123ms)
✔ ExplainabilityEngine surfaces blockers as primary reason for rejected decisions (15.067385ms)
✔ ExplainabilityEngine bounds evidence list for low-memory operator UI (14.455923ms)
✔ ExplainabilityEngine rejects malformed input without silent failure (3.948308ms)
✔ HealthCheckService reports readiness with writable data directory (4110.733769ms)
✔ HypothesisValidator keeps operational gate blocked without strong large-sample evidence (26.906462ms)
✔ IncrementalStatisticsEngine updates bounded rolling metrics without recompute over full history (49.632539ms)
✔ IncrementalStatisticsEngine preserves idempotency for duplicate round events (4.162692ms)
✔ IncrementalStatisticsEngine detects concentrated low-entropy windows (18.091923ms)
✔ IncrementalStatisticsEngine replays deterministically with matching checksum (48.77123ms)
✔ IncrementalStatisticsEngine rejects malformed roulette values without silent failure (4.900384ms)
✔ InputHardeningEngine accepts bounded manual roulette payloads (41.485846ms)
✔ InputHardeningEngine rejects invalid roulette values before domain processing (7.407615ms)
✔ InputHardeningEngine rejects suspicious tokens and prototype pollution keys (5.927308ms)
✔ InputHardeningEngine sanitizes long strings without mutating payload (10.851308ms)
✔ InputHardeningEngine rejects payloads exceeding bounded array policy (58.194461ms)
✔ InputHardeningEngine returns typed Result error for malformed request (3.845539ms)
✔ InstitutionalBacktestEngine returns bounded institutional metrics and gates (196.848ms)
✔ InstitutionalBacktestEngine rejects invalid roulette history (8.142692ms)
✔ InstitutionalBacktestService rejects corrupted datasets and keeps operational gate blocked (7920.292001ms)
✔ InstitutionalBacktestService returns institutional research report for clean dataset (329.484461ms)
✔ InternalEventBus delivers events to observers in a typed deterministic report (37.330923ms)
✔ InternalEventBus preserves idempotency for duplicate event ids (6.610077ms)
✔ InternalEventBus isolates observer failures without throwing through publisher (87.975385ms)
✔ InternalEventBus rejects malformed events without silent failure (4.010077ms)
✔ LiveSessionRuntimeService collects rounds before decision readiness (7030.718231ms)
✔ LiveSessionRuntimeService invokes decision layer after 100 rounds while keeping live gate blocked (159.529461ms)
✔ LiveSessionRuntimeService reports duplicate events idempotently (4.590538ms)
✔ LiveSessionRuntimeService rejects malformed round input (5.352077ms)
✔ LiveSessionRuntimeService surfaces cooldown without invoking live stake (75.693846ms)
✔ LiveSessionRuntime ingests rounds incrementally with bounded windows (3800.460231ms)
✔ LiveSessionRuntime is idempotent for duplicated event ids (4.752385ms)
✔ LiveSessionRuntime rejects invalid roulette values without silent failure (4.115ms)
✔ LiveSessionRuntime exposes deterministic control frame for decision readiness (17.097461ms)
✔ LiveSessionRuntime enters cooldown on concentrated rolling window (8.996077ms)
✔ MetricsRegistry captures counters, timers, uptime and memory (3675.400616ms)
✔ MonteCarloEngine returns bounded institutional risk metrics (39.838154ms)
(node:22858) [MODULE_TYPELESS_PACKAGE_JSON] Warning: Module type of file:///root/rlsys-terminal-main/tests/monte-carlo-research-studio.test.js is not specified and it doesn't parse as CommonJS.
Reparsing as ES module because module syntax was detected. This incurs a performance overhead.
To eliminate this warning, add "type": "module" to /root/rlsys-terminal-main/package.json.
(Use `node --trace-warnings ...` to show where the warning was created)
✔ MonteCarloResearchStudio accepts robust candidate under variance stress (73.776538ms)
✔ MonteCarloResearchStudio blocks fragile candidate when drawdown and ruin risk are excessive (15.510308ms)
✔ MonteCarloResearchStudio is deterministic for the same seed and inputs (28.572308ms)
✔ MonteCarloResearchStudio blocks oversized research batches (4.064154ms)
✔ MonteCarloResearchStudio rejects malformed outcomes without silent failure (4.729615ms)
✔ MonteCarloV2Engine returns bounded bootstrap risk metrics (363.133539ms)
✔ MonteCarloV2Engine surfaces robust candidate without opening operational gate (168.439154ms)
✔ MonteCarloV2Engine rejects invalid histories (6.385462ms)
✔ MonteCarloV2Service returns institutional blocked research report (4624.138154ms)
✔ MonteCarloV2Service rejects corrupted datasets (8.081538ms)
✔ OfflineResearchRunner processes clean datasets with deterministic checksum (3810.596769ms)
✔ OfflineResearchRunner preserves replay idempotency metrics for duplicate events (7.471231ms)
✔ OfflineResearchRunner blocks oversized offline batches before replay (18.464385ms)
✔ OfflineResearchRunner rejects malformed datasets without silent failure (3.517846ms)
✔ OfflineResearchRunner reports no signal-like frames without treating it as failure (8.055847ms)
✔ CooldownGuard: Inicia inativo (Permissivo) (14.127769ms)
✔ CooldownGuard: Aplica penalidade correta e bloqueia (3.476384ms)
✔ CooldownGuard: Libera o sistema após expiração do tempo (2.778461ms)
✔ CooldownGuard: Evita bypass - Nao substitui bloqueio maior por um menor (2.521769ms)
✔ OperatorHudProjectionEngine creates deterministic research-only HUD projection (94.751539ms)
✔ OperatorHudProjectionEngine surfaces blocked decisions as danger mode (9.815461ms)
✔ OperatorHudProjectionEngine bounds cards for low-memory operator UI (6.980153ms)
✔ OperatorHudProjectionEngine rejects malformed input without silent failure (3.79277ms)
✔ PaperLedgerEngine records NO_GO without changing paper balance (134.090539ms)
✔ PaperLedgerEngine updates paper PnL and drawdown for theoretical loss (58.218ms)
✔ PaperLedgerEngine restores latest balance from JSONL repository (108.049384ms)
✔ PaperLedgerEngine ignores duplicate source event without mutating state twice (62.194847ms)
✔ PaperLedgerEngine rejects malformed confidence without silent failure (17.932769ms)
✔ PersistenceResearchService rejects corrupted tiny dataset (38.982847ms)
✔ PersistenceResearchService returns research-ready status for persistent evidence while keeping operational gate blocked (9049.106539ms)
✔ PersistentCooldown: Guarda estado no disco e restaura em nova instancia (46.059461ms)
✔ PersistentCooldown: Remove arquivo do disco quando tempo expira (27.097923ms)
✔ RegimeClassificationEngine classifies balanced history as stable research regime (36.572076ms)
✔ RegimeClassificationEngine blocks chaotic concentrated history (5.742ms)
✔ RegimeClassificationEngine detects drifting sector pressure without opening signals (8.973846ms)
✔ RegimeClassificationEngine returns typed Result error for malformed history (4.538ms)
✔ RegimeDetector returns bounded stability and windows (37.753077ms)
✔ RegimeDetector marks very small samples as unstable (3.861923ms)
✔ ReleaseReadinessService returns review when config has warnings but no blockers (3746.064154ms)
✔ ReleaseReadinessService blocks failed readiness checks (3.344538ms)
✔ ResearchDatasetService returns accepted report for clean research dataset (3629.641308ms)
✔ ResearchDatasetService rejects corrupted dataset (6.953539ms)
✔ ResearchExperimentOrchestrator promotes governed positive edge to alpha candidate (33.888ms)
✔ ResearchExperimentOrchestrator blocks when analytics is negative or inconclusive (3.982154ms)
✔ ResearchExperimentOrchestrator blocks mismatched dataset counts without silent failure (3.79523ms)
✔ ResearchExperimentOrchestrator is deterministic for repeated experiment envelopes (5.014769ms)
✔ ResearchExperimentOrchestrator blocks insufficient offline frame evidence (4.306692ms)
✔ ResearchReportingService rejects corrupted datasets with audit envelope (6545.708462ms)
✔ ResearchReportingService consolidates all research modules while keeping operational gate blocked (3068.154538ms)
✔ RuntimeDrawdownLock returns OK for stable capital curve (17.505077ms)
✔ RuntimeDrawdownLock enters REVIEW for moderate drawdown (2.702153ms)
✔ RuntimeDrawdownLock locks on high loss velocity (2.780154ms)
✔ RuntimeDrawdownLock locks on absolute stop loss (2.680385ms)
✔ RuntimeDrawdownLock blocks on data integrity failure (2.986923ms)
✔ RuntimeDrawdownLock rejects malformed input without silent failure (2.392539ms)
✔ DrawdownMonitor: Mantem status HEALTHY em flutuacoes normais (14.541462ms)
✔ DrawdownMonitor: Dispara VELOCITY_ALERT em queda brusca (3.087692ms)
✔ DrawdownMonitor: Garante idempotencia e rejeita rodadas duplicadas (2.432231ms)
✔ RuntimeEnforcementOrchestrator allows only when all guards allow (22.637923ms)
✔ RuntimeEnforcementOrchestrator blocks invalid data before all other guards (2.548385ms)
✔ RuntimeEnforcementOrchestrator freezes when runtime health is down (2.71623ms)
✔ RuntimeEnforcementOrchestrator locks on paradigm break (2.954231ms)
✔ RuntimeEnforcementOrchestrator locks on drawdown lock (2.811077ms)
✔ RuntimeEnforcementOrchestrator returns review for degraded guards (2.675077ms)
✔ RuntimeEnforcementOrchestrator returns no-go without candidate (3.058923ms)
✔ RuntimeEnforcementOrchestrator rejects malformed input without silent failure (2.481ms)
✔ RuntimePerformanceBudgetEngine keeps low-end runtime within budget (26.289462ms)
✔ RuntimePerformanceBudgetEngine throttles when queue and latency exceed policy (5.767385ms)
✔ RuntimePerformanceBudgetEngine blocks live evaluation on critical thermal state (3.925923ms)
✔ RuntimePerformanceBudgetEngine produces deterministic checksums for repeated samples (4.41923ms)
✔ RuntimePerformanceBudgetEngine rejects malformed samples without silent failure (3.897693ms)
✔ RuntimeSanityEngine accepts healthy runtime alignment (18.934692ms)
✔ RuntimeSanityEngine requires review for moderate divergence (2.891615ms)
✔ RuntimeSanityEngine detects paradigm break under severe divergence (3.283307ms)
✔ RuntimeSanityEngine blocks insufficient runtime sample (3.891462ms)
✔ RuntimeSanityEngine rejects malformed runtime input (2.905923ms)
✔ securityHeaders applies baseline hardening headers (11.777077ms)
✔ valueToState maps roulette values to institutional states (12.650769ms)
✔ SequentialBiasDetector returns low evidence for rotating balanced states (38.173ms)
✔ SequentialBiasDetector flags persistent temporal clusters (10.722231ms)
✔ SequentialResearchService rejects corrupted tiny dataset (40.998308ms)
✔ SequentialResearchService returns a temporal report for persistent dataset (101.146462ms)
✔ Sessao Saudavel (12.345231ms)
✔ Disparo Stop Loss (3.159ms)
✔ SessionPersistenceEngine creates and verifies deterministic persistence records (13768.390924ms)
✔ SessionPersistenceEngine replays journal for crash recovery with matching checksum (26.690692ms)
✔ SessionPersistenceEngine preserves idempotency during replay (13.067769ms)
✔ SessionPersistenceEngine rejects corrupted records without silent failure (6.303539ms)
✔ SpatialClusterCorrelationEngine detects contextual spatial cluster (29.021769ms)
✔ SpatialClusterCorrelationEngine remains deterministic for repeated evaluation (20.652923ms)
✔ SpatialClusterCorrelationEngine returns inconclusive for balanced contexts (8.839615ms)
✔ SpatialClusterCorrelationEngine blocks insufficient sample (2.86223ms)
✔ SpatialClusterCorrelationEngine rejects malformed roulette values without silent failure (7.774846ms)
✔ StatisticalResearchService returns inconclusive research report for clean uniform dataset (4700.904231ms)
✔ StatisticalResearchService rejects corrupted tiny dataset (29.51ms)
✔ StatisticalSignificanceEngine treats balanced roulette distribution as low evidence (29.564538ms)
✔ StatisticalSignificanceEngine flags concentrated deviation as significant (8.173231ms)
✔ StrategyBenchmarkEngine rejects invalid histories (22.299385ms)
✔ StrategyBenchmarkEngine returns bounded benchmark metrics (481.419077ms)
✔ StrategyBenchmarkEngine can surface candidate without opening operational gate (440.053308ms)
✔ StrategyComparisonFramework selects a clear risk-adjusted leader (39.979461ms)
✔ StrategyComparisonFramework returns no clear leader for close candidates (5.023385ms)
✔ StrategyComparisonFramework blocks candidates that fail eligibility policy (5.175538ms)
✔ StrategyComparisonFramework is deterministic across repeated comparisons (99.674231ms)
✔ StrategyComparisonFramework rejects malformed input without silent failure (4.109539ms)
✔ StrategyComparisonFramework blocks oversized comparison batches (3.364384ms)
✔ StrategyDecisionEngine returns research-only entry candidate for strong evidence (38.220539ms)
✔ StrategyDecisionEngine blocks NO_GO warmup regardless of other evidence (6.254692ms)
✔ StrategyDecisionEngine never opens live stake even for candidates (3.665923ms)
✔ StrategyDecisionEngine blocks unsafe bankroll progression when stake does not fit stop loss budget (3.418308ms)
✔ StrategyDecisionEngine exposes no-stake bankroll guard for observation states (10.708923ms)
✔ StrategyDecisionService returns blocked governance decision for clean session (11232.30077ms)
✔ StrategyDecisionService rejects corrupted tiny sessions through decision blockers (16.272769ms)
✔ RouletteStats rejects invalid roulette numbers (16.251924ms)
✔ StrategyEngine locks insufficient samples (3.782231ms)
✔ StrategyEngine returns institutional analysis shape for valid sample (15.400692ms)
✔ BacktestEngine produces a stable walk-forward summary (256.261846ms)
✔ RiskPolicy blocks strategy without enough walk-forward evidence (7.605769ms)
✔ StrategyEnsembleEngine forms consensus from aligned strategy votes (16.940077ms)
✔ StrategyEnsembleEngine blocks when strategies conflict above policy limit (4.230539ms)
✔ StrategyEnsembleEngine rejects malformed votes without silent failure (5.422385ms)
✔ StrategyRankingEngine ranks eligible candidates by Bayesian evidence adjusted for risk (25.276ms)
✔ StrategyRankingEngine is deterministic for repeated input order and tie-breaks by id (98.402231ms)
✔ StrategyRankingEngine rejects malformed candidates without silent failure (13.721539ms)
✔ StressScenarioAnalyzer returns bounded stress metrics and drawdown surface (164.959308ms)
✔ StressScenarioAnalyzer rejects invalid roulette histories (4.430077ms)
✔ StressScenarioAnalyzer flags aggressive capital pressure without opening operational gate (80.871616ms)
✔ StressScenarioService returns institutional stress report with blocked gate (5703.370616ms)
✔ StressScenarioService rejects corrupted datasets (6.458923ms)
✔ StructuredLogger emits sanitized JSON logs (4587.735461ms)
(node:23173) [MODULE_TYPELESS_PACKAGE_JSON] Warning: Module type of file:///root/rlsys-terminal-main/tests/synthetic-session-generator.test.js is not specified and it doesn't parse as CommonJS.
Reparsing as ES module because module syntax was detected. This incurs a performance overhead.
To eliminate this warning, add "type": "module" to /root/rlsys-terminal-main/package.json.
(Use `node --trace-warnings ...` to show where the warning was created)
✔ SyntheticSessionGenerator creates deterministic balanced control sessions (51.249385ms)
✔ SyntheticSessionGenerator injects sector bias for physical-edge research (8.659539ms)
✔ SyntheticSessionGenerator creates drifting sessions with multiple segments (21.650154ms)
✔ SyntheticSessionGenerator blocks oversized batches for low-memory devices (5.736538ms)
✔ SyntheticSessionGenerator rejects malformed requests without silent failure (6.025692ms)
✔ TemporalDecayEngine keeps fresh signals eligible with bounded contribution (19.452231ms)
✔ TemporalDecayEngine blocks expired evidence before live decision (3.743154ms)
✔ TemporalDecayEngine returns observation for aging but non-expired evidence (3.207ms)
✔ TemporalDecayEngine rejects malformed signal without silent failure (3.31023ms)
✔ VisionReliabilityInspector accepts complete high-quality warmup extraction (16.948385ms)
✔ VisionReliabilityInspector requires manual review for low item confidence (5.238769ms)
✔ VisionReliabilityInspector rejects incomplete high-rejection extraction (3.421539ms)
✔ VisionWarmupNormalizer extracts valid roulette numbers from JSON markdown (38.878077ms)
✔ VisionWarmupNormalizer reports rejected OCR values without guessing (6.025308ms)
✔ VisionWarmupNormalizer rejects payload without sequence (4.053385ms)
✔ VisionWarmupNormalizer reads object values and exposes reliability review (10.278384ms)
✔ WalkForwardValidationLab accepts robust out-of-sample alpha candidate (43.244154ms)
✔ WalkForwardValidationLab flags train-positive validation-negative overfit (8.085692ms)
✔ WalkForwardValidationLab returns inconclusive when validation pass rate is weak but not pure overfit (5.626539ms)
✔ WalkForwardValidationLab is deterministic across repeated runs (8.347692ms)
✔ WalkForwardValidationLab rejects malformed outcomes without silent failure (4.819231ms)
✔ WalkForwardValidationLab blocks oversized research batches (3.817615ms)
✔ WarmupSessionAnalyzer accepts complete balanced 100-round warmup for research (39.085461ms)
✔ WarmupSessionAnalyzer rejects invalid roulette values (5.535769ms)
✔ WarmupSessionAnalyzer marks incomplete warmup as NO_GO (5.17823ms)
✔ WarmupSessionService evaluates manual 100-round warmup with blocked operational gate (4278.639385ms)
✔ WarmupSessionService rejects corrupted warmup dataset (5.65ms)
✔ WarmupSessionService evaluates vision raw JSON without opening operational gate (19.218615ms)
ℹ tests 260
ℹ suites 0
ℹ pass 260
ℹ fail 0
ℹ cancelled 0
ℹ skipped 0
ℹ todo 0
ℹ duration_ms 50628.768618
[INFO] Removendo patch...
[INFO] Commit...
