[root@localhost rlsys-terminal-main]# cat << 'EOF' > satellite/m
ain.py
> import sys
> import json
> import time
> from adapters.real_vision import RealCamera, RealOcrEngine
>
> def run_satellite():
>     # Coordenadas calibradas para o 1º número da timeline (Ex:
 31)
>     roi_evolution = {'top': 180, 'left': 460, 'width': 55, 'he
ight': 45}
>
>     camera = RealCamera(bounding_box=roi_evolution)
>     ocr = RealOcrEngine()
>
>     time.sleep(2)
>
>     try:
>         while True:
>             frame = camera.get_frame()
>
>             # MODO DEBUG: Guarda a foto da mira no disco para
validação
>             frame.save("mira_debug.png")
>
>             read_result = ocr.extract_number(frame)
>
>             if read_result:
>                 payload = {
>                     "sector": read_result.sector,
>                     "dealerId": read_result.dealer_id,
>                     "speed": "NORMAL"
>                 }
>                 print(json.dumps(payload), flush=True)
>                 time.sleep(3)
>             else:
>                 time.sleep(0.033)
>
>     except KeyboardInterrupt:
>         sys.exit(0)
>
> if __name__ == "__main__":
>     run_satellite()
> EOF
[root@localhost rlsys-terminal-main]#
[root@localhost rlsys-terminal-main]# echo -e "\033[0;32m\033[1m
[COORDENADAS ATUALIZADAS] Mira calibrada para a Timeline (Número
 31).\033[0m"
[COORDENADAS ATUALIZADAS] Mira calibrada para a Timeline (Número
 31).
[root@localhost rlsys-terminal-main]# echo -e "Execute o satélit
e (python3 satellite/main.py), aguarde 3 segundos e cancele (Ctr
l+C)."
Execute o satélite (python3 satellite/main.py), aguarde 3 segund
os e cancele (Ctrl+C).
[root@localhost rlsys-terminal-main]# echo -e "Depois, abra a im
agem 'mira_debug.png' no seu telemóvel para verificar se o 31 es
tá perfeitamente enquadrado."
Depois, abra a imagem 'mira_debug.png' no seu telemóvel para ver
ificar se o 31 está perfeitamente enquadrado.
[root@localhost rlsys-terminal-main]# python3 satellite/main.py
Traceback (most recent call last):
  File "/root/rlsys-terminal-main/satellite/main.py", line 4, in
 <module>
    from adapters.real_vision import RealCamera, RealOcrEngine
  File "/root/rlsys-terminal-main/satellite/adapters/real_vision
.py", line 4, in <module>
    from PIL import Image, ImageOps
ModuleNotFoundError: No module named 'PIL'

━━━━━━━━━━━━━━━━━━━━━━━━━━━━━━━━━━━━━━━━━━━━━━━━━━━━━━━━━━━━━
   ❌ ERRO DETECTADO NA LINHA 5234
   A Sprint 059 foi interrompida para proteger a integridade.
━━━━━━━━━━━━━━━━━━━━━━━━━━━━━━━━━━━━━━━━━━━━━━━━━━━━━━━━━━━━━
[root@localhost rlsys-terminal-main]# ./capture-sprint-buffer.sh

Buffer capturado com sucesso:
logs/sprint-buffer-20260517-030652.log

Arquivo enviado para Downloads:
/sdcard/Download/sprint-buffer-20260517-030652.log

Após me enviar o arquivo aqui e eu confirmar a análise, remova c
om:
rm 'logs/sprint-buffer-20260517-030652.log' '/sdcard/Download/sp
rint-buffer-20260517-030652.log'
[root@localhost rlsys-terminal-main]# python3 -m pip install Pil
low mss pytesseract
/usr/sbin/python3: No module named pip

━━━━━━━━━━━━━━━━━━━━━━━━━━━━━━━━━━━━━━━━━━━━━━━━━━━━━━━━━━━━━
   ❌ ERRO DETECTADO NA LINHA 5236
   A Sprint 059 foi interrompida para proteger a integridade.
━━━━━━━━━━━━━━━━━━━━━━━━━━━━━━━━━━━━━━━━━━━━━━━━━━━━━━━━━━━━━
[root@localhost rlsys-terminal-main]# pacman -S python-pip --noc
onfirm
resolving dependencies...
looking for conflicting packages...

Packages (8) python-attrs-26.1.0-1  python-cffi-2.0.0-2
             python-cryptography-48.0.0-1
             python-filelock-3.29.0-1  python-packaging-26.2-1
             python-pycparser-3.00-1  python-wheel-0.47.0-1
             python-pip-26.1.1-1

Total Download Size:    4.63 MiB
Total Installed Size:  27.52 MiB

:: Proceed with installation? [Y/n]
:: Retrieving packages...
 python-attrs-26....   111.5 KiB  64.7 KiB/s 00:02 [######] 100%
 python-cffi-2.0....   265.3 KiB   134 KiB/s 00:02 [######] 100%
 python-packaging...   192.0 KiB  96.2 KiB/s 00:02 [######] 100%
 python-pycparser...   103.9 KiB   173 KiB/s 00:01 [######] 100%
 python-wheel-0.4...    68.8 KiB   159 KiB/s 00:00 [######] 100%
 python-filelock-...    71.5 KiB   137 KiB/s 00:01 [######] 100%
 python-pip-26.1....     2.6 MiB   746 KiB/s 00:04 [######] 100%
 python-cryptogra...  1287.8 KiB   307 KiB/s 00:04 [######] 100%
 Total (8/8)             4.6 MiB  1086 KiB/s 00:04 [######] 100%
(8/8) checking keys in keyring                     [######] 100%
(8/8) checking package integrity                   [######] 100%
(8/8) loading package files                        [######] 100%
(8/8) checking for file conflicts                  [######] 100%
(8/8) checking available disk space                [######] 100%
:: Processing package changes...
(1/8) installing python-attrs                      [######] 100%
(2/8) installing python-pycparser                  [######] 100%
(3/8) installing python-cffi                       [######] 100%
Optional dependencies for python-cffi
    python-setuptools: "limited api" version checking in
    cffi.setuptools_ext
(4/8) installing python-cryptography               [######] 100%
(5/8) installing python-filelock                   [######] 100%
(6/8) installing python-packaging                  [######] 100%
(7/8) installing python-wheel                      [######] 100%
Optional dependencies for python-wheel
    python-keyring: for wheel.signatures
    python-xdg: for wheel.signatures
    python-setuptools: for legacy bdist_wheel subcommand
(8/8) installing python-pip                        [######] 100%
:: Running post-transaction hooks...
(1/1) Arming ConditionNeedsUpdate...
[root@localhost rlsys-terminal-main]# pip install Pillow mss pyt
esseract
Collecting Pillow
  Using cached pillow-12.2.0.tar.gz (47.0 MB)
  Installing build dependencies ... done
  Getting requirements to build wheel ... done
  Preparing metadata (pyproject.toml) ... done
Collecting mss
  Using cached mss-10.2.0-py3-none-any.whl.metadata (7.2 kB)
Collecting pytesseract
  Using cached pytesseract-0.3.13-py3-none-any.whl.metadata (11
kB)
Collecting packaging>=21.3 (from pytesseract)
  Using cached packaging-26.2-py3-none-any.whl.metadata (3.5 kB)
Using cached mss-10.2.0-py3-none-any.whl (67 kB)
Using cached pytesseract-0.3.13-py3-none-any.whl (14 kB)
Using cached packaging-26.2-py3-none-any.whl (100 kB)
Building wheels for collected packages: Pillow
  Building wheel for Pillow (pyproject.toml) ... error
  error: subprocess-exited-with-error

  × Building wheel for Pillow (pyproject.toml) did not run succe
ssfully.
  │ exit code: 1
  ╰─> [261 lines of output]
      running bdist_wheel
      running build
      running build_py
      creating build/lib.android-24-armeabi_v7a-cpython-313/PIL
      copying src/PIL/TarIO.py -> build/lib.android-24-armeabi_v
7a-cpython-313/PIL
      copying src/PIL/IptcImagePlugin.py -> build/lib.android-24
-armeabi_v7a-cpython-313/PIL
      copying src/PIL/GimpPaletteFile.py -> build/lib.android-24
-armeabi_v7a-cpython-313/PIL
      copying src/PIL/AvifImagePlugin.py -> build/lib.android-24
-armeabi_v7a-cpython-313/PIL
      copying src/PIL/ImageEnhance.py -> build/lib.android-24-ar
meabi_v7a-cpython-313/PIL
      copying src/PIL/__init__.py -> build/lib.android-24-armeab
i_v7a-cpython-313/PIL
      copying src/PIL/ImageTransform.py -> build/lib.android-24-
armeabi_v7a-cpython-313/PIL
      copying src/PIL/ImImagePlugin.py -> build/lib.android-24-a
rmeabi_v7a-cpython-313/PIL
      copying src/PIL/GimpGradientFile.py -> build/lib.android-2
4-armeabi_v7a-cpython-313/PIL
      copying src/PIL/_deprecate.py -> build/lib.android-24-arme
abi_v7a-cpython-313/PIL
      copying src/PIL/XbmImagePlugin.py -> build/lib.android-24-
armeabi_v7a-cpython-313/PIL
      copying src/PIL/PcdImagePlugin.py -> build/lib.android-24-
armeabi_v7a-cpython-313/PIL
      copying src/PIL/WebPImagePlugin.py -> build/lib.android-24
-armeabi_v7a-cpython-313/PIL
      copying src/PIL/IcnsImagePlugin.py -> build/lib.android-24
-armeabi_v7a-cpython-313/PIL
      copying src/PIL/ImageColor.py -> build/lib.android-24-arme
abi_v7a-cpython-313/PIL
      copying src/PIL/EpsImagePlugin.py -> build/lib.android-24-
armeabi_v7a-cpython-313/PIL
      copying src/PIL/_binary.py -> build/lib.android-24-armeabi
_v7a-cpython-313/PIL
      copying src/PIL/MpoImagePlugin.py -> build/lib.android-24-
armeabi_v7a-cpython-313/PIL
      copying src/PIL/DcxImagePlugin.py -> build/lib.android-24-
armeabi_v7a-cpython-313/PIL
      copying src/PIL/GifImagePlugin.py -> build/lib.android-24-
armeabi_v7a-cpython-313/PIL
      copying src/PIL/PalmImagePlugin.py -> build/lib.android-24
-armeabi_v7a-cpython-313/PIL
      copying src/PIL/__main__.py -> build/lib.android-24-armeab
i_v7a-cpython-313/PIL
      copying src/PIL/BmpImagePlugin.py -> build/lib.android-24-
armeabi_v7a-cpython-313/PIL
      copying src/PIL/ImageMode.py -> build/lib.android-24-armea
bi_v7a-cpython-313/PIL
      copying src/PIL/XpmImagePlugin.py -> build/lib.android-24-
armeabi_v7a-cpython-313/PIL
      copying src/PIL/GbrImagePlugin.py -> build/lib.android-24-
armeabi_v7a-cpython-313/PIL
      copying src/PIL/Hdf5StubImagePlugin.py -> build/lib.androi
d-24-armeabi_v7a-cpython-313/PIL
      copying src/PIL/FliImagePlugin.py -> build/lib.android-24-
armeabi_v7a-cpython-313/PIL
      copying src/PIL/ImageCms.py -> build/lib.android-24-armeab
i_v7a-cpython-313/PIL
      copying src/PIL/FitsImagePlugin.py -> build/lib.android-24
-armeabi_v7a-cpython-313/PIL
      copying src/PIL/TiffTags.py -> build/lib.android-24-armeab
i_v7a-cpython-313/PIL
      copying src/PIL/WalImageFile.py -> build/lib.android-24-ar
meabi_v7a-cpython-313/PIL
      copying src/PIL/PixarImagePlugin.py -> build/lib.android-2
4-armeabi_v7a-cpython-313/PIL
      copying src/PIL/TiffImagePlugin.py -> build/lib.android-24
-armeabi_v7a-cpython-313/PIL
      copying src/PIL/ImageMorph.py -> build/lib.android-24-arme
abi_v7a-cpython-313/PIL
      copying src/PIL/CurImagePlugin.py -> build/lib.android-24-
armeabi_v7a-cpython-313/PIL
      copying src/PIL/ImageQt.py -> build/lib.android-24-armeabi
_v7a-cpython-313/PIL
      copying src/PIL/GdImageFile.py -> build/lib.android-24-arm
eabi_v7a-cpython-313/PIL
      copying src/PIL/ImtImagePlugin.py -> build/lib.android-24-
armeabi_v7a-cpython-313/PIL
      copying src/PIL/XVThumbImagePlugin.py -> build/lib.android
-24-armeabi_v7a-cpython-313/PIL
      copying src/PIL/_util.py -> build/lib.android-24-armeabi_v
7a-cpython-313/PIL
      copying src/PIL/PngImagePlugin.py -> build/lib.android-24-
armeabi_v7a-cpython-313/PIL
      copying src/PIL/QoiImagePlugin.py -> build/lib.android-24-
armeabi_v7a-cpython-313/PIL
      copying src/PIL/ImageWin.py -> build/lib.android-24-armeab
i_v7a-cpython-313/PIL
      copying src/PIL/BlpImagePlugin.py -> build/lib.android-24-
armeabi_v7a-cpython-313/PIL
      copying src/PIL/SpiderImagePlugin.py -> build/lib.android-
24-armeabi_v7a-cpython-313/PIL
      copying src/PIL/ImageMath.py -> build/lib.android-24-armea
bi_v7a-cpython-313/PIL
      copying src/PIL/ImageSequence.py -> build/lib.android-24-a
rmeabi_v7a-cpython-313/PIL
      copying src/PIL/JpegPresets.py -> build/lib.android-24-arm
eabi_v7a-cpython-313/PIL
      copying src/PIL/JpegImagePlugin.py -> build/lib.android-24
-armeabi_v7a-cpython-313/PIL
      copying src/PIL/ImageTk.py -> build/lib.android-24-armeabi
_v7a-cpython-313/PIL
      copying src/PIL/SgiImagePlugin.py -> build/lib.android-24-
armeabi_v7a-cpython-313/PIL
      copying src/PIL/ImageChops.py -> build/lib.android-24-arme
abi_v7a-cpython-313/PIL
      copying src/PIL/PcxImagePlugin.py -> build/lib.android-24-
armeabi_v7a-cpython-313/PIL
      copying src/PIL/PsdImagePlugin.py -> build/lib.android-24-
armeabi_v7a-cpython-313/PIL
      copying src/PIL/ImageOps.py -> build/lib.android-24-armeab
i_v7a-cpython-313/PIL
      copying src/PIL/MspImagePlugin.py -> build/lib.android-24-
armeabi_v7a-cpython-313/PIL
      copying src/PIL/GribStubImagePlugin.py -> build/lib.androi
d-24-armeabi_v7a-cpython-313/PIL
      copying src/PIL/ContainerIO.py -> build/lib.android-24-arm
eabi_v7a-cpython-313/PIL
      copying src/PIL/MpegImagePlugin.py -> build/lib.android-24
-armeabi_v7a-cpython-313/PIL
      copying src/PIL/McIdasImagePlugin.py -> build/lib.android-
24-armeabi_v7a-cpython-313/PIL
      copying src/PIL/ExifTags.py -> build/lib.android-24-armeab
i_v7a-cpython-313/PIL
      copying src/PIL/_tkinter_finder.py -> build/lib.android-24
-armeabi_v7a-cpython-313/PIL
      copying src/PIL/ImageText.py -> build/lib.android-24-armea
bi_v7a-cpython-313/PIL
      copying src/PIL/_version.py -> build/lib.android-24-armeab
i_v7a-cpython-313/PIL
      copying src/PIL/FontFile.py -> build/lib.android-24-armeab
i_v7a-cpython-313/PIL
      copying src/PIL/FtexImagePlugin.py -> build/lib.android-24
-armeabi_v7a-cpython-313/PIL
      copying src/PIL/DdsImagePlugin.py -> build/lib.android-24-
armeabi_v7a-cpython-313/PIL
      copying src/PIL/SunImagePlugin.py -> build/lib.android-24-
armeabi_v7a-cpython-313/PIL
      copying src/PIL/_typing.py -> build/lib.android-24-armeabi
_v7a-cpython-313/PIL
      copying src/PIL/PSDraw.py -> build/lib.android-24-armeabi_
v7a-cpython-313/PIL
      copying src/PIL/PcfFontFile.py -> build/lib.android-24-arm
eabi_v7a-cpython-313/PIL
      copying src/PIL/ImageShow.py -> build/lib.android-24-armea
bi_v7a-cpython-313/PIL
      copying src/PIL/BdfFontFile.py -> build/lib.android-24-arm
eabi_v7a-cpython-313/PIL
      copying src/PIL/WmfImagePlugin.py -> build/lib.android-24-
armeabi_v7a-cpython-313/PIL
      copying src/PIL/PdfImagePlugin.py -> build/lib.android-24-
armeabi_v7a-cpython-313/PIL
      copying src/PIL/ImageDraw2.py -> build/lib.android-24-arme
abi_v7a-cpython-313/PIL
      copying src/PIL/Image.py -> build/lib.android-24-armeabi_v
7a-cpython-313/PIL
      copying src/PIL/PaletteFile.py -> build/lib.android-24-arm
eabi_v7a-cpython-313/PIL
      copying src/PIL/FpxImagePlugin.py -> build/lib.android-24-
armeabi_v7a-cpython-313/PIL
      copying src/PIL/features.py -> build/lib.android-24-armeab
i_v7a-cpython-313/PIL
      copying src/PIL/PpmImagePlugin.py -> build/lib.android-24-
armeabi_v7a-cpython-313/PIL
      copying src/PIL/TgaImagePlugin.py -> build/lib.android-24-
armeabi_v7a-cpython-313/PIL
      copying src/PIL/BufrStubImagePlugin.py -> build/lib.androi
d-24-armeabi_v7a-cpython-313/PIL
      copying src/PIL/MicImagePlugin.py -> build/lib.android-24-
armeabi_v7a-cpython-313/PIL
      copying src/PIL/ImagePalette.py -> build/lib.android-24-ar
meabi_v7a-cpython-313/PIL
      copying src/PIL/ImageFile.py -> build/lib.android-24-armea
bi_v7a-cpython-313/PIL
      copying src/PIL/ImagePath.py -> build/lib.android-24-armea
bi_v7a-cpython-313/PIL
      copying src/PIL/report.py -> build/lib.android-24-armeabi_
v7a-cpython-313/PIL
      copying src/PIL/ImageFont.py -> build/lib.android-24-armea
bi_v7a-cpython-313/PIL
      copying src/PIL/ImageStat.py -> build/lib.android-24-armea
bi_v7a-cpython-313/PIL
      copying src/PIL/ImageFilter.py -> build/lib.android-24-arm
eabi_v7a-cpython-313/PIL
      copying src/PIL/ImageDraw.py -> build/lib.android-24-armea
bi_v7a-cpython-313/PIL
      copying src/PIL/ImageGrab.py -> build/lib.android-24-armea
bi_v7a-cpython-313/PIL
      copying src/PIL/PdfParser.py -> build/lib.android-24-armea
bi_v7a-cpython-313/PIL
      copying src/PIL/Jpeg2KImagePlugin.py -> build/lib.android-
24-armeabi_v7a-cpython-313/PIL
      copying src/PIL/IcoImagePlugin.py -> build/lib.android-24-
armeabi_v7a-cpython-313/PIL
      running egg_info
      writing src/pillow.egg-info/PKG-INFO
      writing dependency_links to src/pillow.egg-info/dependency
_links.txt
      writing requirements to src/pillow.egg-info/requires.txt
      writing top-level names to src/pillow.egg-info/top_level.t
xt
      reading manifest file 'src/pillow.egg-info/SOURCES.txt'
      reading manifest template 'MANIFEST.in'
      warning: no files found matching '*.c'
      warning: no files found matching '*.h'
      warning: no files found matching '*.sh'
      warning: no files found matching '*.txt'
      warning: no files found matching '.flake8'
      warning: no previously-included files found matching '.cla
ng-format'
      warning: no previously-included files found matching '.cov
eragerc'
      warning: no previously-included files found matching '.edi
torconfig'
      warning: no previously-included files found matching '.rea
dthedocs.yml'
      warning: no previously-included files found matching 'code
cov.yml'
      warning: no previously-included files found matching 'reno
vate.json'
      warning: no previously-included files found matching 'Test
s/images/README.md'
      warning: no previously-included files found matching 'Test
s/images/crash*.tif'
      warning: no previously-included files found matching 'Test
s/images/string_dimension.tiff'
      warning: no previously-included files matching '.git*' fou
nd anywhere in distribution
      warning: no previously-included files matching '*.so' foun
d anywhere in distribution
      no previously-included directories found matching '.ci'
      no previously-included directories found matching 'wheels'
      no previously-included directories found matching 'winbuil
d/build'
      no previously-included directories found matching 'winbuil
d/depends'
      no previously-included directories found matching 'Tests/e
rrors'
      no previously-included directories found matching 'Tests/i
mages/jpeg2000'
      no previously-included directories found matching 'Tests/i
mages/msp'
      no previously-included directories found matching 'Tests/i
mages/picins'
      no previously-included directories found matching 'Tests/i
mages/sunraster'
      no previously-included directories found matching 'Tests/t
est-images'
      adding license file 'LICENSE'
      writing manifest file 'src/pillow.egg-info/SOURCES.txt'
      copying src/PIL/_avif.pyi -> build/lib.android-24-armeabi_
v7a-cpython-313/PIL
      copying src/PIL/_imaging.pyi -> build/lib.android-24-armea
bi_v7a-cpython-313/PIL
      copying src/PIL/_imagingcms.pyi -> build/lib.android-24-ar
meabi_v7a-cpython-313/PIL
      copying src/PIL/_imagingft.pyi -> build/lib.android-24-arm
eabi_v7a-cpython-313/PIL
      copying src/PIL/_imagingmath.pyi -> build/lib.android-24-a
rmeabi_v7a-cpython-313/PIL
      copying src/PIL/_imagingmorph.pyi -> build/lib.android-24-
armeabi_v7a-cpython-313/PIL
      copying src/PIL/_imagingtk.pyi -> build/lib.android-24-arm
eabi_v7a-cpython-313/PIL
      copying src/PIL/_webp.pyi -> build/lib.android-24-armeabi_
v7a-cpython-313/PIL
      copying src/PIL/py.typed -> build/lib.android-24-armeabi_v
7a-cpython-313/PIL
      running build_clib
      building 'pil_imaging_mode' library
      creating build/temp.android-24-armeabi_v7a-cpython-313/src
/libImaging
      arm-linux-androideabi-clang -mfloat-abi=softfp -mfpu=vfpv3
-d16 -fno-strict-overflow -Wsign-compare -Wunreachable-code -DND
EBUG -g -O3 -Wall -march=armv7-a -mfpu=neon -mfloat-abi=softfp -
mthumb -fstack-protector-strong -O3 -march=armv7-a -mfpu=neon -m
float-abi=softfp -mthumb -fstack-protector-strong -O3 -fPIC -c s
rc/libImaging/Mode.c -o build/temp.android-24-armeabi_v7a-cpytho
n-313/src/libImaging/Mode.o
      llvm-ar rcs build/temp.android-24-armeabi_v7a-cpython-313/
libpil_imaging_mode.a build/temp.android-24-armeabi_v7a-cpython-
313/src/libImaging/Mode.o
      running build_ext


      The headers or library files could not be found for jpeg,
      a required dependency when compiling Pillow from source.

      Please see the install instructions at:
         https://pillow.readthedocs.io/en/latest/installation/ba
sic-installation.html

      Traceback (most recent call last):
        File "<string>", line 1102, in <module>
        File "/tmp/pip-build-env-rqr4l3qi/overlay/lib/python3.13
/site-packages/setuptools/__init__.py", line 117, in setup
          return distutils.core.setup(**attrs)  # type: ignore[r
eturn-value]
                 ~~~~~~~~~~~~~~~~~~~~^^^^^^^^^
        File "/tmp/pip-build-env-rqr4l3qi/overlay/lib/python3.13
/site-packages/setuptools/_distutils/core.py", line 186, in setu
p
          return run_commands(dist)
        File "/tmp/pip-build-env-rqr4l3qi/overlay/lib/python3.13
/site-packages/setuptools/_distutils/core.py", line 202, in run_
commands
          dist.run_commands()
          ~~~~~~~~~~~~~~~~~^^
        File "/tmp/pip-build-env-rqr4l3qi/overlay/lib/python3.13
/site-packages/setuptools/_distutils/dist.py", line 1000, in run
_commands
          self.run_command(cmd)
          ~~~~~~~~~~~~~~~~^^^^^
        File "/tmp/pip-build-env-rqr4l3qi/overlay/lib/python3.13
/site-packages/setuptools/dist.py", line 1107, in run_command
          super().run_command(command)
          ~~~~~~~~~~~~~~~~~~~^^^^^^^^^
        File "/tmp/pip-build-env-rqr4l3qi/overlay/lib/python3.13
/site-packages/setuptools/_distutils/dist.py", line 1019, in run
_command
          cmd_obj.run()
          ~~~~~~~~~~~^^
        File "/tmp/pip-build-env-rqr4l3qi/overlay/lib/python3.13
/site-packages/setuptools/command/bdist_wheel.py", line 370, in
run
          self.run_command("build")
          ~~~~~~~~~~~~~~~~^^^^^^^^^
        File "/tmp/pip-build-env-rqr4l3qi/overlay/lib/python3.13
/site-packages/setuptools/_distutils/cmd.py", line 341, in run_c
ommand
          self.distribution.run_command(command)
          ~~~~~~~~~~~~~~~~~~~~~~~~~~~~~^^^^^^^^^
        File "/tmp/pip-build-env-rqr4l3qi/overlay/lib/python3.13
/site-packages/setuptools/dist.py", line 1107, in run_command
          super().run_command(command)
          ~~~~~~~~~~~~~~~~~~~^^^^^^^^^
        File "/tmp/pip-build-env-rqr4l3qi/overlay/lib/python3.13
/site-packages/setuptools/_distutils/dist.py", line 1019, in run
_command
          cmd_obj.run()
          ~~~~~~~~~~~^^
        File "/tmp/pip-build-env-rqr4l3qi/overlay/lib/python3.13
/site-packages/setuptools/_distutils/command/build.py", line 135
, in run
          self.run_command(cmd_name)
          ~~~~~~~~~~~~~~~~^^^^^^^^^^
        File "/tmp/pip-build-env-rqr4l3qi/overlay/lib/python3.13
/site-packages/setuptools/_distutils/cmd.py", line 341, in run_c
ommand
          self.distribution.run_command(command)
          ~~~~~~~~~~~~~~~~~~~~~~~~~~~~~^^^^^^^^^
        File "/tmp/pip-build-env-rqr4l3qi/overlay/lib/python3.13
/site-packages/setuptools/dist.py", line 1107, in run_command
          super().run_command(command)
          ~~~~~~~~~~~~~~~~~~~^^^^^^^^^
        File "/tmp/pip-build-env-rqr4l3qi/overlay/lib/python3.13
/site-packages/setuptools/_distutils/dist.py", line 1019, in run
_command
          cmd_obj.run()
          ~~~~~~~~~~~^^
        File "/tmp/pip-build-env-rqr4l3qi/overlay/lib/python3.13
/site-packages/setuptools/command/build_ext.py", line 97, in run
          _build_ext.run(self)
          ~~~~~~~~~~~~~~^^^^^^
        File "/tmp/pip-build-env-rqr4l3qi/overlay/lib/python3.13
/site-packages/setuptools/_distutils/command/build_ext.py", line
 367, in run
          self.build_extensions()
          ~~~~~~~~~~~~~~~~~~~~~^^
        File "<string>", line 895, in build_extensions
      RequiredDependencyException: jpeg

      During handling of the above exception, another exception
occurred:

      Traceback (most recent call last):
        File "/data/data/com.termux/files/usr/lib/python3.13/sit
e-packages/pip/_vendor/pyproject_hooks/_in_process/_in_process.p
y", line 389, in <module>
          main()
          ~~~~^^
        File "/data/data/com.termux/files/usr/lib/python3.13/sit
e-packages/pip/_vendor/pyproject_hooks/_in_process/_in_process.p
y", line 373, in main
          json_out["return_val"] = hook(**hook_input["kwargs"])
                                   ~~~~^^^^^^^^^^^^^^^^^^^^^^^^
        File "/data/data/com.termux/files/usr/lib/python3.13/sit
e-packages/pip/_vendor/pyproject_hooks/_in_process/_in_process.p
y", line 280, in build_wheel
          return _build_backend().build_wheel(
                 ~~~~~~~~~~~~~~~~~~~~~~~~~~~~^
              wheel_directory, config_settings, metadata_directo
ry
              ^^^^^^^^^^^^^^^^^^^^^^^^^^^^^^^^^^^^^^^^^^^^^^^^^^
^^
          )
          ^
        File "/tmp/pip-install-n32gr0au/pillow_2671ad9d5b5343698
ab219be222e1765/_custom_build/backend.py", line 26, in build_whe
el
          return super().build_wheel(wheel_directory, config_set
tings, metadata_directory)
                 ~~~~~~~~~~~~~~~~~~~^^^^^^^^^^^^^^^^^^^^^^^^^^^^
^^^^^^^^^^^^^^^^^^^^^^^^^^
        File "/tmp/pip-build-env-rqr4l3qi/overlay/lib/python3.13
/site-packages/setuptools/build_meta.py", line 441, in build_whe
el
          return _build(['bdist_wheel', '--dist-info-dir', str(m
etadata_directory)])
        File "/tmp/pip-build-env-rqr4l3qi/overlay/lib/python3.13
/site-packages/setuptools/build_meta.py", line 429, in _build
          return self._build_with_temp_dir(
                 ~~~~~~~~~~~~~~~~~~~~~~~~~^
              cmd,
              ^^^^
          ...<3 lines>...
              self._arbitrary_args(config_settings),
              ^^^^^^^^^^^^^^^^^^^^^^^^^^^^^^^^^^^^^^
          )
          ^
        File "/tmp/pip-build-env-rqr4l3qi/overlay/lib/python3.13
/site-packages/setuptools/build_meta.py", line 410, in _build_wi
th_temp_dir
          self.run_setup()
          ~~~~~~~~~~~~~~^^
        File "/tmp/pip-install-n32gr0au/pillow_2671ad9d5b5343698
ab219be222e1765/_custom_build/backend.py", line 20, in run_setup
          return super().run_setup(setup_script)
                 ~~~~~~~~~~~~~~~~~^^^^^^^^^^^^^^
        File "/tmp/pip-build-env-rqr4l3qi/overlay/lib/python3.13
/site-packages/setuptools/build_meta.py", line 317, in run_setup
          exec(code, locals())
          ~~~~^^^^^^^^^^^^^^^^
        File "<string>", line 1119, in <module>
      RequiredDependencyException:

      The headers or library files could not be found for jpeg,
      a required dependency when compiling Pillow from source.

      Please see the install instructions at:
         https://pillow.readthedocs.io/en/latest/installation/ba
sic-installation.html


      [end of output]

  note: This error originates from a subprocess, and is likely n
ot a problem with pip.
  ERROR: Failed building wheel for Pillow
Failed to build Pillow
error: failed-wheel-build-for-install

× Failed to build installable wheels for some pyproject.toml bas
ed projects
╰─> Pillow

━━━━━━━━━━━━━━━━━━━━━━━━━━━━━━━━━━━━━━━━━━━━━━━━━━━━━━━━━━━━━
   ❌ ERRO DETECTADO NA LINHA 5238
   A Sprint 059 foi interrompida para proteger a integridade.
━━━━━━━━━━━━━━━━━━━━━━━━━━━━━━━━━━━━━━━━━━━━━━━━━━━━━━━━━━━━━
[root@localhost rlsys-terminal-main]# ./capture-sprint-buffer.sh


