[root@localhost rlsys-terminal-main]# #!/bin/bash
[root@localhost rlsys-terminal-main]# set -uo pipefail
[root@localhost rlsys-terminal-main]#
[root@localhost rlsys-terminal-main]# # Cores
[root@localhost rlsys-terminal-main]# GREEN='\033[0;32m'
[root@localhost rlsys-terminal-main]# RED='\033[0;31m'
[root@localhost rlsys-terminal-main]# NC='\033[0m'
[root@localhost rlsys-terminal-main]# BOLD='\033[1m'
[root@localhost rlsys-terminal-main]#
[root@localhost rlsys-terminal-main]# log() {
>     echo -e "[$(date +'%H:%M:%S')] $1"
> }
[root@localhost rlsys-terminal-main]#
[root@localhost rlsys-terminal-main]# cd "$HOME/rlsys-terminal-m
ain"
[root@localhost rlsys-terminal-main]#
[root@localhost rlsys-terminal-main]# log "=> Criando diretórios
 de armazenamento de inteligência..."
[00:06:59] => Criando diretórios de armazenamento de inteligênci
a...
[root@localhost rlsys-terminal-main]# mkdir -p storage/snapshots
[root@localhost rlsys-terminal-main]#
[root@localhost rlsys-terminal-main]# log "=> Gerando Genesis Sn
apshot (default_alpha.json)..."
[00:06:59] => Gerando Genesis Snapshot (default_alpha.json)...
[root@localhost rlsys-terminal-main]# # Geramos um timestamp de
validade para daqui a 24 horas
[root@localhost rlsys-terminal-main]# NOW=$(date +%s%3N)
[root@localhost rlsys-terminal-main]# VALID_UNTIL=$((NOW + 86400
000))
[root@localhost rlsys-terminal-main]#
[root@localhost rlsys-terminal-main]# cat << EOF > storage/snaps
hots/default_alpha.json
> {
>   "metadata": {
>     "snapshotId": "default_alpha",
>     "compiledAtMs": $NOW,
>     "validUntilMs": $VALID_UNTIL,
>     "compilerVersion": "1.0.0"
>   },
>   "constraints": {
>     "expectedDealerId": "D_ALICE",
>     "wheelSpeedCategory": "NORMAL"
>   },
>   "lookupTable": {
>     "D_ALICE_NORMAL": [
>       { "targetSector": 32, "clusterSize": 5, "expectedEV": 0.
15, "confidenceScore": 0.95 },
>       { "targetSector": 0, "clusterSize": 5, "expectedEV": 0.0
8, "confidenceScore": 0.88 }
>     ]
>   }
> }
> EOF
[root@localhost rlsys-terminal-main]#
[root@localhost rlsys-terminal-main]# log "=> Validando permissõ
es..."
[00:07:00] => Validando permissões...
[root@localhost rlsys-terminal-main]# chmod -R 755 storage
[root@localhost rlsys-terminal-main]#
[root@localhost rlsys-terminal-main]# echo -e "\n${GREEN}${BOLD}
━━━━━━━━━━━━━━━━━━━━━━━━━━━━━━━━━━━━━━━━━━━━━━━━━━━━━━━━━━━━━${N
C}"

━━━━━━━━━━━━━━━━━━━━━━━━━━━━━━━━━━━━━━━━━━━━━━━━━━━━━━━━━━━━━
[root@localhost rlsys-terminal-main]# echo -e "${GREEN}${BOLD}
 ✅ GENESIS SNAPSHOT INJETADO!${NC}"
echo -e "${GREEN}${BOLD}   ✅ GENESIS SNAPSHOT INJETADO"\n${GREE
N}${BOLD}━━━━━━━━━━━━━━━━━━━━━━━━━━━━━━━━━━━━━━━━━━━━━━━━━━━━━━━
━━━━━━${NC}"{NC}"
   ✅ GENESIS SNAPSHOT INJETADOn━━━━━━━━━━━━━━━━━━━━━━━━━━━━━━━━
━━━━━━━━━━━━━━━━━━━━━━━━━━━━━{NC}
[root@localhost rlsys-terminal-main]# echo -e "${GREEN}   • O si
stema agora possui 'cérebro' para o arranque.${NC}"
   • O sistema agora possui 'cérebro' para o arranque.
[root@localhost rlsys-terminal-main]# echo -e "${GREEN}   • Snap
shot configurado para o Dealer: D_ALICE.${NC}"
   • Snapshot configurado para o Dealer: D_ALICE.
[root@localhost rlsys-terminal-main]# echo -e "${GREEN}${BOLD}━━
━━━━━━━━━━━━━━━━━━━━━━━━━━━━━━━━━━━━━━━━━━━━━━━━━━━━━━━━━━━${NC}
"
━━━━━━━━━━━━━━━━━━━━━━━━━━━━━━━━━━━━━━━━━━━━━━━━━━━━━━━━━━━━━
[root@localhost rlsys-terminal-main]# echo -e "Agora, execute: $
{BOLD}npm run start:live${NC}"
Agora, execute: npm run start:live
[root@localhost rlsys-terminal-main]# npm run start:live

> rl-sys-core@2.9.0 start:live
> node dist/main.js
━━━━━━━━━━━━━━━━━━━━━━━━━━━━━━━━━━━━━━━━━━━━━━━━━━━━━━━━━━━━━
   RL.SYS CORE — QUANTITATIVE OPERATIONAL TERMINAL
━━━━━━━━━━━━━━━━━━━━━━━━━━━━━━━━━━━━━━━━━━━━━━━━━━━━━━━━━━━━━
[SYSTEM] Inicializando defesas e carregando Alpha: default_alpha
...
[OK] Sistema Armado e Pronto.

Aguardando telemetria da mesa... (Pressione Ctrl+C para sair)

-------------------------------------------------------------
 DECISÃO: SIGNAL | RAZÃO: ALPHA_CONFIRMED
 EV: 15.00% | CONFIDANÇA: 95.00%
-------------------------------------------------------------

[root@localhost rlsys-terminal-main]# ./capture-sprint-buffer.sh














