[root@localhost rlsys-terminal-main]# #!/bin/bash
[root@localhost rlsys-terminal-main]# set -uo pipefail
${NC}"
    echo -e "${RED}${BOLD}   ❌ ERRO DETECTADO NA LINHA $1${NC}"
    echo -e "${RED}   A Sprint 052 foi interrompida para protege
r a integridade.${NC}"
    echo -e "${RED}${BOLD}━━━━━━━━━━━━━━━━━━━━━━━━━━━━━━━━━━━━━━
━━━━━━━━━━━━━━━━━━━━━━━${NC}"
    return 1 2>/dev/null || exit 1
}

trap 'error_handler $LINENO' ERR

log "======================================================"
log " INICIANDO SPRINT 052 - REAL DEFENSES WIRING "
log "======================================================"

cd "$HOME/rlsys-terminal-main"

# 1. Preparação do Git
log "=> Sincronizando repositório..."
git checkout main
git pull origin main

log "=> Preparando branch isolada..."
git branch -D sprint-052-real-defenses 2>/dev/null || true
git checkout -b sprint-052-real-defenses

mkdir -p src/infrastructure/defenses

# 2. Atualização: Integration Ports (Adicionando o Feedback Loop
)
cat << 'EOF' > src/application/live/IntegrationPorts.ts
import { CurrentLiveState, DecisionResult } from '../../domain/d
ecision/DecisionContracts';

export enum DefenseStatus {
  CLEAR = 'CLEAR',
  BLOCKED = 'BLOCKED'
}

export interface SystemHealthGuard {
  checkHealth(): DefenseStatus;
}

export interface FinancialGuard {
  authorizeEntry(): DefenseStatus;
  registerPnL(amount: number): void;
  getConsecutiveLosses(): number;
}

export interface CooldownGuard {
  isOperatorReady(currentTimeMs: number): DefenseStatus;
  triggerCooldown(durationMs: number, currentTimeMs: number): vo
id;
}

export interface TacticalEngine {
  evaluate(liveState: CurrentLiveState): DecisionResult;
}
EOF

# 3. Escrita: Defesas Financeiras e Psicológicas Reais
cat << 'EOF' > src/infrastructure/defenses/RealGuards.ts
import * as fs from 'node:fs';
import * as path from 'node:path';
import { FinancialGuard, CooldownGuard, DefenseStatus } from '..
/../application/live/IntegrationPorts';

export class RealFinancialGuard implements FinancialGuard {
  private currentBalance: number = 0;
  private consecutiveLosses: number = 0;

  constructor(
    private readonly maxConsecutiveLosses: number,
    private readonly stopLossLimit: number
  ) {}

  public authorizeEntry(): DefenseStatus {
    if (this.consecutiveLosses >= this.maxConsecutiveLosses) ret
urn DefenseStatus.BLOCKED;
    if (this.currentBalance <= -this.stopLossLimit) return Defen
seStatus.BLOCKED;
    return DefenseStatus.CLEAR;
  }

  public registerPnL(amount: number): void {
    this.currentBalance += amount;
    if (amount < 0) {
      this.consecutiveLosses++;
    } else if (amount > 0) {
      this.consecutiveLosses = 0; // Reset na vitória
    }
  }

  public getConsecutiveLosses(): number { return this.consecutiv
eLosses; }
}

export class FileCooldownGuard implements CooldownGuard {
  private readonly filePath: string;

  constructor(storageDirectory: string) {
    this.filePath = path.join(storageDirectory, 'cooldown_state.
json');
    if (!fs.existsSync(storageDirectory)) fs.mkdirSync(storageDi
rectory, { recursive: true });
  }

  public isOperatorReady(currentTimeMs: number): DefenseStatus {
    if (!fs.existsSync(this.filePath)) return DefenseStatus.CLEA
R;
    try {
      const data = JSON.parse(fs.readFileSync(this.filePath, 'ut
f-8'));
      if (currentTimeMs < data.lockedUntilMs) return DefenseStat
us.BLOCKED;
      return DefenseStatus.CLEAR;
    } catch {
      return DefenseStatus.BLOCKED; // Fail-Closed em caso de co
rrupção
    }
  }

  public triggerCooldown(durationMs: number, currentTimeMs: numb
er): void {
    const state = { lockedUntilMs: currentTimeMs + durati[root@l
ocalhost rlsys-terminal-main]#
[root@localhost rlsys-terminal-main]# # Cores
[root@localhost rlsys-terminal-main]# GREEN='\033[0;32m'
[root@localhost rlsys-terminal-main]# RED='\033[0;31m'
[root@localhost rlsys-terminal-main]# NC='\033[0m'
[root@localhost rlsys-terminal-main]# BOLD='\033[1m'
[root@localhost rlsys-terminal-main]#
[root@localhost rlsys-terminal-main]# LOG_FILE="sprint_052_real_
defenses.log"
[root@localhost rlsys-terminal-main]# > "$LOG_FILE"
[root@localhost rlsys-terminal-main]#
[root@localhost rlsys-terminal-main]# log() {
>     echo -e "[$(date +'%H:%M:%S')] $1" | tee -a "$LOG_FILE"
> }
[root@localhost rlsys-terminal-main]#
[root@localhost rlsys-terminal-main]# error_handler() {
>     echo -e "\n${RED}${BOLD}━━━━━━━━━━━━━━━━━━━━━━━━━━━━━━━━━━
━━━━━━━━━━━━━━━━━━━━━━━━━━━${NC}"
>     echo -e "${RED}${BOLD}   ❌ ERRO DETECTADO NA LINHA $1${NC
}"
>     echo -e "${RED}   A Sprint 052 foi interrompida para prote
ger a integridade.${NC}"
>     echo -e "${RED}${BOLD}━━━━━━━━━━━━━━━━━━━━━━━━━━━━━━━━━━━━
━━━━━━━━━━━━━━━━━━━━━━━━━${NC}"
>     return 1 2>/dev/null || exit 1
> }
[root@localhost rlsys-terminal-main]#
[root@localhost rlsys-terminal-main]# trap 'error_handler $LINEN
O' ERR
[root@localhost rlsys-terminal-main]#
[root@localhost rlsys-terminal-main]# log "=====================
================================="
[01:04:29] =====================================================
=
[root@localhost rlsys-terminal-main]# log " INICIANDO SPRINT 052
 - REAL DEFENSES WIRING "
[01:04:29]  INICIANDO SPRINT 052 - REAL DEFENSES WIRING
[root@localhost rlsys-terminal-main]# log "=====================
================================="
[01:04:29] =====================================================
=
[root@localhost rlsys-terminal-main]#
[root@localhost rlsys-terminal-main]# cd "$HOME/rlsys-terminal-m
ain"
[root@localhost rlsys-terminal-main]#
[root@localhost rlsys-terminal-main]# # 1. Preparação do Git
[root@localhost rlsys-terminal-main]# log "=> Sincronizando repo
sitório..."
[01:04:29] => Sincronizando repositório...
[root@localhost rlsys-terminal-main]# git checkout main
Already on 'main'
Your branch is up to date with 'origin/main'.
[root@localhost rlsys-terminal-main]# git pull origin main
From https://github.com/thiagocoder30/rlsys-terminal-main
 * branch            main       -> FETCH_HEAD
Already up to date.
[root@localhost rlsys-terminal-main]#
[root@localhost rlsys-terminal-main]# log "=> Preparando branch
isolada..."
WN[01:04:33] => Preparando branch isolada...
[root@localhost rlsys-terminal-main]# git branch -D sprint-052-r
eal-defenses 2>/dev/null || true
[root@localhost rlsys-terminal-main]# git checkout -b sprint-052
-real-defenses
Switched to a new branch 'sprint-052-real-defenses'
[root@localhost rlsys-terminal-main]#
[root@localhost rlsys-terminal-main]# mkdir -p src/infrastructur
e/defenses
[root@localhost rlsys-terminal-main]#
[root@localhost rlsys-terminal-main]# # 2. Atualização: Integrat
ion Ports (Adicionando o Feedback Loop)
[root@localhost rlsys-terminal-main]# cat << 'EOF' > src/applica
tion/live/IntegrationPorts.ts
> import { CurrentLiveState, DecisionResult } from '../../domain
/decision/DecisionContracts';
>
> export enum DefenseStatus {
>   CLEAR = 'CLEAR',
>   BLOCKED = 'BLOCKED'
> }
>
> export interface SystemHealthGuard {
>   checkHealth(): DefenseStatus;
> }
>
S> export interface FinancialGuard {
>   authorizeEntry(): DefenseStatus;
>   registerPnL(amount: number): void;
>   getConsecutiveLosses(): number;
> }
>
 > export interface CooldownGuard {
>   isOperatorReady(currentTimeMs: number): DefenseStatus;
>   triggerCooldown(durationMs: number, currentTimeMs: number):
void;
> }
>
> export interface TacticalEngine {
>   evaluate(liveState: CurrentLiveState): DecisionResult;
> }
nCoordinato> EOF
r } [root@localhost rlsys-terminal-main]#
[root@localhost rlsys-terminal-main]# # 3. Escrita: Defesas Fina
nceiras e Psicológicas Reais
iveSessionCoordinator';
imp[root@localhost rlsys-terminal-main]# cat << 'EOF' > src/infr
astructure/defenses/RealGuards.ts
> import * as fs from 'node:fs';
> import * as path from 'node:path';
> import { FinancialGuard, CooldownGuard, DefenseStatus } from '
../../application/live/IntegrationPorts';
>
p> export class RealFinancialGuard implements FinancialGuard {
>   private currentBalance: number = 0;
>   private consecutiveLosses: number = 0;
>
>   constructor(
>     private readonly maxConsecutiveLosses: number,
>     private readonly stopLossLimit: number
>   ) {}
>
d>   public authorizeEntry(): DefenseStatus {
>     if (this.consecutiveLosses >= this.maxConsecutiveLosses) r
eturn DefenseStatus.BLOCKED;
>     if (this.currentBalance <= -this.stopLossLimit) return Def
enseStatus.BLOCKED;
>     return DefenseStatus.CLEAR;
>   }
>
>   public registerPnL(amount: number): void {
>     this.currentBalance += amount;
>     if (amount < 0) {
>       this.consecutiveLosses++;
>     } else if (amount > 0) {
>       this.consecutiveLosses = 0; // Reset na vitória
>     }
>   }
>
>   public getConsecutiveLosses(): number { return this.consecut
iveLosses; }
> }
>
> export class FileCooldownGuard implements CooldownGuard {
>   private readonly filePath: string;
,>
>   constructor(storageDirectory: string) {
>     this.filePath = path.join(storageDirectory, 'cooldown_stat
e.json');
>     if (!fs.existsSync(storageDirectory)) fs.mkdirSync(storage
Directory, { recursive: true });
>   }
>
>   public isOperatorReady(currentTimeMs: number): DefenseStatus
 {
>     if (!fs.existsSync(this.filePath)) return DefenseStatus.CL
EAR;
>     try {
A>       const data = JSON.parse(fs.readFileSync(this.filePath,
'utf-8'));
>       if (currentTimeMs < data.lockedUntilMs) return DefenseSt
atus.BLOCKED;
>       return DefenseStatus.CLEAR;
>     } catch {
>       return DefenseStatus.BLOCKED; // Fail-Closed em caso de
corrupção
>     }
>   }
>
e>   public triggerCooldown(durationMs: number, currentTimeMs: n
umber): void {
>     const state = { lockedUntilMs: currentTimeMs + durationMs
};
>     fs.writeFileSync(this.filePath, JSON.stringify(state)); //
 Gravação O(1) Idempotente
>   }
l> }
> EOF
[root@localhost rlsys-terminal-main]#
[root@localhost rlsys-terminal-main]# # 4. Atualização: Live Ses
sion Coordinator (Processando Resultados)
[root@localhost rlsys-terminal-main]# cat << 'EOF' > src/applica
tion/live/LiveSessionCoordinator.ts
> import { SystemHealthGuard, FinancialGuard, CooldownGuard, Tac
ticalEngine, DefenseStatus } from './IntegrationPorts';
> import { CurrentLiveState, DecisionResult, ActionSignal } from
 '../../domain/decision/DecisionContracts';
>
> export class LiveSessionCoordinator {
>   constructor(
>     private readonly healthGuard: SystemHealthGuard,
>     private readonly financialGuard: FinancialGuard,
>     private readonly cooldownGuard: CooldownGuard,
>     private readonly tacticalEngine: TacticalEngine
>   ) {}
>
>   public processLiveSpin(liveState: CurrentLiveState, currentT
imeMs: number): DecisionResult {
>     try {
>       if (this.healthGuard.checkHealth() === DefenseStatus.BLO
CKED) return this.buildRejection('SYSTEM_HEALTH_COMPROMISED');
>       if (this.cooldownGuard.isOperatorReady(currentTimeMs) ==
= DefenseStatus.BLOCKED) return this.buildRejection('OPERATOR_IN
_COOLDOWN');
>       if (this.financialGuard.authorizeEntry() === DefenseStat
us.BLOCKED) return this.buildRejection('FINANCIAL_DRAWDOWN_ACTIV
E');
>
P>       return this.tacticalEngine.evaluate(liveState);
>     } catch (error) {
>       return this.buildRejection('UNEXPECTED_RUNTIME_EXCEPTION
');
>     }
>   }
>
>   /**
>    * Feedback Loop O(1): Informa o sistema do resultado da apo
sta anterior.
>    */
>   public registerOutcome(pnl: number, currentTimeMs: number):
void {
>     this.financialGuard.registerPnL(pnl);
>
>     // Se bater o Drawdown (ex: 3 perdas), aplica punição de 3
0 minutos
>     if (this.financialGuard.authorizeEntry() === DefenseStatus
.BLOCKED) {
>       this.cooldownGuard.triggerCooldown(30 * 60 * 1000, curre
ntTimeMs);
>     }
>   }
>
>   private buildRejection(reason: string): DecisionResult {
>     return { action: ActionSignal.NO_GO, expectedEV: 0, confid
ence: 0, reason };
>   }
> }
> EOF
[root@localhost rlsys-terminal-main]#
[root@localhost rlsys-terminal-main]# # 5. Atualização: AppConta
iner (Injetando as Defesas Reais)
[root@localhost rlsys-terminal-main]# cat << 'EOF' > src/infrast
ructure/di/AppContainer.ts
> import { LiveSessionCoordinator } from '../../application/live
/LiveSessionCoordinator';
> import { FileSnapshotLoader } from '../storage/FileSnapshotLoa
der';
> import { TacticalEngineAdapter, StandardHealthGuard } from './
SystemAdapters';
> import { RealFinancialGuard, FileCooldownGuard } from '../defe
nses/RealGuards';
>
A> export interface BootConfig {
>   readonly storageDirectory: string;
>   readonly targetSnapshotId: string;
>   readonly bootTimeMs: number;
> }
>
> export class AppContainer {
>   public static bootstrap(config: BootConfig): LiveSessionCoor
dinator {
>     const snapshotLoader = new FileSnapshotLoader(config.stora
geDirectory);
>     const loadResult = snapshotLoader.load(config.targetSnapsh
otId, config.bootTimeMs);
>     if (!loadResult.success) throw new Error(`CRITICAL_BOOT_FA
ILURE: ${loadResult.error}`);
>
>     const healthGuard = new StandardHealthGuard();
>     // Injeção Real: Máximo 3 perdas seguidas ou 10 unidades n
egativas globais
>     const financialGuard = new RealFinancialGuard(3, 10);
>     const cooldownGuard = new FileCooldownGuard(config.storage
Directory);
>     const tacticalEngine = new TacticalEngineAdapter(loadResul
t.snapshot);
>
>     const coordinator = new LiveSessionCoordinator(healthGuard
, financialGuard, cooldownGuard, tacticalEngine);
>
>     // Fail-Fast: Se o operador já estiver em cooldown no arra
nque, aborta.
>     if (cooldownGuard.isOperatorReady(config.bootTimeMs) === '
BLOCKED') {
>       throw new Error("SISTEMA BLOQUEADO: Operador em período
de Cooldown.");
>     }
>
>     return coordinator;
>   }
> }
> EOF
[root@localhost rlsys-terminal-main]#
[root@localhost rlsys-terminal-main]# # 6. Atualização: Main TUI
 (Rastreamento de Apostas Pendentes)
[root@localhost rlsys-terminal-main]# cat << 'EOF' > src/main.ts
> import * as readline from 'node:readline';
> import { AppContainer } from './infrastructure/di/AppContainer
';
> import { ActionSignal, DecisionResult } from './domain/decisio
n/DecisionContracts';
> import { WheelTopology } from './domain/research/WheelTopology
';
>
> const GREEN = '\x1b[32m'; const RED = '\x1b[31m'; const YELLOW
 = '\x1b[33m';
> const BLUE = '\x1b[34m'; const RESET = '\x1b[0m'; const BOLD =
 '\x1b[1m';
>
> async function main() {
>   console.clear();
>   const rl = readline.createInterface({ input: process.stdin,
output: process.stdout, terminal: true });
>
>   let pendingBet: { targetCluster: number[]; decision: Decisio
nResult } | null = null;
>
>   try {
>     const config = { storageDirectory: './storage/snapshots',
targetSnapshotId: process.argv[2] || 'default_alpha', bootTimeMs
: Date.now() };
>     console.log(`${BLUE}${BOLD}RL.SYS CORE — TERMINAL OPERACIO
NAL ATIVO${RESET}`);
>     const coordinator = AppContainer.bootstrap(config);
>     console.log(`${GREEN}[SISTEMA ARMADO]${RESET} Defesas Fina
nceiras e Persistência Online.\n`);
>
>     rl.on('line', (input) => {
>       const val = input.trim();
>       if (val.toLowerCase() === 'exit') process.exit(0);
>       const num = parseInt(val, 10);
>       if (isNaN(num) || num < 0 || num > 36) return;
>
>       const now = Date.now();
>
>       // 1. Resolve a Aposta Pendente (Feedback Loop)
>       if (pendingBet) {
>         const isWin = WheelTopology.isHit(num, pendingBet.targ
etCluster);
>         const pnl = isWin ? 35 : -1; // Estrutura de PnL base
>         coordinator.registerOutcome(pnl, now);
>         console.log(`${isWin ? GREEN : RED}[RESULTADO ANTERIOR
] PnL: ${pnl > 0 ? '+' : ''}${pnl} Unidades${RESET}`);
>         pendingBet = null;
>       }
>
>       // 2. Processa a Nova Rodada
>       const liveState = { dealerId: 'D_ALICE', wheelSpeedCateg
ory: 'NORMAL' as any, targetSector: num };
>       const decision = coordinator.processLiveSpin(liveState,
now);
>
>       let color = RESET;
>       if (decision.action === ActionSignal.SIGNAL) { color = G
REEN + BOLD; pendingBet = { targetCluster: WheelTopology.getClus
ter(num, 5), decision }; }
>       if (decision.action === ActionSignal.NO_GO) color = RED;
>       if (decision.action === ActionSignal.OBSERVE) color = YE
LLOW;
>
>       console.log(`\n${BLUE}─── RODADA: ${num} ───────────────
──────────────────────${RESET}`);
>       console.log(` DECISÃO: ${color}${decision.action}${RESET
} | RAZÃO: ${decision.reason}`);
>       console.log(`${BLUE}────────────────────────────────────
───────────────${RESET}\n`);
>
>       if (decision.reason === 'OPERATOR_IN_COOLDOWN' || decisi
on.reason === 'FINANCIAL_DRAWDOWN_ACTIVE') {
>          console.log(`${RED}${BOLD}DEFESA ATIVADA: Operador bl
oqueado. Fechando terminal.${RESET}`);
>          process.exit(1);
>       }
>     });
>   } catch (error: any) {
>     console.log(`${RED}${BOLD}❌ FALHA NO ARRANQUE:${RESET} ${
error.message}`);
>     process.exit(1);
>   }
> }
> main();
> EOF
[root@localhost rlsys-terminal-main]#
[root@localhost rlsys-terminal-main]# log "=> Compilando sistema
 final..."
[01:04:36] => Compilando sistema final...
[root@localhost rlsys-terminal-main]# npm run build

> rl-sys-core@2.9.0 build
> tsc

src/domain/decision/DecisionLookupEngine.ts:42:18 - error TS2339
: Property 'confidence' does not exist on type 'SectorEdge'.

42     if (bestEdge.confidence < 0.85) {
                    ~~~~~~~~~~

src/infrastructure/di/SystemAdapters.ts:29:14 - error TS2420: Cl
ass 'StandardFinancialGuard' incorrectly implements interface 'F
inancialGuard'.
  Type 'StandardFinancialGuard' is missing the following propert
ies from type 'FinancialGuard': registerPnL, getConsecutiveLosse
s

29 export class StandardFinancialGuard implements FinancialGuard
 {
                ~~~~~~~~~~~~~~~~~~~~~~

src/infrastructure/di/SystemAdapters.ts:36:14 - error TS2420: Cl
ass 'StandardCooldownGuard' incorrectly implements interface 'Co
oldownGuard'.
  Property 'triggerCooldown' is missing in type 'StandardCooldow
nGuard' but required in type 'CooldownGuard'.

36 export class StandardCooldownGuard implements CooldownGuard {
                ~~~~~~~~~~~~~~~~~~~~~

  src/application/live/IntegrationPorts.ts:20:3
    20   triggerCooldown(durationMs: number, currentTimeMs: numb
er): void;
         ~~~~~~~~~~~~~~~~~~~~~~~~~~~~~~~~~~~~~~~~~~~~~~~~~~~~~~~
~~~~~~~~~~
    'triggerCooldown' is declared here.


Found 3 errors in 2 files.

Errors  Files
     1  src/domain/decision/DecisionLookupEngine.ts:42
     2  src/infrastructure/di/SystemAdapters.ts:29

━━━━━━━━━━━━━━━━━━━━━━━━━━━━━━━━━━━━━━━━━━━━━━━━━━━━━━━━━━━━━
   ❌ ERRO DETECTADO NA LINHA 3677
   A Sprint 052 foi interrompida para proteger a integridade.
━━━━━━━━━━━━━━━━━━━━━━━━━━━━━━━━━━━━━━━━━━━━━━━━━━━━━━━━━━━━━
[root@localhost rlsys-terminal-main]#
[root@localhost rlsys-terminal-main]# log "=> Finalizando Sprint
 no Git..."
[01:05:17] => Finalizando Sprint no Git...
[root@localhost rlsys-terminal-main]# git add .
[root@localhost rlsys-terminal-main]# git commit -m "feat(defens
es): real financial wiring, feedback loop and state persistence"
[sprint-052-real-defenses b83b621] feat(defenses): real financia
l wiring, feedback loop and state persistence
 5 files changed, 118 insertions(+), 97 deletions(-)
 create mode 100644 src/infrastructure/defenses/RealGuards.ts
[root@localhost rlsys-terminal-main]# git push -u origin sprint-
052-real-defenses
Enumerating objects: 23, done.
Counting objects: 100% (23/23), done.
Delta compression using up to 8 threads
Compressing objects: 100% (12/12), done.
Writing objects: 100% (13/13), 3.50 KiB | 170.00 KiB/s, done.
Total 13 (delta 7), reused 0 (delta 0), pack-reused 0 (from 0)
remote: Resolving deltas: 100% (7/7), completed with 7 local obj
ects.
remote:
remote: Create a pull request for 'sprint-052-real-defenses' on
GitHub by visiting:
remote:      https://github.com/thiagocoder30/rlsys-terminal-mai
n/pull/new/sprint-052-real-defenses
remote:
To https://github.com/thiagocoder30/rlsys-terminal-main.git
 * [new branch]      sprint-052-real-defenses -> sprint-052-real
-defenses
branch 'sprint-052-real-defenses' set up to track 'origin/sprint
-052-real-defenses'.
[root@localhost rlsys-terminal-main]# git checkout main
Switched to branch 'main'
Your branch is up to date with 'origin/main'.
[root@localhost rlsys-terminal-main]# git merge sprint-052-real-
defenses
Updating a1f4080..b83b621
Fast-forward
 src/application/live/IntegrationPorts.ts |  4 +-
 .../live/LiveSessionCoordinator.ts       | 44 ++++-----
 .../defenses/RealGuards.ts               | 55 ++++++++++++
 src/infrastructure/di/AppContainer.ts    | 37 +++-----
 src/main.ts                              | 75 +++++++---------
 5 files changed, 118 insertions(+), 97 deletions(-)
 create mode 100644 src/infrastructure/defenses/RealGuards.ts
[root@localhost rlsys-terminal-main]# git push origin main
Total 0 (delta 0), reused 0 (delta 0), pack-reused 0 (from 0)
To https://github.com/thiagocoder30/rlsys-terminal-main.git
   a1f4080..b83b621  main -> main
[root@localhost rlsys-terminal-main]#
[root@localhost rlsys-terminal-main]# echo -e "\n${GREEN}${BOLD}
━━━━━━━━━━━━━━━━━━━━━━━━━━━━━━━━━━━━━━━━━━━━━━━━━━━━━━━━━━━━━${N
C}"

━━━━━━━━━━━━━━━━━━━━━━━━━━━━━━━━━━━━━━━━━━━━━━━━━━━━━━━━━━━━━
[root@localhost rlsys-terminal-main]# echo -e "${GREEN}${BOLD}
 🛡️ SPRINT 052 CONCLUÍDA: DEFESAS REAIS ATIVADAS!${NC}"
echo -e "${GREEN}${BOLD}   🛡️ SPRINT 052 CONCLUÍDA: DEFESAS REAI
S ATIVADAS"\n${GREEN}${BOLD}━━━━━━━━━━━━━━━━━━━━━━━━━━━━━━━━━━━━
━━━━━━━━━━━━━━━━━━━━━━━━━${NC}"{NC}"
   🛡️ SPRINT 052 CONCLUÍDA: DEFESAS REAIS ATIVADASn━━━━━━━━━━━━━
━━━━━━━━━━━━━━━━━━━━━━━━━━━━━━━━━━━━━━━━━━━━━━━━{NC}
[root@localhost rlsys-terminal-main]# echo -e "${GREEN}   • Draw
down Limit configurado para máximo de 3 perdas seguidas.${NC}"
   • Drawdown Limit configurado para máximo de 3 perdas seguidas
.
[root@localhost rlsys-terminal-main]# echo -e "${GREEN}   • Puni
ção (Cooldown) persistida em disco automaticamente.${NC}"
   • Punição (Cooldown) persistida em disco automaticamente.
[root@localhost rlsys-terminal-main]# echo -e "${GREEN}   • Arra
nque protegido por Fail-Fast (Anti-Burla).${NC}"
   • Arranque protegido por Fail-Fast (Anti-Burla).
[root@localhost rlsys-terminal-main]# echo -e "${GREEN}${BOLD}━━
━━━━━━━━━━━━━━━━━━━━━━━━━━━━━━━━━━━━━━━━━━━━━━━━━━━━━━━━━━━${NC}
"
━━━━━━━━━━━━━━━━━━━━━━━━━━━━━━━━━━━━━━━━━━━━━━━━━━━━━━━━━━━━━
[root@localhost rlsys-terminal-main]# echo -e "Execute: ${BOLD}n
pm run start:live${NC}"
Execute: npm run start:live
[root@localhost rlsys-terminal-main]# npm run start:live

> rl-sys-core@2.9.0 start:live
> node dist/main.js
RL.SYS CORE — TERMINAL OPERACIONAL ATIVO
[SISTEMA ARMADO] Defesas Financeiras e Persistência Online.

32

─── RODADA: 32 ─────────────────────────────────────
 DECISÃO: SIGNAL | RAZÃO: ALPHA_CONFIRMED
───────────────────────────────────────────────────

10
[RESULTADO ANTERIOR] PnL: -1 Unidades

─── RODADA: 10 ─────────────────────────────────────
 DECISÃO: NO_GO | RAZÃO: SECTOR_NO_EDGE
───────────────────────────────────────────────────

15

─── RODADA: 15 ─────────────────────────────────────
 DECISÃO: NO_GO | RAZÃO: SECTOR_NO_EDGE
───────────────────────────────────────────────────

> 20

─── RODADA: 20 ─────────────────────────────────────
 DECISÃO: NO_GO | RAZÃO: SECTOR_NO_EDGE
───────────────────────────────────────────────────

20

─── RODADA: 20 ─────────────────────────────────────
 DECISÃO: NO_GO | RAZÃO: SECTOR_NO_EDGE
───────────────────────────────────────────────────

15

─── RODADA: 15 ─────────────────────────────────────
 DECISÃO: NO_GO | RAZÃO: SECTOR_NO_EDGE
───────────────────────────────────────────────────

32

─── RODADA: 32 ─────────────────────────────────────
 DECISÃO: SIGNAL | RAZÃO: ALPHA_CONFIRMED
───────────────────────────────────────────────────

10
[RESULTADO ANTERIOR] PnL: -1 Unidades

─── RODADA: 10 ─────────────────────────────────────
 DECISÃO: NO_GO | RAZÃO: SECTOR_NO_EDGE
───────────────────────────────────────────────────

10

─── RODADA: 10 ─────────────────────────────────────
 DECISÃO: NO_GO | RAZÃO: SECTOR_NO_EDGE
───────────────────────────────────────────────────

32

─── RODADA: 32 ─────────────────────────────────────
 DECISÃO: SIGNAL | RAZÃO: ALPHA_CONFIRMED
───────────────────────────────────────────────────

15
[RESULTADO ANTERIOR] PnL: +35 Unidades

─── RODADA: 15 ─────────────────────────────────────
 DECISÃO: NO_GO | RAZÃO: SECTOR_NO_EDGE
───────────────────────────────────────────────────

32

─── RODADA: 32 ─────────────────────────────────────
 DECISÃO: SIGNAL | RAZÃO: ALPHA_CONFIRMED
───────────────────────────────────────────────────

20
[RESULTADO ANTERIOR] PnL: -1 Unidades

─── RODADA: 20 ─────────────────────────────────────
 DECISÃO: NO_GO | RAZÃO: SECTOR_NO_EDGE
───────────────────────────────────────────────────

32

─── RODADA: 32 ─────────────────────────────────────
 DECISÃO: SIGNAL | RAZÃO: ALPHA_CONFIRMED
───────────────────────────────────────────────────

10
[RESULTADO ANTERIOR] PnL: -1 Unidades

─── RODADA: 10 ─────────────────────────────────────
 DECISÃO: NO_GO | RAZÃO: SECTOR_NO_EDGE
───────────────────────────────────────────────────

[root@localhost rlsys-terminal-main]# ./capture-sprint-buffer.sh

Buffer capturado com sucesso:
logs/sprint-buffer-20260517-010831.log

Arquivo enviado para Downloads:
/sdcard/Download/sprint-buffer-20260517-010831.log

Após me enviar o arquivo aqui e eu confirmar a análise, remova c
om:
rm 'logs/sprint-buffer-20260517-010831.log' '/sdcard/Download/sp
rint-buffer-20260517-010831.log'
[root@localhost rlsys-terminal-main]# npm run start:live

> rl-sys-core@2.9.0 start:live
> node dist/main.js
RL.SYS CORE — TERMINAL OPERACIONAL ATIVO
[SISTEMA ARMADO] Defesas Financeiras e Persistência Online.

32

─── RODADA: 32 ─────────────────────────────────────
 DECISÃO: SIGNAL | RAZÃO: ALPHA_CONFIRMED
───────────────────────────────────────────────────

10
[RESULTADO ANTERIOR] PnL: -1 Unidades

─── RODADA: 10 ─────────────────────────────────────
 DECISÃO: NO_GO | RAZÃO: SECTOR_NO_EDGE
───────────────────────────────────────────────────

32

─── RODADA: 32 ─────────────────────────────────────
 DECISÃO: SIGNAL | RAZÃO: ALPHA_CONFIRMED
───────────────────────────────────────────────────

10
[RESULTADO ANTERIOR] PnL: -1 Unidades

─── RODADA: 10 ─────────────────────────────────────
 DECISÃO: NO_GO | RAZÃO: SECTOR_NO_EDGE
───────────────────────────────────────────────────

> 32

─── RODADA: 32 ─────────────────────────────────────
 DECISÃO: SIGNAL | RAZÃO: ALPHA_CONFIRMED
───────────────────────────────────────────────────

10
[RESULTADO ANTERIOR] PnL: -1 Unidades

─── RODADA: 10 ─────────────────────────────────────
 DECISÃO: NO_GO | RAZÃO: OPERATOR_IN_COOLDOWN
───────────────────────────────────────────────────

DEFESA ATIVADA: Operador bloqueado. Fechando terminal.

━━━━━━━━━━━━━━━━━━━━━━━━━━━━━━━━━━━━━━━━━━━━━━━━━━━━━━━━━━━━━
   ❌ ERRO DETECTADO NA LINHA 3696
   A Sprint 052 foi interrompida para proteger a integridade.
━━━━━━━━━━━━━━━━━━━━━━━━━━━━━━━━━━━━━━━━━━━━━━━━━━━━━━━━━━━━━
[root@localhost rlsys-terminal-main]# ./capture-sprint-buffer.sh


