 create mode 100644 node_modules/@google/generative-ai/dist/serv
er/server.d.ts
 create mode 100644 node_modules/@google/generative-ai/dist/serv
er/src/errors.d.ts
 create mode 100644 node_modules/@google/generative-ai/dist/serv
er/src/gen-ai.d.ts
 create mode 100644 node_modules/@google/generative-ai/dist/serv
er/src/index.d.ts
 create mode 100644 node_modules/@google/generative-ai/dist/serv
er/src/methods/chat-session-helpers.d.ts
 create mode 100644 node_modules/@google/generative-ai/dist/serv
er/src/methods/chat-session.d.ts
 create mode 100644 node_modules/@google/generative-ai/dist/serv
er/src/methods/count-tokens.d.ts
 create mode 100644 node_modules/@google/generative-ai/dist/serv
er/src/methods/embed-content.d.ts
 create mode 100644 node_modules/@google/generative-ai/dist/serv
er/src/methods/generate-content.d.ts
 create mode 100644 node_modules/@google/generative-ai/dist/serv
er/src/models/generative-model.d.ts
 create mode 100644 node_modules/@google/generative-ai/dist/serv
er/src/requests/request-helpers.d.ts
 create mode 100644 node_modules/@google/generative-ai/dist/serv
er/src/requests/request.d.ts
 create mode 100644 node_modules/@google/generative-ai/dist/serv
er/src/requests/response-helpers.d.ts
 create mode 100644 node_modules/@google/generative-ai/dist/serv
er/src/requests/stream-reader.d.ts
 create mode 100644 node_modules/@google/generative-ai/dist/serv
er/src/server/cache-manager.d.ts
 create mode 100644 node_modules/@google/generative-ai/dist/serv
er/src/server/constants.d.ts
 create mode 100644 node_modules/@google/generative-ai/dist/serv
er/src/server/file-manager.d.ts
 create mode 100644 node_modules/@google/generative-ai/dist/serv
er/src/server/index.d.ts
 create mode 100644 node_modules/@google/generative-ai/dist/serv
er/src/server/request.d.ts
 create mode 100644 node_modules/@google/generative-ai/dist/serv
er/types/content.d.ts
 create mode 100644 node_modules/@google/generative-ai/dist/serv
er/types/enums.d.ts
 create mode 100644 node_modules/@google/generative-ai/dist/serv
er/types/function-calling.d.ts
 create mode 100644 node_modules/@google/generative-ai/dist/serv
er/types/index.d.ts
 create mode 100644 node_modules/@google/generative-ai/dist/serv
er/types/requests.d.ts
 create mode 100644 node_modules/@google/generative-ai/dist/serv
er/types/responses.d.ts
 create mode 100644 node_modules/@google/generative-ai/dist/serv
er/types/search-grounding.d.ts
 create mode 100644 node_modules/@google/generative-ai/dist/serv
er/types/server/caching.d.ts
 create mode 100644 node_modules/@google/generative-ai/dist/serv
er/types/server/files.d.ts
 create mode 100644 node_modules/@google/generative-ai/dist/serv
er/types/server/index.d.ts
 create mode 100644 node_modules/@google/generative-ai/dist/serv
er/types/server/shared.d.ts
 create mode 100644 node_modules/@google/generative-ai/dist/src/
errors.d.ts
 create mode 100644 node_modules/@google/generative-ai/dist/src/
gen-ai.d.ts
 create mode 100644 node_modules/@google/generative-ai/dist/src/
index.d.ts
 create mode 100644 node_modules/@google/generative-ai/dist/src/
methods/chat-session-helpers.d.ts
 create mode 100644 node_modules/@google/generative-ai/dist/src/
methods/chat-session.d.ts
 create mode 100644 node_modules/@google/generative-ai/dist/src/
methods/count-tokens.d.ts
 create mode 100644 node_modules/@google/generative-ai/dist/src/
methods/embed-content.d.ts
 create mode 100644 node_modules/@google/generative-ai/dist/src/
methods/generate-content.d.ts
 create mode 100644 node_modules/@google/generative-ai/dist/src/
models/generative-model.d.ts
 create mode 100644 node_modules/@google/generative-ai/dist/src/
requests/request-helpers.d.ts
 create mode 100644 node_modules/@google/generative-ai/dist/src/
requests/request.d.ts
 create mode 100644 node_modules/@google/generative-ai/dist/src/
requests/response-helpers.d.ts
 create mode 100644 node_modules/@google/generative-ai/dist/src/
requests/stream-reader.d.ts
 create mode 100644 node_modules/@google/generative-ai/dist/src/
server/cache-manager.d.ts
 create mode 100644 node_modules/@google/generative-ai/dist/src/
server/constants.d.ts
 create mode 100644 node_modules/@google/generative-ai/dist/src/
server/file-manager.d.ts
 create mode 100644 node_modules/@google/generative-ai/dist/src/
server/index.d.ts
 create mode 100644 node_modules/@google/generative-ai/dist/src/
server/request.d.ts
 create mode 100644 node_modules/@google/generative-ai/dist/tsdo
c-metadata.json
 create mode 100644 node_modules/@google/generative-ai/dist/type
s/content.d.ts
 create mode 100644 node_modules/@google/generative-ai/dist/type
s/enums.d.ts
 create mode 100644 node_modules/@google/generative-ai/dist/type
s/function-calling.d.ts
 create mode 100644 node_modules/@google/generative-ai/dist/type
s/index.d.ts
 create mode 100644 node_modules/@google/generative-ai/dist/type
s/requests.d.ts
 create mode 100644 node_modules/@google/generative-ai/dist/type
s/responses.d.ts
 create mode 100644 node_modules/@google/generative-ai/dist/type
s/search-grounding.d.ts
 create mode 100644 node_modules/@google/generative-ai/dist/type
s/server/caching.d.ts
 create mode 100644 node_modules/@google/generative-ai/dist/type
s/server/files.d.ts
 create mode 100644 node_modules/@google/generative-ai/dist/type
s/server/index.d.ts
 create mode 100644 node_modules/@google/generative-ai/dist/type
s/server/shared.d.ts
 create mode 100644 node_modules/@google/generative-ai/package.j
son
 create mode 100644 node_modules/@google/generative-ai/server/pa
ckage.json
 create mode 100644 node_modules/@jridgewell/resolve-uri/LICENSE
 create mode 100644 node_modules/@jridgewell/resolve-uri/README.
md
 create mode 100644 node_modules/@jridgewell/resolve-uri/dist/re
solve-uri.mjs
 create mode 100644 node_modules/@jridgewell/resolve-uri/dist/re
solve-uri.mjs.map
 create mode 100644 node_modules/@jridgewell/resolve-uri/dist/re
solve-uri.umd.js
 create mode 100644 node_modules/@jridgewell/resolve-uri/dist/re
solve-uri.umd.js.map
 create mode 100644 node_modules/@jridgewell/resolve-uri/dist/ty
pes/resolve-uri.d.ts
 create mode 100644 node_modules/@jridgewell/resolve-uri/package
.json
 create mode 100644 node_modules/@jridgewell/sourcemap-codec/LIC
ENSE
 create mode 100644 node_modules/@jridgewell/sourcemap-codec/REA
DME.md
 create mode 100644 node_modules/@jridgewell/sourcemap-codec/dis
t/sourcemap-codec.mjs
 create mode 100644 node_modules/@jridgewell/sourcemap-codec/dis
t/sourcemap-codec.mjs.map
 create mode 100644 node_modules/@jridgewell/sourcemap-codec/dis
t/sourcemap-codec.umd.js
 create mode 100644 node_modules/@jridgewell/sourcemap-codec/dis
t/sourcemap-codec.umd.js.map
 create mode 100644 node_modules/@jridgewell/sourcemap-codec/pac
kage.json
 create mode 100644 node_modules/@jridgewell/sourcemap-codec/src
/scopes.ts
 create mode 100644 node_modules/@jridgewell/sourcemap-codec/src
/sourcemap-codec.ts
 create mode 100644 node_modules/@jridgewell/sourcemap-codec/src
/strings.ts
 create mode 100644 node_modules/@jridgewell/sourcemap-codec/src
/vlq.ts
 create mode 100644 node_modules/@jridgewell/sourcemap-codec/typ
es/scopes.d.cts
 create mode 100644 node_modules/@jridgewell/sourcemap-codec/typ
es/scopes.d.cts.map
 create mode 100644 node_modules/@jridgewell/sourcemap-codec/typ
es/scopes.d.mts
 create mode 100644 node_modules/@jridgewell/sourcemap-codec/typ
es/scopes.d.mts.map
 create mode 100644 node_modules/@jridgewell/sourcemap-codec/typ
es/sourcemap-codec.d.cts
 create mode 100644 node_modules/@jridgewell/sourcemap-codec/typ
es/sourcemap-codec.d.cts.map
 create mode 100644 node_modules/@jridgewell/sourcemap-codec/typ
es/sourcemap-codec.d.mts
 create mode 100644 node_modules/@jridgewell/sourcemap-codec/typ
es/sourcemap-codec.d.mts.map
 create mode 100644 node_modules/@jridgewell/sourcemap-codec/typ
es/strings.d.cts
 create mode 100644 node_modules/@jridgewell/sourcemap-codec/typ
es/strings.d.cts.map
 create mode 100644 node_modules/@jridgewell/sourcemap-codec/typ
es/strings.d.mts
 create mode 100644 node_modules/@jridgewell/sourcemap-codec/typ
es/strings.d.mts.map
 create mode 100644 node_modules/@jridgewell/sourcemap-codec/typ
es/vlq.d.cts
 create mode 100644 node_modules/@jridgewell/sourcemap-codec/typ
es/vlq.d.cts.map
 create mode 100644 node_modules/@jridgewell/sourcemap-codec/typ
es/vlq.d.mts
 create mode 100644 node_modules/@jridgewell/sourcemap-codec/typ
es/vlq.d.mts.map
 create mode 100644 node_modules/@jridgewell/trace-mapping/LICEN
SE
 create mode 100644 node_modules/@jridgewell/trace-mapping/READM
E.md
 create mode 100644 node_modules/@jridgewell/trace-mapping/dist/
trace-mapping.mjs
 create mode 100644 node_modules/@jridgewell/trace-mapping/dist/
trace-mapping.mjs.map
 create mode 100644 node_modules/@jridgewell/trace-mapping/dist/
trace-mapping.umd.js
 create mode 100644 node_modules/@jridgewell/trace-mapping/dist/
trace-mapping.umd.js.map
 create mode 100644 node_modules/@jridgewell/trace-mapping/dist/
types/any-map.d.ts
 create mode 100644 node_modules/@jridgewell/trace-mapping/dist/
types/binary-search.d.ts
 create mode 100644 node_modules/@jridgewell/trace-mapping/dist/
types/by-source.d.ts
 create mode 100644 node_modules/@jridgewell/trace-mapping/dist/
types/resolve.d.ts
 create mode 100644 node_modules/@jridgewell/trace-mapping/dist/
types/sort.d.ts
 create mode 100644 node_modules/@jridgewell/trace-mapping/dist/
types/sourcemap-segment.d.ts
 create mode 100644 node_modules/@jridgewell/trace-mapping/dist/
types/strip-filename.d.ts
 create mode 100644 node_modules/@jridgewell/trace-mapping/dist/
types/trace-mapping.d.ts
 create mode 100644 node_modules/@jridgewell/trace-mapping/dist/
types/types.d.ts
 create mode 100644 node_modules/@jridgewell/trace-mapping/packa
ge.json
 create mode 100644 node_modules/@tsconfig/node10/LICENSE
 create mode 100644 node_modules/@tsconfig/node10/README.md
 create mode 100644 node_modules/@tsconfig/node10/package.json
 create mode 100644 node_modules/@tsconfig/node10/tsconfig.json
 create mode 100644 node_modules/@tsconfig/node12/LICENSE
 create mode 100644 node_modules/@tsconfig/node12/README.md
 create mode 100644 node_modules/@tsconfig/node12/package.json
 create mode 100644 node_modules/@tsconfig/node12/tsconfig.json
 create mode 100644 node_modules/@tsconfig/node14/LICENSE
 create mode 100644 node_modules/@tsconfig/node14/README.md
 create mode 100644 node_modules/@tsconfig/node14/package.json
 create mode 100644 node_modules/@tsconfig/node14/tsconfig.json
 create mode 100644 node_modules/@tsconfig/node16/LICENSE
 create mode 100644 node_modules/@tsconfig/node16/README.md
 create mode 100644 node_modules/@tsconfig/node16/package.json
 create mode 100644 node_modules/@tsconfig/node16/tsconfig.json
 create mode 100644 node_modules/@types/body-parser/LICENSE
 create mode 100644 node_modules/@types/body-parser/README.md
 create mode 100644 node_modules/@types/body-parser/index.d.ts
 create mode 100644 node_modules/@types/body-parser/package.json
 create mode 100644 node_modules/@types/connect/LICENSE
 create mode 100644 node_modules/@types/connect/README.md
 create mode 100644 node_modules/@types/connect/index.d.ts
 create mode 100644 node_modules/@types/connect/package.json
 create mode 100644 node_modules/@types/express-serve-static-cor
e/LICENSE
 create mode 100644 node_modules/@types/express-serve-static-cor
e/README.md
 create mode 100644 node_modules/@types/express-serve-static-cor
e/index.d.ts
 create mode 100644 node_modules/@types/express-serve-static-cor
e/package.json
 create mode 100644 node_modules/@types/express/LICENSE
 create mode 100644 node_modules/@types/express/README.md
 create mode 100644 node_modules/@types/express/index.d.ts
 create mode 100644 node_modules/@types/express/package.json
 create mode 100644 node_modules/@types/http-errors/LICENSE
 create mode 100644 node_modules/@types/http-errors/README.md
 create mode 100644 node_modules/@types/http-errors/index.d.ts
 create mode 100644 node_modules/@types/http-errors/package.json
 create mode 100644 node_modules/@types/mime/LICENSE
 create mode 100644 node_modules/@types/mime/Mime.d.ts
 create mode 100644 node_modules/@types/mime/README.md
 create mode 100644 node_modules/@types/mime/index.d.ts
 create mode 100644 node_modules/@types/mime/lite.d.ts
 create mode 100644 node_modules/@types/mime/package.json
 create mode 100644 node_modules/@types/multer/LICENSE
 create mode 100644 node_modules/@types/multer/README.md
 create mode 100644 node_modules/@types/multer/index.d.ts
 create mode 100644 node_modules/@types/multer/package.json
 create mode 100644 node_modules/@types/node/LICENSE
 create mode 100644 node_modules/@types/node/README.md
 create mode 100644 node_modules/@types/node/assert.d.ts
 create mode 100644 node_modules/@types/node/assert/strict.d.ts
 create mode 100644 node_modules/@types/node/async_hooks.d.ts
 create mode 100644 node_modules/@types/node/buffer.buffer.d.ts
 create mode 100644 node_modules/@types/node/buffer.d.ts
 create mode 100644 node_modules/@types/node/child_process.d.ts
 create mode 100644 node_modules/@types/node/cluster.d.ts
 create mode 100644 node_modules/@types/node/compatibility/dispo
sable.d.ts
 create mode 100644 node_modules/@types/node/compatibility/index
.d.ts
 create mode 100644 node_modules/@types/node/compatibility/index
able.d.ts
 create mode 100644 node_modules/@types/node/compatibility/itera
tors.d.ts
 create mode 100644 node_modules/@types/node/console.d.ts
 create mode 100644 node_modules/@types/node/constants.d.ts
 create mode 100644 node_modules/@types/node/crypto.d.ts
 create mode 100644 node_modules/@types/node/dgram.d.ts
 create mode 100644 node_modules/@types/node/diagnostics_channel
.d.ts
 create mode 100644 node_modules/@types/node/dns.d.ts
 create mode 100644 node_modules/@types/node/dns/promises.d.ts
 create mode 100644 node_modules/@types/node/domain.d.ts
 create mode 100644 node_modules/@types/node/events.d.ts
 create mode 100644 node_modules/@types/node/fs.d.ts
 create mode 100644 node_modules/@types/node/fs/promises.d.ts
 create mode 100644 node_modules/@types/node/globals.d.ts
 create mode 100644 node_modules/@types/node/globals.typedarray.
d.ts
 create mode 100644 node_modules/@types/node/http.d.ts
 create mode 100644 node_modules/@types/node/http2.d.ts
 create mode 100644 node_modules/@types/node/https.d.ts
 create mode 100644 node_modules/@types/node/index.d.ts
 create mode 100644 node_modules/@types/node/inspector.generated
.d.ts
 create mode 100644 node_modules/@types/node/module.d.ts
 create mode 100644 node_modules/@types/node/net.d.ts
 create mode 100644 node_modules/@types/node/os.d.ts
 create mode 100644 node_modules/@types/node/package.json
 create mode 100644 node_modules/@types/node/path.d.ts
 create mode 100644 node_modules/@types/node/perf_hooks.d.ts
 create mode 100644 node_modules/@types/node/process.d.ts
 create mode 100644 node_modules/@types/node/punycode.d.ts
 create mode 100644 node_modules/@types/node/querystring.d.ts
 create mode 100644 node_modules/@types/node/readline.d.ts
 create mode 100644 node_modules/@types/node/readline/promises.d
.ts
 create mode 100644 node_modules/@types/node/repl.d.ts
 create mode 100644 node_modules/@types/node/sea.d.ts
 create mode 100644 node_modules/@types/node/stream.d.ts
 create mode 100644 node_modules/@types/node/stream/consumers.d.
ts
 create mode 100644 node_modules/@types/node/stream/promises.d.t
s
 create mode 100644 node_modules/@types/node/stream/web.d.ts
 create mode 100644 node_modules/@types/node/string_decoder.d.ts
 create mode 100644 node_modules/@types/node/test.d.ts
 create mode 100644 node_modules/@types/node/timers.d.ts
 create mode 100644 node_modules/@types/node/timers/promises.d.t
s
 create mode 100644 node_modules/@types/node/tls.d.ts
 create mode 100644 node_modules/@types/node/trace_events.d.ts
 create mode 100644 node_modules/@types/node/ts5.6/buffer.buffer
.d.ts
 create mode 100644 node_modules/@types/node/ts5.6/globals.typed
array.d.ts
 create mode 100644 node_modules/@types/node/ts5.6/index.d.ts
 create mode 100644 node_modules/@types/node/tty.d.ts
 create mode 100644 node_modules/@types/node/url.d.ts
 create mode 100644 node_modules/@types/node/util.d.ts
 create mode 100644 node_modules/@types/node/v8.d.ts
 create mode 100644 node_modules/@types/node/vm.d.ts
 create mode 100644 node_modules/@types/node/wasi.d.ts
 create mode 100644 node_modules/@types/node/web-globals/abortco
ntroller.d.ts
 create mode 100644 node_modules/@types/node/web-globals/domexce
ption.d.ts
 create mode 100644 node_modules/@types/node/web-globals/events.
d.ts
 create mode 100644 node_modules/@types/node/web-globals/fetch.d
.ts
 create mode 100644 node_modules/@types/node/worker_threads.d.ts
 create mode 100644 node_modules/@types/node/zlib.d.ts
 create mode 100644 node_modules/@types/qs/LICENSE
 create mode 100644 node_modules/@types/qs/README.md
 create mode 100644 node_modules/@types/qs/index.d.ts
 create mode 100644 node_modules/@types/qs/package.json
 create mode 100644 node_modules/@types/range-parser/LICENSE
 create mode 100644 node_modules/@types/range-parser/README.md
 create mode 100644 node_modules/@types/range-parser/index.d.ts
 create mode 100644 node_modules/@types/range-parser/package.jso
n
 create mode 100644 node_modules/@types/send/LICENSE
 create mode 100644 node_modules/@types/send/README.md
 create mode 100644 node_modules/@types/send/index.d.ts
 create mode 100644 node_modules/@types/send/package.json
 create mode 100644 node_modules/@types/serve-static/LICENSE
 create mode 100644 node_modules/@types/serve-static/README.md
 create mode 100644 node_modules/@types/serve-static/index.d.ts
 create mode 100644 node_modules/@types/serve-static/node_module
s/@types/send/LICENSE
 create mode 100644 node_modules/@types/serve-static/node_module
s/@types/send/README.md
 create mode 100644 node_modules/@types/serve-static/node_module
s/@types/send/index.d.ts
 create mode 100644 node_modules/@types/serve-static/node_module
s/@types/send/package.json
 create mode 100644 node_modules/@types/serve-static/package.jso
n
 create mode 100644 node_modules/@types/uuid/LICENSE
 create mode 100644 node_modules/@types/uuid/README.md
 create mode 100644 node_modules/@types/uuid/index.d.mts
 create mode 100644 node_modules/@types/uuid/index.d.ts
 create mode 100644 node_modules/@types/uuid/package.json
 create mode 100644 node_modules/accepts/HISTORY.md
 create mode 100644 node_modules/accepts/LICENSE
 create mode 100644 node_modules/accepts/README.md
 create mode 100644 node_modules/accepts/index.js
 create mode 100644 node_modules/accepts/package.json
 create mode 100644 node_modules/acorn-walk/CHANGELOG.md
 create mode 100644 node_modules/acorn-walk/LICENSE
 create mode 100644 node_modules/acorn-walk/README.md
 create mode 100644 node_modules/acorn-walk/dist/walk.d.mts
 create mode 100644 node_modules/acorn-walk/dist/walk.d.ts
 create mode 100644 node_modules/acorn-walk/dist/walk.js
 create mode 100644 node_modules/acorn-walk/dist/walk.mjs
 create mode 100644 node_modules/acorn-walk/package.json
 create mode 100644 node_modules/acorn/CHANGELOG.md
 create mode 100644 node_modules/acorn/LICENSE
 create mode 100644 node_modules/acorn/README.md
 create mode 100755 node_modules/acorn/bin/acorn
 create mode 100644 node_modules/acorn/dist/acorn.d.mts
 create mode 100644 node_modules/acorn/dist/acorn.d.ts
 create mode 100644 node_modules/acorn/dist/acorn.js
 create mode 100644 node_modules/acorn/dist/acorn.mjs
 create mode 100644 node_modules/acorn/dist/bin.js
 create mode 100644 node_modules/acorn/package.json
 create mode 100644 node_modules/append-field/.npmignore
 create mode 100644 node_modules/append-field/LICENSE
 create mode 100644 node_modules/append-field/README.md
 create mode 100644 node_modules/append-field/index.js
 create mode 100644 node_modules/append-field/lib/parse-path.js
 create mode 100644 node_modules/append-field/lib/set-value.js
 create mode 100644 node_modules/append-field/package.json
 create mode 100644 node_modules/append-field/test/forms.js
 create mode 100644 node_modules/arg/LICENSE.md
 create mode 100644 node_modules/arg/README.md
 create mode 100644 node_modules/arg/index.d.ts
 create mode 100644 node_modules/arg/index.js
 create mode 100644 node_modules/arg/package.json
 create mode 100644 node_modules/array-flatten/LICENSE
 create mode 100644 node_modules/array-flatten/README.md
 create mode 100644 node_modules/array-flatten/array-flatten.js
 create mode 100644 node_modules/array-flatten/package.json
 create mode 100644 node_modules/body-parser/HISTORY.md
 create mode 100644 node_modules/body-parser/LICENSE
 create mode 100644 node_modules/body-parser/README.md
 create mode 100644 node_modules/body-parser/index.js
 create mode 100644 node_modules/body-parser/lib/read.js
 create mode 100644 node_modules/body-parser/lib/types/json.js
 create mode 100644 node_modules/body-parser/lib/types/raw.js
 create mode 100644 node_modules/body-parser/lib/types/text.js
 create mode 100644 node_modules/body-parser/lib/types/urlencode
d.js
 create mode 100644 node_modules/body-parser/node_modules/qs/.ed
itorconfig
 create mode 100644 node_modules/body-parser/node_modules/qs/.gi
thub/FUNDING.yml
 create mode 100644 node_modules/body-parser/node_modules/qs/.gi
thub/SECURITY.md
 create mode 100644 node_modules/body-parser/node_modules/qs/.gi
thub/THREAT_MODEL.md
 create mode 100644 node_modules/body-parser/node_modules/qs/.ny
crc
 create mode 100644 node_modules/body-parser/node_modules/qs/CHA
NGELOG.md
 create mode 100644 node_modules/body-parser/node_modules/qs/LIC
ENSE.md
 create mode 100644 node_modules/body-parser/node_modules/qs/REA
DME.md
 create mode 100644 node_modules/body-parser/node_modules/qs/dis
t/qs.js
 create mode 100644 node_modules/body-parser/node_modules/qs/esl
int.config.mjs
 create mode 100644 node_modules/body-parser/node_modules/qs/lib
/formats.js
 create mode 100644 node_modules/body-parser/node_modules/qs/lib
/index.js
 create mode 100644 node_modules/body-parser/node_modules/qs/lib
/parse.js
 create mode 100644 node_modules/body-parser/node_modules/qs/lib
/stringify.js
 create mode 100644 node_modules/body-parser/node_modules/qs/lib
/utils.js
 create mode 100644 node_modules/body-parser/node_modules/qs/pac
kage.json
 create mode 100644 node_modules/body-parser/node_modules/qs/tes
t/empty-keys-cases.js
 create mode 100644 node_modules/body-parser/node_modules/qs/tes
t/parse.js
 create mode 100644 node_modules/body-parser/node_modules/qs/tes
t/stringify.js
 create mode 100644 node_modules/body-parser/node_modules/qs/tes
t/utils.js
 create mode 100644 node_modules/body-parser/package.json
 create mode 100644 node_modules/buffer-from/LICENSE
 create mode 100644 node_modules/buffer-from/index.js
 create mode 100644 node_modules/buffer-from/package.json
 create mode 100644 node_modules/buffer-from/readme.md
 create mode 100644 node_modules/busboy/.eslintrc.js
 create mode 100644 node_modules/busboy/.github/workflows/ci.yml
 create mode 100644 node_modules/busboy/.github/workflows/lint.y
ml
 create mode 100644 node_modules/busboy/LICENSE
 create mode 100644 node_modules/busboy/README.md
 create mode 100644 node_modules/busboy/bench/bench-multipart-fi
elds-100mb-big.js
 create mode 100644 node_modules/busboy/bench/bench-multipart-fi
elds-100mb-small.js
 create mode 100644 node_modules/busboy/bench/bench-multipart-fi
les-100mb-big.js
 create mode 100644 node_modules/busboy/bench/bench-multipart-fi
les-100mb-small.js
 create mode 100644 node_modules/busboy/bench/bench-urlencoded-f
ields-100pairs-small.js
 create mode 100644 node_modules/busboy/bench/bench-urlencoded-f
ields-900pairs-small-alt.js
 create mode 100644 node_modules/busboy/lib/index.js
 create mode 100644 node_modules/busboy/lib/types/multipart.js
 create mode 100644 node_modules/busboy/lib/types/urlencoded.js
 create mode 100644 node_modules/busboy/lib/utils.js
 create mode 100644 node_modules/busboy/package.json
 create mode 100644 node_modules/busboy/test/common.js
 create mode 100644 node_modules/busboy/test/test-types-multipar
t-charsets.js
 create mode 100644 node_modules/busboy/test/test-types-multipar
t-stream-pause.js
 create mode 100644 node_modules/busboy/test/test-types-multipar
t.js
 create mode 100644 node_modules/busboy/test/test-types-urlencod
ed.js
 create mode 100644 node_modules/busboy/test/test.js
 create mode 100644 node_modules/bytes/History.md
 create mode 100644 node_modules/bytes/LICENSE
 create mode 100644 node_modules/bytes/Readme.md
 create mode 100644 node_modules/bytes/index.js
 create mode 100644 node_modules/bytes/package.json
 create mode 100644 node_modules/call-bind-apply-helpers/.eslint
rc
 create mode 100644 node_modules/call-bind-apply-helpers/.github
/FUNDING.yml
 create mode 100644 node_modules/call-bind-apply-helpers/.nycrc
 create mode 100644 node_modules/call-bind-apply-helpers/CHANGEL
OG.md
 create mode 100644 node_modules/call-bind-apply-helpers/LICENSE
 create mode 100644 node_modules/call-bind-apply-helpers/README.
md
 create mode 100644 node_modules/call-bind-apply-helpers/actualA
pply.d.ts
 create mode 100644 node_modules/call-bind-apply-helpers/actualA
pply.js
 create mode 100644 node_modules/call-bind-apply-helpers/applyBi
nd.d.ts
 create mode 100644 node_modules/call-bind-apply-helpers/applyBi
nd.js
 create mode 100644 node_modules/call-bind-apply-helpers/functio
nApply.d.ts
 create mode 100644 node_modules/call-bind-apply-helpers/functio
nApply.js
 create mode 100644 node_modules/call-bind-apply-helpers/functio
nCall.d.ts
 create mode 100644 node_modules/call-bind-apply-helpers/functio
nCall.js
 create mode 100644 node_modules/call-bind-apply-helpers/index.d
.ts
 create mode 100644 node_modules/call-bind-apply-helpers/index.j
s
 create mode 100644 node_modules/call-bind-apply-helpers/package
.json
 create mode 100644 node_modules/call-bind-apply-helpers/reflect
Apply.d.ts
 create mode 100644 node_modules/call-bind-apply-helpers/reflect
Apply.js
 create mode 100644 node_modules/call-bind-apply-helpers/test/in
dex.js
 create mode 100644 node_modules/call-bind-apply-helpers/tsconfi
g.json
 create mode 100644 node_modules/call-bound/.eslintrc
 create mode 100644 node_modules/call-bound/.github/FUNDING.yml
 create mode 100644 node_modules/call-bound/.nycrc
 create mode 100644 node_modules/call-bound/CHANGELOG.md
 create mode 100644 node_modules/call-bound/LICENSE
 create mode 100644 node_modules/call-bound/README.md
 create mode 100644 node_modules/call-bound/index.d.ts
 create mode 100644 node_modules/call-bound/index.js
 create mode 100644 node_modules/call-bound/package.json
 create mode 100644 node_modules/call-bound/test/index.js
 create mode 100644 node_modules/call-bound/tsconfig.json
 create mode 100644 node_modules/concat-stream/LICENSE
 create mode 100644 node_modules/concat-stream/index.js
 create mode 100644 node_modules/concat-stream/package.json
 create mode 100644 node_modules/concat-stream/readme.md
 create mode 100644 node_modules/content-disposition/HISTORY.md
 create mode 100644 node_modules/content-disposition/LICENSE
 create mode 100644 node_modules/content-disposition/README.md
 create mode 100644 node_modules/content-disposition/index.js
 create mode 100644 node_modules/content-disposition/package.jso
n
 create mode 100644 node_modules/content-type/HISTORY.md
 create mode 100644 node_modules/content-type/LICENSE
 create mode 100644 node_modules/content-type/README.md
 create mode 100644 node_modules/content-type/index.js
 create mode 100644 node_modules/content-type/package.json
 create mode 100644 node_modules/cookie-signature/History.md
 create mode 100644 node_modules/cookie-signature/Readme.md
 create mode 100644 node_modules/cookie-signature/index.js
 create mode 100644 node_modules/cookie-signature/package.json
 create mode 100644 node_modules/cookie/LICENSE
 create mode 100644 node_modules/cookie/README.md
 create mode 100644 node_modules/cookie/SECURITY.md
 create mode 100644 node_modules/cookie/index.js
 create mode 100644 node_modules/cookie/package.json
 create mode 100644 node_modules/create-require/CHANGELOG.md
 create mode 100644 node_modules/create-require/LICENSE
 create mode 100644 node_modules/create-require/README.md
 create mode 100644 node_modules/create-require/create-require.d
.ts
 create mode 100644 node_modules/create-require/create-require.j
s
 create mode 100644 node_modules/create-require/package.json
 create mode 100644 node_modules/debug/.coveralls.yml
 create mode 100644 node_modules/debug/.eslintrc
 create mode 100644 node_modules/debug/.npmignore
 create mode 100644 node_modules/debug/.travis.yml
 create mode 100644 node_modules/debug/CHANGELOG.md
 create mode 100644 node_modules/debug/LICENSE
 create mode 100644 node_modules/debug/Makefile
 create mode 100644 node_modules/debug/README.md
 create mode 100644 node_modules/debug/component.json
 create mode 100644 node_modules/debug/karma.conf.js
 create mode 100644 node_modules/debug/node.js
 create mode 100644 node_modules/debug/package.json
 create mode 100644 node_modules/debug/src/browser.js
 create mode 100644 node_modules/debug/src/debug.js
 create mode 100644 node_modules/debug/src/index.js
 create mode 100644 node_modules/debug/src/inspector-log.js
 create mode 100644 node_modules/debug/src/node.js
 create mode 100644 node_modules/depd/History.md
 create mode 100644 node_modules/depd/LICENSE
 create mode 100644 node_modules/depd/Readme.md
 create mode 100644 node_modules/depd/index.js
 create mode 100644 node_modules/depd/lib/browser/index.js
 create mode 100644 node_modules/depd/package.json
 create mode 100644 node_modules/destroy/LICENSE
 create mode 100644 node_modules/destroy/README.md
 create mode 100644 node_modules/destroy/index.js
 create mode 100644 node_modules/destroy/package.json
 create mode 100644 node_modules/diff/CONTRIBUTING.md
 create mode 100644 node_modules/diff/LICENSE
 create mode 100644 node_modules/diff/README.md
 create mode 100644 node_modules/diff/dist/diff.js
 create mode 100644 node_modules/diff/dist/diff.min.js
 create mode 100644 node_modules/diff/lib/convert/dmp.js
 create mode 100644 node_modules/diff/lib/convert/xml.js
 create mode 100644 node_modules/diff/lib/diff/array.js
 create mode 100644 node_modules/diff/lib/diff/base.js
 create mode 100644 node_modules/diff/lib/diff/character.js
 create mode 100644 node_modules/diff/lib/diff/css.js
 create mode 100644 node_modules/diff/lib/diff/json.js
 create mode 100644 node_modules/diff/lib/diff/line.js
 create mode 100644 node_modules/diff/lib/diff/sentence.js
 create mode 100644 node_modules/diff/lib/diff/word.js
 create mode 100644 node_modules/diff/lib/index.es6.js
 create mode 100644 node_modules/diff/lib/index.js
 create mode 100644 node_modules/diff/lib/patch/apply.js
 create mode 100644 node_modules/diff/lib/patch/create.js
 create mode 100644 node_modules/diff/lib/patch/merge.js
 create mode 100644 node_modules/diff/lib/patch/parse.js
 create mode 100644 node_modules/diff/lib/util/array.js
 create mode 100644 node_modules/diff/lib/util/distance-iterator
.js
 create mode 100644 node_modules/diff/lib/util/params.js
 create mode 100644 node_modules/diff/package.json
 create mode 100644 node_modules/diff/release-notes.md
 create mode 100644 node_modules/diff/runtime.js
 create mode 100644 node_modules/dotenv/CHANGELOG.md
 create mode 100644 node_modules/dotenv/LICENSE
 create mode 100644 node_modules/dotenv/README-es.md
 create mode 100644 node_modules/dotenv/README.md
 create mode 100644 node_modules/dotenv/SECURITY.md
 create mode 100644 node_modules/dotenv/config.d.ts
 create mode 100644 node_modules/dotenv/config.js
 create mode 100644 node_modules/dotenv/lib/cli-options.js
 create mode 100644 node_modules/dotenv/lib/env-options.js
 create mode 100644 node_modules/dotenv/lib/main.d.ts
 create mode 100644 node_modules/dotenv/lib/main.js
 create mode 100644 node_modules/dotenv/package.json
 create mode 100644 node_modules/dotenv/skills/dotenv/SKILL.md
 create mode 100644 node_modules/dotenv/skills/dotenvx/SKILL.md
 create mode 100644 node_modules/dunder-proto/.eslintrc
 create mode 100644 node_modules/dunder-proto/.github/FUNDING.ym
l
 create mode 100644 node_modules/dunder-proto/.nycrc
 create mode 100644 node_modules/dunder-proto/CHANGELOG.md
 create mode 100644 node_modules/dunder-proto/LICENSE
 create mode 100644 node_modules/dunder-proto/README.md
 create mode 100644 node_modules/dunder-proto/get.d.ts
 create mode 100644 node_modules/dunder-proto/get.js
 create mode 100644 node_modules/dunder-proto/package.json
 create mode 100644 node_modules/dunder-proto/set.d.ts
 create mode 100644 node_modules/dunder-proto/set.js
 create mode 100644 node_modules/dunder-proto/test/get.js
 create mode 100644 node_modules/dunder-proto/test/index.js
 create mode 100644 node_modules/dunder-proto/test/set.js
 create mode 100644 node_modules/dunder-proto/tsconfig.json
 create mode 100644 node_modules/ee-first/LICENSE
 create mode 100644 node_modules/ee-first/README.md
 create mode 100644 node_modules/ee-first/index.js
 create mode 100644 node_modules/ee-first/package.json
 create mode 100644 node_modules/encodeurl/LICENSE
 create mode 100644 node_modules/encodeurl/README.md
 create mode 100644 node_modules/encodeurl/index.js
 create mode 100644 node_modules/encodeurl/package.json
 create mode 100644 node_modules/es-define-property/.eslintrc
 create mode 100644 node_modules/es-define-property/.github/FUND
ING.yml
 create mode 100644 node_modules/es-define-property/.nycrc
 create mode 100644 node_modules/es-define-property/CHANGELOG.md
 create mode 100644 node_modules/es-define-property/LICENSE
 create mode 100644 node_modules/es-define-property/README.md
 create mode 100644 node_modules/es-define-property/index.d.ts
 create mode 100644 node_modules/es-define-property/index.js
 create mode 100644 node_modules/es-define-property/package.json
 create mode 100644 node_modules/es-define-property/test/index.j
s
 create mode 100644 node_modules/es-define-property/tsconfig.jso
n
 create mode 100644 node_modules/es-errors/.eslintrc
 create mode 100644 node_modules/es-errors/.github/FUNDING.yml
 create mode 100644 node_modules/es-errors/CHANGELOG.md
 create mode 100644 node_modules/es-errors/LICENSE
 create mode 100644 node_modules/es-errors/README.md
 create mode 100644 node_modules/es-errors/eval.d.ts
 create mode 100644 node_modules/es-errors/eval.js
 create mode 100644 node_modules/es-errors/index.d.ts
 create mode 100644 node_modules/es-errors/index.js
 create mode 100644 node_modules/es-errors/package.json
 create mode 100644 node_modules/es-errors/range.d.ts
 create mode 100644 node_modules/es-errors/range.js
 create mode 100644 node_modules/es-errors/ref.d.ts
 create mode 100644 node_modules/es-errors/ref.js
 create mode 100644 node_modules/es-errors/syntax.d.ts
 create mode 100644 node_modules/es-errors/syntax.js
 create mode 100644 node_modules/es-errors/test/index.js
 create mode 100644 node_modules/es-errors/tsconfig.json
 create mode 100644 node_modules/es-errors/type.d.ts
 create mode 100644 node_modules/es-errors/type.js
 create mode 100644 node_modules/es-errors/uri.d.ts
 create mode 100644 node_modules/es-errors/uri.js
 create mode 100644 node_modules/es-object-atoms/.eslintrc
 create mode 100644 node_modules/es-object-atoms/.github/FUNDING
.yml
 create mode 100644 node_modules/es-object-atoms/CHANGELOG.md
 create mode 100644 node_modules/es-object-atoms/LICENSE
 create mode 100644 node_modules/es-object-atoms/README.md
 create mode 100644 node_modules/es-object-atoms/RequireObjectCo
ercible.d.ts
 create mode 100644 node_modules/es-object-atoms/RequireObjectCo
ercible.js
 create mode 100644 node_modules/es-object-atoms/ToObject.d.ts
 create mode 100644 node_modules/es-object-atoms/ToObject.js
 create mode 100644 node_modules/es-object-atoms/index.d.ts
 create mode 100644 node_modules/es-object-atoms/index.js
 create mode 100644 node_modules/es-object-atoms/isObject.d.ts
 create mode 100644 node_modules/es-object-atoms/isObject.js
 create mode 100644 node_modules/es-object-atoms/package.json
 create mode 100644 node_modules/es-object-atoms/test/index.js
 create mode 100644 node_modules/es-object-atoms/tsconfig.json
 create mode 100644 node_modules/escape-html/LICENSE
 create mode 100644 node_modules/escape-html/Readme.md
 create mode 100644 node_modules/escape-html/index.js
 create mode 100644 node_modules/escape-html/package.json
 create mode 100644 node_modules/etag/HISTORY.md
 create mode 100644 node_modules/etag/LICENSE
 create mode 100644 node_modules/etag/README.md
 create mode 100644 node_modules/etag/index.js
 create mode 100644 node_modules/etag/package.json
 create mode 100644 node_modules/express/History.md
 create mode 100644 node_modules/express/LICENSE
 create mode 100644 node_modules/express/Readme.md
 create mode 100644 node_modules/express/index.js
 create mode 100644 node_modules/express/lib/application.js
 create mode 100644 node_modules/express/lib/express.js
 create mode 100644 node_modules/express/lib/middleware/init.js
 create mode 100644 node_modules/express/lib/middleware/query.js
 create mode 100644 node_modules/express/lib/request.js
 create mode 100644 node_modules/express/lib/response.js
 create mode 100644 node_modules/express/lib/router/index.js
 create mode 100644 node_modules/express/lib/router/layer.js
 create mode 100644 node_modules/express/lib/router/route.js
 create mode 100644 node_modules/express/lib/utils.js
 create mode 100644 node_modules/express/lib/view.js
 create mode 100644 node_modules/express/package.json
 create mode 100644 node_modules/finalhandler/HISTORY.md
 create mode 100644 node_modules/finalhandler/LICENSE
 create mode 100644 node_modules/finalhandler/README.md
 create mode 100644 node_modules/finalhandler/SECURITY.md
 create mode 100644 node_modules/finalhandler/index.js
 create mode 100644 node_modules/finalhandler/package.json
 create mode 100644 node_modules/forwarded/HISTORY.md
 create mode 100644 node_modules/forwarded/LICENSE
 create mode 100644 node_modules/forwarded/README.md
 create mode 100644 node_modules/forwarded/index.js
 create mode 100644 node_modules/forwarded/package.json
 create mode 100644 node_modules/fresh/HISTORY.md
 create mode 100644 node_modules/fresh/LICENSE
 create mode 100644 node_modules/fresh/README.md
 create mode 100644 node_modules/fresh/index.js
 create mode 100644 node_modules/fresh/package.json
 create mode 100644 node_modules/function-bind/.eslintrc
 create mode 100644 node_modules/function-bind/.github/FUNDING.y
ml
 create mode 100644 node_modules/function-bind/.github/SECURITY.
md
 create mode 100644 node_modules/function-bind/.nycrc
 create mode 100644 node_modules/function-bind/CHANGELOG.md
 create mode 100644 node_modules/function-bind/LICENSE
 create mode 100644 node_modules/function-bind/README.md
 create mode 100644 node_modules/function-bind/implementation.js
 create mode 100644 node_modules/function-bind/index.js
 create mode 100644 node_modules/function-bind/package.json
 create mode 100644 node_modules/function-bind/test/.eslintrc
 create mode 100644 node_modules/function-bind/test/index.js
 create mode 100644 node_modules/get-intrinsic/.eslintrc
 create mode 100644 node_modules/get-intrinsic/.github/FUNDING.y
ml
 create mode 100644 node_modules/get-intrinsic/.nycrc
 create mode 100644 node_modules/get-intrinsic/CHANGELOG.md
 create mode 100644 node_modules/get-intrinsic/LICENSE
 create mode 100644 node_modules/get-intrinsic/README.md
 create mode 100644 node_modules/get-intrinsic/index.js
 create mode 100644 node_modules/get-intrinsic/package.json
 create mode 100644 node_modules/get-intrinsic/test/GetIntrinsic
.js
 create mode 100644 node_modules/get-proto/.eslintrc
 create mode 100644 node_modules/get-proto/.github/FUNDING.yml
 create mode 100644 node_modules/get-proto/.nycrc
 create mode 100644 node_modules/get-proto/CHANGELOG.md
 create mode 100644 node_modules/get-proto/LICENSE
 create mode 100644 node_modules/get-proto/Object.getPrototypeOf
.d.ts
 create mode 100644 node_modules/get-proto/Object.getPrototypeOf
.js
 create mode 100644 node_modules/get-proto/README.md
 create mode 100644 node_modules/get-proto/Reflect.getPrototypeO
f.d.ts
 create mode 100644 node_modules/get-proto/Reflect.getPrototypeO
f.js
 create mode 100644 node_modules/get-proto/index.d.ts
 create mode 100644 node_modules/get-proto/index.js
 create mode 100644 node_modules/get-proto/package.json
 create mode 100644 node_modules/get-proto/test/index.js
 create mode 100644 node_modules/get-proto/tsconfig.json
 create mode 100644 node_modules/gopd/.eslintrc
 create mode 100644 node_modules/gopd/.github/FUNDING.yml
 create mode 100644 node_modules/gopd/CHANGELOG.md
 create mode 100644 node_modules/gopd/LICENSE
 create mode 100644 node_modules/gopd/README.md
 create mode 100644 node_modules/gopd/gOPD.d.ts
 create mode 100644 node_modules/gopd/gOPD.js
 create mode 100644 node_modules/gopd/index.d.ts
 create mode 100644 node_modules/gopd/index.js
 create mode 100644 node_modules/gopd/package.json
 create mode 100644 node_modules/gopd/test/index.js
 create mode 100644 node_modules/gopd/tsconfig.json
 create mode 100644 node_modules/has-symbols/.eslintrc
 create mode 100644 node_modules/has-symbols/.github/FUNDING.yml
 create mode 100644 node_modules/has-symbols/.nycrc
 create mode 100644 node_modules/has-symbols/CHANGELOG.md
 create mode 100644 node_modules/has-symbols/LICENSE
 create mode 100644 node_modules/has-symbols/README.md
 create mode 100644 node_modules/has-symbols/index.d.ts
 create mode 100644 node_modules/has-symbols/index.js
 create mode 100644 node_modules/has-symbols/package.json
 create mode 100644 node_modules/has-symbols/shams.d.ts
 create mode 100644 node_modules/has-symbols/shams.js
 create mode 100644 node_modules/has-symbols/test/index.js
 create mode 100644 node_modules/has-symbols/test/shams/core-js.
js
 create mode 100644 node_modules/has-symbols/test/shams/get-own-
property-symbols.js
 create mode 100644 node_modules/has-symbols/test/tests.js
 create mode 100644 node_modules/has-symbols/tsconfig.json
 create mode 100644 node_modules/hasown/.github/FUNDING.yml
 create mode 100644 node_modules/hasown/.nycrc
 create mode 100644 node_modules/hasown/CHANGELOG.md
 create mode 100644 node_modules/hasown/LICENSE
 create mode 100644 node_modules/hasown/README.md
 create mode 100644 node_modules/hasown/eslint.config.mjs
 create mode 100644 node_modules/hasown/index.d.ts
 create mode 100644 node_modules/hasown/index.js
 create mode 100644 node_modules/hasown/package.json
 create mode 100644 node_modules/hasown/tsconfig.json
 create mode 100644 node_modules/http-errors/HISTORY.md
 create mode 100644 node_modules/http-errors/LICENSE
 create mode 100644 node_modules/http-errors/README.md
 create mode 100644 node_modules/http-errors/index.js
 create mode 100644 node_modules/http-errors/package.json
 create mode 100644 node_modules/iconv-lite/Changelog.md
 create mode 100644 node_modules/iconv-lite/LICENSE
 create mode 100644 node_modules/iconv-lite/README.md
 create mode 100644 node_modules/iconv-lite/encodings/dbcs-codec
.js
 create mode 100644 node_modules/iconv-lite/encodings/dbcs-data.
js
 create mode 100644 node_modules/iconv-lite/encodings/index.js
 create mode 100644 node_modules/iconv-lite/encodings/internal.j
s
 create mode 100644 node_modules/iconv-lite/encodings/sbcs-codec
.js
 create mode 100644 node_modules/iconv-lite/encodings/sbcs-data-
generated.js
 create mode 100644 node_modules/iconv-lite/encodings/sbcs-data.
js
 create mode 100644 node_modules/iconv-lite/encodings/tables/big
5-added.json
 create mode 100644 node_modules/iconv-lite/encodings/tables/cp9
36.json
 create mode 100644 node_modules/iconv-lite/encodings/tables/cp9
49.json
 create mode 100644 node_modules/iconv-lite/encodings/tables/cp9
50.json
 create mode 100644 node_modules/iconv-lite/encodings/tables/euc
jp.json
 create mode 100644 node_modules/iconv-lite/encodings/tables/gb1
8030-ranges.json
 create mode 100644 node_modules/iconv-lite/encodings/tables/gbk
-added.json
 create mode 100644 node_modules/iconv-lite/encodings/tables/shi
ftjis.json
 create mode 100644 node_modules/iconv-lite/encodings/utf16.js
 create mode 100644 node_modules/iconv-lite/encodings/utf7.js
 create mode 100644 node_modules/iconv-lite/lib/bom-handling.js
 create mode 100644 node_modules/iconv-lite/lib/extend-node.js
 create mode 100644 node_modules/iconv-lite/lib/index.d.ts
 create mode 100644 node_modules/iconv-lite/lib/index.js
 create mode 100644 node_modules/iconv-lite/lib/streams.js
 create mode 100644 node_modules/iconv-lite/package.json
 create mode 100644 node_modules/inherits/LICENSE
 create mode 100644 node_modules/inherits/README.md
 create mode 100644 node_modules/inherits/inherits.js
 create mode 100644 node_modules/inherits/inherits_browser.js
 create mode 100644 node_modules/inherits/package.json
 create mode 100644 node_modules/ipaddr.js/LICENSE
 create mode 100644 node_modules/ipaddr.js/README.md
 create mode 100644 node_modules/ipaddr.js/ipaddr.min.js
 create mode 100644 node_modules/ipaddr.js/lib/ipaddr.js
 create mode 100644 node_modules/ipaddr.js/lib/ipaddr.js.d.ts
 create mode 100644 node_modules/ipaddr.js/package.json
 create mode 100644 node_modules/make-error/LICENSE
 create mode 100644 node_modules/make-error/README.md
 create mode 100644 node_modules/make-error/dist/make-error.js
 create mode 100644 node_modules/make-error/index.d.ts
 create mode 100644 node_modules/make-error/index.js
 create mode 100644 node_modules/make-error/package.json
 create mode 100644 node_modules/math-intrinsics/.eslintrc
 create mode 100644 node_modules/math-intrinsics/.github/FUNDING
.yml
 create mode 100644 node_modules/math-intrinsics/CHANGELOG.md
 create mode 100644 node_modules/math-intrinsics/LICENSE
 create mode 100644 node_modules/math-intrinsics/README.md
 create mode 100644 node_modules/math-intrinsics/abs.d.ts
 create mode 100644 node_modules/math-intrinsics/abs.js
 create mode 100644 node_modules/math-intrinsics/constants/maxAr
rayLength.d.ts
 create mode 100644 node_modules/math-intrinsics/constants/maxAr
rayLength.js
 create mode 100644 node_modules/math-intrinsics/constants/maxSa
feInteger.d.ts
 create mode 100644 node_modules/math-intrinsics/constants/maxSa
feInteger.js
 create mode 100644 node_modules/math-intrinsics/constants/maxVa
lue.d.ts
 create mode 100644 node_modules/math-intrinsics/constants/maxVa
lue.js
 create mode 100644 node_modules/math-intrinsics/floor.d.ts
 create mode 100644 node_modules/math-intrinsics/floor.js
 create mode 100644 node_modules/math-intrinsics/isFinite.d.ts
 create mode 100644 node_modules/math-intrinsics/isFinite.js
 create mode 100644 node_modules/math-intrinsics/isInteger.d.ts
 create mode 100644 node_modules/math-intrinsics/isInteger.js
 create mode 100644 node_modules/math-intrinsics/isNaN.d.ts
 create mode 100644 node_modules/math-intrinsics/isNaN.js
 create mode 100644 node_modules/math-intrinsics/isNegativeZero.
d.ts
 create mode 100644 node_modules/math-intrinsics/isNegativeZero.
js
 create mode 100644 node_modules/math-intrinsics/max.d.ts
 create mode 100644 node_modules/math-intrinsics/max.js
 create mode 100644 node_modules/math-intrinsics/min.d.ts
 create mode 100644 node_modules/math-intrinsics/min.js
 create mode 100644 node_modules/math-intrinsics/mod.d.ts
 create mode 100644 node_modules/math-intrinsics/mod.js
 create mode 100644 node_modules/math-intrinsics/package.json
 create mode 100644 node_modules/math-intrinsics/pow.d.ts
 create mode 100644 node_modules/math-intrinsics/pow.js
 create mode 100644 node_modules/math-intrinsics/round.d.ts
 create mode 100644 node_modules/math-intrinsics/round.js
 create mode 100644 node_modules/math-intrinsics/sign.d.ts
 create mode 100644 node_modules/math-intrinsics/sign.js
 create mode 100644 node_modules/math-intrinsics/test/index.js
 create mode 100644 node_modules/math-intrinsics/tsconfig.json
 create mode 100644 node_modules/media-typer/HISTORY.md
 create mode 100644 node_modules/media-typer/LICENSE
 create mode 100644 node_modules/media-typer/README.md
 create mode 100644 node_modules/media-typer/index.js
 create mode 100644 node_modules/media-typer/package.json
 create mode 100644 node_modules/merge-descriptors/HISTORY.md
 create mode 100644 node_modules/merge-descriptors/LICENSE
 create mode 100644 node_modules/merge-descriptors/README.md
 create mode 100644 node_modules/merge-descriptors/index.js
 create mode 100644 node_modules/merge-descriptors/package.json
 create mode 100644 node_modules/methods/HISTORY.md
 create mode 100644 node_modules/methods/LICENSE
 create mode 100644 node_modules/methods/README.md
 create mode 100644 node_modules/methods/index.js
 create mode 100644 node_modules/methods/package.json
 create mode 100644 node_modules/mime-db/HISTORY.md
 create mode 100644 node_modules/mime-db/LICENSE
 create mode 100644 node_modules/mime-db/README.md
 create mode 100644 node_modules/mime-db/db.json
 create mode 100644 node_modules/mime-db/index.js
 create mode 100644 node_modules/mime-db/package.json
 create mode 100644 node_modules/mime-types/HISTORY.md
 create mode 100644 node_modules/mime-types/LICENSE
 create mode 100644 node_modules/mime-types/README.md
 create mode 100644 node_modules/mime-types/index.js
 create mode 100644 node_modules/mime-types/package.json
 create mode 100644 node_modules/mime/.npmignore
 create mode 100644 node_modules/mime/CHANGELOG.md
 create mode 100644 node_modules/mime/LICENSE
 create mode 100644 node_modules/mime/README.md
 create mode 100755 node_modules/mime/cli.js
 create mode 100644 node_modules/mime/mime.js
 create mode 100644 node_modules/mime/package.json
 create mode 100755 node_modules/mime/src/build.js
 create mode 100644 node_modules/mime/src/test.js
 create mode 100644 node_modules/mime/types.json
 create mode 100644 node_modules/ms/index.js
 create mode 100644 node_modules/ms/license.md
 create mode 100644 node_modules/ms/package.json
 create mode 100644 node_modules/ms/readme.md
 create mode 100644 node_modules/multer/LICENSE
 create mode 100644 node_modules/multer/README.md
 create mode 100644 node_modules/multer/index.js
 create mode 100644 node_modules/multer/lib/counter.js
 create mode 100644 node_modules/multer/lib/file-appender.js
 create mode 100644 node_modules/multer/lib/make-middleware.js
 create mode 100644 node_modules/multer/lib/multer-error.js
 create mode 100644 node_modules/multer/lib/remove-uploaded-file
s.js
 create mode 100644 node_modules/multer/package.json
 create mode 100644 node_modules/multer/storage/disk.js
 create mode 100644 node_modules/multer/storage/memory.js
 create mode 100644 node_modules/negotiator/HISTORY.md
 create mode 100644 node_modules/negotiator/LICENSE
 create mode 100644 node_modules/negotiator/README.md
 create mode 100644 node_modules/negotiator/index.js
 create mode 100644 node_modules/negotiator/lib/charset.js
 create mode 100644 node_modules/negotiator/lib/encoding.js
 create mode 100644 node_modules/negotiator/lib/language.js
 create mode 100644 node_modules/negotiator/lib/mediaType.js
 create mode 100644 node_modules/negotiator/package.json
 create mode 100644 node_modules/object-inspect/.eslintrc
 create mode 100644 node_modules/object-inspect/.github/FUNDING.
yml
 create mode 100644 node_modules/object-inspect/.nycrc
 create mode 100644 node_modules/object-inspect/CHANGELOG.md
 create mode 100644 node_modules/object-inspect/LICENSE
 create mode 100644 node_modules/object-inspect/example/all.js
 create mode 100644 node_modules/object-inspect/example/circular
.js
 create mode 100644 node_modules/object-inspect/example/fn.js
 create mode 100644 node_modules/object-inspect/example/inspect.
js
 create mode 100644 node_modules/object-inspect/index.js
 create mode 100644 node_modules/object-inspect/package-support.
json
 create mode 100644 node_modules/object-inspect/package.json
 create mode 100644 node_modules/object-inspect/readme.markdown
 create mode 100644 node_modules/object-inspect/test-core-js.js
 create mode 100644 node_modules/object-inspect/test/bigint.js
 create mode 100644 node_modules/object-inspect/test/browser/dom
.js
 create mode 100644 node_modules/object-inspect/test/circular.js
 create mode 100644 node_modules/object-inspect/test/deep.js
 create mode 100644 node_modules/object-inspect/test/element.js
 create mode 100644 node_modules/object-inspect/test/err.js
 create mode 100644 node_modules/object-inspect/test/fakes.js
 create mode 100644 node_modules/object-inspect/test/fn.js
 create mode 100644 node_modules/object-inspect/test/global.js
 create mode 100644 node_modules/object-inspect/test/has.js
 create mode 100644 node_modules/object-inspect/test/holes.js
 create mode 100644 node_modules/object-inspect/test/indent-opti
on.js
 create mode 100644 node_modules/object-inspect/test/inspect.js
 create mode 100644 node_modules/object-inspect/test/lowbyte.js
 create mode 100644 node_modules/object-inspect/test/number.js
 create mode 100644 node_modules/object-inspect/test/quoteStyle.
js
 create mode 100644 node_modules/object-inspect/test/toStringTag
.js
 create mode 100644 node_modules/object-inspect/test/undef.js
 create mode 100644 node_modules/object-inspect/test/values.js
 create mode 100644 node_modules/object-inspect/util.inspect.js
 create mode 100644 node_modules/on-finished/HISTORY.md
 create mode 100644 node_modules/on-finished/LICENSE
 create mode 100644 node_modules/on-finished/README.md
 create mode 100644 node_modules/on-finished/index.js
 create mode 100644 node_modules/on-finished/package.json
 create mode 100644 node_modules/parseurl/HISTORY.md
 create mode 100644 node_modules/parseurl/LICENSE
 create mode 100644 node_modules/parseurl/README.md
 create mode 100644 node_modules/parseurl/index.js
 create mode 100644 node_modules/parseurl/package.json
 create mode 100644 node_modules/path-to-regexp/LICENSE
 create mode 100644 node_modules/path-to-regexp/Readme.md
 create mode 100644 node_modules/path-to-regexp/index.js
 create mode 100644 node_modules/path-to-regexp/package.json
 create mode 100644 node_modules/proxy-addr/HISTORY.md
 create mode 100644 node_modules/proxy-addr/LICENSE
 create mode 100644 node_modules/proxy-addr/README.md
 create mode 100644 node_modules/proxy-addr/index.js
 create mode 100644 node_modules/proxy-addr/package.json
 create mode 100644 node_modules/qs/.editorconfig
 create mode 100644 node_modules/qs/.github/FUNDING.yml
 create mode 100644 node_modules/qs/.github/SECURITY.md
 create mode 100644 node_modules/qs/.github/THREAT_MODEL.md
 create mode 100644 node_modules/qs/.nycrc
 create mode 100644 node_modules/qs/CHANGELOG.md
 create mode 100644 node_modules/qs/LICENSE.md
 create mode 100644 node_modules/qs/README.md
 create mode 100644 node_modules/qs/dist/qs.js
 create mode 100644 node_modules/qs/eslint.config.mjs
 create mode 100644 node_modules/qs/lib/formats.js
 create mode 100644 node_modules/qs/lib/index.js
 create mode 100644 node_modules/qs/lib/parse.js
 create mode 100644 node_modules/qs/lib/stringify.js
 create mode 100644 node_modules/qs/lib/utils.js
 create mode 100644 node_modules/qs/package.json
 create mode 100644 node_modules/qs/test/empty-keys-cases.js
 create mode 100644 node_modules/qs/test/parse.js
 create mode 100644 node_modules/qs/test/stringify.js
 create mode 100644 node_modules/qs/test/utils.js
 create mode 100644 node_modules/range-parser/HISTORY.md
 create mode 100644 node_modules/range-parser/LICENSE
 create mode 100644 node_modules/range-parser/README.md
 create mode 100644 node_modules/range-parser/index.js
 create mode 100644 node_modules/range-parser/package.json
 create mode 100644 node_modules/raw-body/LICENSE
 create mode 100644 node_modules/raw-body/README.md
 create mode 100644 node_modules/raw-body/index.d.ts
 create mode 100644 node_modules/raw-body/index.js
 create mode 100644 node_modules/raw-body/package.json
 create mode 100644 node_modules/readable-stream/CONTRIBUTING.md
 create mode 100644 node_modules/readable-stream/GOVERNANCE.md
 create mode 100644 node_modules/readable-stream/LICENSE
 create mode 100644 node_modules/readable-stream/README.md
 create mode 100644 node_modules/readable-stream/errors-browser.
js
 create mode 100644 node_modules/readable-stream/errors.js
 create mode 100644 node_modules/readable-stream/experimentalWar
ning.js
 create mode 100644 node_modules/readable-stream/lib/_stream_dup
lex.js
 create mode 100644 node_modules/readable-stream/lib/_stream_pas
sthrough.js
 create mode 100644 node_modules/readable-stream/lib/_stream_rea
dable.js
 create mode 100644 node_modules/readable-stream/lib/_stream_tra
nsform.js
 create mode 100644 node_modules/readable-stream/lib/_stream_wri
table.js
 create mode 100644 node_modules/readable-stream/lib/internal/st
reams/async_iterator.js
 create mode 100644 node_modules/readable-stream/lib/internal/st
reams/buffer_list.js
 create mode 100644 node_modules/readable-stream/lib/internal/st
reams/destroy.js
 create mode 100644 node_modules/readable-stream/lib/internal/st
reams/end-of-stream.js
 create mode 100644 node_modules/readable-stream/lib/internal/st
reams/from-browser.js
 create mode 100644 node_modules/readable-stream/lib/internal/st
reams/from.js
 create mode 100644 node_modules/readable-stream/lib/internal/st
reams/pipeline.js
 create mode 100644 node_modules/readable-stream/lib/internal/st
reams/state.js
 create mode 100644 node_modules/readable-stream/lib/internal/st
reams/stream-browser.js
 create mode 100644 node_modules/readable-stream/lib/internal/st
reams/stream.js
 create mode 100644 node_modules/readable-stream/package.json
 create mode 100644 node_modules/readable-stream/readable-browse
r.js
 create mode 100644 node_modules/readable-stream/readable.js
 create mode 100644 node_modules/safe-buffer/LICENSE
 create mode 100644 node_modules/safe-buffer/README.md
 create mode 100644 node_modules/safe-buffer/index.d.ts
 create mode 100644 node_modules/safe-buffer/index.js
 create mode 100644 node_modules/safe-buffer/package.json
 create mode 100644 node_modules/safer-buffer/LICENSE
 create mode 100644 node_modules/safer-buffer/Porting-Buffer.md
 create mode 100644 node_modules/safer-buffer/Readme.md
 create mode 100644 node_modules/safer-buffer/dangerous.js
 create mode 100644 node_modules/safer-buffer/package.json
 create mode 100644 node_modules/safer-buffer/safer.js
 create mode 100644 node_modules/safer-buffer/tests.js
 create mode 100644 node_modules/send/HISTORY.md
 create mode 100644 node_modules/send/LICENSE
 create mode 100644 node_modules/send/README.md
 create mode 100644 node_modules/send/SECURITY.md
 create mode 100644 node_modules/send/index.js
 create mode 100644 node_modules/send/node_modules/ms/index.js
 create mode 100644 node_modules/send/node_modules/ms/license.md
 create mode 100644 node_modules/send/node_modules/ms/package.js
on
 create mode 100644 node_modules/send/node_modules/ms/readme.md
 create mode 100644 node_modules/send/package.json
 create mode 100644 node_modules/serve-static/HISTORY.md
 create mode 100644 node_modules/serve-static/LICENSE
 create mode 100644 node_modules/serve-static/README.md
 create mode 100644 node_modules/serve-static/index.js
 create mode 100644 node_modules/serve-static/package.json
 create mode 100644 node_modules/setprototypeof/LICENSE
 create mode 100644 node_modules/setprototypeof/README.md
 create mode 100644 node_modules/setprototypeof/index.d.ts
 create mode 100644 node_modules/setprototypeof/index.js
 create mode 100644 node_modules/setprototypeof/package.json
 create mode 100644 node_modules/setprototypeof/test/index.js
 create mode 100644 node_modules/side-channel-list/.editorconfig
 create mode 100644 node_modules/side-channel-list/.eslintrc
 create mode 100644 node_modules/side-channel-list/.github/FUNDI
NG.yml
 create mode 100644 node_modules/side-channel-list/.nycrc
 create mode 100644 node_modules/side-channel-list/CHANGELOG.md
 create mode 100644 node_modules/side-channel-list/LICENSE
 create mode 100644 node_modules/side-channel-list/README.md
 create mode 100644 node_modules/side-channel-list/index.d.ts
 create mode 100644 node_modules/side-channel-list/index.js
 create mode 100644 node_modules/side-channel-list/list.d.ts
 create mode 100644 node_modules/side-channel-list/package.json
 create mode 100644 node_modules/side-channel-list/test/index.js
 create mode 100644 node_modules/side-channel-list/tsconfig.json
 create mode 100644 node_modules/side-channel-map/.editorconfig
 create mode 100644 node_modules/side-channel-map/.eslintrc
 create mode 100644 node_modules/side-channel-map/.github/FUNDIN
G.yml
 create mode 100644 node_modules/side-channel-map/.nycrc
 create mode 100644 node_modules/side-channel-map/CHANGELOG.md
 create mode 100644 node_modules/side-channel-map/LICENSE
 create mode 100644 node_modules/side-channel-map/README.md
 create mode 100644 node_modules/side-channel-map/index.d.ts
 create mode 100644 node_modules/side-channel-map/index.js
 create mode 100644 node_modules/side-channel-map/package.json
 create mode 100644 node_modules/side-channel-map/test/index.js
 create mode 100644 node_modules/side-channel-map/tsconfig.json
 create mode 100644 node_modules/side-channel-weakmap/.editorcon
fig
 create mode 100644 node_modules/side-channel-weakmap/.eslintrc
 create mode 100644 node_modules/side-channel-weakmap/.github/FU
NDING.yml
 create mode 100644 node_modules/side-channel-weakmap/.nycrc
 create mode 100644 node_modules/side-channel-weakmap/CHANGELOG.
md
 create mode 100644 node_modules/side-channel-weakmap/LICENSE
 create mode 100644 node_modules/side-channel-weakmap/README.md
 create mode 100644 node_modules/side-channel-weakmap/index.d.ts
 create mode 100644 node_modules/side-channel-weakmap/index.js
 create mode 100644 node_modules/side-channel-weakmap/package.js
on
 create mode 100644 node_modules/side-channel-weakmap/test/index
.js
 create mode 100644 node_modules/side-channel-weakmap/tsconfig.j
son
 create mode 100644 node_modules/side-channel/.editorconfig
 create mode 100644 node_modules/side-channel/.eslintrc
 create mode 100644 node_modules/side-channel/.github/FUNDING.ym
l
 create mode 100644 node_modules/side-channel/.nycrc
 create mode 100644 node_modules/side-channel/CHANGELOG.md
 create mode 100644 node_modules/side-channel/LICENSE
 create mode 100644 node_modules/side-channel/README.md
 create mode 100644 node_modules/side-channel/index.d.ts
 create mode 100644 node_modules/side-channel/index.js
 create mode 100644 node_modules/side-channel/package.json
 create mode 100644 node_modules/side-channel/test/index.js
 create mode 100644 node_modules/side-channel/tsconfig.json
 create mode 100644 node_modules/statuses/HISTORY.md
 create mode 100644 node_modules/statuses/LICENSE
 create mode 100644 node_modules/statuses/README.md
 create mode 100644 node_modules/statuses/codes.json
 create mode 100644 node_modules/statuses/index.js
 create mode 100644 node_modules/statuses/package.json
 create mode 100644 node_modules/streamsearch/.eslintrc.js
 create mode 100644 node_modules/streamsearch/.github/workflows/
ci.yml
 create mode 100644 node_modules/streamsearch/.github/workflows/
lint.yml
 create mode 100644 node_modules/streamsearch/LICENSE
 create mode 100644 node_modules/streamsearch/README.md
 create mode 100644 node_modules/streamsearch/lib/sbmh.js
 create mode 100644 node_modules/streamsearch/package.json
 create mode 100644 node_modules/streamsearch/test/test.js
 create mode 100644 node_modules/string_decoder/LICENSE
 create mode 100644 node_modules/string_decoder/README.md
 create mode 100644 node_modules/string_decoder/lib/string_decod
er.js
 create mode 100644 node_modules/string_decoder/package.json
 create mode 100644 node_modules/toidentifier/HISTORY.md
 create mode 100644 node_modules/toidentifier/LICENSE
 create mode 100644 node_modules/toidentifier/README.md
 create mode 100644 node_modules/toidentifier/index.js
 create mode 100644 node_modules/toidentifier/package.json
 create mode 100644 node_modules/ts-node/LICENSE
 create mode 100644 node_modules/ts-node/README.md
 create mode 100644 node_modules/ts-node/child-loader.mjs
 create mode 100644 node_modules/ts-node/dist-raw/NODE-LICENSE.m
d
 create mode 100644 node_modules/ts-node/dist-raw/README.md
 create mode 100644 node_modules/ts-node/dist-raw/node-internal-
constants.js
 create mode 100644 node_modules/ts-node/dist-raw/node-internal-
errors.js
 create mode 100644 node_modules/ts-node/dist-raw/node-internal-
modules-cjs-helpers.js
 create mode 100644 node_modules/ts-node/dist-raw/node-internal-
modules-cjs-loader.js
 create mode 100644 node_modules/ts-node/dist-raw/node-internal-
modules-esm-get_format.js
 create mode 100644 node_modules/ts-node/dist-raw/node-internal-
modules-esm-resolve.js
 create mode 100644 node_modules/ts-node/dist-raw/node-internal-
modules-package_json_reader.js
 create mode 100644 node_modules/ts-node/dist-raw/node-internal-
repl-await.js
 create mode 100644 node_modules/ts-node/dist-raw/node-internalB
inding-fs.js
 create mode 100644 node_modules/ts-node/dist-raw/node-nativemod
ule.js
 create mode 100644 node_modules/ts-node/dist-raw/node-options.j
s
 create mode 100644 node_modules/ts-node/dist-raw/node-primordia
ls.js
 create mode 100644 node_modules/ts-node/dist-raw/runmain-hack.j
s
 create mode 100644 node_modules/ts-node/dist/bin-cwd.d.ts
 create mode 100755 node_modules/ts-node/dist/bin-cwd.js
 create mode 100644 node_modules/ts-node/dist/bin-cwd.js.map
 create mode 100644 node_modules/ts-node/dist/bin-esm.d.ts
 create mode 100755 node_modules/ts-node/dist/bin-esm.js
 create mode 100644 node_modules/ts-node/dist/bin-esm.js.map
 create mode 100644 node_modules/ts-node/dist/bin-script-depreca
ted.d.ts
 create mode 100755 node_modules/ts-node/dist/bin-script-depreca
ted.js
 create mode 100644 node_modules/ts-node/dist/bin-script-depreca
ted.js.map
 create mode 100644 node_modules/ts-node/dist/bin-script.d.ts
 create mode 100755 node_modules/ts-node/dist/bin-script.js
 create mode 100644 node_modules/ts-node/dist/bin-script.js.map
 create mode 100644 node_modules/ts-node/dist/bin-transpile.d.ts
 create mode 100755 node_modules/ts-node/dist/bin-transpile.js
 create mode 100644 node_modules/ts-node/dist/bin-transpile.js.m
ap
 create mode 100644 node_modules/ts-node/dist/bin.d.ts
 create mode 100755 node_modules/ts-node/dist/bin.js
 create mode 100644 node_modules/ts-node/dist/bin.js.map
 create mode 100644 node_modules/ts-node/dist/child/argv-payload
.d.ts
 create mode 100644 node_modules/ts-node/dist/child/argv-payload
.js
 create mode 100644 node_modules/ts-node/dist/child/argv-payload
.js.map
 create mode 100644 node_modules/ts-node/dist/child/child-entryp
oint.d.ts
 create mode 100644 node_modules/ts-node/dist/child/child-entryp
oint.js
 create mode 100644 node_modules/ts-node/dist/child/child-entryp
oint.js.map
 create mode 100644 node_modules/ts-node/dist/child/child-loader
.d.ts
 create mode 100644 node_modules/ts-node/dist/child/child-loader
.js
 create mode 100644 node_modules/ts-node/dist/child/child-loader
.js.map
 create mode 100644 node_modules/ts-node/dist/child/child-requir
e.d.ts
 create mode 100644 node_modules/ts-node/dist/child/child-requir
e.js
 create mode 100644 node_modules/ts-node/dist/child/child-requir
e.js.map
 create mode 100644 node_modules/ts-node/dist/child/spawn-child.
d.ts
 create mode 100644 node_modules/ts-node/dist/child/spawn-child.
js
 create mode 100644 node_modules/ts-node/dist/child/spawn-child.
js.map
 create mode 100644 node_modules/ts-node/dist/cjs-resolve-hooks.
d.ts
 create mode 100644 node_modules/ts-node/dist/cjs-resolve-hooks.
js
 create mode 100644 node_modules/ts-node/dist/cjs-resolve-hooks.
js.map
 create mode 100644 node_modules/ts-node/dist/configuration.d.ts
 create mode 100644 node_modules/ts-node/dist/configuration.js
 create mode 100644 node_modules/ts-node/dist/configuration.js.m
ap
 create mode 100644 node_modules/ts-node/dist/esm.d.ts
 create mode 100644 node_modules/ts-node/dist/esm.js
 create mode 100644 node_modules/ts-node/dist/esm.js.map
 create mode 100644 node_modules/ts-node/dist/file-extensions.d.
ts
 create mode 100644 node_modules/ts-node/dist/file-extensions.js
 create mode 100644 node_modules/ts-node/dist/file-extensions.js
.map
 create mode 100644 node_modules/ts-node/dist/index.d.ts
 create mode 100644 node_modules/ts-node/dist/index.js
 create mode 100644 node_modules/ts-node/dist/index.js.map
 create mode 100644 node_modules/ts-node/dist/module-type-classi
fier.d.ts
 create mode 100644 node_modules/ts-node/dist/module-type-classi
fier.js
 create mode 100644 node_modules/ts-node/dist/module-type-classi
fier.js.map
 create mode 100644 node_modules/ts-node/dist/node-module-type-c
lassifier.d.ts
 create mode 100644 node_modules/ts-node/dist/node-module-type-c
lassifier.js
 create mode 100644 node_modules/ts-node/dist/node-module-type-c
lassifier.js.map
 create mode 100644 node_modules/ts-node/dist/repl.d.ts
 create mode 100644 node_modules/ts-node/dist/repl.js
 create mode 100644 node_modules/ts-node/dist/repl.js.map
 create mode 100644 node_modules/ts-node/dist/resolver-functions
.d.ts
 create mode 100644 node_modules/ts-node/dist/resolver-functions
.js
 create mode 100644 node_modules/ts-node/dist/resolver-functions
.js.map
 create mode 100644 node_modules/ts-node/dist/transpilers/swc.d.
ts
 create mode 100644 node_modules/ts-node/dist/transpilers/swc.js
 create mode 100644 node_modules/ts-node/dist/transpilers/swc.js
.map
 create mode 100644 node_modules/ts-node/dist/transpilers/types.
d.ts
 create mode 100644 node_modules/ts-node/dist/transpilers/types.
js
 create mode 100644 node_modules/ts-node/dist/transpilers/types.
js.map
 create mode 100644 node_modules/ts-node/dist/ts-compiler-types.
d.ts
 create mode 100644 node_modules/ts-node/dist/ts-compiler-types.
js
 create mode 100644 node_modules/ts-node/dist/ts-compiler-types.
js.map
 create mode 100644 node_modules/ts-node/dist/ts-internals.d.ts
 create mode 100644 node_modules/ts-node/dist/ts-internals.js
 create mode 100644 node_modules/ts-node/dist/ts-internals.js.ma
p
 create mode 100644 node_modules/ts-node/dist/ts-transpile-modul
e.d.ts
 create mode 100644 node_modules/ts-node/dist/ts-transpile-modul
e.js
 create mode 100644 node_modules/ts-node/dist/ts-transpile-modul
e.js.map
 create mode 100644 node_modules/ts-node/dist/tsconfig-schema.d.
ts
 create mode 100644 node_modules/ts-node/dist/tsconfig-schema.js
 create mode 100644 node_modules/ts-node/dist/tsconfig-schema.js
.map
 create mode 100644 node_modules/ts-node/dist/tsconfigs.d.ts
 create mode 100644 node_modules/ts-node/dist/tsconfigs.js
 create mode 100644 node_modules/ts-node/dist/tsconfigs.js.map
 create mode 100644 node_modules/ts-node/dist/util.d.ts
 create mode 100644 node_modules/ts-node/dist/util.js
 create mode 100644 node_modules/ts-node/dist/util.js.map
 create mode 100644 node_modules/ts-node/esm.mjs
 create mode 100644 node_modules/ts-node/esm/transpile-only.mjs
 create mode 100644 node_modules/ts-node/node10/tsconfig.json
 create mode 100644 node_modules/ts-node/node12/tsconfig.json
 create mode 100644 node_modules/ts-node/node14/tsconfig.json
 create mode 100644 node_modules/ts-node/node16/tsconfig.json
 create mode 100644 node_modules/ts-node/package.json
 create mode 100644 node_modules/ts-node/register/files.js
 create mode 100644 node_modules/ts-node/register/index.js
 create mode 100644 node_modules/ts-node/register/transpile-only
.js
 create mode 100644 node_modules/ts-node/register/type-check.js
 create mode 100644 node_modules/ts-node/transpilers/swc-experim
ental.js
 create mode 100644 node_modules/ts-node/transpilers/swc.js
 create mode 100644 node_modules/ts-node/tsconfig.schema.json
 create mode 100644 node_modules/ts-node/tsconfig.schemastore-sc
hema.json
 create mode 100644 node_modules/type-is/HISTORY.md
 create mode 100644 node_modules/type-is/LICENSE
 create mode 100644 node_modules/type-is/README.md
 create mode 100644 node_modules/type-is/index.js
 create mode 100644 node_modules/type-is/package.json
 create mode 100644 node_modules/typedarray/.travis.yml
 create mode 100644 node_modules/typedarray/LICENSE
 create mode 100644 node_modules/typedarray/example/tarray.js
 create mode 100644 node_modules/typedarray/index.js
 create mode 100644 node_modules/typedarray/package.json
 create mode 100644 node_modules/typedarray/readme.markdown
 create mode 100644 node_modules/typedarray/test/server/undef_gl
obals.js
 create mode 100644 node_modules/typedarray/test/tarray.js
 create mode 100644 node_modules/typescript/LICENSE.txt
 create mode 100644 node_modules/typescript/README.md
 create mode 100644 node_modules/typescript/SECURITY.md
 create mode 100644 node_modules/typescript/ThirdPartyNoticeText
.txt
 create mode 100755 node_modules/typescript/bin/tsc
 create mode 100755 node_modules/typescript/bin/tsserver
 create mode 100644 node_modules/typescript/lib/_tsc.js
 create mode 100644 node_modules/typescript/lib/_tsserver.js
 create mode 100644 node_modules/typescript/lib/_typingsInstalle
r.js
 create mode 100644 node_modules/typescript/lib/cs/diagnosticMes
sages.generated.json
 create mode 100644 node_modules/typescript/lib/de/diagnosticMes
sages.generated.json
 create mode 100644 node_modules/typescript/lib/es/diagnosticMes
sages.generated.json
 create mode 100644 node_modules/typescript/lib/fr/diagnosticMes
sages.generated.json
 create mode 100644 node_modules/typescript/lib/it/diagnosticMes
sages.generated.json
 create mode 100644 node_modules/typescript/lib/ja/diagnosticMes
sages.generated.json
 create mode 100644 node_modules/typescript/lib/ko/diagnosticMes
sages.generated.json
 create mode 100644 node_modules/typescript/lib/lib.d.ts
 create mode 100644 node_modules/typescript/lib/lib.decorators.d
.ts
 create mode 100644 node_modules/typescript/lib/lib.decorators.l
egacy.d.ts
 create mode 100644 node_modules/typescript/lib/lib.dom.asyncite
rable.d.ts
 create mode 100644 node_modules/typescript/lib/lib.dom.d.ts
 create mode 100644 node_modules/typescript/lib/lib.dom.iterable
.d.ts
 create mode 100644 node_modules/typescript/lib/lib.es2015.colle
ction.d.ts
 create mode 100644 node_modules/typescript/lib/lib.es2015.core.
d.ts
 create mode 100644 node_modules/typescript/lib/lib.es2015.d.ts
 create mode 100644 node_modules/typescript/lib/lib.es2015.gener
ator.d.ts
 create mode 100644 node_modules/typescript/lib/lib.es2015.itera
ble.d.ts
 create mode 100644 node_modules/typescript/lib/lib.es2015.promi
se.d.ts
 create mode 100644 node_modules/typescript/lib/lib.es2015.proxy
.d.ts
 create mode 100644 node_modules/typescript/lib/lib.es2015.refle
ct.d.ts
 create mode 100644 node_modules/typescript/lib/lib.es2015.symbo
l.d.ts
 create mode 100644 node_modules/typescript/lib/lib.es2015.symbo
l.wellknown.d.ts
 create mode 100644 node_modules/typescript/lib/lib.es2016.array
.include.d.ts
 create mode 100644 node_modules/typescript/lib/lib.es2016.d.ts
 create mode 100644 node_modules/typescript/lib/lib.es2016.full.
d.ts
 create mode 100644 node_modules/typescript/lib/lib.es2016.intl.
d.ts
 create mode 100644 node_modules/typescript/lib/lib.es2017.array
buffer.d.ts
 create mode 100644 node_modules/typescript/lib/lib.es2017.d.ts
 create mode 100644 node_modules/typescript/lib/lib.es2017.date.
d.ts
 create mode 100644 node_modules/typescript/lib/lib.es2017.full.
d.ts
 create mode 100644 node_modules/typescript/lib/lib.es2017.intl.
d.ts
 create mode 100644 node_modules/typescript/lib/lib.es2017.objec
t.d.ts
 create mode 100644 node_modules/typescript/lib/lib.es2017.share
dmemory.d.ts
 create mode 100644 node_modules/typescript/lib/lib.es2017.strin
g.d.ts
 create mode 100644 node_modules/typescript/lib/lib.es2017.typed
arrays.d.ts
 create mode 100644 node_modules/typescript/lib/lib.es2018.async
generator.d.ts
 create mode 100644 node_modules/typescript/lib/lib.es2018.async
iterable.d.ts
 create mode 100644 node_modules/typescript/lib/lib.es2018.d.ts
 create mode 100644 node_modules/typescript/lib/lib.es2018.full.
d.ts
 create mode 100644 node_modules/typescript/lib/lib.es2018.intl.
d.ts
 create mode 100644 node_modules/typescript/lib/lib.es2018.promi
se.d.ts
 create mode 100644 node_modules/typescript/lib/lib.es2018.regex
p.d.ts
 create mode 100644 node_modules/typescript/lib/lib.es2019.array
.d.ts
 create mode 100644 node_modules/typescript/lib/lib.es2019.d.ts
 create mode 100644 node_modules/typescript/lib/lib.es2019.full.
d.ts
 create mode 100644 node_modules/typescript/lib/lib.es2019.intl.
d.ts
 create mode 100644 node_modules/typescript/lib/lib.es2019.objec
t.d.ts
 create mode 100644 node_modules/typescript/lib/lib.es2019.strin
g.d.ts
 create mode 100644 node_modules/typescript/lib/lib.es2019.symbo
l.d.ts
 create mode 100644 node_modules/typescript/lib/lib.es2020.bigin
t.d.ts
 create mode 100644 node_modules/typescript/lib/lib.es2020.d.ts
 create mode 100644 node_modules/typescript/lib/lib.es2020.date.
d.ts
 create mode 100644 node_modules/typescript/lib/lib.es2020.full.
d.ts
 create mode 100644 node_modules/typescript/lib/lib.es2020.intl.
d.ts
 create mode 100644 node_modules/typescript/lib/lib.es2020.numbe
r.d.ts
 create mode 100644 node_modules/typescript/lib/lib.es2020.promi
se.d.ts
 create mode 100644 node_modules/typescript/lib/lib.es2020.share
dmemory.d.ts
 create mode 100644 node_modules/typescript/lib/lib.es2020.strin
g.d.ts
 create mode 100644 node_modules/typescript/lib/lib.es2020.symbo
l.wellknown.d.ts
 create mode 100644 node_modules/typescript/lib/lib.es2021.d.ts
 create mode 100644 node_modules/typescript/lib/lib.es2021.full.
d.ts
 create mode 100644 node_modules/typescript/lib/lib.es2021.intl.
d.ts
 create mode 100644 node_modules/typescript/lib/lib.es2021.promi
se.d.ts
 create mode 100644 node_modules/typescript/lib/lib.es2021.strin
g.d.ts
 create mode 100644 node_modules/typescript/lib/lib.es2021.weakr
ef.d.ts
 create mode 100644 node_modules/typescript/lib/lib.es2022.array
.d.ts
 create mode 100644 node_modules/typescript/lib/lib.es2022.d.ts
 create mode 100644 node_modules/typescript/lib/lib.es2022.error
.d.ts
 create mode 100644 node_modules/typescript/lib/lib.es2022.full.
d.ts
 create mode 100644 node_modules/typescript/lib/lib.es2022.intl.
d.ts
 create mode 100644 node_modules/typescript/lib/lib.es2022.objec
t.d.ts
 create mode 100644 node_modules/typescript/lib/lib.es2022.regex
p.d.ts
 create mode 100644 node_modules/typescript/lib/lib.es2022.strin
g.d.ts
 create mode 100644 node_modules/typescript/lib/lib.es2023.array
.d.ts
 create mode 100644 node_modules/typescript/lib/lib.es2023.colle
ction.d.ts
 create mode 100644 node_modules/typescript/lib/lib.es2023.d.ts
 create mode 100644 node_modules/typescript/lib/lib.es2023.full.
d.ts
 create mode 100644 node_modules/typescript/lib/lib.es2023.intl.
d.ts
 create mode 100644 node_modules/typescript/lib/lib.es2024.array
buffer.d.ts
 create mode 100644 node_modules/typescript/lib/lib.es2024.colle
ction.d.ts
 create mode 100644 node_modules/typescript/lib/lib.es2024.d.ts
 create mode 100644 node_modules/typescript/lib/lib.es2024.full.
d.ts
 create mode 100644 node_modules/typescript/lib/lib.es2024.objec
t.d.ts
 create mode 100644 node_modules/typescript/lib/lib.es2024.promi
se.d.ts
 create mode 100644 node_modules/typescript/lib/lib.es2024.regex
p.d.ts
 create mode 100644 node_modules/typescript/lib/lib.es2024.share
dmemory.d.ts
 create mode 100644 node_modules/typescript/lib/lib.es2024.strin
g.d.ts
 create mode 100644 node_modules/typescript/lib/lib.es5.d.ts
 create mode 100644 node_modules/typescript/lib/lib.es6.d.ts
 create mode 100644 node_modules/typescript/lib/lib.esnext.array
.d.ts
 create mode 100644 node_modules/typescript/lib/lib.esnext.colle
ction.d.ts
 create mode 100644 node_modules/typescript/lib/lib.esnext.d.ts
 create mode 100644 node_modules/typescript/lib/lib.esnext.decor
ators.d.ts
 create mode 100644 node_modules/typescript/lib/lib.esnext.dispo
sable.d.ts
 create mode 100644 node_modules/typescript/lib/lib.esnext.error
.d.ts
 create mode 100644 node_modules/typescript/lib/lib.esnext.float
16.d.ts
 create mode 100644 node_modules/typescript/lib/lib.esnext.full.
d.ts
 create mode 100644 node_modules/typescript/lib/lib.esnext.intl.
d.ts
 create mode 100644 node_modules/typescript/lib/lib.esnext.itera
tor.d.ts
 create mode 100644 node_modules/typescript/lib/lib.esnext.promi
se.d.ts
 create mode 100644 node_modules/typescript/lib/lib.esnext.share
dmemory.d.ts
 create mode 100644 node_modules/typescript/lib/lib.scripthost.d
.ts
 create mode 100644 node_modules/typescript/lib/lib.webworker.as
ynciterable.d.ts
 create mode 100644 node_modules/typescript/lib/lib.webworker.d.
ts
 create mode 100644 node_modules/typescript/lib/lib.webworker.im
portscripts.d.ts
 create mode 100644 node_modules/typescript/lib/lib.webworker.it
erable.d.ts
 create mode 100644 node_modules/typescript/lib/pl/diagnosticMes
sages.generated.json
 create mode 100644 node_modules/typescript/lib/pt-br/diagnostic
Messages.generated.json
 create mode 100644 node_modules/typescript/lib/ru/diagnosticMes
sages.generated.json
 create mode 100644 node_modules/typescript/lib/tr/diagnosticMes
sages.generated.json
 create mode 100644 node_modules/typescript/lib/tsc.js
 create mode 100644 node_modules/typescript/lib/tsserver.js
 create mode 100644 node_modules/typescript/lib/tsserverlibrary.
d.ts
 create mode 100644 node_modules/typescript/lib/tsserverlibrary.
js
 create mode 100644 node_modules/typescript/lib/typesMap.json
 create mode 100644 node_modules/typescript/lib/typescript.d.ts
 create mode 100644 node_modules/typescript/lib/typescript.js
 create mode 100644 node_modules/typescript/lib/typingsInstaller
.js
 create mode 100644 node_modules/typescript/lib/watchGuard.js
 create mode 100644 node_modules/typescript/lib/zh-cn/diagnostic
Messages.generated.json
 create mode 100644 node_modules/typescript/lib/zh-tw/diagnostic
Messages.generated.json
 create mode 100644 node_modules/typescript/package.json
 create mode 100644 node_modules/undici-types/LICENSE
 create mode 100644 node_modules/undici-types/README.md
 create mode 100644 node_modules/undici-types/agent.d.ts
 create mode 100644 node_modules/undici-types/api.d.ts
 create mode 100644 node_modules/undici-types/balanced-pool.d.ts
 create mode 100644 node_modules/undici-types/cache.d.ts
 create mode 100644 node_modules/undici-types/client.d.ts
 create mode 100644 node_modules/undici-types/connector.d.ts
 create mode 100644 node_modules/undici-types/content-type.d.ts
 create mode 100644 node_modules/undici-types/cookies.d.ts
 create mode 100644 node_modules/undici-types/diagnostics-channe
l.d.ts
 create mode 100644 node_modules/undici-types/dispatcher.d.ts
 create mode 100644 node_modules/undici-types/env-http-proxy-age
nt.d.ts
 create mode 100644 node_modules/undici-types/errors.d.ts
 create mode 100644 node_modules/undici-types/eventsource.d.ts
 create mode 100644 node_modules/undici-types/fetch.d.ts
 create mode 100644 node_modules/undici-types/file.d.ts
 create mode 100644 node_modules/undici-types/filereader.d.ts
 create mode 100644 node_modules/undici-types/formdata.d.ts
 create mode 100644 node_modules/undici-types/global-dispatcher.
d.ts
 create mode 100644 node_modules/undici-types/global-origin.d.ts
 create mode 100644 node_modules/undici-types/handlers.d.ts
 create mode 100644 node_modules/undici-types/header.d.ts
 create mode 100644 node_modules/undici-types/index.d.ts
 create mode 100644 node_modules/undici-types/interceptors.d.ts
 create mode 100644 node_modules/undici-types/mock-agent.d.ts
 create mode 100644 node_modules/undici-types/mock-client.d.ts
 create mode 100644 node_modules/undici-types/mock-errors.d.ts
 create mode 100644 node_modules/undici-types/mock-interceptor.d
.ts
 create mode 100644 node_modules/undici-types/mock-pool.d.ts
 create mode 100644 node_modules/undici-types/package.json
 create mode 100644 node_modules/undici-types/patch.d.ts
 create mode 100644 node_modules/undici-types/pool-stats.d.ts
 create mode 100644 node_modules/undici-types/pool.d.ts
 create mode 100644 node_modules/undici-types/proxy-agent.d.ts
 create mode 100644 node_modules/undici-types/readable.d.ts
 create mode 100644 node_modules/undici-types/retry-agent.d.ts
 create mode 100644 node_modules/undici-types/retry-handler.d.ts
 create mode 100644 node_modules/undici-types/util.d.ts
 create mode 100644 node_modules/undici-types/webidl.d.ts
 create mode 100644 node_modules/undici-types/websocket.d.ts
 create mode 100644 node_modules/unpipe/HISTORY.md
 create mode 100644 node_modules/unpipe/LICENSE
 create mode 100644 node_modules/unpipe/README.md
 create mode 100644 node_modules/unpipe/index.js
 create mode 100644 node_modules/unpipe/package.json
 create mode 100644 node_modules/util-deprecate/History.md
 create mode 100644 node_modules/util-deprecate/LICENSE
 create mode 100644 node_modules/util-deprecate/README.md
 create mode 100644 node_modules/util-deprecate/browser.js
 create mode 100644 node_modules/util-deprecate/node.js
 create mode 100644 node_modules/util-deprecate/package.json
 create mode 100644 node_modules/utils-merge/.npmignore
 create mode 100644 node_modules/utils-merge/LICENSE
 create mode 100644 node_modules/utils-merge/README.md
 create mode 100644 node_modules/utils-merge/index.js
 create mode 100644 node_modules/utils-merge/package.json
 create mode 100644 node_modules/uuid/LICENSE.md
 create mode 100644 node_modules/uuid/README.md
 create mode 100755 node_modules/uuid/dist-node/bin/uuid
 create mode 100644 node_modules/uuid/dist-node/index.js
 create mode 100644 node_modules/uuid/dist-node/max.js
 create mode 100644 node_modules/uuid/dist-node/md5.js
 create mode 100644 node_modules/uuid/dist-node/nil.js
 create mode 100644 node_modules/uuid/dist-node/parse.js
 create mode 100644 node_modules/uuid/dist-node/regex.js
 create mode 100644 node_modules/uuid/dist-node/rng.js
 create mode 100644 node_modules/uuid/dist-node/sha1.js
 create mode 100644 node_modules/uuid/dist-node/stringify.js
 create mode 100644 node_modules/uuid/dist-node/types.js
 create mode 100644 node_modules/uuid/dist-node/uuid-bin.js
 create mode 100644 node_modules/uuid/dist-node/v1.js
 create mode 100644 node_modules/uuid/dist-node/v1ToV6.js
 create mode 100644 node_modules/uuid/dist-node/v3.js
 create mode 100644 node_modules/uuid/dist-node/v35.js
 create mode 100644 node_modules/uuid/dist-node/v4.js
 create mode 100644 node_modules/uuid/dist-node/v5.js
 create mode 100644 node_modules/uuid/dist-node/v6.js
 create mode 100644 node_modules/uuid/dist-node/v6ToV1.js
 create mode 100644 node_modules/uuid/dist-node/v7.js
 create mode 100644 node_modules/uuid/dist-node/validate.js
 create mode 100644 node_modules/uuid/dist-node/version.js
 create mode 100644 node_modules/uuid/dist/index.d.ts
 create mode 100644 node_modules/uuid/dist/index.js
 create mode 100644 node_modules/uuid/dist/max.d.ts
 create mode 100644 node_modules/uuid/dist/max.js
 create mode 100644 node_modules/uuid/dist/md5.d.ts
 create mode 100644 node_modules/uuid/dist/md5.js
 create mode 100644 node_modules/uuid/dist/nil.d.ts
 create mode 100644 node_modules/uuid/dist/nil.js
 create mode 100644 node_modules/uuid/dist/parse.d.ts
 create mode 100644 node_modules/uuid/dist/parse.js
 create mode 100644 node_modules/uuid/dist/regex.d.ts
 create mode 100644 node_modules/uuid/dist/regex.js
 create mode 100644 node_modules/uuid/dist/rng.d.ts
 create mode 100644 node_modules/uuid/dist/rng.js
 create mode 100644 node_modules/uuid/dist/sha1.d.ts
 create mode 100644 node_modules/uuid/dist/sha1.js
 create mode 100644 node_modules/uuid/dist/stringify.d.ts
 create mode 100644 node_modules/uuid/dist/stringify.js
 create mode 100644 node_modules/uuid/dist/types.d.ts
 create mode 100644 node_modules/uuid/dist/types.js
 create mode 100644 node_modules/uuid/dist/uuid-bin.d.ts
 create mode 100644 node_modules/uuid/dist/uuid-bin.js
 create mode 100644 node_modules/uuid/dist/v1.d.ts
 create mode 100644 node_modules/uuid/dist/v1.js
 create mode 100644 node_modules/uuid/dist/v1ToV6.d.ts
 create mode 100644 node_modules/uuid/dist/v1ToV6.js
 create mode 100644 node_modules/uuid/dist/v3.d.ts
 create mode 100644 node_modules/uuid/dist/v3.js
 create mode 100644 node_modules/uuid/dist/v35.d.ts
 create mode 100644 node_modules/uuid/dist/v35.js
 create mode 100644 node_modules/uuid/dist/v4.d.ts
 create mode 100644 node_modules/uuid/dist/v4.js
 create mode 100644 node_modules/uuid/dist/v5.d.ts
 create mode 100644 node_modules/uuid/dist/v5.js
 create mode 100644 node_modules/uuid/dist/v6.d.ts
 create mode 100644 node_modules/uuid/dist/v6.js
 create mode 100644 node_modules/uuid/dist/v6ToV1.d.ts
 create mode 100644 node_modules/uuid/dist/v6ToV1.js
 create mode 100644 node_modules/uuid/dist/v7.d.ts
 create mode 100644 node_modules/uuid/dist/v7.js
 create mode 100644 node_modules/uuid/dist/validate.d.ts
 create mode 100644 node_modules/uuid/dist/validate.js
 create mode 100644 node_modules/uuid/dist/version.d.ts
 create mode 100644 node_modules/uuid/dist/version.js
 create mode 100644 node_modules/uuid/package.json
 create mode 100644 node_modules/v8-compile-cache-lib/CHANGELOG.
md
 create mode 100644 node_modules/v8-compile-cache-lib/LICENSE
 create mode 100644 node_modules/v8-compile-cache-lib/README.md
 create mode 100644 node_modules/v8-compile-cache-lib/package.js
on
 create mode 100644 node_modules/v8-compile-cache-lib/v8-compile
-cache.d.ts
 create mode 100644 node_modules/v8-compile-cache-lib/v8-compile
-cache.js
 create mode 100644 node_modules/vary/HISTORY.md
 create mode 100644 node_modules/vary/LICENSE
 create mode 100644 node_modules/vary/README.md
 create mode 100644 node_modules/vary/index.js
 create mode 100644 node_modules/vary/package.json
 create mode 100644 node_modules/yn/index.d.ts
 create mode 100644 node_modules/yn/index.js
 create mode 100644 node_modules/yn/lenient.js
 create mode 100644 node_modules/yn/license
 create mode 100644 node_modules/yn/package.json
 create mode 100644 node_modules/yn/readme.md
 create mode 100644 pacote_rlsys_ts.log
 create mode 100644 sprint_031_debug.log
 create mode 100644 sprint_031_final.log
 create mode 100644 sprint_032_drawdown.log
 create mode 100644 sprint_033_freeze.log
 create mode 100644 sprint_034_cooldown.log
 create mode 100644 sprint_035_persistence.log
 create mode 100644 sprint_038_schema.log
 create mode 100644 sprint_039_compiler.log
 create mode 100644 sprint_040_041_loader.log
 create mode 100644 sprint_042_decision_engine.log
 create mode 100644 sprint_045_bias_analyzer_local.log
 create mode 100644 sprint_046_multi_dealer.log
 create mode 100644 sprint_047_orchestrator.log
 create mode 100644 sprint_048_live_coordinator.log
 create mode 100644 sprint_049_system_wiring.log
 create mode 100644 sprint_050_tui_controller.log
 create mode 100644 sprint_052_real_defenses.log
 create mode 100644 sprint_053_position_sizing.log
 create mode 100644 sprint_054_telemetry_logger.log
 create mode 100644 sprint_055_ocr_bridge.log
 create mode 100644 sprint_056_vision_satellite.log
 create mode 100644 sprint_057_physics_signature.log
 create mode 100644 sprint_058_self_learning.log
 create mode 100644 sprint_059_real_vision.log
 create mode 100644 src/infrastructure/ocr/PythonOcrAdapter.ts
 create mode 100644 terminal-buffer.log
[root@localhost rlsys-terminal-main]# git push origin main
Total 0 (delta 0), reused 0 (delta 0), pack-reused 0 (from 0)
To https://github.com/thiagocoder30/rlsys-terminal-main.git
   2166cf5..a52e284  main -> main
[root@localhost rlsys-terminal-main]#
[root@localhost rlsys-terminal-main]# ./capture-sprint-buffer.sh

