[root@localhost rlsys-terminal-main]# #!/bin/bash
[root@localhost rlsys-terminal-main]# set -uo pipefail
PECTED_RUNTIME_ERROR' });
      }
    }

 [root@localhost rlsys-terminal-main]#
[root@localhost rlsys-terminal-main]# # Cores para o alerta visu
al
[root@localhost rlsys-terminal-main]# GREEN='\033[0;32m'
[root@localhost rlsys-terminal-main]# RED='\033[0;31m'
[root@localhost rlsys-terminal-main]# NC='\033[0m'
[root@localhost rlsys-terminal-main]# BOLD='\033[1m'
[root@localhost rlsys-terminal-main]#
[root@localhost rlsys-terminal-main]# LOG_FILE="sprint_047_orche
strator.log"
[root@localhost rlsys-terminal-main]# > "$LOG_FILE"
[root@localhost rlsys-terminal-main]#
[root@localhost rlsys-terminal-main]# log() {
>     echo -e "[$(date +'%H:%M:%S')] $1" | tee -a "$LOG_FILE"
> }
[root@localhost rlsys-terminal-main]#
[root@localhost rlsys-terminal-main]# error_handler() {
>     echo -e "\n${RED}${BOLD}━━━━━━━━━━━━━━━━━━━━━━━━━━━━━━━━━━
━━━━━━━━━━━━━━━━━━━━━━━━━━━${NC}"
>     echo -e "${RED}${BOLD}   ❌ ERRO DETECTADO NA LINHA $1${NC
}"
>     echo -e "${RED}   A Sprint 047 foi interrompida para prote
ger o pipeline.${NC}"
>     echo -e "${RED}${BOLD}━━━━━━━━━━━━━━━━━━━━━━━━━━━━━━━━━━━━
━━━━━━━━━━━━━━━━━━━━━━━━━${NC}"
>     return 1 2>/dev/null || exit 1
> }
[root@localhost rlsys-terminal-main]#
[root@localhost rlsys-terminal-main]# trap 'error_handler $LINEN
O' ERR
or[root@localhost rlsys-terminal-main]#
[root@localhost rlsys-terminal-main]# log "=====================
================================="
[21:30:59] =====================================================
=
[root@localhost rlsys-terminal-main]# log " INICIANDO SPRINT 047
 - KNOWLEDGE ORCHESTRATION PIPELINE "
[21:30:59]  INICIANDO SPRINT 047 - KNOWLEDGE ORCHESTRATION PIPEL
INE
[root@localhost rlsys-terminal-main]# log "=====================
================================="
[21:30:59] =====================================================
=
[root@localhost rlsys-terminal-main]#
8[root@localhost rlsys-terminal-main]# cd "$HOME/rlsys-terminal-
main"
[root@localhost rlsys-terminal-main]#
[root@localhost rlsys-terminal-main]# # 1. Preparação do Git
[root@localhost rlsys-terminal-main]# log "=> Sincronizando repo
sitório..."
[21:30:59] => Sincronizando repositório...
[root@localhost rlsys-terminal-main]# git checkout main
Already on 'main'
Your branch is up to date with 'origin/main'.
[root@localhost rlsys-terminal-main]# git pull origin main
From https://github.com/thiagocoder30/rlsys-terminal-main
 * branch            main       -> FETCH_HEAD
Already up to date.
[root@localhost rlsys-terminal-main]#
[root@localhost rlsys-terminal-main]# log "=> Preparando branch
isolada..."
[21:31:02] => Preparando branch isolada...
[root@localhost rlsys-terminal-main]# git branch -D sprint-047-o
rchestrator 2>/dev/null || true
[root@localhost rlsys-terminal-main]# git checkout -b sprint-047
-orchestrator
Switched to a new branch 'sprint-047-orchestrator'
[root@localhost rlsys-terminal-main]#
[root@localhost rlsys-terminal-main]# log "=> Criando estrutura
de domínios e infraestrutura..."
[21:31:03] => Criando estrutura de domínios e infraestrutura...
[root@localhost rlsys-terminal-main]# mkdir -p src/application/o
rchestration
[root@localhost rlsys-terminal-main]# mkdir -p src/infrastructur
e/storage
[root@localhost rlsys-terminal-main]#
[root@localhost rlsys-terminal-main]# # 2. Escrita: Contratos de
 Armazenamento e Orquestração
[root@localhost rlsys-terminal-main]# cat << 'EOF' > src/applica
tion/orchestration/OrchestrationContracts.ts
> import { KnowledgeSnapshot } from '../../domain/knowledge/Snap
shotSchema';
>
> export interface SnapshotRepository {
>   save(snapshot: KnowledgeSnapshot): void;
> }
>
> export interface OrchestrationResult {
>   readonly dealersProcessed: number;
>   readonly snapshotsGenerated: number;
>   readonly failures: Array<{ dealerId: string; reason: string
}>;
> }
> EOF
[root@localhost rlsys-terminal-main]#
[root@localhost rlsys-terminal-main]# # 3. Escrita: O Orquestrad
or (Facade Pattern)
Dealer: 500 })[root@localhost rlsys-terminal-main]# cat << 'EOF'
 > src/application/orchestration/KnowledgeOrchestrator.ts
> import { MultiDealerAggregator } from '../../domain/research/M
ultiDealerAggregator';
> import { AnalyzerConfig } from '../../domain/research/DealerBi
asAnalyzer';
> import { CompilerConfig } from '../../domain/knowledge/Compile
rContracts';
> import { KnowledgeCompiler } from '../../domain/knowledge/Know
ledgeCompiler';
> import { SnapshotRepository, OrchestrationResult } from './Orc
hestrationContracts';
>
> export class KnowledgeOrchestrator {
>   constructor(
>     private readonly aggregator: MultiDealerAggregator,
>     private readonly analyzerConfig: AnalyzerConfig,
>     private readonly compilerConfig: CompilerConfig,
rId: 'ALICE', wheelSpeed: 'NO>     private readonly repository:
SnapshotRepository
>   ) {}
>
>   /**
>    * Executa o pipeline completo: Extrai -> Analisa -> Compila
 -> Salva.
>    * Complexidade: O(D * N), onde D é a quantidade de dealers
alvos e N o buffer maximo.
>    */
>   public runPipeline(targetDealerIds: string[], currentTimeMs:
 number): OrchestrationResult {
', result: Math.floor(Math.r>     let snapshotsGenerated = 0;
>     const failures: Array<{ dealerId: string; reason: string }
> = [];
>
B>     for (const dealerId of targetDealerIds) {
>       try {
>         // 1. Extração e Análise (Sprint 045 e 046)
>         const rawEdges = this.aggregator.analyzeDealer(dealerI
d, this.analyzerConfig);
>
>         if (rawEdges.length === 0) {
>           failures.push({ dealerId, reason: 'NO_SIGNIFICANT_DA
TA_OR_NO_ALPHA' });
>           continue;
 Alpha

  // Verifica se >         }
>
>         // 2. Compilação (Sprint 039)
>         const snapshotId = `SNAP_${dealerId}_${currentTimeMs}`
;
>         const compilerResult = KnowledgeCompiler.compile(snaps
hotId, rawEdges, this.compilerConfig, currentTimeMs);
nup: Remove pipeline output>
'>         if (!compilerResult.success) {
>           failures.push({ dealerId, reason: compilerResult.err
or || 'COMPILATION_FAILED' });
>           continue;
>         }
>
og "=> In>         // 3. Persistência (DIP)
>         this.repository.save(compilerResult.snapshot);
>         snapshotsGenerated++;
>
>       } catch (error) {
>         failures.push({ dealerId, reason: 'UNEXPECTED_RUNTIME_
ERROR' });
(Merge)..."
g>       }
 .>     }
>
>     return {
>       dealersProcessed: targetDealerIds.length,
>       snapshotsGenerated,
>       failures
>     };
>   }
> }
> EOF


git[root@localhost rlsys-terminal-main]#
[root@localhost rlsys-terminal-main]# # 4. Escrita: Implementaçã
o da Infraestrutura de Escrita
[root@localhost rlsys-terminal-main]# cat << 'EOF' > src/infrast
ructure/storage/FileSnapshotRepository.ts
> import * as fs from 'node:fs';
> import * as path from 'node:path';
> import { SnapshotRepository } from '../../application/orchestr
ation/OrchestrationContracts';
> import { KnowledgeSnapshot } from '../../domain/knowledge/Snap
shotSchema';
>
> export class FileSnapshotRepository implements SnapshotReposit
ory {
>   constructor(private readonly storageDirectory: string) {
>     if (!fs.existsSync(storageDirectory)) {
>       fs.mkdirSync(storageDirectory, { recursive: true });
>     }
>   }
   • Arq>
>   public save(snapshot: KnowledgeSnapshot): void {
>     const safeId = snapshot.metadata.snapshotId.replace(/[^a-z
A-Z0-9_-]/g, '');
>     const filePath = path.join(this.storageDirectory, `${safeI
d}.json`);
>
>     // Escrita síncrona atómica para garantir a integridade do
 laboratório
>     fs.writeFileSync(filePath, JSON.stringify(snapshot, null,
2), 'utf-8');
>   }
> }
> EOF
[root@localhost rlsys-terminal-main]#
[root@localhost rlsys-terminal-main]# # 5. Escrita: Testes de In
tegração do Pipeline Completo
[root@localhost rlsys-terminal-main]# cat << 'EOF' > tests/orche
stration/knowledge-pipeline.test.js
> const test = require('node:test');
> const assert = require('node:assert');
> const fs = require('node:fs');
> const path = require('node:path');
> const { MultiDealerAggregator } = require('../../dist/domain/r
esearch/MultiDealerAggregator');
> const { KnowledgeOrchestrator } = require('../../dist/applicat
ion/orchestration/KnowledgeOrchestrator');
> const { FileSnapshotRepository } = require('../../dist/infrast
ructure/storage/FileSnapshotRepository');
> const { WheelTopology } = require('../../dist/domain/research/
WheelTopology');
>
> const testStorageDir = path.join(__dirname, 'pipeline_output')
;
>
> test('KnowledgeOrchestrator: Executa o ciclo completo e gera o
 Snapshot', () => {
>   // 1. Setup de Dependências
>   const aggregator = new MultiDealerAggregator({ maxActiveDeal
ers: 2, maxSpinsPerDealer: 500 });
>   const repository = new FileSnapshotRepository(testStorageDir
);
>
>   const analyzerConfig = { minSpinsRequired: 100, clusterSize:
 5, minEdgeEV: 0.05 };
>   const compilerConfig = { minExpectedValue: 0.05, minConfiden
ce: 0.80, snapshotLifespanMs: 86400000, compilerVersion: "1.0" }
;
>
>   const orchestrator = new KnowledgeOrchestrator(aggregator, a
nalyzerConfig, compilerConfig, repository);
>
>   // 2. Simulação de Dados (Dealer "ALICE" enviesada no setor
0)
>   const biasedCluster = WheelTopology.getCluster(0, 5);
>   for (let i = 0; i < 200; i++) {
>     if (Math.random() < 0.30) { // 30% de acerto no cluster do
 zero
>       aggregator.ingestSpin({ dealerId: 'ALICE', wheelSpeed: '
NORMAL', result: biasedCluster[Math.floor(Math.random() * 5)] })
;
>     } else {
>       aggregator.ingestSpin({ dealerId: 'ALICE', wheelSpeed: '
NORMAL', result: Math.floor(Math.random() * 37) });
>     }
>     // Dealer "BOB" faz ruído aleatório
>     aggregator.ingestSpin({ dealerId: 'BOB', wheelSpeed: 'FAST
', result: Math.floor(Math.random() * 37) });
>   }
>
>   // 3. Executar Pipeline
>   const result = orchestrator.runPipeline(['ALICE', 'BOB'], 10
00000);
>
>   // 4. Asserções
>   assert.strictEqual(result.dealersProcessed, 2);
>   assert.strictEqual(result.snapshotsGenerated, 1); // Apenas
ALICE deve gerar snapshot
>   assert.strictEqual(result.failures.length, 1);
>   assert.strictEqual(result.failures[0].dealerId, 'BOB'); // B
OB deve falhar por falta de Alpha
>
>   // Verifica se o ficheiro foi realmente escrito no disco
>   const files = fs.readdirSync(testStorageDir);
>   assert.strictEqual(files.filter(f => f.includes('SNAP_ALICE'
)).length, 1);
> });
>
> // Limpeza Pós-Teste
> test('Cleanup: Remove pipeline output', () => {
>   if (fs.existsSync(testStorageDir)) {
>     fs.rmSync(testStorageDir, { recursive: true, force: true }
);
>   }
> });
> EOF
-bash: tests/orchestration/knowledge-pipeline.test.js: No such f
ile or directory

━━━━━━━━━━━━━━━━━━━━━━━━━━━━━━━━━━━━━━━━━━━━━━━━━━━━━━━━━━━━━
   ❌ ERRO DETECTADO NA LINHA 2524
   A Sprint 047 foi interrompida para proteger o pipeline.
━━━━━━━━━━━━━━━━━━━━━━━━━━━━━━━━━━━━━━━━━━━━━━━━━━━━━━━━━━━━━
[root@localhost rlsys-terminal-main]#
[root@localhost rlsys-terminal-main]# # 6. Compilação e Teste
[root@localhost rlsys-terminal-main]# log "=> Instalando dependê
ncias e a compilar (TypeScript)..."
[21:31:05] => Instalando dependências e a compilar (TypeScript).
..
[root@localhost rlsys-terminal-main]# npm ci && npm run build

added 98 packages, and audited 99 packages in 20s

19 packages are looking for funding
  run `npm fund` for details

found 0 vulnerabilities

> rl-sys-core@2.9.0 build
> tsc

src/domain/decision/DecisionLookupEngine.ts:42:18 - error TS2339
: Property 'confidence' does not exist on type 'SectorEdge'.

42     if (bestEdge.confidence < 0.85) {
                    ~~~~~~~~~~


Found 1 error in src/domain/decision/DecisionLookupEngine.ts:42


━━━━━━━━━━━━━━━━━━━━━━━━━━━━━━━━━━━━━━━━━━━━━━━━━━━━━━━━━━━━━
   ❌ ERRO DETECTADO NA LINHA 2582
   A Sprint 047 foi interrompida para proteger o pipeline.
━━━━━━━━━━━━━━━━━━━━━━━━━━━━━━━━━━━━━━━━━━━━━━━━━━━━━━━━━━━━━
[root@localhost rlsys-terminal-main]#
[root@localhost rlsys-terminal-main]# log "=> Executando Teste d
e Integração do Pipeline..."
[21:32:08] => Executando Teste de Integração do Pipeline...
[root@localhost rlsys-terminal-main]# npm test

> rl-sys-core@2.9.0 test
> node --test tests/*.test.js

✔ AdaptiveConfidenceEngine allows mature low-noise signal calibr
ation (22.227ms)
✔ AdaptiveConfidenceEngine observes marginal confidence near dyn
amic threshold (4.928462ms)
✔ AdaptiveConfidenceEngine blocks noisy low-quality calibration
(6.118385ms)
✔ AdaptiveConfidenceEngine rejects malformed input without silen
t failure (4.951077ms)
✔ AdvancedWalkForwardService rejects corrupted datasets (32693.7
90771ms)
✔ AdvancedWalkForwardService returns blocked research report for
 clean dataset (776.83077ms)
✔ AdvancedWalkForwardValidator rejects invalid roulette history
(19.639ms)
✔ AdvancedWalkForwardValidator detects low robustness on balance
d data (140.455846ms)
✔ AdvancedWalkForwardValidator surfaces candidate for persistent
 out-of-sample bias (105.078385ms)
✔ BayesianEdgeValidator rejects insufficient evidence (21.260769
ms)
✔ BayesianEdgeValidator supports strong positive out-of-sample e
vidence (5.447461ms)
✔ BenchmarkComparisonService rejects corrupted datasets (4308.12
0923ms)
✔ BenchmarkComparisonService returns institutional benchmark rep
ort with blocked gate (1339.164692ms)
✔ BootstrapResampler creates deterministic block samples with ch
ecksums (54.187846ms)
✔ BootstrapResampler rejects insufficient history (5.911615ms)
✔ CapitalExposureService returns institutional capital report wi
th blocked gate (3567.584385ms)
✔ CapitalExposureService rejects corrupted datasets (4.440077ms)
✔ CapitalExposureSimulator returns bounded capital survival metr
ics (76.979231ms)
✔ CapitalExposureSimulator rejects invalid roulette histories (6
.422154ms)
✔ CapitalExposureSimulator flags aggressive capital pressure wit
hout opening operational gate (38.926462ms)
✔ ConfidenceScorer returns a bounded score and grade (13.815077m
s)
✔ ConfigValidator accepts production-safe defaults with warnings
 only (16.147769ms)
✔ ConfigValidator rejects invalid ports and log levels (4.344923
ms)
✔ DataIntegrityValidator accepts research-sized canonical datase
ts (38.395154ms)
✔ DataIntegrityValidator blocks insufficient datasets (4.321692m
s)
✔ DatasetEngine parses and normalizes CSV datasets with checksum
s (4749.397538ms)
✔ DatasetEngine rejects invalid spin values without throwing (4.
559846ms)
✔ DatasetRegistryEngine accepts high quality datasets with deter
ministic checksums (42.492384ms)
✔ DatasetRegistryEngine requires review for OCR datasets with we
ak reliability (7.417538ms)
✔ DatasetRegistryEngine blocks corrupted roulette sample values
(6.764539ms)
✔ DatasetRegistryEngine rejects duplicate dataset ids without si
lent failure (3.936846ms)
✔ DatasetRegistryEngine blocks oversized dataset batches before
processing (3.845ms)
✔ DatasetRegistryEngine can block synthetic datasets by policy (
4.922385ms)
✔ DealerSignatureEngine detects persistent dealer sector signatu
re (30.853ms)
✔ DealerSignatureEngine returns inconclusive for balanced dealer
 history (5.706615ms)
✔ DealerSignatureEngine blocks insufficient dealer sample (12.14
6385ms)
✔ DealerSignatureEngine rejects malformed roulette values withou
t silent failure (11.202538ms)
✔ DealerSignatureEngine blocks oversized batches for low-end har
dware safety (3.296538ms)
✔ DealerSignatureEngine is deterministic for repeated analysis (
8.764615ms)
✔ DecisionOrchestrator connects ranking to research-only live de
cision (54.234308ms)
✔ DecisionOrchestrator keeps observation state when live session
 is not ready (8.059ms)
✔ DecisionOrchestrator returns typed Result error for malformed
input (5.506ms)
✔ DecisionOrchestrator blocks research signal when regime policy
 blocks signals (22.233846ms)
✔ DecisionOrchestrator blocks research signal when ensemble repo
rts strategic conflict (15.793308ms)
✔ DecisionOrchestrator blocks research signal when temporal deca
y expires evidence (13.810153ms)
✔ DecisionOrchestrator blocks research signal when adaptive conf
idence is too low (13.082539ms)
✔ DeterministicReplayStudio replays command streams with stable
checksums (4734.695923ms)
✔ DeterministicReplayStudio preserves idempotency for duplicate
frame events (5.725616ms)
✔ DeterministicReplayStudio replays verified persistence records
 (17.186924ms)
✔ DeterministicReplayStudio blocks checkpoint mismatches without
 throwing (4.811615ms)
✔ DeterministicReplayStudio rejects malformed requests without s
ilent failure (17.304077ms)
✔ EdgePersistenceAnalyzer returns no persistent edge for rotatin
g balanced data (159.703077ms)
✔ EdgePersistenceAnalyzer flags stable concentrated evidence as
persistent research signal (51.414ms)
✔ EdgePersistenceAnalyzer estimates decay direction for fading s
ignals (42.820538ms)
✔ EmergencyGuard: Permite operacao com telemetria saudavel (12.5
38ms)
✔ EmergencyGuard: Congela por perda de Heartbeat (Morte do Senso
r) (2.338616ms)
✔ EmergencyGuard: Congela por cegueira do OCR (Baixa Confianca)
(1.927769ms)
✔ EmergencyGuard: Congela por alta latencia (Risco de delay na a
cao) (2.247154ms)
✔ EmergencyGuard: Avaliacao O(1) nao aloca memoria se saudavel (
2.111231ms)
✔ EVRiskAnalyticsEngine identifies positive edge candidate under
 bounded risk (114.674384ms)
✔ EVRiskAnalyticsEngine blocks negative expected value samples (
5.546616ms)
✔ EVRiskAnalyticsEngine blocks insufficient samples even when pr
ofitable (4.822616ms)
✔ EVRiskAnalyticsEngine exposes deterministic checksums for repe
ated analytics (5.030692ms)
✔ EVRiskAnalyticsEngine rejects malformed outcomes without silen
t failure (4.391231ms)
✔ EVRiskAnalyticsEngine blocks oversized analytics batches befor
e processing (2.659539ms)
✔ ExplainabilityEngine generates deterministic audit narrative f
or research signal (59.332308ms)
✔ ExplainabilityEngine surfaces blockers as primary reason for r
ejected decisions (10.215538ms)
✔ ExplainabilityEngine bounds evidence list for low-memory opera
tor UI (13.638154ms)
✔ ExplainabilityEngine rejects malformed input without silent fa
ilure (3.231692ms)
✔ HealthCheckService reports readiness with writable data direct
ory (18317.17254ms)
✔ HypothesisValidator keeps operational gate blocked without str
ong large-sample evidence (28.498076ms)
✔ IncrementalStatisticsEngine updates bounded rolling metrics wi
thout recompute over full history (45.651077ms)
✔ IncrementalStatisticsEngine preserves idempotency for duplicat
e round events (3.954846ms)
✔ IncrementalStatisticsEngine detects concentrated low-entropy w
indows (15.068385ms)
✔ IncrementalStatisticsEngine replays deterministically with mat
ching checksum (42.149308ms)
✔ IncrementalStatisticsEngine rejects malformed roulette values
without silent failure (15.420231ms)
✔ InputHardeningEngine accepts bounded manual roulette payloads
(43.792846ms)
✔ InputHardeningEngine rejects invalid roulette values before do
main processing (7.434693ms)
✔ InputHardeningEngine rejects suspicious tokens and prototype p
ollution keys (5.921154ms)
✔ InputHardeningEngine sanitizes long strings without mutating p
ayload (9.834231ms)
✔ InputHardeningEngine rejects payloads exceeding bounded array
policy (57.471538ms)
✔ InputHardeningEngine returns typed Result error for malformed
request (3.647692ms)
✔ InstitutionalBacktestEngine returns bounded institutional metr
ics and gates (194.170615ms)
✔ InstitutionalBacktestEngine rejects invalid roulette history (
9.108461ms)
✔ InstitutionalBacktestService rejects corrupted datasets and ke
eps operational gate blocked (7302.173385ms)
✔ InstitutionalBacktestService returns institutional research re
port for clean dataset (305.392924ms)
✔ InternalEventBus delivers events to observers in a typed deter
ministic report (35.065846ms)
✔ InternalEventBus preserves idempotency for duplicate event ids
 (7.272077ms)
✔ InternalEventBus isolates observer failures without throwing t
hrough publisher (88.663308ms)
✔ InternalEventBus rejects malformed events without silent failu
re (5.204923ms)
✔ LiveSessionRuntimeService collects rounds before decision read
iness (6346.367615ms)
✔ LiveSessionRuntimeService invokes decision layer after 100 rou
nds while keeping live gate blocked (160.016692ms)
✔ LiveSessionRuntimeService reports duplicate events idempotentl
y (3.562846ms)
✔ LiveSessionRuntimeService rejects malformed round input (5.040
231ms)
✔ LiveSessionRuntimeService surfaces cooldown without invoking l
ive stake (58.306ms)
✔ LiveSessionRuntime ingests rounds incrementally with bounded w
indows (3331.904692ms)
✔ LiveSessionRuntime is idempotent for duplicated event ids (3.9
00769ms)
✔ LiveSessionRuntime rejects invalid roulette values without sil
ent failure (3.897231ms)
✔ LiveSessionRuntime exposes deterministic control frame for dec
ision readiness (13.621692ms)
✔ LiveSessionRuntime enters cooldown on concentrated rolling win
dow (9.387538ms)
✔ MetricsRegistry captures counters, timers, uptime and memory (
3280.665846ms)
✔ MonteCarloEngine returns bounded institutional risk metrics (3
1.762539ms)
(node:29204) [MODULE_TYPELESS_PACKAGE_JSON] Warning: Module type
 of file:///root/rlsys-terminal-main/tests/monte-carlo-research-
studio.test.js is not specified and it doesn't parse as CommonJS
.
Reparsing as ES module because module syntax was detected. This
incurs a performance overhead.
To eliminate this warning, add "type": "module" to /root/rlsys-t
erminal-main/package.json.
(Use `node --trace-warnings ...` to show where the warning was c
reated)
✔ MonteCarloResearchStudio accepts robust candidate under varian
ce stress (75.317308ms)
✔ MonteCarloResearchStudio blocks fragile candidate when drawdow
n and ruin risk are excessive (16.660385ms)
✔ MonteCarloResearchStudio is deterministic for the same seed an
d inputs (24.256539ms)
✔ MonteCarloResearchStudio blocks oversized research batches (3.
586462ms)
✔ MonteCarloResearchStudio rejects malformed outcomes without si
lent failure (3.664077ms)
✔ MonteCarloV2Engine returns bounded bootstrap risk metrics (348
.023077ms)
✔ MonteCarloV2Engine surfaces robust candidate without opening o
perational gate (215.844308ms)
✔ MonteCarloV2Engine rejects invalid histories (6.612462ms)
✔ MonteCarloV2Service returns institutional blocked research rep
ort (4349.476846ms)
✔ MonteCarloV2Service rejects corrupted datasets (6.599616ms)
✔ OfflineResearchRunner processes clean datasets with determinis
tic checksum (3570.484616ms)
✔ OfflineResearchRunner preserves replay idempotency metrics for
 duplicate events (7.062462ms)
✔ OfflineResearchRunner blocks oversized offline batches before
replay (4.089ms)
✔ OfflineResearchRunner rejects malformed datasets without silen
t failure (3.387231ms)
✔ OfflineResearchRunner reports no signal-like frames without tr
eating it as failure (14.192307ms)
✔ CooldownGuard: Inicia inativo (Permissivo) (15.301308ms)
✔ CooldownGuard: Aplica penalidade correta e bloqueia (3.352077m
s)
✔ CooldownGuard: Libera o sistema após expiração do tempo (2.428
923ms)
✔ CooldownGuard: Evita bypass - Nao substitui bloqueio maior por
 um menor (2.353461ms)
✔ OperatorHudProjectionEngine creates deterministic research-onl
y HUD projection (96.172846ms)
✔ OperatorHudProjectionEngine surfaces blocked decisions as dang
er mode (9.474615ms)
✔ OperatorHudProjectionEngine bounds cards for low-memory operat
or UI (7.253461ms)
✔ OperatorHudProjectionEngine rejects malformed input without si
lent failure (3.450923ms)
✔ PersistenceResearchService rejects corrupted tiny dataset (34.
660231ms)
✔ PersistenceResearchService returns research-ready status for p
ersistent evidence while keeping operational gate blocked (3824.
888308ms)
✔ PersistentCooldown: Guarda estado no disco e restaura em nova
instancia (22.808307ms)
✖ PersistentCooldown: Remove arquivo do disco quando tempo expir
a (17.80823ms)
✔ Cleanup: Remove test storage (10.942539ms)
✔ RegimeClassificationEngine classifies balanced history as stab
le research regime (33.015616ms)
✔ RegimeClassificationEngine blocks chaotic concentrated history
 (5.926231ms)
✔ RegimeClassificationEngine detects drifting sector pressure wi
thout opening signals (9.062231ms)
✔ RegimeClassificationEngine returns typed Result error for malf
ormed history (4.818385ms)
✔ RegimeDetector returns bounded stability and windows (39.55069
2ms)
✔ RegimeDetector marks very small samples as unstable (3.38ms)
✔ ReleaseReadinessService returns review when config has warning
s but no blockers (3393.692308ms)
✔ ReleaseReadinessService blocks failed readiness checks (3.5829
23ms)
✔ ResearchDatasetService returns accepted report for clean resea
rch dataset (4194.637692ms)
✔ ResearchDatasetService rejects corrupted dataset (7.24723ms)
✔ ResearchExperimentOrchestrator promotes governed positive edge
 to alpha candidate (40.662076ms)
✔ ResearchExperimentOrchestrator blocks when analytics is negati
ve or inconclusive (3.857615ms)
✔ ResearchExperimentOrchestrator blocks mismatched dataset count
s without silent failure (4.034693ms)
✔ ResearchExperimentOrchestrator is deterministic for repeated e
xperiment envelopes (5.512307ms)
✔ ResearchExperimentOrchestrator blocks insufficient offline fra
me evidence (4.303385ms)
✔ ResearchReportingService rejects corrupted datasets with audit
 envelope (3652.888693ms)
✔ ResearchReportingService consolidates all research modules whi
le keeping operational gate blocked (707.529462ms)
✔ DrawdownMonitor: Mantem status HEALTHY em flutuacoes normais (
14.886539ms)
✔ DrawdownMonitor: Dispara VELOCITY_ALERT em queda brusca (2.491
231ms)
✔ DrawdownMonitor: Garante idempotencia e rejeita rodadas duplic
adas (2.428462ms)
✔ RuntimePerformanceBudgetEngine keeps low-end runtime within bu
dget (25.609384ms)
✔ RuntimePerformanceBudgetEngine throttles when queue and latenc
y exceed policy (5.246154ms)
✔ RuntimePerformanceBudgetEngine blocks live evaluation on criti
cal thermal state (3.526923ms)
✔ RuntimePerformanceBudgetEngine produces deterministic checksum
s for repeated samples (4.265538ms)
✔ RuntimePerformanceBudgetEngine rejects malformed samples witho
ut silent failure (3.912615ms)
✔ RuntimeSanityEngine accepts healthy runtime alignment (20.4576
92ms)
✔ RuntimeSanityEngine requires review for moderate divergence (2
.943461ms)
✔ RuntimeSanityEngine detects paradigm break under severe diverg
ence (4.235769ms)
✔ RuntimeSanityEngine blocks insufficient runtime sample (3.2601
54ms)
✔ RuntimeSanityEngine rejects malformed runtime input (3.074077m
s)
✔ securityHeaders applies baseline hardening headers (11.561ms)
✔ valueToState maps roulette values to institutional states (11.
888231ms)
✔ SequentialBiasDetector returns low evidence for rotating balan
ced states (39.571769ms)
✔ SequentialBiasDetector flags persistent temporal clusters (11.
366154ms)
✔ SequentialResearchService rejects corrupted tiny dataset (46.4
41077ms)
✔ SequentialResearchService returns a temporal report for persis
tent dataset (99.41223ms)
✔ Sessao Saudavel (13.880769ms)
✔ Disparo Stop Loss (4.751ms)
✔ SessionPersistenceEngine creates and verifies deterministic pe
rsistence records (11984.818308ms)
✔ SessionPersistenceEngine replays journal for crash recovery wi
th matching checksum (21.835538ms)
✔ SessionPersistenceEngine preserves idempotency during replay (
8.064154ms)
✔ SessionPersistenceEngine rejects corrupted records without sil
ent failure (5.384538ms)
✔ SpatialClusterCorrelationEngine detects contextual spatial clu
ster (31.010539ms)
✔ SpatialClusterCorrelationEngine remains deterministic for repe
ated evaluation (24.698693ms)
✔ SpatialClusterCorrelationEngine returns inconclusive for balan
ced contexts (8.013846ms)
✔ SpatialClusterCorrelationEngine blocks insufficient sample (3.
270384ms)
✔ SpatialClusterCorrelationEngine rejects malformed roulette val
ues without silent failure (5.096077ms)
✔ StatisticalResearchService returns inconclusive research repor
t for clean uniform dataset (4780.388308ms)
✔ StatisticalResearchService rejects corrupted tiny dataset (29.
296769ms)
✔ StatisticalSignificanceEngine treats balanced roulette distrib
ution as low evidence (32.006692ms)
✔ StatisticalSignificanceEngine flags concentrated deviation as
significant (10.526769ms)
✔ StrategyBenchmarkEngine rejects invalid histories (19.926769ms
)
✔ StrategyBenchmarkEngine returns bounded benchmark metrics (645
.724539ms)
✔ StrategyBenchmarkEngine can surface candidate without opening
operational gate (551.199692ms)
✔ StrategyComparisonFramework selects a clear risk-adjusted lead
er (31.949692ms)
✔ StrategyComparisonFramework returns no clear leader for close
candidates (4.540692ms)
✔ StrategyComparisonFramework blocks candidates that fail eligib
ility policy (4.609231ms)
✔ StrategyComparisonFramework is deterministic across repeated c
omparisons (88.281461ms)
✔ StrategyComparisonFramework rejects malformed input without si
lent failure (4.001923ms)
✔ StrategyComparisonFramework blocks oversized comparison batche
s (2.532077ms)
✔ StrategyDecisionEngine returns research-only entry candidate f
or strong evidence (39.082154ms)
✔ StrategyDecisionEngine blocks NO_GO warmup regardless of other
 evidence (6.469616ms)
✔ StrategyDecisionEngine never opens live stake even for candida
tes (3.786385ms)
✔ StrategyDecisionEngine blocks unsafe bankroll progression when
 stake does not fit stop loss budget (4.355923ms)
✔ StrategyDecisionEngine exposes no-stake bankroll guard for obs
ervation states (10.972462ms)
✔ StrategyDecisionService returns blocked governance decision fo
r clean session (9304.524232ms)
✔ StrategyDecisionService rejects corrupted tiny sessions throug
h decision blockers (13.042231ms)
✔ RouletteStats rejects invalid roulette numbers (16.043384ms)
✔ StrategyEngine locks insufficient samples (3.936077ms)
✔ StrategyEngine returns institutional analysis shape for valid
sample (20.350462ms)
✔ BacktestEngine produces a stable walk-forward summary (299.110
308ms)
✔ RiskPolicy blocks strategy without enough walk-forward evidenc
e (6.040461ms)
✔ StrategyEnsembleEngine forms consensus from aligned strategy v
otes (20.045308ms)
✔ StrategyEnsembleEngine blocks when strategies conflict above p
olicy limit (5.653846ms)
✔ StrategyEnsembleEngine rejects malformed votes without silent
failure (6.021154ms)
✔ StrategyRankingEngine ranks eligible candidates by Bayesian ev
idence adjusted for risk (20.707154ms)
✔ StrategyRankingEngine is deterministic for repeated input orde
r and tie-breaks by id (91.350308ms)
✔ StrategyRankingEngine rejects malformed candidates without sil
ent failure (7.273539ms)
✔ StressScenarioAnalyzer returns bounded stress metrics and draw
down surface (158.596231ms)
✔ StressScenarioAnalyzer rejects invalid roulette histories (4.9
06ms)
✔ StressScenarioAnalyzer flags aggressive capital pressure witho
ut opening operational gate (83.758385ms)
✔ StressScenarioService returns institutional stress report with
 blocked gate (3740.057462ms)
✔ StressScenarioService rejects corrupted datasets (6.420077ms)
✔ StructuredLogger emits sanitized JSON logs (3435.536769ms)
(node:29477) [MODULE_TYPELESS_PACKAGE_JSON] Warning: Module type
 of file:///root/rlsys-terminal-main/tests/synthetic-session-gen
erator.test.js is not specified and it doesn't parse as CommonJS
.
Reparsing as ES module because module syntax was detected. This
incurs a performance overhead.
To eliminate this warning, add "type": "module" to /root/rlsys-t
erminal-main/package.json.
(Use `node --trace-warnings ...` to show where the warning was c
reated)
✔ SyntheticSessionGenerator creates deterministic balanced contr
ol sessions (44.630923ms)
✔ SyntheticSessionGenerator injects sector bias for physical-edg
e research (17.871076ms)
✔ SyntheticSessionGenerator creates drifting sessions with multi
ple segments (12.255923ms)
✔ SyntheticSessionGenerator blocks oversized batches for low-mem
ory devices (3.421923ms)
✔ SyntheticSessionGenerator rejects malformed requests without s
ilent failure (4.461924ms)
✔ TemporalDecayEngine keeps fresh signals eligible with bounded
contribution (25.291538ms)
✔ TemporalDecayEngine blocks expired evidence before live decisi
on (3.958153ms)
✔ TemporalDecayEngine returns observation for aging but non-expi
red evidence (3.776384ms)
✔ TemporalDecayEngine rejects malformed signal without silent fa
ilure (4.102616ms)
✔ VisionReliabilityInspector accepts complete high-quality warmu
p extraction (23.324616ms)
✔ VisionReliabilityInspector requires manual review for low item
 confidence (7.074385ms)
✔ VisionReliabilityInspector rejects incomplete high-rejection e
xtraction (3.501077ms)
✔ VisionWarmupNormalizer extracts valid roulette numbers from JS
ON markdown (31.917538ms)
✔ VisionWarmupNormalizer reports rejected OCR values without gue
ssing (4.572077ms)
✔ VisionWarmupNormalizer rejects payload without sequence (3.431
ms)
✔ VisionWarmupNormalizer reads object values and exposes reliabi
lity review (5.943538ms)
✔ WalkForwardValidationLab accepts robust out-of-sample alpha ca
ndidate (33.968154ms)
✔ WalkForwardValidationLab flags train-positive validation-negat
ive overfit (7.71823ms)
✔ WalkForwardValidationLab returns inconclusive when validation
pass rate is weak but not pure overfit (6.419307ms)
✔ WalkForwardValidationLab is deterministic across repeated runs
 (8.612539ms)
✔ WalkForwardValidationLab rejects malformed outcomes without si
lent failure (3.755231ms)
✔ WalkForwardValidationLab blocks oversized research batches (3.
305231ms)
✔ WarmupSessionAnalyzer accepts complete balanced 100-round warm
up for research (35.977ms)
✔ WarmupSessionAnalyzer rejects invalid roulette values (6.38053
9ms)
✔ WarmupSessionAnalyzer marks incomplete warmup as NO_GO (4.9222
31ms)
✔ WarmupSessionService evaluates manual 100-round warmup with bl
ocked operational gate (3788.874539ms)
✔ WarmupSessionService rejects corrupted warmup dataset (5.65538
4ms)
✔ WarmupSessionService evaluates vision raw JSON without opening
 operational gate (21.390692ms)
ℹ tests 242
ℹ suites 0
ℹ pass 241
ℹ fail 1
ℹ cancelled 0
ℹ skipped 0
ℹ todo 0
ℹ duration_ms 47161.060233

✖ failing tests:

test at tests/persistent-cooldown.test.js:31:1
✖ PersistentCooldown: Remove arquivo do disco quando tempo expir
a (17.80823ms)
  AssertionError [ERR_ASSERTION]: Expected values to be strictly
 equal:

  true !== false

      at TestContext.<anonymous> (/root/rlsys-terminal-main/test
s/persistent-cooldown.test.js:43:10)
      at Test.runInAsyncScope (node:async_hooks:226:14)
      at Test.run (node:internal/test_runner/test:1201:25)
      at Test.processPendingSubtests (node:internal/test_runner/
test:831:18)
      at Test.postRun (node:internal/test_runner/test:1330:19)
      at Test.run (node:internal/test_runner/test:1258:12)
      at async startSubtestAfterBootstrap (node:internal/test_ru
nner/harness:385:3) {
    generatedMessage: true,
    code: 'ERR_ASSERTION',
    actual: true,
    expected: false,
    operator: 'strictEqual',
    diff: 'simple'
  }

━━━━━━━━━━━━━━━━━━━━━━━━━━━━━━━━━━━━━━━━━━━━━━━━━━━━━━━━━━━━━
   ❌ ERRO DETECTADO NA LINHA 2585
   A Sprint 047 foi interrompida para proteger o pipeline.
━━━━━━━━━━━━━━━━━━━━━━━━━━━━━━━━━━━━━━━━━━━━━━━━━━━━━━━━━━━━━
[root@localhost rlsys-terminal-main]#
[root@localhost rlsys-terminal-main]# # 7. Finalização Git
[root@localhost rlsys-terminal-main]# log "=> Guardar registos e
 integrar (Merge)..."
[21:33:00] => Guardar registos e integrar (Merge)...
[root@localhost rlsys-terminal-main]# git add .
[root@localhost rlsys-terminal-main]# git commit -m "feat(orches
tration): automated knowledge compilation pipeline"
[sprint-047-orchestrator b64d9eb] feat(orchestration): automated
 knowledge compilation pipeline
 3 files changed, 88 insertions(+)
 create mode 100644 src/application/orchestration/KnowledgeOrche
strator.ts
 create mode 100644 src/application/orchestration/OrchestrationC
ontracts.ts
 create mode 100644 src/infrastructure/storage/FileSnapshotRepos
itory.ts
[root@localhost rlsys-terminal-main]# git push -u origin sprint-
047-orchestrator
Enumerating objects: 15, done.
Counting objects: 100% (15/15), done.
Delta compression using up to 8 threads
Compressing objects: 100% (10/10), done.
Writing objects: 100% (10/10), 2.28 KiB | 101.00 KiB/s, done.
Total 10 (delta 4), reused 0 (delta 0), pack-reused 0 (from 0)
remote: Resolving deltas: 100% (4/4), completed with 4 local obj
ects.
remote:
remote: Create a pull request for 'sprint-047-orchestrator' on G
itHub by visiting:
remote:      https://github.com/thiagocoder30/rlsys-terminal-mai
n/pull/new/sprint-047-orchestrator
remote:
To https://github.com/thiagocoder30/rlsys-terminal-main.git
 * [new branch]      sprint-047-orchestrator -> sprint-047-orche
strator
branch 'sprint-047-orchestrator' set up to track 'origin/sprint-
047-orchestrator'.
[root@localhost rlsys-terminal-main]#
[root@localhost rlsys-terminal-main]# git checkout main
Switched to branch 'main'
Your branch is up to date with 'origin/main'.
[root@localhost rlsys-terminal-main]# git merge sprint-047-orche
strator
Updating db79874..b64d9eb
Fast-forward
 .../KnowledgeOrchestrator.ts             | 57 ++++++++++++++++
 .../OrchestrationContracts.ts            | 11 +++
 .../storage/FileSnapshotRepository.ts    | 20 ++++++
 3 files changed, 88 insertions(+)
 create mode 100644 src/application/orchestration/KnowledgeOrche
strator.ts
 create mode 100644 src/application/orchestration/OrchestrationC
ontracts.ts
 create mode 100644 src/infrastructure/storage/FileSnapshotRepos
itory.ts
[root@localhost rlsys-terminal-main]# git push origin main
Total 0 (delta 0), reused 0 (delta 0), pack-reused 0 (from 0)
To https://github.com/thiagocoder30/rlsys-terminal-main.git
   db79874..b64d9eb  main -> main
[root@localhost rlsys-terminal-main]#
[root@localhost rlsys-terminal-main]# # 8. Banner de Sucesso
[root@localhost rlsys-terminal-main]# echo -e "\n${GREEN}${BOLD}
━━━━━━━━━━━━━━━━━━━━━━━━━━━━━━━━━━━━━━━━━━━━━━━━━━━━━━━━━━━━━${N
C}"

━━━━━━━━━━━━━━━━━━━━━━━━━━━━━━━━━━━━━━━━━━━━━━━━━━━━━━━━━━━━━
[root@localhost rlsys-terminal-main]# echo -e "${GREEN}${BOLD}
 🏭 SPRINT 047 CONCLUÍDA: KNOWLEDGE PIPELINE ATIVO!${NC}"
echo -e "${GREEN}${BOLD}   🏭 SPRINT 047 CONCLUÍDA: KNOWLEDGE PI
PELINE ATIVO"\n${GREEN}${BOLD}━━━━━━━━━━━━━━━━━━━━━━━━━━━━━━━━━━
━━━━━━━━━━━━━━━━━━━━━━━━━━━${NC}"{NC}"
   🏭 SPRINT 047 CONCLUÍDA: KNOWLEDGE PIPELINE ATIVOn━━━━━━━━━━━
━━━━━━━━━━━━━━━━━━━━━━━━━━━━━━━━━━━━━━━━━━━━━━━━━━{NC}
[root@localhost rlsys-terminal-main]# echo -e "${GREEN}   • FASE
 3 (PHYSICAL EDGE RESEARCH) COMPLETADA COM SUCESSO.${NC}"
   • FASE 3 (PHYSICAL EDGE RESEARCH) COMPLETADA COM SUCESSO.
[root@localhost rlsys-terminal-main]# echo -e "${GREEN}   • Orqu
estração automatizada (Pesquisa -> Compilação -> I/O).${NC}"
   • Orquestração automatizada (Pesquisa -> Compilação -> I/O).
[root@localhost rlsys-terminal-main]# echo -e "${GREEN}   • Arqu
itetura resiliente contra ruído estatístico (Result Pattern).${N
C}"
   • Arquitetura resiliente contra ruído estatístico (Result Pat
tern).
[root@localhost rlsys-terminal-main]# echo -e "${GREEN}${BOLD}━━
━━━━━━━━━━━━━━━━━━━━━━━━━━━━━━━━━━━━━━━━━━━━━━━━━━━━━━━━━━━${NC}
"
━━━━━━━━━━━━━━━━━━━━━━━━━━━━━━━━━━━━━━━━━━━━━━━━━━━━━━━━━━━━━
[root@localhost rlsys-terminal-main]# log "Operação terminada. T
erminal livre para uso."
[21:33:11] Operação terminada. Terminal livre para uso.
[root@localhost rlsys-terminal-main]# ./capture-sprint-buffer.sh


