[root@localhost rlsys-terminal-main]# ./mover-sprint.sh
Arquivo movido com sucesso:
/sdcard/Download/rlsys-terminal-sprint-031-v6-final-hotfix.diff
-> /root/rlsys-terminal-main/rlsys-terminal-sprint-031-v6-final-
hotfix.diff
[root@localhost rlsys-terminal-main]# cd "$HOME/rlsys-terminal-m
ain"
ession-circuit-breaker.test.js

git apply --check rlsys-terminal-sprint-031-v6-final-hotfix.diff
git apply rlsys-terminal-sprint-031-v6-final-hotfix.diff

npm ci
npm run build
npm test

rm rlsys-terminal-sprint-031-v6-final-hotfix.diff

git add .
git commit -m "fix(runtime): rebuild session circuit breaker saf
ely"

git push -u origin sprint-031-v6-final-session-circuit-breaker

git checkout main
git pull origin main
git merge sprint-031-v6-final-session-circuit-breaker
git push origin main

./capture-sprint-buffer.sh[root@localhost rlsys-terminal-main]#
[root@localhost rlsys-terminal-main]# git checkout main
Already on 'main'
Your branch is up to date with 'origin/main'.
[root@localhost rlsys-terminal-main]# git pull origin main
From https://github.com/thiagocoder30/rlsys-terminal-main
 * branch            main       -> FETCH_HEAD
Already up to date.
[root@localhost rlsys-terminal-main]#
[root@localhost rlsys-terminal-main]# git branch -D sprint-031-v
5-final-session-circuit-breaker 2>/dev/null || true
Deleted branch sprint-031-v5-final-session-circuit-breaker (was
c2d6856).
[root@localhost rlsys-terminal-main]# git push origin --delete s
print-031-v5-final-session-circuit-breaker 2>/dev/null || true
[root@localhost rlsys-terminal-main]#
[root@localhost rlsys-terminal-main]# git checkout -b sprint-031
-v6-final-session-circuit-breaker
Switched to a new branch 'sprint-031-v6-final-session-circuit-br
eaker'
[root@localhost rlsys-terminal-main]#
[root@localhost rlsys-terminal-main]# git rm -f --ignore-unmatch
 src/domain/runtime/SessionCircuitBreaker.ts
rm 'src/domain/runtime/SessionCircuitBreaker.ts'
[root@localhost rlsys-terminal-main]# git rm -f --ignore-unmatch
 tests/session-circuit-breaker.test.js
[root@localhost rlsys-terminal-main]#
[root@localhost rlsys-terminal-main]# git apply --check rlsys-te
rminal-sprint-031-v6-final-hotfix.diff
error: No valid patches in input (allow with "--allow-empty")
[root@localhost rlsys-terminal-main]# git apply rlsys-terminal-s
print-031-v6-final-hotfix.diff
error: No valid patches in input (allow with "--allow-empty")
[root@localhost rlsys-terminal-main]#
[root@localhost rlsys-terminal-main]# npm ci

added 98 packages, and audited 99 packages in 28s

19 packages are looking for funding
  run `npm fund` for details

found 0 vulnerabilities
[root@localhost rlsys-terminal-main]# npm run build

> rl-sys-core@2.9.0 build
> tsc

[root@localhost rlsys-terminal-main]# npm test

> rl-sys-core@2.9.0 test
> node --test tests/*.test.js

✔ AdaptiveConfidenceEngine allows mature low-noise signal calibr
ation (28.418308ms)
✔ AdaptiveConfidenceEngine observes marginal confidence near dyn
amic threshold (3.508461ms)
✔ AdaptiveConfidenceEngine blocks noisy low-quality calibration
(6.138384ms)
✔ AdaptiveConfidenceEngine rejects malformed input without silen
t failure (3.861923ms)
✔ AdvancedWalkForwardService rejects corrupted datasets (37084.4
40848ms)
✔ AdvancedWalkForwardService returns blocked research report for
 clean dataset (335.330462ms)
✔ AdvancedWalkForwardValidator rejects invalid roulette history
(18.741538ms)
✔ AdvancedWalkForwardValidator detects low robustness on balance
d data (232.968616ms)
✔ AdvancedWalkForwardValidator surfaces candidate for persistent
 out-of-sample bias (83.886385ms)
✔ BayesianEdgeValidator rejects insufficient evidence (18.559231
ms)
✔ BayesianEdgeValidator supports strong positive out-of-sample e
vidence (8.666077ms)
✔ BenchmarkComparisonService rejects corrupted datasets (3945.13
3001ms)
✔ BenchmarkComparisonService returns institutional benchmark rep
ort with blocked gate (1373.573154ms)
✔ BootstrapResampler creates deterministic block samples with ch
ecksums (80.586539ms)
✔ BootstrapResampler rejects insufficient history (5.664385ms)
✔ CapitalExposureService returns institutional capital report wi
th blocked gate (3414.294616ms)
✔ CapitalExposureService rejects corrupted datasets (4.76ms)
✔ CapitalExposureSimulator returns bounded capital survival metr
ics (56.703923ms)
✔ CapitalExposureSimulator rejects invalid roulette histories (4
.596923ms)
✔ CapitalExposureSimulator flags aggressive capital pressure wit
hout opening operational gate (30.155615ms)
✔ ConfidenceScorer returns a bounded score and grade (14.128923m
s)
✔ ConfigValidator accepts production-safe defaults with warnings
 only (13.493385ms)
✔ ConfigValidator rejects invalid ports and log levels (3.892769
ms)
✔ DataIntegrityValidator accepts research-sized canonical datase
ts (41.161923ms)
✔ DataIntegrityValidator blocks insufficient datasets (4.678384m
s)
✔ DatasetEngine parses and normalizes CSV datasets with checksum
s (15327.222924ms)
✔ DatasetEngine rejects invalid spin values without throwing (5.
179462ms)
✔ DatasetRegistryEngine accepts high quality datasets with deter
ministic checksums (49.864769ms)
✔ DatasetRegistryEngine requires review for OCR datasets with we
ak reliability (7.051923ms)
✔ DatasetRegistryEngine blocks corrupted roulette sample values
(9.80677ms)
✔ DatasetRegistryEngine rejects duplicate dataset ids without si
lent failure (4.302077ms)
✔ DatasetRegistryEngine blocks oversized dataset batches before
processing (3.782769ms)
✔ DatasetRegistryEngine can block synthetic datasets by policy (
4.179077ms)
✔ DealerSignatureEngine detects persistent dealer sector signatu
re (33.387385ms)
✔ DealerSignatureEngine returns inconclusive for balanced dealer
 history (6.853769ms)
✔ DealerSignatureEngine blocks insufficient dealer sample (13.10
6538ms)
✔ DealerSignatureEngine rejects malformed roulette values withou
t silent failure (11.389538ms)
✔ DealerSignatureEngine blocks oversized batches for low-end har
dware safety (3.205616ms)
✔ DealerSignatureEngine is deterministic for repeated analysis (
12.841385ms)
✔ DecisionOrchestrator connects ranking to research-only live de
cision (51.817616ms)
✔ DecisionOrchestrator keeps observation state when live session
 is not ready (8.104923ms)
✔ DecisionOrchestrator returns typed Result error for malformed
input (6.720231ms)
✔ DecisionOrchestrator blocks research signal when regime policy
 blocks signals (22.773615ms)
✔ DecisionOrchestrator blocks research signal when ensemble repo
rts strategic conflict (17.185769ms)
✔ DecisionOrchestrator blocks research signal when temporal deca
y expires evidence (14.074154ms)
✔ DecisionOrchestrator blocks research signal when adaptive conf
idence is too low (12.778539ms)
✔ DeterministicReplayStudio replays command streams with stable
checksums (4635.621538ms)
✔ DeterministicReplayStudio preserves idempotency for duplicate
frame events (5.12277ms)
✔ DeterministicReplayStudio replays verified persistence records
 (16.273153ms)
✔ DeterministicReplayStudio blocks checkpoint mismatches without
 throwing (4.705462ms)
✔ DeterministicReplayStudio rejects malformed requests without s
ilent failure (16.385923ms)
✔ EdgePersistenceAnalyzer returns no persistent edge for rotatin
g balanced data (161.036923ms)
✔ EdgePersistenceAnalyzer flags stable concentrated evidence as
persistent research signal (56.066923ms)
✔ EdgePersistenceAnalyzer estimates decay direction for fading s
ignals (44.276616ms)
✔ EVRiskAnalyticsEngine identifies positive edge candidate under
 bounded risk (126.33823ms)
✔ EVRiskAnalyticsEngine blocks negative expected value samples (
5.715385ms)
✔ EVRiskAnalyticsEngine blocks insufficient samples even when pr
ofitable (5.057846ms)
✔ EVRiskAnalyticsEngine exposes deterministic checksums for repe
ated analytics (5.220385ms)
✔ EVRiskAnalyticsEngine rejects malformed outcomes without silen
t failure (4.647693ms)
✔ EVRiskAnalyticsEngine blocks oversized analytics batches befor
e processing (2.910308ms)
✔ ExplainabilityEngine generates deterministic audit narrative f
or research signal (62.554154ms)
✔ ExplainabilityEngine surfaces blockers as primary reason for r
ejected decisions (10.129154ms)
✔ ExplainabilityEngine bounds evidence list for low-memory opera
tor UI (13.491846ms)
✔ ExplainabilityEngine rejects malformed input without silent fa
ilure (3.777385ms)
✔ HealthCheckService reports readiness with writable data direct
ory (4059.083693ms)
✔ HypothesisValidator keeps operational gate blocked without str
ong large-sample evidence (27.113923ms)
✔ IncrementalStatisticsEngine updates bounded rolling metrics wi
thout recompute over full history (37.559ms)
✔ IncrementalStatisticsEngine preserves idempotency for duplicat
e round events (2.810077ms)
✔ IncrementalStatisticsEngine detects concentrated low-entropy w
indows (10.98277ms)
✔ IncrementalStatisticsEngine replays deterministically with mat
ching checksum (39.373385ms)
✔ IncrementalStatisticsEngine rejects malformed roulette values
without silent failure (11.297154ms)
✔ InputHardeningEngine accepts bounded manual roulette payloads
(36.737077ms)
✔ InputHardeningEngine rejects invalid roulette values before do
main processing (7.167769ms)
✔ InputHardeningEngine rejects suspicious tokens and prototype p
ollution keys (5.412846ms)
✔ InputHardeningEngine sanitizes long strings without mutating p
ayload (8.410846ms)
✔ InputHardeningEngine rejects payloads exceeding bounded array
policy (53.429231ms)
✔ InputHardeningEngine returns typed Result error for malformed
request (3.719846ms)
✔ InstitutionalBacktestEngine returns bounded institutional metr
ics and gates (216.490616ms)
✔ InstitutionalBacktestEngine rejects invalid roulette history (
14.507692ms)
✔ InstitutionalBacktestService rejects corrupted datasets and ke
eps operational gate blocked (7201.696924ms)
✔ InstitutionalBacktestService returns institutional research re
port for clean dataset (374.026077ms)
✔ InternalEventBus delivers events to observers in a typed deter
ministic report (33.621ms)
✔ InternalEventBus preserves idempotency for duplicate event ids
 (6.776769ms)
✔ InternalEventBus isolates observer failures without throwing t
hrough publisher (87.988384ms)
✔ InternalEventBus rejects malformed events without silent failu
re (3.791ms)
✔ LiveSessionRuntimeService collects rounds before decision read
iness (3519.203462ms)
✔ LiveSessionRuntimeService invokes decision layer after 100 rou
nds while keeping live gate blocked (170.792692ms)
✔ LiveSessionRuntimeService reports duplicate events idempotentl
y (4.802616ms)
✔ LiveSessionRuntimeService rejects malformed round input (6.235
692ms)
✔ LiveSessionRuntimeService surfaces cooldown without invoking l
ive stake (58.883077ms)
✔ LiveSessionRuntime ingests rounds incrementally with bounded w
indows (3462.112231ms)
✔ LiveSessionRuntime is idempotent for duplicated event ids (4.2
75769ms)
✔ LiveSessionRuntime rejects invalid roulette values without sil
ent failure (4.174769ms)
✔ LiveSessionRuntime exposes deterministic control frame for dec
ision readiness (13.220231ms)
✔ LiveSessionRuntime enters cooldown on concentrated rolling win
dow (8.800462ms)
✔ MetricsRegistry captures counters, timers, uptime and memory (
4124.803924ms)
✔ MonteCarloEngine returns bounded institutional risk metrics (3
0.480769ms)
(node:19144) [MODULE_TYPELESS_PACKAGE_JSON] Warning: Module type
 of file:///root/rlsys-terminal-main/tests/monte-carlo-research-
studio.test.js is not specified and it doesn't parse as CommonJS
.
Reparsing as ES module because module syntax was detected. This
incurs a performance overhead.
To eliminate this warning, add "type": "module" to /root/rlsys-t
erminal-main/package.json.
(Use `node --trace-warnings ...` to show where the warning was c
reated)
✔ MonteCarloResearchStudio accepts robust candidate under varian
ce stress (67.633385ms)
✔ MonteCarloResearchStudio blocks fragile candidate when drawdow
n and ruin risk are excessive (17.612538ms)
✔ MonteCarloResearchStudio is deterministic for the same seed an
d inputs (29.44423ms)
✔ MonteCarloResearchStudio blocks oversized research batches (3.
488923ms)
✔ MonteCarloResearchStudio rejects malformed outcomes without si
lent failure (3.727077ms)
✔ MonteCarloV2Engine returns bounded bootstrap risk metrics (339
.948923ms)
✔ MonteCarloV2Engine surfaces robust candidate without opening o
perational gate (183.929461ms)
✔ MonteCarloV2Engine rejects invalid histories (5.986153ms)
✔ MonteCarloV2Service returns institutional blocked research rep
ort (12566.900462ms)
✔ MonteCarloV2Service rejects corrupted datasets (9.721385ms)
✔ OfflineResearchRunner processes clean datasets with determinis
tic checksum (3801.381154ms)
✔ OfflineResearchRunner preserves replay idempotency metrics for
 duplicate events (7.785923ms)
✔ OfflineResearchRunner blocks oversized offline batches before
replay (3.909308ms)
✔ OfflineResearchRunner rejects malformed datasets without silen
t failure (3.876308ms)
✔ OfflineResearchRunner reports no signal-like frames without tr
eating it as failure (14.702077ms)
✔ OperatorHudProjectionEngine creates deterministic research-onl
y HUD projection (109.933769ms)
✔ OperatorHudProjectionEngine surfaces blocked decisions as dang
er mode (10.552385ms)
✔ OperatorHudProjectionEngine bounds cards for low-memory operat
or UI (7.490385ms)
✔ OperatorHudProjectionEngine rejects malformed input without si
lent failure (3.954154ms)
✔ PersistenceResearchService rejects corrupted tiny dataset (38.
366231ms)
✔ PersistenceResearchService returns research-ready status for p
ersistent evidence while keeping operational gate blocked (3847.
671077ms)
✔ RegimeClassificationEngine classifies balanced history as stab
le research regime (31.811615ms)
✔ RegimeClassificationEngine blocks chaotic concentrated history
 (5.316385ms)
✔ RegimeClassificationEngine detects drifting sector pressure wi
thout opening signals (7.936154ms)
✔ RegimeClassificationEngine returns typed Result error for malf
ormed history (4.623846ms)
✔ RegimeDetector returns bounded stability and windows (45.41677
ms)
✔ RegimeDetector marks very small samples as unstable (3.670462m
s)
✔ ReleaseReadinessService returns review when config has warning
s but no blockers (10524.173616ms)
✔ ReleaseReadinessService blocks failed readiness checks (26.390
769ms)
✔ ResearchDatasetService returns accepted report for clean resea
rch dataset (3650.951154ms)
✔ ResearchDatasetService rejects corrupted dataset (6.880462ms)
✔ ResearchExperimentOrchestrator promotes governed positive edge
 to alpha candidate (33.390538ms)
✔ ResearchExperimentOrchestrator blocks when analytics is negati
ve or inconclusive (3.883231ms)
✔ ResearchExperimentOrchestrator blocks mismatched dataset count
s without silent failure (4.245154ms)
✔ ResearchExperimentOrchestrator is deterministic for repeated e
xperiment envelopes (4.649077ms)
✔ ResearchExperimentOrchestrator blocks insufficient offline fra
me evidence (4.275538ms)
✔ ResearchReportingService rejects corrupted datasets with audit
 envelope (3490.167923ms)
✔ ResearchReportingService consolidates all research modules whi
le keeping operational gate blocked (608.460693ms)
✔ RuntimePerformanceBudgetEngine keeps low-end runtime within bu
dget (23.857308ms)
✔ RuntimePerformanceBudgetEngine throttles when queue and latenc
y exceed policy (5.491846ms)
✔ RuntimePerformanceBudgetEngine blocks live evaluation on criti
cal thermal state (3.643462ms)
✔ RuntimePerformanceBudgetEngine produces deterministic checksum
s for repeated samples (4.587692ms)
✔ RuntimePerformanceBudgetEngine rejects malformed samples witho
ut silent failure (3.527693ms)
✔ RuntimeSanityEngine accepts healthy runtime alignment (21.2155
39ms)
✔ RuntimeSanityEngine requires review for moderate divergence (3
.193ms)
✔ RuntimeSanityEngine detects paradigm break under severe diverg
ence (4.151923ms)
✔ RuntimeSanityEngine blocks insufficient runtime sample (3.4556
92ms)
✔ RuntimeSanityEngine rejects malformed runtime input (2.952077m
s)
✔ securityHeaders applies baseline hardening headers (12.774846m
s)
✔ valueToState maps roulette values to institutional states (12.
25623ms)
✔ SequentialBiasDetector returns low evidence for rotating balan
ced states (33.678308ms)
✔ SequentialBiasDetector flags persistent temporal clusters (11.
50823ms)
✔ SequentialResearchService rejects corrupted tiny dataset (37.8
04ms)
✔ SequentialResearchService returns a temporal report for persis
tent dataset (134.326ms)
✔ SessionPersistenceEngine creates and verifies deterministic pe
rsistence records (3601.79577ms)
✔ SessionPersistenceEngine replays journal for crash recovery wi
th matching checksum (23.415307ms)
✔ SessionPersistenceEngine preserves idempotency during replay (
13.974692ms)
✔ SessionPersistenceEngine rejects corrupted records without sil
ent failure (6.480692ms)
✔ SpatialClusterCorrelationEngine detects contextual spatial clu
ster (31.886384ms)
✔ SpatialClusterCorrelationEngine remains deterministic for repe
ated evaluation (24.947308ms)
✔ SpatialClusterCorrelationEngine returns inconclusive for balan
ced contexts (8.315461ms)
✔ SpatialClusterCorrelationEngine blocks insufficient sample (4.
937385ms)
✔ SpatialClusterCorrelationEngine rejects malformed roulette val
ues without silent failure (5.03123ms)
✔ StatisticalResearchService returns inconclusive research repor
t for clean uniform dataset (3673.989231ms)
✔ StatisticalResearchService rejects corrupted tiny dataset (21.
435384ms)
✔ StatisticalSignificanceEngine treats balanced roulette distrib
ution as low evidence (37.876538ms)
✔ StatisticalSignificanceEngine flags concentrated deviation as
significant (11.567692ms)
✔ StrategyBenchmarkEngine rejects invalid histories (21.361923ms
)
✔ StrategyBenchmarkEngine returns bounded benchmark metrics (652
.455616ms)
✔ StrategyBenchmarkEngine can surface candidate without opening
operational gate (540.824846ms)
✔ StrategyComparisonFramework selects a clear risk-adjusted lead
er (31.089462ms)
✔ StrategyComparisonFramework returns no clear leader for close
candidates (4.672538ms)
✔ StrategyComparisonFramework blocks candidates that fail eligib
ility policy (5.314ms)
✔ StrategyComparisonFramework is deterministic across repeated c
omparisons (94.454153ms)
✔ StrategyComparisonFramework rejects malformed input without si
lent failure (4.676076ms)
✔ StrategyComparisonFramework blocks oversized comparison batche
s (3.235ms)
✔ StrategyDecisionEngine returns research-only entry candidate f
or strong evidence (36.310846ms)
✔ StrategyDecisionEngine blocks NO_GO warmup regardless of other
 evidence (6.179539ms)
✔ StrategyDecisionEngine never opens live stake even for candida
tes (3.936077ms)
✔ StrategyDecisionEngine blocks unsafe bankroll progression when
 stake does not fit stop loss budget (4.29277ms)
✔ StrategyDecisionEngine exposes no-stake bankroll guard for obs
ervation states (9.951846ms)
✔ StrategyDecisionService returns blocked governance decision fo
r clean session (10467.734616ms)
✔ StrategyDecisionService rejects corrupted tiny sessions throug
h decision blockers (10.839538ms)
✔ RouletteStats rejects invalid roulette numbers (20.316769ms)
✔ StrategyEngine locks insufficient samples (5.015923ms)
✔ StrategyEngine returns institutional analysis shape for valid
sample (21.506384ms)
✔ BacktestEngine produces a stable walk-forward summary (332.244
077ms)
✔ RiskPolicy blocks strategy without enough walk-forward evidenc
e (6.560077ms)
✔ StrategyEnsembleEngine forms consensus from aligned strategy v
otes (27.888462ms)
✔ StrategyEnsembleEngine blocks when strategies conflict above p
olicy limit (5.143385ms)
✔ StrategyEnsembleEngine rejects malformed votes without silent
failure (12.927769ms)
✔ StrategyRankingEngine ranks eligible candidates by Bayesian ev
idence adjusted for risk (26.560924ms)
✔ StrategyRankingEngine is deterministic for repeated input orde
r and tie-breaks by id (71.009692ms)
✔ StrategyRankingEngine rejects malformed candidates without sil
ent failure (5.877231ms)
✔ StressScenarioAnalyzer returns bounded stress metrics and draw
down surface (133.001539ms)
✔ StressScenarioAnalyzer rejects invalid roulette histories (5.2
32385ms)
✔ StressScenarioAnalyzer flags aggressive capital pressure witho
ut opening operational gate (65.020616ms)
✔ StressScenarioService returns institutional stress report with
 blocked gate (6721.110232ms)
✔ StressScenarioService rejects corrupted datasets (4.790462ms)
✔ StructuredLogger emits sanitized JSON logs (4125.038462ms)
(node:19381) [MODULE_TYPELESS_PACKAGE_JSON] Warning: Module type
 of file:///root/rlsys-terminal-main/tests/synthetic-session-gen
erator.test.js is not specified and it doesn't parse as CommonJS
.
Reparsing as ES module because module syntax was detected. This
incurs a performance overhead.
To eliminate this warning, add "type": "module" to /root/rlsys-t
erminal-main/package.json.
(Use `node --trace-warnings ...` to show where the warning was c
reated)
✔ SyntheticSessionGenerator creates deterministic balanced contr
ol sessions (36.951615ms)
✔ SyntheticSessionGenerator injects sector bias for physical-edg
e research (14.869923ms)
✔ SyntheticSessionGenerator creates drifting sessions with multi
ple segments (10.982846ms)
✔ SyntheticSessionGenerator blocks oversized batches for low-mem
ory devices (2.905616ms)
✔ SyntheticSessionGenerator rejects malformed requests without s
ilent failure (4.098539ms)
✔ TemporalDecayEngine keeps fresh signals eligible with bounded
contribution (17.752384ms)
✔ TemporalDecayEngine blocks expired evidence before live decisi
on (3.197385ms)
✔ TemporalDecayEngine returns observation for aging but non-expi
red evidence (2.736153ms)
✔ TemporalDecayEngine rejects malformed signal without silent fa
ilure (2.88477ms)
✔ VisionReliabilityInspector accepts complete high-quality warmu
p extraction (14.338231ms)
✔ VisionReliabilityInspector requires manual review for low item
 confidence (4.603846ms)
✔ VisionReliabilityInspector rejects incomplete high-rejection e
xtraction (2.943385ms)
✔ VisionWarmupNormalizer extracts valid roulette numbers from JS
ON markdown (27.929385ms)
✔ VisionWarmupNormalizer reports rejected OCR values without gue
ssing (5.111538ms)
✔ VisionWarmupNormalizer rejects payload without sequence (3.498
461ms)
✔ VisionWarmupNormalizer reads object values and exposes reliabi
lity review (5.779231ms)
✔ WalkForwardValidationLab accepts robust out-of-sample alpha ca
ndidate (36.034ms)
✔ WalkForwardValidationLab flags train-positive validation-negat
ive overfit (7.103538ms)
✔ WalkForwardValidationLab returns inconclusive when validation
pass rate is weak but not pure overfit (5.926616ms)
✔ WalkForwardValidationLab is deterministic across repeated runs
 (8.794846ms)
✔ WalkForwardValidationLab rejects malformed outcomes without si
lent failure (3.99ms)
✔ WalkForwardValidationLab blocks oversized research batches (3.
295923ms)
✔ WarmupSessionAnalyzer accepts complete balanced 100-round warm
up for research (35.116692ms)
✔ WarmupSessionAnalyzer rejects invalid roulette values (6.06015
4ms)
✔ WarmupSessionAnalyzer marks incomplete warmup as NO_GO (4.5433
08ms)
✔ WarmupSessionService evaluates manual 100-round warmup with bl
ocked operational gate (3692.579692ms)
✔ WarmupSessionService rejects corrupted warmup dataset (6.59676
9ms)
✔ WarmupSessionService evaluates vision raw JSON without opening
 operational gate (22.109538ms)
ℹ tests 225
ℹ suites 0
ℹ pass 225
ℹ fail 0
ℹ cancelled 0
ℹ skipped 0
ℹ todo 0
ℹ duration_ms 48754.81008
[root@localhost rlsys-terminal-main]#
[root@localhost rlsys-terminal-main]# rm rlsys-terminal-sprint-0
31-v6-final-hotfix.diff
[root@localhost rlsys-terminal-main]#
[root@localhost rlsys-terminal-main]# git add .
[root@localhost rlsys-terminal-main]# git commit -m "fix(runtime
): rebuild session circuit breaker safely"
[sprint-031-v6-final-session-circuit-breaker b2d844c] fix(runtim
e): rebuild session circuit breaker safely
 1 file changed, 224 deletions(-)
 delete mode 100644 src/domain/runtime/SessionCircuitBreaker.ts
[root@localhost rlsys-terminal-main]#
[root@localhost rlsys-terminal-main]# git push -u origin sprint-
031-v6-final-session-circuit-breaker
Enumerating objects: 9, done.
Counting objects: 100% (9/9), done.
Delta compression using up to 8 threads
Compressing objects: 100% (5/5), done.
Writing objects: 100% (5/5), 435 bytes | 39.00 KiB/s, done.
Total 5 (delta 4), reused 0 (delta 0), pack-reused 0 (from 0)
remote: Resolving deltas: 100% (4/4), completed with 4 local obj
ects.
remote:
remote: Create a pull request for 'sprint-031-v6-final-session-c
ircuit-breaker' on GitHub by visiting:
remote:      https://github.com/thiagocoder30/rlsys-terminal-mai
n/pull/new/sprint-031-v6-final-session-circuit-breaker
remote:
To https://github.com/thiagocoder30/rlsys-terminal-main.git
 * [new branch]      sprint-031-v6-final-session-circuit-breaker
 -> sprint-031-v6-final-session-circuit-breaker
branch 'sprint-031-v6-final-session-circuit-breaker' set up to t
rack 'origin/sprint-031-v6-final-session-circuit-breaker'.
[root@localhost rlsys-terminal-main]#
[root@localhost rlsys-terminal-main]# git checkout main
Switched to branch 'main'
Your branch is up to date with 'origin/main'.
[root@localhost rlsys-terminal-main]# git pull origin main
From https://github.com/thiagocoder30/rlsys-terminal-main
 * branch            main       -> FETCH_HEAD
Already up to date.
[root@localhost rlsys-terminal-main]# git merge sprint-031-v6-fi
nal-session-circuit-breaker
Updating c2d6856..b2d844c
Fast-forward
 .../runtime/SessionCircuitBreaker.ts     | 224 ---------------
 1 file changed, 224 deletions(-)
 delete mode 100644 src/domain/runtime/SessionCircuitBreaker.ts
[root@localhost rlsys-terminal-main]# git push origin main
Total 0 (delta 0), reused 0 (delta 0), pack-reused 0 (from 0)
To https://github.com/thiagocoder30/rlsys-terminal-main.git
   c2d6856..b2d844c  main -> main
[root@localhost rlsys-terminal-main]#
[root@localhost rlsys-terminal-main]# ./capture-sprint-buffer.sh

