[root@localhost rlsys-terminal-main]# cd "$HOME/rlsys-terminal-m
ain"
-hotfix.diff

npm ci
npm run build
npm test

rm rlsys-terminal-sprint-031-main-compile-hotfix.diff

git add .
git commit -m "fix(main): align live coordinator runtime calls"

git push -u origin hotfix-main-live-coordinator-signature

git checkout main
git pull origin main
git merge hotfix-main-live-coordinator-signature
git push origin main

./capture-sprint-buffer.sh[root@localhost rlsys-terminal-main]#
[root@localhost rlsys-terminal-main]# [ -f ".venv/bin/activate"
] && source .venv/bin/activate
[root@localhost rlsys-terminal-main]#
[root@localhost rlsys-terminal-main]# # se o diff estiver no Dow
nload, copie para a raiz do projeto
[root@localhost rlsys-terminal-main]# cp /sdcard/Download/rlsys-
terminal-sprint-031-main-compile-hotfix.diff . 2>/dev/null || tr
ue
[root@localhost rlsys-terminal-main]#
[root@localhost rlsys-terminal-main]# # garanta que o patch exis
te aqui
[root@localhost rlsys-terminal-main]# ls -lh rlsys-terminal-spri
nt-031-main-compile-hotfix.diff
-rw-r----- 1 root root 1.9K May 18 23:04 rlsys-terminal-sprint-0
31-main-compile-hotfix.diff
[root@localhost rlsys-terminal-main]#
[root@localhost rlsys-terminal-main]# git checkout main
Already on 'main'
Your branch is up to date with 'origin/main'.
[root@localhost rlsys-terminal-main]# git pull origin main
From https://github.com/thiagocoder30/rlsys-terminal-main
 * branch            main       -> FETCH_HEAD
Already up to date.
[root@localhost rlsys-terminal-main]#
[root@localhost rlsys-terminal-main]# git branch -D hotfix-main-
live-coordinator-signature 2>/dev/null || true
Deleted branch hotfix-main-live-coordinator-signature (was a52e2
84).
[root@localhost rlsys-terminal-main]# git push origin --delete h
otfix-main-live-coordinator-signature 2>/dev/null || true
[root@localhost rlsys-terminal-main]#
[root@localhost rlsys-terminal-main]# git checkout -b hotfix-mai
n-live-coordinator-signature
Switched to a new branch 'hotfix-main-live-coordinator-signature
'
[root@localhost rlsys-terminal-main]#
[root@localhost rlsys-terminal-main]# git apply --check rlsys-te
rminal-sprint-031-main-compile-hotfix.diff
error: corrupt patch at rlsys-terminal-sprint-031-main-compile-h
otfix.diff:23
[root@localhost rlsys-terminal-main]# git apply rlsys-terminal-s
print-031-main-compile-hotfix.diff
error: corrupt patch at rlsys-terminal-sprint-031-main-compile-h
otfix.diff:23
[root@localhost rlsys-terminal-main]#
[root@localhost rlsys-terminal-main]# npm ci

added 115 packages, and audited 116 packages in 22s

19 packages are looking for funding
  run `npm fund` for details

found 0 vulnerabilities
[root@localhost rlsys-terminal-main]# npm run build

> rl-sys-core@2.9.0 build
> tsc

src/main.ts:49:43 - error TS2554: Expected 2 arguments, but got
1.

49                         await coordinator.registerOutcome(num
);
                                             ~~~~~~~~~~~~~~~

  src/application/live/LiveSessionCoordinator.ts:34:39
    34   public registerOutcome(pnl: number, currentTimeMs: numb
er): void {
                                             ~~~~~~~~~~~~~~~~~~~
~~
    An argument for 'currentTimeMs' was not provided.

src/main.ts:50:43 - error TS2554: Expected 2 arguments, but got
1.

50                         await coordinator.processLiveSpin(num
);
                                             ~~~~~~~~~~~~~~~

  src/application/live/LiveSessionCoordinator.ts:13:55
    13   public processLiveSpin(liveState: CurrentLiveState, cur
rentTimeMs: number): DecisionResult {
                                                             ~~~
~~~~~~~~~~~~~~~~~~
    An argument for 'currentTimeMs' was not provided.

src/main.ts:65:35 - error TS2554: Expected 2 arguments, but got
1.

65                 await coordinator.registerOutcome(num);
                                     ~~~~~~~~~~~~~~~

  src/application/live/LiveSessionCoordinator.ts:34:39
    34   public registerOutcome(pnl: number, currentTimeMs: numb
er): void {
                                             ~~~~~~~~~~~~~~~~~~~
~~
    An argument for 'currentTimeMs' was not provided.

src/main.ts:66:51 - error TS2554: Expected 2 arguments, but got
1.

66                 const decisao = await coordinator.processLive
Spin(num);
                                                     ~~~~~~~~~~~
~~~~

  src/application/live/LiveSessionCoordinator.ts:13:55
    13   public processLiveSpin(liveState: CurrentLiveState, cur
rentTimeMs: number): DecisionResult {
                                                             ~~~
~~~~~~~~~~~~~~~~~~
    An argument for 'currentTimeMs' was not provided.


Found 4 errors in the same file, starting at: src/main.ts:49

[root@localhost rlsys-terminal-main]# npm test

> rl-sys-core@2.9.0 test
> node --test tests/*.test.js

✔ AdaptiveConfidenceEngine allows mature low-noise signal calibr
ation (25.536462ms)
✔ AdaptiveConfidenceEngine observes marginal confidence near dyn
amic threshold (4.662692ms)
✔ AdaptiveConfidenceEngine blocks noisy low-quality calibration
(6.023077ms)
✔ AdaptiveConfidenceEngine rejects malformed input without silen
t failure (5.208385ms)
✔ AdvancedWalkForwardService rejects corrupted datasets (34779.2
74925ms)
✔ AdvancedWalkForwardService returns blocked research report for
 clean dataset (661.288615ms)
✔ AdvancedWalkForwardValidator rejects invalid roulette history
(18.752077ms)
✔ AdvancedWalkForwardValidator detects low robustness on balance
d data (175.702846ms)
✔ AdvancedWalkForwardValidator surfaces candidate for persistent
 out-of-sample bias (69.604385ms)
✔ BayesianEdgeValidator rejects insufficient evidence (18.247692
ms)
✔ BayesianEdgeValidator supports strong positive out-of-sample e
vidence (4.401462ms)
✔ BenchmarkComparisonService rejects corrupted datasets (3871.61
277ms)
✔ BenchmarkComparisonService returns institutional benchmark rep
ort with blocked gate (1267.420693ms)
✔ BootstrapResampler creates deterministic block samples with ch
ecksums (37.019231ms)
✔ BootstrapResampler rejects insufficient history (4.951154ms)
✔ CapitalExposureService returns institutional capital report wi
th blocked gate (3605.492923ms)
✔ CapitalExposureService rejects corrupted datasets (5.281538ms)
✔ CapitalExposureSimulator returns bounded capital survival metr
ics (75.770923ms)
✔ CapitalExposureSimulator rejects invalid roulette histories (6
.728154ms)
✔ CapitalExposureSimulator flags aggressive capital pressure wit
hout opening operational gate (40.372846ms)
✔ ConfidenceScorer returns a bounded score and grade (13.83077ms
)
✔ ConfigValidator accepts production-safe defaults with warnings
 only (15.926923ms)
✔ ConfigValidator rejects invalid ports and log levels (4.977769
ms)
✔ DataIntegrityValidator accepts research-sized canonical datase
ts (43.892307ms)
✔ DataIntegrityValidator blocks insufficient datasets (7.040692m
s)
✔ DatasetEngine parses and normalizes CSV datasets with checksum
s (15601.706001ms)
✔ DatasetEngine rejects invalid spin values without throwing (5.
448616ms)
✔ DatasetRegistryEngine accepts high quality datasets with deter
ministic checksums (45.988615ms)
✔ DatasetRegistryEngine requires review for OCR datasets with we
ak reliability (7.947692ms)
✔ DatasetRegistryEngine blocks corrupted roulette sample values
(7.497231ms)
✔ DatasetRegistryEngine rejects duplicate dataset ids without si
lent failure (4.015077ms)
✔ DatasetRegistryEngine blocks oversized dataset batches before
processing (4.099ms)
✔ DatasetRegistryEngine can block synthetic datasets by policy (
5.142385ms)
✔ DealerSignatureEngine detects persistent dealer sector signatu
re (31.058154ms)
✔ DealerSignatureEngine returns inconclusive for balanced dealer
 history (5.950846ms)
✔ DealerSignatureEngine blocks insufficient dealer sample (10.64
5539ms)
✔ DealerSignatureEngine rejects malformed roulette values withou
t silent failure (6.518846ms)
✔ DealerSignatureEngine blocks oversized batches for low-end har
dware safety (3.197461ms)
✔ DealerSignatureEngine is deterministic for repeated analysis (
9.151385ms)
✔ DecisionOrchestrator connects ranking to research-only live de
cision (54.612308ms)
✔ DecisionOrchestrator keeps observation state when live session
 is not ready (10.459769ms)
✔ DecisionOrchestrator returns typed Result error for malformed
input (6.158077ms)
✔ DecisionOrchestrator blocks research signal when regime policy
 blocks signals (30.907384ms)
✔ DecisionOrchestrator blocks research signal when ensemble repo
rts strategic conflict (16.489ms)
✔ DecisionOrchestrator blocks research signal when temporal deca
y expires evidence (14.447154ms)
✔ DecisionOrchestrator blocks research signal when adaptive conf
idence is too low (13.208692ms)
✔ DeterministicReplayStudio replays command streams with stable
checksums (4315.185769ms)
✔ DeterministicReplayStudio preserves idempotency for duplicate
frame events (6.281ms)
✔ DeterministicReplayStudio replays verified persistence records
 (16.35077ms)
✔ DeterministicReplayStudio blocks checkpoint mismatches without
 throwing (15.061461ms)
✔ DeterministicReplayStudio rejects malformed requests without s
ilent failure (8.557307ms)
✔ EdgePersistenceAnalyzer returns no persistent edge for rotatin
g balanced data (162.533923ms)
✔ EdgePersistenceAnalyzer flags stable concentrated evidence as
persistent research signal (51.802615ms)
✔ EdgePersistenceAnalyzer estimates decay direction for fading s
ignals (44.92377ms)
✔ EmergencyGuard: Permite operacao com telemetria saudavel (14.4
3023ms)
✔ EmergencyGuard: Congela por perda de Heartbeat (Morte do Senso
r) (2.024077ms)
✔ EmergencyGuard: Congela por cegueira do OCR (Baixa Confianca)
(2.483077ms)
✔ EmergencyGuard: Congela por alta latencia (Risco de delay na a
cao) (2.745ms)
✔ EmergencyGuard: Avaliacao O(1) nao aloca memoria se saudavel (
2.794385ms)
✔ EVRiskAnalyticsEngine identifies positive edge candidate under
 bounded risk (120.585154ms)
✔ EVRiskAnalyticsEngine blocks negative expected value samples (
5.965077ms)
✔ EVRiskAnalyticsEngine blocks insufficient samples even when pr
ofitable (5.350615ms)
✔ EVRiskAnalyticsEngine exposes deterministic checksums for repe
ated analytics (6.043538ms)
✔ EVRiskAnalyticsEngine rejects malformed outcomes without silen
t failure (4.435923ms)
✔ EVRiskAnalyticsEngine blocks oversized analytics batches befor
e processing (2.7ms)
✔ ExplainabilityEngine generates deterministic audit narrative f
or research signal (66.291077ms)
✔ ExplainabilityEngine surfaces blockers as primary reason for r
ejected decisions (10.316461ms)
✔ ExplainabilityEngine bounds evidence list for low-memory opera
tor UI (16.119616ms)
✔ ExplainabilityEngine rejects malformed input without silent fa
ilure (4.116ms)
✔ HealthCheckService reports readiness with writable data direct
ory (3687.07577ms)
✔ HypothesisValidator keeps operational gate blocked without str
ong large-sample evidence (28.034693ms)
✔ IncrementalStatisticsEngine updates bounded rolling metrics wi
thout recompute over full history (50.668077ms)
✔ IncrementalStatisticsEngine preserves idempotency for duplicat
e round events (3.810307ms)
✔ IncrementalStatisticsEngine detects concentrated low-entropy w
indows (17.055923ms)
✔ IncrementalStatisticsEngine replays deterministically with mat
ching checksum (54.046231ms)
✔ IncrementalStatisticsEngine rejects malformed roulette values
without silent failure (4.006231ms)
✔ InputHardeningEngine accepts bounded manual roulette payloads
(42.719384ms)
✔ InputHardeningEngine rejects invalid roulette values before do
main processing (8.507461ms)
✔ InputHardeningEngine rejects suspicious tokens and prototype p
ollution keys (5.772539ms)
✔ InputHardeningEngine sanitizes long strings without mutating p
ayload (13.102231ms)
✔ InputHardeningEngine rejects payloads exceeding bounded array
policy (60.512847ms)
✔ InputHardeningEngine returns typed Result error for malformed
request (3.349538ms)
✔ InstitutionalBacktestEngine returns bounded institutional metr
ics and gates (211.795ms)
✔ InstitutionalBacktestEngine rejects invalid roulette history (
9.512615ms)
✔ InstitutionalBacktestService rejects corrupted datasets and ke
eps operational gate blocked (7897.615385ms)
✔ InstitutionalBacktestService returns institutional research re
port for clean dataset (312.047307ms)
✔ InternalEventBus delivers events to observers in a typed deter
ministic report (34.361538ms)
✔ InternalEventBus preserves idempotency for duplicate event ids
 (6.678308ms)
✔ InternalEventBus isolates observer failures without throwing t
hrough publisher (87.85623ms)
✔ InternalEventBus rejects malformed events without silent failu
re (4.591924ms)
✔ LiveSessionRuntimeService collects rounds before decision read
iness (6729.731232ms)
✔ LiveSessionRuntimeService invokes decision layer after 100 rou
nds while keeping live gate blocked (174.325462ms)
✔ LiveSessionRuntimeService reports duplicate events idempotentl
y (5.280769ms)
✔ LiveSessionRuntimeService rejects malformed round input (5.868
923ms)
✔ LiveSessionRuntimeService surfaces cooldown without invoking l
ive stake (62.535846ms)
✔ LiveSessionRuntime ingests rounds incrementally with bounded w
indows (3577.751077ms)
✔ LiveSessionRuntime is idempotent for duplicated event ids (4.5
01385ms)
✔ LiveSessionRuntime rejects invalid roulette values without sil
ent failure (4.201154ms)
✔ LiveSessionRuntime exposes deterministic control frame for dec
ision readiness (13.672693ms)
✔ LiveSessionRuntime enters cooldown on concentrated rolling win
dow (8.478615ms)
✔ MetricsRegistry captures counters, timers, uptime and memory (
3518.752308ms)
✔ MonteCarloEngine returns bounded institutional risk metrics (3
1.765077ms)
(node:14548) [MODULE_TYPELESS_PACKAGE_JSON] Warning: Module type
 of file:///root/rlsys-terminal-main/tests/monte-carlo-research-
studio.test.js is not specified and it doesn't parse as CommonJS
.
Reparsing as ES module because module syntax was detected. This
incurs a performance overhead.
To eliminate this warning, add "type": "module" to /root/rlsys-t
erminal-main/package.json.
(Use `node --trace-warnings ...` to show where the warning was c
reated)
✔ MonteCarloResearchStudio accepts robust candidate under varian
ce stress (82.868231ms)
✔ MonteCarloResearchStudio blocks fragile candidate when drawdow
n and ruin risk are excessive (19.220692ms)
✔ MonteCarloResearchStudio is deterministic for the same seed an
d inputs (28.839231ms)
✔ MonteCarloResearchStudio blocks oversized research batches (5.
660692ms)
✔ MonteCarloResearchStudio rejects malformed outcomes without si
lent failure (5.590538ms)
✔ MonteCarloV2Engine returns bounded bootstrap risk metrics (416
.440616ms)
✔ MonteCarloV2Engine surfaces robust candidate without opening o
perational gate (281.909154ms)
✔ MonteCarloV2Engine rejects invalid histories (6.235769ms)
✔ MonteCarloV2Service returns institutional blocked research rep
ort (13589.317385ms)
✔ MonteCarloV2Service rejects corrupted datasets (7.084538ms)
✔ OfflineResearchRunner processes clean datasets with determinis
tic checksum (4234.922616ms)
✔ OfflineResearchRunner preserves replay idempotency metrics for
 duplicate events (8.945538ms)
✔ OfflineResearchRunner blocks oversized offline batches before
replay (3.984692ms)
✔ OfflineResearchRunner rejects malformed datasets without silen
t failure (3.921769ms)
✔ OfflineResearchRunner reports no signal-like frames without tr
eating it as failure (8.095615ms)
✔ CooldownGuard: Inicia inativo (Permissivo) (14.733231ms)
✔ CooldownGuard: Aplica penalidade correta e bloqueia (3.023077m
s)
✔ CooldownGuard: Libera o sistema após expiração do tempo (2.661
846ms)
✔ CooldownGuard: Evita bypass - Nao substitui bloqueio maior por
 um menor (2.778538ms)
✔ OperatorHudProjectionEngine creates deterministic research-onl
y HUD projection (106.189385ms)
✔ OperatorHudProjectionEngine surfaces blocked decisions as dang
er mode (10.424231ms)
✔ OperatorHudProjectionEngine bounds cards for low-memory operat
or UI (7.391077ms)
✔ OperatorHudProjectionEngine rejects malformed input without si
lent failure (3.84577ms)
✔ PersistenceResearchService rejects corrupted tiny dataset (39.
173846ms)
✔ PersistenceResearchService returns research-ready status for p
ersistent evidence while keeping operational gate blocked (4096.
464539ms)
✔ PersistentCooldown: Guarda estado no disco e restaura em nova
instancia (23.908384ms)
✖ PersistentCooldown: Remove arquivo do disco quando tempo expir
a (17.31423ms)
✔ Cleanup: Remove test storage (12.298923ms)
✔ RegimeClassificationEngine classifies balanced history as stab
le research regime (34.202308ms)
✔ RegimeClassificationEngine blocks chaotic concentrated history
 (5.690923ms)
✔ RegimeClassificationEngine detects drifting sector pressure wi
thout opening signals (8.366539ms)
✔ RegimeClassificationEngine returns typed Result error for malf
ormed history (4.654693ms)
✔ RegimeDetector returns bounded stability and windows (36.47753
9ms)
✔ RegimeDetector marks very small samples as unstable (3.551384m
s)
✔ ReleaseReadinessService returns review when config has warning
s but no blockers (7712.974462ms)
✔ ReleaseReadinessService blocks failed readiness checks (3.8107
69ms)
✔ ResearchDatasetService returns accepted report for clean resea
rch dataset (3841.394539ms)
✔ ResearchDatasetService rejects corrupted dataset (6.529ms)
✔ ResearchExperimentOrchestrator promotes governed positive edge
 to alpha candidate (38.767077ms)
✔ ResearchExperimentOrchestrator blocks when analytics is negati
ve or inconclusive (4.185616ms)
✔ ResearchExperimentOrchestrator blocks mismatched dataset count
s without silent failure (5.186846ms)
✔ ResearchExperimentOrchestrator is deterministic for repeated e
xperiment envelopes (6.457461ms)
✔ ResearchExperimentOrchestrator blocks insufficient offline fra
me evidence (4.447461ms)
✔ ResearchReportingService rejects corrupted datasets with audit
 envelope (3661.064231ms)
✔ ResearchReportingService consolidates all research modules whi
le keeping operational gate blocked (581.339769ms)
✔ DrawdownMonitor: Mantem status HEALTHY em flutuacoes normais (
13.540847ms)
✔ DrawdownMonitor: Dispara VELOCITY_ALERT em queda brusca (2.483
231ms)
✔ DrawdownMonitor: Garante idempotencia e rejeita rodadas duplic
adas (2.418693ms)
✔ RuntimePerformanceBudgetEngine keeps low-end runtime within bu
dget (25.635615ms)
✔ RuntimePerformanceBudgetEngine throttles when queue and latenc
y exceed policy (5.779077ms)
✔ RuntimePerformanceBudgetEngine blocks live evaluation on criti
cal thermal state (3.801076ms)
✔ RuntimePerformanceBudgetEngine produces deterministic checksum
s for repeated samples (4.353846ms)
✔ RuntimePerformanceBudgetEngine rejects malformed samples witho
ut silent failure (3.822538ms)
✔ RuntimeSanityEngine accepts healthy runtime alignment (21.0302
31ms)
✔ RuntimeSanityEngine requires review for moderate divergence (3
.093231ms)
✔ RuntimeSanityEngine detects paradigm break under severe diverg
ence (3.471692ms)
✔ RuntimeSanityEngine blocks insufficient runtime sample (3.4842
31ms)
✔ RuntimeSanityEngine rejects malformed runtime input (3.033077m
s)
✔ securityHeaders applies baseline hardening headers (11.858461m
s)
✔ valueToState maps roulette values to institutional states (12.
807923ms)
✔ SequentialBiasDetector returns low evidence for rotating balan
ced states (33.890461ms)
✔ SequentialBiasDetector flags persistent temporal clusters (11.
777769ms)
✔ SequentialResearchService rejects corrupted tiny dataset (44.2
03385ms)
✔ SequentialResearchService returns a temporal report for persis
tent dataset (171.295923ms)
✔ Sessao Saudavel (14.695538ms)
✔ Disparo Stop Loss (3.107539ms)
✔ SessionPersistenceEngine creates and verifies deterministic pe
rsistence records (13135.672847ms)
✔ SessionPersistenceEngine replays journal for crash recovery wi
th matching checksum (19.347154ms)
✔ SessionPersistenceEngine preserves idempotency during replay (
8.585ms)
✔ SessionPersistenceEngine rejects corrupted records without sil
ent failure (5.827231ms)
✔ SpatialClusterCorrelationEngine detects contextual spatial clu
ster (33.048154ms)
✔ SpatialClusterCorrelationEngine remains deterministic for repe
ated evaluation (24.429846ms)
✔ SpatialClusterCorrelationEngine returns inconclusive for balan
ced contexts (9.082923ms)
✔ SpatialClusterCorrelationEngine blocks insufficient sample (3.
580462ms)
✔ SpatialClusterCorrelationEngine rejects malformed roulette val
ues without silent failure (5.011615ms)
✔ StatisticalResearchService returns inconclusive research repor
t for clean uniform dataset (9283.853616ms)
✔ StatisticalResearchService rejects corrupted tiny dataset (32.
121846ms)
✔ StatisticalSignificanceEngine treats balanced roulette distrib
ution as low evidence (32.395769ms)
✔ StatisticalSignificanceEngine flags concentrated deviation as
significant (10.603077ms)
✔ StrategyBenchmarkEngine rejects invalid histories (21.968ms)
✔ StrategyBenchmarkEngine returns bounded benchmark metrics (650
.74977ms)
✔ StrategyBenchmarkEngine can surface candidate without opening
operational gate (538.087462ms)
✔ StrategyComparisonFramework selects a clear risk-adjusted lead
er (30.967ms)
✔ StrategyComparisonFramework returns no clear leader for close
candidates (4.762076ms)
✔ StrategyComparisonFramework blocks candidates that fail eligib
ility policy (4.82477ms)
✔ StrategyComparisonFramework is deterministic across repeated c
omparisons (90.284846ms)
✔ StrategyComparisonFramework rejects malformed input without si
lent failure (3.954ms)
✔ StrategyComparisonFramework blocks oversized comparison batche
s (2.573077ms)
✔ StrategyDecisionEngine returns research-only entry candidate f
or strong evidence (41.407692ms)
✔ StrategyDecisionEngine blocks NO_GO warmup regardless of other
 evidence (9.545077ms)
✔ StrategyDecisionEngine never opens live stake even for candida
tes (3.595846ms)
✔ StrategyDecisionEngine blocks unsafe bankroll progression when
 stake does not fit stop loss budget (5.953384ms)
✔ StrategyDecisionEngine exposes no-stake bankroll guard for obs
ervation states (13.914616ms)
✔ StrategyDecisionService returns blocked governance decision fo
r clean session (9637.877231ms)
✔ StrategyDecisionService rejects corrupted tiny sessions throug
h decision blockers (14.37023ms)
✔ RouletteStats rejects invalid roulette numbers (16.555077ms)
✔ StrategyEngine locks insufficient samples (4.456847ms)
✔ StrategyEngine returns institutional analysis shape for valid
sample (23.022615ms)
✔ BacktestEngine produces a stable walk-forward summary (320.150
154ms)
✔ RiskPolicy blocks strategy without enough walk-forward evidenc
e (6.616616ms)
✔ StrategyEnsembleEngine forms consensus from aligned strategy v
otes (26.255693ms)
✔ StrategyEnsembleEngine blocks when strategies conflict above p
olicy limit (6.087154ms)
✔ StrategyEnsembleEngine rejects malformed votes without silent
failure (6.551846ms)
✔ StrategyRankingEngine ranks eligible candidates by Bayesian ev
idence adjusted for risk (22.235077ms)
✔ StrategyRankingEngine is deterministic for repeated input orde
r and tie-breaks by id (94.792539ms)
✔ StrategyRankingEngine rejects malformed candidates without sil
ent failure (7.779308ms)
✔ StressScenarioAnalyzer returns bounded stress metrics and draw
down surface (123.215769ms)
✔ StressScenarioAnalyzer rejects invalid roulette histories (6.2
18462ms)
✔ StressScenarioAnalyzer flags aggressive capital pressure witho
ut opening operational gate (72.427308ms)
✔ StressScenarioService returns institutional stress report with
 blocked gate (3923.388ms)
✔ StressScenarioService rejects corrupted datasets (6.185539ms)
✔ StructuredLogger emits sanitized JSON logs (3647.890924ms)
✔ SyntheticSessionGenerator creates deterministic balanced contr
ol sessions (55.615615ms)
✔ SyntheticSessionGenerator injects sector bias for physical-edg
e research (9.647846ms)
✔ SyntheticSessionGenerator creates drifting sessions with multi
ple segments (12.148ms)
✔ SyntheticSessionGenerator blocks oversized batches for low-mem
ory devices (3.745ms)
✔ SyntheticSessionGenerator rejects malformed requests without s
ilent failure (3.927846ms)
(node:14821) [MODULE_TYPELESS_PACKAGE_JSON] Warning: Module type
 of file:///root/rlsys-terminal-main/tests/synthetic-session-gen
erator.test.js is not specified and it doesn't parse as CommonJS
.
Reparsing as ES module because module syntax was detected. This
incurs a performance overhead.
To eliminate this warning, add "type": "module" to /root/rlsys-t
erminal-main/package.json.
(Use `node --trace-warnings ...` to show where the warning was c
reated)
✔ TemporalDecayEngine keeps fresh signals eligible with bounded
contribution (22.981692ms)
✔ TemporalDecayEngine blocks expired evidence before live decisi
on (3.942846ms)
✔ TemporalDecayEngine returns observation for aging but non-expi
red evidence (3.921693ms)
✔ TemporalDecayEngine rejects malformed signal without silent fa
ilure (3.882ms)
✔ VisionReliabilityInspector accepts complete high-quality warmu
p extraction (19.323384ms)
✔ VisionReliabilityInspector requires manual review for low item
 confidence (9.194308ms)
✔ VisionReliabilityInspector rejects incomplete high-rejection e
xtraction (6.553923ms)
✔ VisionWarmupNormalizer extracts valid roulette numbers from JS
ON markdown (34.409538ms)
✔ VisionWarmupNormalizer reports rejected OCR values without gue
ssing (4.686615ms)
✔ VisionWarmupNormalizer rejects payload without sequence (3.136
385ms)
✔ VisionWarmupNormalizer reads object values and exposes reliabi
lity review (7.533616ms)
✔ WalkForwardValidationLab accepts robust out-of-sample alpha ca
ndidate (40.347692ms)
✔ WalkForwardValidationLab flags train-positive validation-negat
ive overfit (8.560384ms)
✔ WalkForwardValidationLab returns inconclusive when validation
pass rate is weak but not pure overfit (9.898307ms)
✔ WalkForwardValidationLab is deterministic across repeated runs
 (10.84677ms)
✔ WalkForwardValidationLab rejects malformed outcomes without si
lent failure (4.417461ms)
✔ WalkForwardValidationLab blocks oversized research batches (3.
988538ms)
✔ WarmupSessionAnalyzer accepts complete balanced 100-round warm
up for research (37.597ms)
✔ WarmupSessionAnalyzer rejects invalid roulette values (7.36269
3ms)
✔ WarmupSessionAnalyzer marks incomplete warmup as NO_GO (4.7476
16ms)
✔ WarmupSessionService evaluates manual 100-round warmup with bl
ocked operational gate (3946.83ms)
✔ WarmupSessionService rejects corrupted warmup dataset (5.57846
1ms)
✔ WarmupSessionService evaluates vision raw JSON without opening
 operational gate (19.22023ms)
ℹ tests 242
ℹ suites 0
ℹ pass 241
ℹ fail 1
ℹ cancelled 0
ℹ skipped 0
ℹ todo 0
ℹ duration_ms 50702.961619

✖ failing tests:

test at tests/persistent-cooldown.test.js:31:1
✖ PersistentCooldown: Remove arquivo do disco quando tempo expir
a (17.31423ms)
  AssertionError [ERR_ASSERTION]: Expected values to be strictly
 equal:

  true !== false

      at TestContext.<anonymous> (/root/rlsys-terminal-main/test
s/persistent-cooldown.test.js:43:10)
      at Test.runInAsyncScope (node:async_hooks:226:14)
      at Test.run (node:internal/test_runner/test:1306:25)
      at Test.processPendingSubtests (node:internal/test_runner/
test:897:18)
      at Test.postRun (node:internal/test_runner/test:1447:19)
      at Test.run (node:internal/test_runner/test:1372:12)
      at async startSubtestAfterBootstrap (node:internal/test_ru
nner/harness:385:3) {
    generatedMessage: true,
    code: 'ERR_ASSERTION',
    actual: true,
    expected: false,
    operator: 'strictEqual',
    diff: 'simple'
  }
[root@localhost rlsys-terminal-main]#
[root@localhost rlsys-terminal-main]# rm rlsys-terminal-sprint-0
31-main-compile-hotfix.diff
[root@localhost rlsys-terminal-main]#
[root@localhost rlsys-terminal-main]# git add .
[root@localhost rlsys-terminal-main]# git commit -m "fix(main):
align live coordinator runtime calls"
[hotfix-main-live-coordinator-signature bcce4d3] fix(main): alig
n live coordinator runtime calls
 1 file changed, 1920 insertions(+)
 create mode 100644 logs/sprint-buffer-20260518-192334.log
[root@localhost rlsys-terminal-main]#
[root@localhost rlsys-terminal-main]# git push -u origin hotfix-
main-live-coordinator-signature
Enumerating objects: 6, done.
Counting objects: 100% (6/6), done.
Delta compression using up to 8 threads
Compressing objects: 100% (4/4), done.
Writing objects: 100% (4/4), 8.95 KiB | 458.00 KiB/s, done.
Total 4 (delta 2), reused 0 (delta 0), pack-reused 0 (from 0)
remote: Resolving deltas: 100% (2/2), completed with 2 local obj
ects.
remote:
remote: Create a pull request for 'hotfix-main-live-coordinator-
signature' on GitHub by visiting:
remote:      https://github.com/thiagocoder30/rlsys-terminal-mai
n/pull/new/hotfix-main-live-coordinator-signature
remote:
To https://github.com/thiagocoder30/rlsys-terminal-main.git
 * [new branch]      hotfix-main-live-coordinator-signature -> h
otfix-main-live-coordinator-signature
branch 'hotfix-main-live-coordinator-signature' set up to track
'origin/hotfix-main-live-coordinator-signature'.
[root@localhost rlsys-terminal-main]#
[root@localhost rlsys-terminal-main]# git checkout main
Switched to branch 'main'
Your branch is up to date with 'origin/main'.
[root@localhost rlsys-terminal-main]# git pull origin main
From https://github.com/thiagocoder30/rlsys-terminal-main
 * branch            main       -> FETCH_HEAD
Already up to date.
[root@localhost rlsys-terminal-main]# git merge hotfix-main-live
-coordinator-signature
Updating a52e284..bcce4d3
Fast-forward
 logs/sprint-buffer-20260518-192334.log | 1920 ++++++++++++++++
 1 file changed, 1920 insertions(+)
 create mode 100644 logs/sprint-buffer-20260518-192334.log
[root@localhost rlsys-terminal-main]# git push origin main
Total 0 (delta 0), reused 0 (delta 0), pack-reused 0 (from 0)
To https://github.com/thiagocoder30/rlsys-terminal-main.git
   a52e284..bcce4d3  main -> main
[root@localhost rlsys-terminal-main]#
[root@localhost rlsys-terminal-main]# ./capture-sprint-buffer.sh

