[root@localhost rlsys-terminal-main]#
[root@localhost rlsys-terminal-main]# #!/bin/bash
set -uo pipefail

# Cores para o alerta visual
GREEN='\033[0;32m'
RED='\033[0;31m'
NC='\033[0m'
BOLD='\033[1m'

LOG_FILE="sprint_048_live_coordinator.log"
> "$LOG_FILE"

log() {
    echo -e "[$(date +'%H:%M:%S')] $1" | tee -a "$LOG_FILE"
}

error_handler() {
    echo -e "\n${RED}${BOLD}━━━━━━━━━━━━━━━━━━━━━━━━━━━━━━━━━━━━
━━━━━━━━━━━━━━━━━━━━━━━━━${NC}"
    echo -e "${RED}${BOLD}   ❌ ERRO DETECTADO NA LINHA $1${NC}"

    echo -e "${RED}   A Sprint 048 foi interrompida para protege
r o núcleo.${NC}"
    echo -e "${RED}${BOLD}━━━━━━━━━━━━━━━━━━━━━━━━━━━━━━━━━━━━━━
━━━━━━━━━━━━━━━━━━━━━━━${NC}"
    return 1 2>/dev/null || exit 1
}

trap 'error_handler $LINENO' ERR

log "======================================================"
log " INICIANDO SPRINT 048 - LIVE SESSION COORDINATOR "
log "======================================================"

cd "$HOME/rlsys-terminal-main"

# 1. Preparação do Git
log "=> Sincronizando repositório..."
git checkout main
git pull origin main

log "=> Preparando branch isolada..."
git branch -D sprint-048-live-coordinator 2>/dev/null || true
git checkout -b sprint-048-live-coordinator

log "=> Criando estrutura do ciclo de evento principal..."
mkdir -p src/application/live
mkdir -p tests/live

# 2. Escrita: Contratos e Portas de Integração (DIP)
cat << 'EOF' > src/application/live/IntegrationPorts.ts
import { CurrentLiveState, DecisionResult } from '../../domain/d
ecision/DecisionContracts';

// Enumeração global de estados defensivos
export enum DefenseStatus {
  CLEAR = 'CLEAR',
  BLOCKED = 'BLOCKED'
}

export interface SystemHealthGuard {
  checkHealth(): DefenseStatus;
}

export interface FinancialGuard {
  authorizeEntry(): DefenseStatus;
}

export interface CooldownGuard {
  isOperatorReady(currentTimeMs: number): DefenseStatus;
}

export interface TacticalEngine {
  evaluate(liveState: CurrentLiveState): DecisionResult;
}
EOF

# 3. Escrita: O Coordenador Principal (O(1) Hot Path)
cat << 'EOF' > src/application/live/LiveSessionCoordinator.ts
import { SystemHealthGuard, FinancialGuard, CooldownGuard, Tacti
calEngine, DefenseStatus } from './IntegrationPorts';
import { CurrentLiveState, DecisionResult, ActionSignal } from '
../../domain/decision/DecisionContracts';

export class LiveSessionCoordinator {
  constructor(
    private readonly healthGuard: SystemHealthGuard,
    private readonly financialGuard: FinancialGuard,
    private readonly cooldownGuard: CooldownGuard,
    private readonly tacticalEngine: TacticalEngine
  ) {}

  /**
   * Ponto de entrada do sistema durante uma sessão ao vivo.
   * Complexidade: O(1). Pipeline defensivo estrito.
   */
  public processLiveSpin(liveState: CurrentLiveState, currentTim
eMs: number): DecisionResult {
    try {
      // 1. Camada 0: Integridade do Sistema (Emergency Freeze)
      if (this.healthGuard.checkHealth() === DefenseStatus.BLOCK
ED) {
        return this.buildRejection('SYSTEM_HEALTH_COMPROMISED');

      }

      // 2. Camada 1: Proteção de Capital (Circuit Breaker / Dra
wdown)
      if (this.financialGuard.authorizeEntry() === DefenseStatus
.BLOCKED) {
        return this.buildRejection('FINANCIAL_DRAWDOWN_OR_BREAKE
R_ACTIVE');
      }

      // 3. Camada 2: Proteção Psicológica (Cooldown do Operador
)
      if (this.cooldownGuard.isOperatorReady(currentTimeMs) ===
DefenseStatus.BLOCKED) {
        return this.buildRejection('OPERATOR_IN_COOLDOWN');
      }

      // 4. Camada 3: Execução Tática (Knowledge Engine)
      // Chegando aqui, o sistema tem 100% de autorização para l
er o mercado.
      return this.tacticalEngine.evaluate(liveState);

    } catch (error) {
      // Postura Institucional Fail-Closed: Qualquer excepção nã
o tratada vira NO_GO
      return this.buildRejection('UNEXPECTED_RUNTIME_EXCEPTION')
;
    }
  }

  private buildRejection(reason: string): DecisionResult {
    return {
      action: ActionSignal.NO_GO,
      expectedEV: 0,
      confidence: 0,
      reason
    };
  }
}
EOF

# 4. Escrita: Testes Unitários O(1) do Coordenador
cat << 'EOF' > tests/live/session-coordinator.test.js
const test = require('node:test');
const assert = require('node:assert');
const { LiveSessionCoordinator } = require('../../dist/applicati
on/live/LiveSessionCoordinator');
const { DefenseStatus } = require('../../dist/application/live/I
ntegrationPorts');
const { ActionSignal } = require('../../dist/domain/decision/Dec
isionContracts');

// Mocks otimizados (simulando a Fase 1 e 2)
const createMocks = () => ({
  healthGuard: { checkHealth: () => DefenseStatus.CLEAR },
  financialGuard: { authorizeEntry: () => DefenseStatus.CLEAR },

  cooldownGuard: { isOperatorReady: () => DefenseStatus.CLEAR },

  tacticalEngine: { evaluate: () => ({ action: ActionSignal.SIGN
AL, expectedEV: 0.10, confidence: 0.90, reason: 'ALPHA_CONFIRMED
' }) }
});

const mockLiveState = { dealerId: 'D_ALICE', wheelSpeedCategory:
 'NORMAL', targetSector: 32 };

test('LiveCoordinator: Atravessa pipeline e devolve SIGNAL quand
o tudo está verde', () => {
  const mocks = createMocks();
  const coordinator = new LiveSessionCoordinator(mocks.healthGua
rd, mocks.financialGuard, mocks.cooldownGuard, mocks.tacticalEng
ine);

  const result = coordinator.processLiveSpin(mockLiveState, 1000
);

  assert.strictEqual(result.action, ActionSignal.SIGNAL);
  assert.strictEqual(result.reason, 'ALPHA_CONFIRMED');
});

test('LiveCoordinator: Bloqueia na Camada 0 (Problema de Saúde d
o Sistema)', () => {
  const mocks = createMocks();
  mocks.healthGuard.checkHealth = () => DefenseStatus.BLOCKED; /
/ Simula falha na câmera/freeze
  const coordinator = new LiveSessionCoordinator(mocks.healthGua
rd, mocks.financialGuard, mocks.cooldownGuard, mocks.tacticalEng
ine);

  const result = coordinator.processLiveSpin(mockLiveState, 1000
);

  assert.strictEqual(result.action, ActionSignal.NO_GO);
  assert.strictEqual(result.reason, 'SYSTEM_HEALTH_COMPROMISED')
;
});

test('LiveCoordinator: Bloqueia na Camada 1 (Drawdown atingido)'
, () => {
  const mocks = createMocks();
  mocks.financialGuard.authorizeEntry = () => DefenseStatus.BLOC
KED; // Banca em risco
  const coordinator = new LiveSessionCoordinator(mocks.healthGua
rd, mocks.financialGuard, mocks.cooldownGuard, mocks.tacticalEng
ine);

  const result = coordinator.processLiveSpin(mockLiveState, 1000
);

  assert.strictEqual(result.action, ActionSignal.NO_GO);
  assert.strictEqual(result.reason, 'FINANCIAL_DRAWDOWN_OR_BREAK
ER_ACTIVE');
});

test('LiveCoordinator: Fail-Closed em caso de quebra de runtime'
, () => {
  const mocks = createMocks();
  mocks.tacticalEngine.evaluate = () => { throw new Error("Memór
ia RAM Esgotada"); };
  const coordinator = new LiveSessionCoordinator(mocks.healthGua
rd, mocks.financialGuard, mocks.cooldownGuard, mocks.tacticalEng
ine);

  const result = coordinator.processLiveSpin(mockLiveState, 1000
);

  assert.strictEqual(result.action, ActionSignal.NO_GO);
  assert.strictEqual(result.reason, 'UNEXPECTED_RUNTIME_EXCEPTIO
N');
});
EOF

# 5. Compilação e Teste
log "=> Instalando dependências e a compilar (TypeScript)..."
npm ci && npm run build

log "=> Executando validação do Main Event Loop O(1)..."
npm test

# 6. Finalização Git
log "=> Guardar registos e integrar (Merge)..."
git add .
git commit -m "feat(live): core event loop coordinator with pipe
line defense layers"
git push -u origin sprint-048-live-coordinator

git checkout main
git merge sprint-048-live-coordinator
git push origin main

# 7. Banner de Sucesso
echo -e "\n${GREEN}${BOLD}━━━━━━━━━━━━━━━━━━━━━━━━━━━━━━━━━━━━━━
━━━━━━━━━━━━━━━━━━━━━━━${NC}"
echo -e "${GREEN}${BOLD}   ⚡ SPRINT 048 CONCLUÍDA: MAIN EVENT L
OOP ATIVO!${NC}"
echo -e "${GREEN}   • FASE 4 INICIADA (Integração Final).${NC}"
echo -e "${GREEN}   • Todas as defesas (Fase 1) acopladas ao mot
or de decisão.${NC}"
echo -e "${GREEN}   • Pipeline de execução O(1) com Fail-Closed
garantido.${NC}"
echo -e "${GREEN}${BOLD}━━━━━━━━━━━━━━━━━━━━━━━━━━━━━━━━━━━━━━━━
━━━━━━━━━━━━━━━━━━━━━${NC}"
log "Operação terminada. Terminal livre para uso."
[21:40:57] =====================================================
=
[21:40:57]  INICIANDO SPRINT 048 - LIVE SESSION COORDINATOR
[21:40:57] =====================================================
=
[21:40:57] => Sincronizando repositório...
Already on 'main'
Your branch is up to date with 'origin/main'.
From https://github.com/thiagocoder30/rlsys-terminal-main
 * branch            main       -> FETCH_HEAD
Already up to date.
[21:41:00] => Preparando branch isolada...
Switched to a new branch 'sprint-048-live-coordinator'
[21:41:01] => Criando estrutura do ciclo de evento principal...
[21:41:01] => Instalando dependências e a compilar (TypeScript).
..

added 98 packages, and audited 99 packages in 20s

19 packages are looking for funding
  run `npm fund` for details

found 0 vulnerabilities

> rl-sys-core@2.9.0 build
> tsc

src/domain/decision/DecisionLookupEngine.ts:42:18 - error TS2339
: Property 'confidence' does not exist on type 'SectorEdge'.

42     if (bestEdge.confidence < 0.85) {
                    ~~~~~~~~~~


Found 1 error in src/domain/decision/DecisionLookupEngine.ts:42


━━━━━━━━━━━━━━━━━━━━━━━━━━━━━━━━━━━━━━━━━━━━━━━━━━━━━━━━━━━━━
   ❌ ERRO DETECTADO NA LINHA 2799
   A Sprint 048 foi interrompida para proteger o núcleo.
━━━━━━━━━━━━━━━━━━━━━━━━━━━━━━━━━━━━━━━━━━━━━━━━━━━━━━━━━━━━━
[21:42:06] => Executando validação do Main Event Loop O(1)...

> rl-sys-core@2.9.0 test
> node --test tests/*.test.js

✔ AdaptiveConfidenceEngine allows mature low-noise signal calibr
ation (21.275307ms)
✔ AdaptiveConfidenceEngine observes marginal confidence near dyn
amic threshold (3.770539ms)
✔ AdaptiveConfidenceEngine blocks noisy low-quality calibration
(5.197769ms)
✔ AdaptiveConfidenceEngine rejects malformed input without silen
t failure (4.784462ms)
✔ AdvancedWalkForwardService rejects corrupted datasets (29960.8
25694ms)
✔ AdvancedWalkForwardService returns blocked research report for
 clean dataset (390.816ms)
✔ AdvancedWalkForwardValidator rejects invalid roulette history
(16.044384ms)
✔ AdvancedWalkForwardValidator detects low robustness on balance
d data (165.282308ms)
✔ AdvancedWalkForwardValidator surfaces candidate for persistent
 out-of-sample bias (85.900769ms)
✔ BayesianEdgeValidator rejects insufficient evidence (17.761ms)
✔ BayesianEdgeValidator supports strong positive out-of-sample e
vidence (4.144462ms)
✔ BenchmarkComparisonService rejects corrupted datasets (3917.28
2154ms)
✔ BenchmarkComparisonService returns institutional benchmark rep
ort with blocked gate (1290.143384ms)
✔ BootstrapResampler creates deterministic block samples with ch
ecksums (46.264692ms)
✔ BootstrapResampler rejects insufficient history (5.27777ms)
✔ CapitalExposureService returns institutional capital report wi
th blocked gate (3387.774692ms)
✔ CapitalExposureService rejects corrupted datasets (4.696923ms)
✔ CapitalExposureSimulator returns bounded capital survival metr
ics (65.088153ms)
✔ CapitalExposureSimulator rejects invalid roulette histories (5
.267769ms)
✔ CapitalExposureSimulator flags aggressive capital pressure wit
hout opening operational gate (29.259ms)
✔ ConfidenceScorer returns a bounded score and grade (10.461461m
s)
✔ ConfigValidator accepts production-safe defaults with warnings
 only (14.009ms)
✔ ConfigValidator rejects invalid ports and log levels (4.330923
ms)
✔ DataIntegrityValidator accepts research-sized canonical datase
ts (36.324769ms)
✔ DataIntegrityValidator blocks insufficient datasets (4.512308m
s)
✔ DatasetEngine parses and normalizes CSV datasets with checksum
s (4603.358769ms)
✔ DatasetEngine rejects invalid spin values without throwing (4.
858231ms)
✔ DatasetRegistryEngine accepts high quality datasets with deter
ministic checksums (45.520384ms)
✔ DatasetRegistryEngine requires review for OCR datasets with we
ak reliability (6.830692ms)
✔ DatasetRegistryEngine blocks corrupted roulette sample values
(6.967847ms)
✔ DatasetRegistryEngine rejects duplicate dataset ids without si
lent failure (4.032154ms)
✔ DatasetRegistryEngine blocks oversized dataset batches before
processing (3.643385ms)
✔ DatasetRegistryEngine can block synthetic datasets by policy (
4.410539ms)
✔ DealerSignatureEngine detects persistent dealer sector signatu
re (28.375154ms)
✔ DealerSignatureEngine returns inconclusive for balanced dealer
 history (5.951154ms)
✔ DealerSignatureEngine blocks insufficient dealer sample (12.71
4231ms)
✔ DealerSignatureEngine rejects malformed roulette values withou
t silent failure (6.856384ms)
✔ DealerSignatureEngine blocks oversized batches for low-end har
dware safety (3.686077ms)
✔ DealerSignatureEngine is deterministic for repeated analysis (
6.385923ms)
✔ DecisionOrchestrator connects ranking to research-only live de
cision (51.843538ms)
✔ DecisionOrchestrator keeps observation state when live session
 is not ready (8.754385ms)
✔ DecisionOrchestrator returns typed Result error for malformed
input (6.317308ms)
✔ DecisionOrchestrator blocks research signal when regime policy
 blocks signals (23.165231ms)
✔ DecisionOrchestrator blocks research signal when ensemble repo
rts strategic conflict (17.147846ms)
✔ DecisionOrchestrator blocks research signal when temporal deca
y expires evidence (11.514231ms)
✔ DecisionOrchestrator blocks research signal when adaptive conf
idence is too low (15.808ms)
✔ DeterministicReplayStudio replays command streams with stable
checksums (3789.364231ms)
✔ DeterministicReplayStudio preserves idempotency for duplicate
frame events (5.621077ms)
✔ DeterministicReplayStudio replays verified persistence records
 (16.688923ms)
✔ DeterministicReplayStudio blocks checkpoint mismatches without
 throwing (5.769385ms)
✔ DeterministicReplayStudio rejects malformed requests without s
ilent failure (22.413693ms)
✔ EdgePersistenceAnalyzer returns no persistent edge for rotatin
g balanced data (155.482615ms)
✔ EdgePersistenceAnalyzer flags stable concentrated evidence as
persistent research signal (50.529924ms)
✔ EdgePersistenceAnalyzer estimates decay direction for fading s
ignals (47.222539ms)
✔ EmergencyGuard: Permite operacao com telemetria saudavel (15.7
36307ms)
✔ EmergencyGuard: Congela por perda de Heartbeat (Morte do Senso
r) (2.682846ms)
✔ EmergencyGuard: Congela por cegueira do OCR (Baixa Confianca)
(2.213154ms)
✔ EmergencyGuard: Congela por alta latencia (Risco de delay na a
cao) (3.437384ms)
✔ EmergencyGuard: Avaliacao O(1) nao aloca memoria se saudavel (
3.268615ms)
✔ EVRiskAnalyticsEngine identifies positive edge candidate under
 bounded risk (114.533693ms)
✔ EVRiskAnalyticsEngine blocks negative expected value samples (
5.328308ms)
✔ EVRiskAnalyticsEngine blocks insufficient samples even when pr
ofitable (4.616923ms)
✔ EVRiskAnalyticsEngine exposes deterministic checksums for repe
ated analytics (4.925154ms)
✔ EVRiskAnalyticsEngine rejects malformed outcomes without silen
t failure (4.371846ms)
✔ EVRiskAnalyticsEngine blocks oversized analytics batches befor
e processing (2.505154ms)
✔ ExplainabilityEngine generates deterministic audit narrative f
or research signal (60.221384ms)
✔ ExplainabilityEngine surfaces blockers as primary reason for r
ejected decisions (10.175ms)
✔ ExplainabilityEngine bounds evidence list for low-memory opera
tor UI (14.705077ms)
✔ ExplainabilityEngine rejects malformed input without silent fa
ilure (3.668ms)
✔ HealthCheckService reports readiness with writable data direct
ory (12170.435693ms)
✔ HypothesisValidator keeps operational gate blocked without str
ong large-sample evidence (34.257231ms)
✔ IncrementalStatisticsEngine updates bounded rolling metrics wi
thout recompute over full history (46.359769ms)
✔ IncrementalStatisticsEngine preserves idempotency for duplicat
e round events (3.585308ms)
✔ IncrementalStatisticsEngine detects concentrated low-entropy w
indows (17.203615ms)
✔ IncrementalStatisticsEngine replays deterministically with mat
ching checksum (46.367385ms)
✔ IncrementalStatisticsEngine rejects malformed roulette values
without silent failure (15.486846ms)
✔ InputHardeningEngine accepts bounded manual roulette payloads
(49.723615ms)
✔ InputHardeningEngine rejects invalid roulette values before do
main processing (7.546077ms)
✔ InputHardeningEngine rejects suspicious tokens and prototype p
ollution keys (5.178461ms)
✔ InputHardeningEngine sanitizes long strings without mutating p
ayload (10.617461ms)
✔ InputHardeningEngine rejects payloads exceeding bounded array
policy (65.535154ms)
✔ InputHardeningEngine returns typed Result error for malformed
request (3.276077ms)
✔ InstitutionalBacktestEngine returns bounded institutional metr
ics and gates (238.941ms)
✔ InstitutionalBacktestEngine rejects invalid roulette history (
12.273384ms)
✔ InstitutionalBacktestService rejects corrupted datasets and ke
eps operational gate blocked (6693.981154ms)
✔ InstitutionalBacktestService returns institutional research re
port for clean dataset (317.910308ms)
✔ InternalEventBus delivers events to observers in a typed deter
ministic report (31.857077ms)
✔ InternalEventBus preserves idempotency for duplicate event ids
 (6.255692ms)
✔ InternalEventBus isolates observer failures without throwing t
hrough publisher (85.122307ms)
✔ InternalEventBus rejects malformed events without silent failu
re (4.027307ms)
✔ LiveSessionRuntimeService collects rounds before decision read
iness (3320.873077ms)
✔ LiveSessionRuntimeService invokes decision layer after 100 rou
nds while keeping live gate blocked (170.248769ms)
✔ LiveSessionRuntimeService reports duplicate events idempotentl
y (3.834538ms)
✔ LiveSessionRuntimeService rejects malformed round input (5.324
154ms)
✔ LiveSessionRuntimeService surfaces cooldown without invoking l
ive stake (60.466461ms)
✔ LiveSessionRuntime ingests rounds incrementally with bounded w
indows (3373.587462ms)
✔ LiveSessionRuntime is idempotent for duplicated event ids (4.3
19539ms)
✔ LiveSessionRuntime rejects invalid roulette values without sil
ent failure (3.958ms)
✔ LiveSessionRuntime exposes deterministic control frame for dec
ision readiness (13.415461ms)
✔ LiveSessionRuntime enters cooldown on concentrated rolling win
dow (9.224846ms)
✔ MetricsRegistry captures counters, timers, uptime and memory (
11665.516847ms)
✔ MonteCarloEngine returns bounded institutional risk metrics (3
0.152615ms)
(node:30903) [MODULE_TYPELESS_PACKAGE_JSON] Warning: Module type
 of file:///root/rlsys-terminal-main/tests/monte-carlo-research-
studio.test.js is not specified and it doesn't parse as CommonJS
.
Reparsing as ES module because module syntax was detected. This
incurs a performance overhead.
To eliminate this warning, add "type": "module" to /root/rlsys-t
erminal-main/package.json.
(Use `node --trace-warnings ...` to show where the warning was c
reated)
✔ MonteCarloResearchStudio accepts robust candidate under varian
ce stress (67.413538ms)
✔ MonteCarloResearchStudio blocks fragile candidate when drawdow
n and ruin risk are excessive (18.596615ms)
✔ MonteCarloResearchStudio is deterministic for the same seed an
d inputs (31.443769ms)
✔ MonteCarloResearchStudio blocks oversized research batches (4.
210231ms)
✔ MonteCarloResearchStudio rejects malformed outcomes without si
lent failure (3.894307ms)
✔ MonteCarloV2Engine returns bounded bootstrap risk metrics (336
.360385ms)
✔ MonteCarloV2Engine surfaces robust candidate without opening o
perational gate (174.012153ms)
✔ MonteCarloV2Engine rejects invalid histories (6.563923ms)
✔ MonteCarloV2Service returns institutional blocked research rep
ort (4005.088538ms)
✔ MonteCarloV2Service rejects corrupted datasets (8.037615ms)
✔ OfflineResearchRunner processes clean datasets with determinis
tic checksum (3467.098ms)
✔ OfflineResearchRunner preserves replay idempotency metrics for
 duplicate events (7.876692ms)
✔ OfflineResearchRunner blocks oversized offline batches before
replay (3.802077ms)
✔ OfflineResearchRunner rejects malformed datasets without silen
t failure (3.586077ms)
✔ OfflineResearchRunner reports no signal-like frames without tr
eating it as failure (16.826846ms)
✔ CooldownGuard: Inicia inativo (Permissivo) (15.128077ms)
✔ CooldownGuard: Aplica penalidade correta e bloqueia (3.574077m
s)
✔ CooldownGuard: Libera o sistema após expiração do tempo (2.563
308ms)
✔ CooldownGuard: Evita bypass - Nao substitui bloqueio maior por
 um menor (2.446538ms)
✔ OperatorHudProjectionEngine creates deterministic research-onl
y HUD projection (94.573923ms)
✔ OperatorHudProjectionEngine surfaces blocked decisions as dang
er mode (10.839923ms)
✔ OperatorHudProjectionEngine bounds cards for low-memory operat
or UI (8.033769ms)
✔ OperatorHudProjectionEngine rejects malformed input without si
lent failure (3.263154ms)
✔ PersistenceResearchService rejects corrupted tiny dataset (32.
051154ms)
✔ PersistenceResearchService returns research-ready status for p
ersistent evidence while keeping operational gate blocked (7099.
120539ms)
✔ PersistentCooldown: Guarda estado no disco e restaura em nova
instancia (24.052692ms)
✖ PersistentCooldown: Remove arquivo do disco quando tempo expir
a (15.056154ms)
✔ Cleanup: Remove test storage (11.852385ms)
✔ RegimeClassificationEngine classifies balanced history as stab
le research regime (34.485385ms)
✔ RegimeClassificationEngine blocks chaotic concentrated history
 (6.099231ms)
✔ RegimeClassificationEngine detects drifting sector pressure wi
thout opening signals (7.68077ms)
✔ RegimeClassificationEngine returns typed Result error for malf
ormed history (5.680077ms)
✔ RegimeDetector returns bounded stability and windows (40.11038
5ms)
✔ RegimeDetector marks very small samples as unstable (3.405385m
s)
✔ ReleaseReadinessService returns review when config has warning
s but no blockers (3333.791692ms)
✔ ReleaseReadinessService blocks failed readiness checks (3.1284
61ms)
✔ ResearchDatasetService returns accepted report for clean resea
rch dataset (3318.661539ms)
✔ ResearchDatasetService rejects corrupted dataset (7.336846ms)
✔ ResearchExperimentOrchestrator promotes governed positive edge
 to alpha candidate (33.245ms)
✔ ResearchExperimentOrchestrator blocks when analytics is negati
ve or inconclusive (3.770231ms)
✔ ResearchExperimentOrchestrator blocks mismatched dataset count
s without silent failure (3.887462ms)
✔ ResearchExperimentOrchestrator is deterministic for repeated e
xperiment envelopes (4.531769ms)
✔ ResearchExperimentOrchestrator blocks insufficient offline fra
me evidence (4.196769ms)
✔ ResearchReportingService rejects corrupted datasets with audit
 envelope (14921.27454ms)
✔ ResearchReportingService consolidates all research modules whi
le keeping operational gate blocked (614.166616ms)
✔ DrawdownMonitor: Mantem status HEALTHY em flutuacoes normais (
13.540692ms)
✔ DrawdownMonitor: Dispara VELOCITY_ALERT em queda brusca (3.512
693ms)
✔ DrawdownMonitor: Garante idempotencia e rejeita rodadas duplic
adas (2.065462ms)
✔ RuntimePerformanceBudgetEngine keeps low-end runtime within bu
dget (25.874923ms)
✔ RuntimePerformanceBudgetEngine throttles when queue and latenc
y exceed policy (5.663461ms)
✔ RuntimePerformanceBudgetEngine blocks live evaluation on criti
cal thermal state (3.567153ms)
✔ RuntimePerformanceBudgetEngine produces deterministic checksum
s for repeated samples (4.059769ms)
✔ RuntimePerformanceBudgetEngine rejects malformed samples witho
ut silent failure (3.715154ms)
✔ RuntimeSanityEngine accepts healthy runtime alignment (21.7873
85ms)
✔ RuntimeSanityEngine requires review for moderate divergence (3
.379769ms)
✔ RuntimeSanityEngine detects paradigm break under severe diverg
ence (4.723538ms)
✔ RuntimeSanityEngine blocks insufficient runtime sample (3.4641
54ms)
✔ RuntimeSanityEngine rejects malformed runtime input (3.270461m
s)
✔ securityHeaders applies baseline hardening headers (13.190462m
s)
✔ valueToState maps roulette values to institutional states (13.
397462ms)
✔ SequentialBiasDetector returns low evidence for rotating balan
ced states (38.026462ms)
✔ SequentialBiasDetector flags persistent temporal clusters (19.
361769ms)
✔ SequentialResearchService rejects corrupted tiny dataset (44.8
51846ms)
✔ SequentialResearchService returns a temporal report for persis
tent dataset (127.617307ms)
✔ Sessao Saudavel (14.490307ms)
✔ Disparo Stop Loss (7.26923ms)
✔ SessionPersistenceEngine creates and verifies deterministic pe
rsistence records (11881.334232ms)
✔ SessionPersistenceEngine replays journal for crash recovery wi
th matching checksum (20.763077ms)
✔ SessionPersistenceEngine preserves idempotency during replay (
10.497847ms)
✔ SessionPersistenceEngine rejects corrupted records without sil
ent failure (5.501231ms)
✔ SpatialClusterCorrelationEngine detects contextual spatial clu
ster (31.037462ms)
✔ SpatialClusterCorrelationEngine remains deterministic for repe
ated evaluation (22.531154ms)
✔ SpatialClusterCorrelationEngine returns inconclusive for balan
ced contexts (8.325616ms)
✔ SpatialClusterCorrelationEngine blocks insufficient sample (3.
398307ms)
✔ SpatialClusterCorrelationEngine rejects malformed roulette val
ues without silent failure (5.853615ms)
✔ StatisticalResearchService returns inconclusive research repor
t for clean uniform dataset (4641.013616ms)
✔ StatisticalResearchService rejects corrupted tiny dataset (16.
036692ms)
✔ StatisticalSignificanceEngine treats balanced roulette distrib
ution as low evidence (30.56577ms)
✔ StatisticalSignificanceEngine flags concentrated deviation as
significant (10.680692ms)
✔ StrategyBenchmarkEngine rejects invalid histories (20.738769ms
)
✔ StrategyBenchmarkEngine returns bounded benchmark metrics (638
.922ms)
✔ StrategyBenchmarkEngine can surface candidate without opening
operational gate (542.81023ms)
✔ StrategyComparisonFramework selects a clear risk-adjusted lead
er (36.446385ms)
✔ StrategyComparisonFramework returns no clear leader for close
candidates (4.889539ms)
✔ StrategyComparisonFramework blocks candidates that fail eligib
ility policy (9.354ms)
✔ StrategyComparisonFramework is deterministic across repeated c
omparisons (89.79723ms)
✔ StrategyComparisonFramework rejects malformed input without si
lent failure (4.046847ms)
✔ StrategyComparisonFramework blocks oversized comparison batche
s (2.735846ms)
✔ StrategyDecisionEngine returns research-only entry candidate f
or strong evidence (36.989539ms)
✔ StrategyDecisionEngine blocks NO_GO warmup regardless of other
 evidence (5.325462ms)
✔ StrategyDecisionEngine never opens live stake even for candida
tes (3.664538ms)
✔ StrategyDecisionEngine blocks unsafe bankroll progression when
 stake does not fit stop loss budget (4.028154ms)
✔ StrategyDecisionEngine exposes no-stake bankroll guard for obs
ervation states (11.843307ms)
✔ StrategyDecisionService returns blocked governance decision fo
r clean session (7105.863692ms)
✔ StrategyDecisionService rejects corrupted tiny sessions throug
h decision blockers (14.447769ms)
✔ RouletteStats rejects invalid roulette numbers (18.491615ms)
✔ StrategyEngine locks insufficient samples (4.21677ms)
✔ StrategyEngine returns institutional analysis shape for valid
sample (20.844693ms)
✔ BacktestEngine produces a stable walk-forward summary (296.349
692ms)
✔ RiskPolicy blocks strategy without enough walk-forward evidenc
e (6.058308ms)
✔ StrategyEnsembleEngine forms consensus from aligned strategy v
otes (23.64377ms)
✔ StrategyEnsembleEngine blocks when strategies conflict above p
olicy limit (4.562ms)
✔ StrategyEnsembleEngine rejects malformed votes without silent
failure (5.793615ms)
✔ StrategyRankingEngine ranks eligible candidates by Bayesian ev
idence adjusted for risk (20.196769ms)
✔ StrategyRankingEngine is deterministic for repeated input orde
r and tie-breaks by id (91.863923ms)
✔ StrategyRankingEngine rejects malformed candidates without sil
ent failure (7.292385ms)
✔ StressScenarioAnalyzer returns bounded stress metrics and draw
down surface (132.038154ms)
✔ StressScenarioAnalyzer rejects invalid roulette histories (5.9
49769ms)
✔ StressScenarioAnalyzer flags aggressive capital pressure witho
ut opening operational gate (71.378539ms)
✔ StressScenarioService returns institutional stress report with
 blocked gate (4512.050384ms)
✔ StressScenarioService rejects corrupted datasets (6.979231ms)
✔ StructuredLogger emits sanitized JSON logs (3856.504693ms)
(node:31188) [MODULE_TYPELESS_PACKAGE_JSON] Warning: Module type
 of file:///root/rlsys-terminal-main/tests/synthetic-session-gen
erator.test.js is not specified and it doesn't parse as CommonJS
.
Reparsing as ES module because module syntax was detected. This
incurs a performance overhead.
To eliminate this warning, add "type": "module" to /root/rlsys-t
erminal-main/package.json.
(Use `node --trace-warnings ...` to show where the warning was c
reated)
✔ SyntheticSessionGenerator creates deterministic balanced contr
ol sessions (46.48977ms)
✔ SyntheticSessionGenerator injects sector bias for physical-edg
e research (15.811154ms)
✔ SyntheticSessionGenerator creates drifting sessions with multi
ple segments (13.503616ms)
✔ SyntheticSessionGenerator blocks oversized batches for low-mem
ory devices (3.835385ms)
✔ SyntheticSessionGenerator rejects malformed requests without s
ilent failure (4.344077ms)
✔ TemporalDecayEngine keeps fresh signals eligible with bounded
contribution (26.567ms)
✔ TemporalDecayEngine blocks expired evidence before live decisi
on (4.349154ms)
✔ TemporalDecayEngine returns observation for aging but non-expi
red evidence (3.833385ms)
✔ TemporalDecayEngine rejects malformed signal without silent fa
ilure (4.160231ms)
✔ VisionReliabilityInspector accepts complete high-quality warmu
p extraction (18.860539ms)
✔ VisionReliabilityInspector requires manual review for low item
 confidence (7.163615ms)
✔ VisionReliabilityInspector rejects incomplete high-rejection e
xtraction (3.854769ms)
✔ VisionWarmupNormalizer extracts valid roulette numbers from JS
ON markdown (31.67623ms)
✔ VisionWarmupNormalizer reports rejected OCR values without gue
ssing (4.500307ms)
✔ VisionWarmupNormalizer rejects payload without sequence (3.174
307ms)
✔ VisionWarmupNormalizer reads object values and exposes reliabi
lity review (5.697692ms)
✔ WalkForwardValidationLab accepts robust out-of-sample alpha ca
ndidate (34.846539ms)
✔ WalkForwardValidationLab flags train-positive validation-negat
ive overfit (7.326846ms)
✔ WalkForwardValidationLab returns inconclusive when validation
pass rate is weak but not pure overfit (6.78223ms)
✔ WalkForwardValidationLab is deterministic across repeated runs
 (11.062384ms)
✔ WalkForwardValidationLab rejects malformed outcomes without si
lent failure (3.637923ms)
✔ WalkForwardValidationLab blocks oversized research batches (2.
958308ms)
✔ WarmupSessionAnalyzer accepts complete balanced 100-round warm
up for research (32.165385ms)
✔ WarmupSessionAnalyzer rejects invalid roulette values (6.37515
4ms)
✔ WarmupSessionAnalyzer marks incomplete warmup as NO_GO (4.5163
08ms)
✔ WarmupSessionService evaluates manual 100-round warmup with bl
ocked operational gate (3552.278154ms)
✔ WarmupSessionService rejects corrupted warmup dataset (6.667ms
)
✔ WarmupSessionService evaluates vision raw JSON without opening
 operational gate (19.256ms)
ℹ tests 242
ℹ suites 0
ℹ pass 241
ℹ fail 1
ℹ cancelled 0
ℹ skipped 0
ℹ todo 0
ℹ duration_ms 46128.250849

✖ failing tests:

test at tests/persistent-cooldown.test.js:31:1
✖ PersistentCooldown: Remove arquivo do disco quando tempo expir
a (15.056154ms)
  AssertionError [ERR_ASSERTION]: Expected values to be strictly
 equal:

  true !== false

      at TestContext.<anonymous> (/root/rlsys-terminal-main/test
s/persistent-cooldown.test.js:43:10)
      at Test.runInAsyncScope (node:async_hooks:226:14)
      at Test.run (node:internal/test_runner/test:1201:25)
      at Test.processPendingSubtests (node:internal/test_runner/
test:831:18)
      at Test.postRun (node:internal/test_runner/test:1330:19)
      at Test.run (node:internal/test_runner/test:1258:12)
      at async startSubtestAfterBootstrap (node:internal/test_ru
nner/harness:385:3) {
    generatedMessage: true,
    code: 'ERR_ASSERTION',
    actual: true,
    expected: false,
    operator: 'strictEqual',
    diff: 'simple'
  }

━━━━━━━━━━━━━━━━━━━━━━━━━━━━━━━━━━━━━━━━━━━━━━━━━━━━━━━━━━━━━
   ❌ ERRO DETECTADO NA LINHA 2802
   A Sprint 048 foi interrompida para proteger o núcleo.
━━━━━━━━━━━━━━━━━━━━━━━━━━━━━━━━━━━━━━━━━━━━━━━━━━━━━━━━━━━━━
[21:42:57] => Guardar registos e integrar (Merge)...
[sprint-048-live-coordinator 0f84146] feat(live): core event loo
p coordinator with pipeline defense layers
 3 files changed, 132 insertions(+)
 create mode 100644 src/application/live/IntegrationPorts.ts
 create mode 100644 src/application/live/LiveSessionCoordinator.
ts
 create mode 100644 tests/live/session-coordinator.test.js
Enumerating objects: 14, done.
Counting objects: 100% (14/14), done.
Delta compression using up to 8 threads
Compressing objects: 100% (10/10), done.
Writing objects: 100% (10/10), 2.76 KiB | 108.00 KiB/s, done.
Total 10 (delta 4), reused 0 (delta 0), pack-reused 0 (from 0)
remote: Resolving deltas: 100% (4/4), completed with 4 local obj
ects.
remote:
remote: Create a pull request for 'sprint-048-live-coordinator'
on GitHub by visiting:
remote:      https://github.com/thiagocoder30/rlsys-terminal-mai
n/pull/new/sprint-048-live-coordinator
remote:
To https://github.com/thiagocoder30/rlsys-terminal-main.git
 * [new branch]      sprint-048-live-coordinator -> sprint-048-l
ive-coordinator
branch 'sprint-048-live-coordinator' set up to track 'origin/spr
int-048-live-coordinator'.
Switched to branch 'main'
Your branch is up to date with 'origin/main'.
Updating b64d9eb..0f84146
Fast-forward
 src/application/live/IntegrationPorts.ts | 23 ++++++
 .../live/LiveSessionCoordinator.ts       | 51 ++++++++++++++
 tests/live/session-coordinator.test.js   | 58 ++++++++++++++++
 3 files changed, 132 insertions(+)
 create mode 100644 src/application/live/IntegrationPorts.ts
 create mode 100644 src/application/live/LiveSessionCoordinator.
ts
 create mode 100644 tests/live/session-coordinator.test.js
Total 0 (delta 0), reused 0 (delta 0), pack-reused 0 (from 0)
To https://github.com/thiagocoder30/rlsys-terminal-main.git
   b64d9eb..0f84146  main -> main

━━━━━━━━━━━━━━━━━━━━━━━━━━━━━━━━━━━━━━━━━━━━━━━━━━━━━━━━━━━━━
echo -e "${GREEN}${BOLD}   ⚡ SPRINT 048 CONCLUÍDA: MAIN EVENT L
OOP ATIVO"\n${GREEN}${BOLD}━━━━━━━━━━━━━━━━━━━━━━━━━━━━━━━━━━━━━
━━━━━━━━━━━━━━━━━━━━━━━━${NC}"{NC}"
   ⚡ SPRINT 048 CONCLUÍDA: MAIN EVENT LOOP ATIVOn━━━━━━━━━━━━━━
━━━━━━━━━━━━━━━━━━━━━━━━━━━━━━━━━━━━━━━━━━━━━━━{NC}
   • FASE 4 INICIADA (Integração Final).
   • Todas as defesas (Fase 1) acopladas ao motor de decisão.
   • Pipeline de execução O(1) com Fail-Closed garantido.
━━━━━━━━━━━━━━━━━━━━━━━━━━━━━━━━━━━━━━━━━━━━━━━━━━━━━━━━━━━━━
[21:43:07] Operação terminada. Terminal livre para uso.
[root@localhost rlsys-terminal-main]# ./capture-sprint-buffer.sh


