[root@localhost rlsys-terminal-main]# cd "$HOME/rlsys-termi
nal-main"
[root@localhost rlsys-terminal-main]#
[root@localhost rlsys-terminal-main]# git checkout main
Already on 'main'
Your branch is up to date with 'origin/main'.
[root@localhost rlsys-terminal-main]# git pull origin main
From https://github.com/thiagocoder30/rlsys-terminal-main
 * branch            main       -> FETCH_HEAD
Already up to date.
[root@localhost rlsys-terminal-main]#
[root@localhost rlsys-terminal-main]# git checkout -b sprin
t-019-offline-research-runner
Switched to a new branch 'sprint-019-offline-research-runne
r'
[root@localhost rlsys-terminal-main]#
[root@localhost rlsys-terminal-main]# git apply --check rls
ys-terminal-sprint-019.diff
[root@localhost rlsys-terminal-main]# git apply rlsys-termi
nal-sprint-019.diff
[root@localhost rlsys-terminal-main]#
[root@localhost rlsys-terminal-main]# npm ci

added 98 packages in 36s

19 packages are looking for funding
  run `npm fund` for details
[root@localhost rlsys-terminal-main]# npm run build

> rl-sys-core@2.9.0 build
> tsc

[root@localhost rlsys-terminal-main]# npm test

> rl-sys-core@2.9.0 test
> node --test tests/*.test.js

✔ AdaptiveConfidenceEngine allows mature low-noise signal c
alibration (19.65223ms)
✔ AdaptiveConfidenceEngine observes marginal confidence nea
r dynamic threshold (3.592308ms)
✔ AdaptiveConfidenceEngine blocks noisy low-quality calibra
tion (4.444846ms)
✔ AdaptiveConfidenceEngine rejects malformed input without
silent failure (5.384847ms)
✔ AdvancedWalkForwardService rejects corrupted datasets (39
864.343925ms)
✔ AdvancedWalkForwardService returns blocked research repor
t for clean dataset (218.447154ms)
✔ AdvancedWalkForwardValidator rejects invalid roulette his
tory (16.368077ms)
✔ AdvancedWalkForwardValidator detects low robustness on ba
lanced data (153.338077ms)
✔ AdvancedWalkForwardValidator surfaces candidate for persi
stent out-of-sample bias (422.752ms)
✔ BayesianEdgeValidator rejects insufficient evidence (17.9
48384ms)
✔ BayesianEdgeValidator supports strong positive out-of-sam
ple evidence (3.049385ms)
✔ BenchmarkComparisonService rejects corrupted datasets (49
92.317693ms)
✔ BenchmarkComparisonService returns institutional benchmar
k report with blocked gate (2504.486539ms)
✔ BootstrapResampler creates deterministic block samples wi
th checksums (28.245231ms)
✔ BootstrapResampler rejects insufficient history (5.027231
ms)
✔ CapitalExposureService returns institutional capital repo
rt with blocked gate (3674.846462ms)
✔ CapitalExposureService rejects corrupted datasets (3.8765
38ms)
✔ CapitalExposureSimulator returns bounded capital survival
 metrics (58.622769ms)
✔ CapitalExposureSimulator rejects invalid roulette histori
es (4.976231ms)
✔ CapitalExposureSimulator flags aggressive capital pressur
e without opening operational gate (29.995692ms)
✔ ConfidenceScorer returns a bounded score and grade (16.11
5615ms)
✔ ConfigValidator accepts production-safe defaults with war
nings only (10.040846ms)
✔ ConfigValidator rejects invalid ports and log levels (3.8
78154ms)
✔ DataIntegrityValidator accepts research-sized canonical d
atasets (31.438538ms)
✔ DataIntegrityValidator blocks insufficient datasets (3.72
5231ms)
✔ DatasetEngine parses and normalizes CSV datasets with che
cksums (24696.345386ms)
✔ DatasetEngine rejects invalid spin values without throwin
g (5.735538ms)
✔ DecisionOrchestrator connects ranking to research-only li
ve decision (42.25777ms)
✔ DecisionOrchestrator keeps observation state when live se
ssion is not ready (7.999231ms)
✔ DecisionOrchestrator returns typed Result error for malfo
rmed input (5.156769ms)
✔ DecisionOrchestrator blocks research signal when regime p
olicy blocks signals (18.867154ms)
✔ DecisionOrchestrator blocks research signal when ensemble
 reports strategic conflict (13.223692ms)
✔ DecisionOrchestrator blocks research signal when temporal
 decay expires evidence (10.855077ms)
✔ DecisionOrchestrator blocks research signal when adaptive
 confidence is too low (11.311308ms)
✔ DeterministicReplayStudio replays command streams with st
able checksums (4754.000154ms)
✔ DeterministicReplayStudio preserves idempotency for dupli
cate frame events (4.768538ms)
✔ DeterministicReplayStudio replays verified persistence re
cords (14.256692ms)
✔ DeterministicReplayStudio blocks checkpoint mismatches wi
thout throwing (4.141231ms)
✔ DeterministicReplayStudio rejects malformed requests with
out silent failure (14.265539ms)
✔ EdgePersistenceAnalyzer returns no persistent edge for ro
tating balanced data (134.899308ms)
✔ EdgePersistenceAnalyzer flags stable concentrated evidenc
e as persistent research signal (41.514231ms)
✔ EdgePersistenceAnalyzer estimates decay direction for fad
ing signals (36.045616ms)
✔ ExplainabilityEngine generates deterministic audit narrat
ive for research signal (66.292ms)
✔ ExplainabilityEngine surfaces blockers as primary reason
for rejected decisions (9.258077ms)
✔ ExplainabilityEngine bounds evidence list for low-memory
operator UI (14.825154ms)
✔ ExplainabilityEngine rejects malformed input without sile
nt failure (3.670308ms)
✔ HealthCheckService reports readiness with writable data d
irectory (4218.968077ms)
✔ HypothesisValidator keeps operational gate blocked withou
t strong large-sample evidence (25.380385ms)
✔ IncrementalStatisticsEngine updates bounded rolling metri
cs without recompute over full history (44.351461ms)
✔ IncrementalStatisticsEngine preserves idempotency for dup
licate round events (3.251615ms)
✔ IncrementalStatisticsEngine detects concentrated low-entr
opy windows (13.069461ms)
✔ IncrementalStatisticsEngine replays deterministically wit
h matching checksum (27.811538ms)
✔ IncrementalStatisticsEngine rejects malformed roulette va
lues without silent failure (12.525077ms)
✔ InputHardeningEngine accepts bounded manual roulette payl
oads (33.16977ms)
✔ InputHardeningEngine rejects invalid roulette values befo
re domain processing (6.440154ms)
✔ InputHardeningEngine rejects suspicious tokens and protot
ype pollution keys (5.065ms)
✔ InputHardeningEngine sanitizes long strings without mutat
ing payload (7.211308ms)
✔ InputHardeningEngine rejects payloads exceeding bounded a
rray policy (43.570077ms)
✔ InputHardeningEngine returns typed Result error for malfo
rmed request (3.377384ms)
✔ InstitutionalBacktestEngine returns bounded institutional
 metrics and gates (152.113615ms)
✔ InstitutionalBacktestEngine rejects invalid roulette hist
ory (6.600154ms)
✔ InstitutionalBacktestService rejects corrupted datasets a
nd keeps operational gate blocked (7141.418539ms)
✔ InstitutionalBacktestService returns institutional resear
ch report for clean dataset (615.992462ms)
✔ InternalEventBus delivers events to observers in a typed
deterministic report (32.970231ms)
✔ InternalEventBus preserves idempotency for duplicate even
t ids (7.122385ms)
✔ InternalEventBus isolates observer failures without throw
ing through publisher (66.939154ms)
✔ InternalEventBus rejects malformed events without silent
failure (3.276153ms)
✔ LiveSessionRuntimeService collects rounds before decision
 readiness (6669.735231ms)
✔ LiveSessionRuntimeService invokes decision layer after 10
0 rounds while keeping live gate blocked (149.157153ms)
✔ LiveSessionRuntimeService reports duplicate events idempo
tently (3.906847ms)
✔ LiveSessionRuntimeService rejects malformed round input (
4.932461ms)
✔ LiveSessionRuntimeService surfaces cooldown without invok
ing live stake (393.301076ms)
✔ LiveSessionRuntime ingests rounds incrementally with boun
ded windows (3800.979231ms)
✔ LiveSessionRuntime is idempotent for duplicated event ids
 (3.951308ms)
✔ LiveSessionRuntime rejects invalid roulette values withou
t silent failure (3.378769ms)
✔ LiveSessionRuntime exposes deterministic control frame fo
r decision readiness (14.039538ms)
✔ LiveSessionRuntime enters cooldown on concentrated rollin
g window (10.505615ms)
✔ MetricsRegistry captures counters, timers, uptime and mem
ory (3728.445001ms)
✔ MonteCarloEngine returns bounded institutional risk metri
cs (24.217ms)
✔ MonteCarloV2Engine returns bounded bootstrap risk metrics
 (649.476077ms)
✔ MonteCarloV2Engine surfaces robust candidate without open
ing operational gate (157.117769ms)
✔ MonteCarloV2Engine rejects invalid histories (5.238231ms)
✔ MonteCarloV2Service returns institutional blocked researc
h report (10913.501539ms)
✔ MonteCarloV2Service rejects corrupted datasets (6.202077m
s)
✔ OfflineResearchRunner processes clean datasets with deter
ministic checksum (3518.079154ms)
✔ OfflineResearchRunner preserves replay idempotency metric
s for duplicate events (5.563461ms)
✔ OfflineResearchRunner blocks oversized offline batches be
fore replay (3.941154ms)
✔ OfflineResearchRunner rejects malformed datasets without
silent failure (3.284ms)
✔ OfflineResearchRunner reports no signal-like frames witho
ut treating it as failure (13.649538ms)
✔ OperatorHudProjectionEngine creates deterministic researc
h-only HUD projection (94.483538ms)
✔ OperatorHudProjectionEngine surfaces blocked decisions as
 danger mode (8.227846ms)
✔ OperatorHudProjectionEngine bounds cards for low-memory o
perator UI (6.037615ms)
✔ OperatorHudProjectionEngine rejects malformed input witho
ut silent failure (2.988846ms)
✔ PersistenceResearchService rejects corrupted tiny dataset
 (37.315769ms)
✔ PersistenceResearchService returns research-ready status
for persistent evidence while keeping operational gate bloc
ked (3147.568154ms)
✔ RegimeClassificationEngine classifies balanced history as
 stable research regime (35.726462ms)
✔ RegimeClassificationEngine blocks chaotic concentrated hi
story (5.351693ms)
✔ RegimeClassificationEngine detects drifting sector pressu
re without opening signals (7.892077ms)
✔ RegimeClassificationEngine returns typed Result error for
 malformed history (4.435539ms)
✔ RegimeDetector returns bounded stability and windows (36.
635077ms)
✔ RegimeDetector marks very small samples as unstable (2.99
6769ms)
✔ ReleaseReadinessService returns review when config has wa
rnings but no blockers (6931.279231ms)
✔ ReleaseReadinessService blocks failed readiness checks (3
.476692ms)
✔ ResearchDatasetService returns accepted report for clean
research dataset (3500.472307ms)
✔ ResearchDatasetService rejects corrupted dataset (6.09730
8ms)
✔ ResearchReportingService rejects corrupted datasets with
audit envelope (3406.068308ms)
✔ ResearchReportingService consolidates all research module
s while keeping operational gate blocked (475.525461ms)
✔ RuntimePerformanceBudgetEngine keeps low-end runtime with
in budget (21.711076ms)
✔ RuntimePerformanceBudgetEngine throttles when queue and l
atency exceed policy (4.995538ms)
✔ RuntimePerformanceBudgetEngine blocks live evaluation on
critical thermal state (3.243385ms)
✔ RuntimePerformanceBudgetEngine produces deterministic che
cksums for repeated samples (3.682462ms)
✔ RuntimePerformanceBudgetEngine rejects malformed samples
without silent failure (3.220923ms)
✔ securityHeaders applies baseline hardening headers (11.91
4846ms)
✔ valueToState maps roulette values to institutional states
 (12.591ms)
✔ SequentialBiasDetector returns low evidence for rotating
balanced states (30.899692ms)
✔ SequentialBiasDetector flags persistent temporal clusters
 (12.075231ms)
✔ SequentialResearchService rejects corrupted tiny dataset
(43.117847ms)
✔ SequentialResearchService returns a temporal report for p
ersistent dataset (87.474231ms)
✔ SessionPersistenceEngine creates and verifies determinist
ic persistence records (9936.393924ms)
✔ SessionPersistenceEngine replays journal for crash recove
ry with matching checksum (16.588539ms)
✔ SessionPersistenceEngine preserves idempotency during rep
lay (7.75877ms)
✔ SessionPersistenceEngine rejects corrupted records withou
t silent failure (4.738077ms)
✔ StatisticalResearchService returns inconclusive research
report for clean uniform dataset (6869.467539ms)
✔ StatisticalResearchService rejects corrupted tiny dataset
 (17.655615ms)
✔ StatisticalSignificanceEngine treats balanced roulette di
stribution as low evidence (25.079461ms)
✔ StatisticalSignificanceEngine flags concentrated deviatio
n as significant (8.130154ms)
✔ StrategyBenchmarkEngine rejects invalid histories (17.408
693ms)
✔ StrategyBenchmarkEngine returns bounded benchmark metrics
 (857.282461ms)
✔ StrategyBenchmarkEngine can surface candidate without ope
ning operational gate (433.163692ms)
✔ StrategyDecisionEngine returns research-only entry candid
ate for strong evidence (28.546615ms)
✔ StrategyDecisionEngine blocks NO_GO warmup regardless of
other evidence (5.279462ms)
✔ StrategyDecisionEngine never opens live stake even for ca
ndidates (3.084769ms)
✔ StrategyDecisionEngine blocks unsafe bankroll progression
 when stake does not fit stop loss budget (3.477231ms)
✔ StrategyDecisionEngine exposes no-stake bankroll guard fo
r observation states (9.556307ms)
✔ StrategyDecisionService returns blocked governance decisi
on for clean session (5626.251077ms)
✔ StrategyDecisionService rejects corrupted tiny sessions t
hrough decision blockers (15.981539ms)
✔ RouletteStats rejects invalid roulette numbers (13.470077
ms)
✔ StrategyEngine locks insufficient samples (3.330077ms)
✔ StrategyEngine returns institutional analysis shape for v
alid sample (15.869154ms)
✔ BacktestEngine produces a stable walk-forward summary (22
2.204154ms)
✔ RiskPolicy blocks strategy without enough walk-forward ev
idence (5.412077ms)
✔ StrategyEnsembleEngine forms consensus from aligned strat
egy votes (331.939692ms)
✔ StrategyEnsembleEngine blocks when strategies conflict ab
ove policy limit (4.450538ms)
✔ StrategyEnsembleEngine rejects malformed votes without si
lent failure (5.707846ms)
✔ StrategyRankingEngine ranks eligible candidates by Bayesi
an evidence adjusted for risk (17.408462ms)
✔ StrategyRankingEngine is deterministic for repeated input
 order and tie-breaks by id (69.932231ms)
✔ StrategyRankingEngine rejects malformed candidates withou
t silent failure (6.623539ms)
✔ StressScenarioAnalyzer returns bounded stress metrics and
 drawdown surface (94.764615ms)
✔ StressScenarioAnalyzer rejects invalid roulette histories
 (4.938538ms)
✔ StressScenarioAnalyzer flags aggressive capital pressure
without opening operational gate (58.251ms)
✔ StressScenarioService returns institutional stress report
 with blocked gate (3231.230078ms)
✔ StressScenarioService rejects corrupted datasets (5.95876
9ms)
✔ StructuredLogger emits sanitized JSON logs (2893.12477ms)
✔ TemporalDecayEngine keeps fresh signals eligible with bou
nded contribution (19.360307ms)
✔ TemporalDecayEngine blocks expired evidence before live d
ecision (4.114539ms)
✔ TemporalDecayEngine returns observation for aging but non
-expired evidence (3.223154ms)
✔ TemporalDecayEngine rejects malformed signal without sile
nt failure (3.279154ms)
✔ VisionReliabilityInspector accepts complete high-quality
warmup extraction (14.934307ms)
✔ VisionReliabilityInspector requires manual review for low
 item confidence (5.253ms)
✔ VisionReliabilityInspector rejects incomplete high-reject
ion extraction (3.110846ms)
✔ VisionWarmupNormalizer extracts valid roulette numbers fr
om JSON markdown (24.161616ms)
✔ VisionWarmupNormalizer reports rejected OCR values withou
t guessing (4.137846ms)
✔ VisionWarmupNormalizer rejects payload without sequence (
2.643154ms)
✔ VisionWarmupNormalizer reads object values and exposes re
liability review (5.267846ms)
✔ WarmupSessionAnalyzer accepts complete balanced 100-round
 warmup for research (27.192384ms)
✔ WarmupSessionAnalyzer rejects invalid roulette values (5.
019154ms)
✔ WarmupSessionAnalyzer marks incomplete warmup as NO_GO (3
.718308ms)
✔ WarmupSessionService evaluates manual 100-round warmup wi
th blocked operational gate (3216.729154ms)
✔ WarmupSessionService rejects corrupted warmup dataset (5.
164384ms)
✔ WarmupSessionService evaluates vision raw JSON without op
ening operational gate (16.660077ms)
ℹ tests 170
ℹ suites 0
ℹ pass 170
ℹ fail 0
ℹ cancelled 0
ℹ skipped 0
ℹ todo 0
ℹ duration_ms 44062.308926
[root@localhost rlsys-terminal-main]#
[root@localhost rlsys-terminal-main]# rm rlsys-terminal-spr
int-019.diff
[root@localhost rlsys-terminal-main]#
[root@localhost rlsys-terminal-main]# git add .
[root@localhost rlsys-terminal-main]# git commit -m "feat(r
esearch): add offline research runner"
[sprint-019-offline-research-runner 9b41526] feat(research)
: add offline research runner
 3 files changed, 417 insertions(+)
 create mode 100644 RELATORIO_TECNICO_SPRINT_019.md
 create mode 100644 src/domain/research/OfflineResearchRunn
er.ts
 create mode 100644 tests/offline-research-runner.test.js
[root@localhost rlsys-terminal-main]#
[root@localhost rlsys-terminal-main]# git push -u origin sp
rint-019-offline-research-runner
Enumerating objects: 14, done.
Counting objects: 100% (14/14), done.
Delta compression using up to 8 threads
Compressing objects: 100% (9/9), done.
Writing objects: 100% (9/9), 5.64 KiB | 213.00 KiB/s, done.
Total 9 (delta 4), reused 0 (delta 0), pack-reused 0 (from
0)
remote: Resolving deltas: 100% (4/4), completed with 4 loca
l objects.
remote:
remote: Create a pull request for 'sprint-019-offline-resea
rch-runner' on GitHub by visiting:
remote:      https://github.com/thiagocoder30/rlsys-termina
l-main/pull/new/sprint-019-offline-research-runner
remote:
To https://github.com/thiagocoder30/rlsys-terminal-main.git
 * [new branch]      sprint-019-offline-research-runner ->
sprint-019-offline-research-runner
branch 'sprint-019-offline-research-runner' set up to track
 'origin/sprint-019-offline-research-runner'.
[root@localhost rlsys-terminal-main]#
[root@localhost rlsys-terminal-main]# git checkout main
Switched to branch 'main'
Your branch is up to date with 'origin/main'.
[root@localhost rlsys-terminal-main]# git pull origin main
fatal: unable to access 'https://github.com/thiagocoder30/r
lsys-terminal-main.git/': Recv failure: Connection reset by
 peer
[root@localhost rlsys-terminal-main]# git merge sprint-019-
offline-research-runner
Updating 2769ae0..9b41526
Fast-forward
 RELATORIO_TECNICO_SPRINT_019.md       |  26 ++
 .../research/OfflineResearchRunner.ts | 305 +++++++++++++
 tests/offline-research-runner.test.js |  86 ++++
 3 files changed, 417 insertions(+)
 create mode 100644 RELATORIO_TECNICO_SPRINT_019.md
 create mode 100644 src/domain/research/OfflineResearchRunn
er.ts
 create mode 100644 tests/offline-research-runner.test.js
[root@localhost rlsys-terminal-main]# git push origin main
Total 0 (delta 0), reused 0 (delta 0), pack-reused 0 (from
0)
To https://github.com/thiagocoder30/rlsys-terminal-main.git
   2769ae0..9b41526  main -> main
[root@localhost rlsys-terminal-main]#
[root@localhost rlsys-terminal-main]# ./capture-sprint-buff
er.sh sprint-019

