[root@localhost rlsys-terminal-main]# #!/bin/bash
[root@localhost rlsys-terminal-main]# set -uo pipefail
%S')] $1" | tee -a "$LOG_FILE"
}

error_handler() {
    echo -e "\n${RED}${BOLD}━━━━━━━━━━━━━━━━━━━━━━━━━━━━━━━━━━━━
━━━━━━━━━━━━━━━━━━━━━━━━━${NC}"
    echo -e "${RED}${BOLD}   ❌ ERRO DETECTADO NA LINHA $1${NC}"
    echo -e "${RED}   A Sprint 053 foi interrompida para protege
r a integridade.${NC}"
    echo -e "${RED}${BOLD}━━━━━━━━━━━━━━━━━━━━━━━━━━━━━━━━━━━━━━
━━━━━━━━━━━━━━━━━━━━━━━${NC}"
    return 1 2>/dev/null || exit 1
}

trap 'error_handler $LINENO' ERR

log "======================================================"
log " INICIANDO SPRINT 053 - DYNAMIC BANKROLL MANAGEMENT "
log "======================================================"

cd "$HOME/rlsys-terminal-main"

# 1. Preparação do Git e Limpeza de Estado
log "=> Sincronizando repositório..."
git checkout main
git pull origin main

log "=> Preparando branch isolada..."
git branch -D sprint-053-position-sizing 2>/dev/null || true
git checkout -b sprint-053-position-sizing

log "=> Removendo bloqueio de Cooldown (se existir) para permiti
r testes livres..."
rm -f storage/snapshots/cooldown_state.json

mkdir -p src/domain/finance

# 2. Atualização: Contratos de Decisão (Adicionando o Sizing)
cat << 'EOF' > src/domain/decision/DecisionContracts.ts
export enum ActionSignal {
  NO_GO = 'NO_GO',
  OBSERVE = 'OBSERVE',
  SIGNAL = 'SIGNAL'
}

export interface CurrentLiveState {
  readonly dealerId: string;
  readonly wheelSpeedCategory: 'SLOW' | 'NORMAL' | 'FAST';
  readonly targetSector: number;
}

export interface DecisionResult {
  readonly action: ActionSignal;
  readonly expectedEV: number;
  readonly confidence: number;
  readonly reason: string;
  recommendedUnits?: number; // Nova propriedade para o tamanho
da aposta
}
EOF

# 3. Escrita: O Motor de Sizing O(1)
cat << 'EOF' > src/domain/finance/PositionSizingEngine.ts
export class PositionSizingEngine {
  private static readonly MAX_UNITS = 5;
  private static readonly MIN_UNITS = 1;

  /**
   * Calcula o tamanho da aposta baseado num Kelly Fracionário s
implificado e no Drawdown.
   * Complexidade: O(1) - Zero Memory Allocation.
   */
  public static calculateUnits(expectedEV: number, confidence: n
umber, consecutiveLosses: number): number {
    if (expectedEV <= 0) return 0;

    // 1. Base Sizing (Heurística baseada em EV e Confiança)
    // Ex: EV 0.15 (15%) * 10 = 1.5. * 0.95 = 1.425
    let baseUnits = (expectedEV * 10) * confidence;

    // 2. Defensive Scaling (Proteger o capital durante sequênci
as de perdas)
    // 0 perdas: 1.0x (Força Total)
    // 1 perda:  0.8x (Atenção)
    // 2 perdas: 0.5x (Modo Sobrevivência)
    let defensiveMultiplier = 1.0;
    if (consecutiveLosses === 1) defensiveMultiplier = 0.8;
    if (consecutiveLosses >= 2) defensiveMultiplier = 0.5;

    let finalUnits = baseUnits * defensiveMultiplier;

    // 3. Clamping e Arredondamento (Garantir valores jogáveis n
o casino)
    // Arredondamos para a metade mais próxima (Ex: 1.5, 2.0)
    finalUnits = Math.round(finalUnits * 2) / 2;

    if (finalUnits < this.MIN_UNITS) return this.MIN_UNITS;
    if (finalUnits > this.MAX_UNITS) return this.MAX_UNITS;

    return finalUnits;
  }
}
EOF

# 4. Atualização: Live Session Coordinator (Integrando o Sizing)
cat << 'EOF' > src/application/live/LiveSessionCoordinator.ts
import { SystemHealthGuard, FinancialGuard, CooldownGuard, Tacti
calEngine, DefenseStatus } from './IntegrationPorts';
import { CurrentLiveState, DecisionResult, ActionSignal } from '
../../domain/decision/DecisionContracts';
import { PositionSizingEngine } from '../../domain/finance/Posit
ionSizingEngine';

export class LiveSessionCoordinator {
  constructor(
    private readonly healthGuard: SystemHealthGuard[root@localho
st rlsys-terminal-main]#
[root@localhost rlsys-terminal-main]# # Cores
[root@localhost rlsys-terminal-main]# GREEN='\033[0;32m'
[root@localhost rlsys-terminal-main]# RED='\033[0;31m'
[root@localhost rlsys-terminal-main]# NC='\033[0m'
[root@localhost rlsys-terminal-main]# BOLD='\033[1m'
[root@localhost rlsys-terminal-main]#
[root@localhost rlsys-terminal-main]# LOG_FILE="sprint_053_posit
ion_sizing.log"
[root@localhost rlsys-terminal-main]# > "$LOG_FILE"
[root@localhost rlsys-terminal-main]#
[root@localhost rlsys-terminal-main]# log() {
>     echo -e "[$(date +'%H:%M:%S')] $1" | tee -a "$LOG_FILE"
> }
[root@localhost rlsys-terminal-main]#
[root@localhost rlsys-terminal-main]# error_handler() {
>     echo -e "\n${RED}${BOLD}━━━━━━━━━━━━━━━━━━━━━━━━━━━━━━━━━━
━━━━━━━━━━━━━━━━━━━━━━━━━━━${NC}"
>     echo -e "${RED}${BOLD}   ❌ ERRO DETECTADO NA LINHA $1${NC
}"
>     echo -e "${RED}   A Sprint 053 foi interrompida para prote
ger a integridade.${NC}"
>     echo -e "${RED}${BOLD}━━━━━━━━━━━━━━━━━━━━━━━━━━━━━━━━━━━━
━━━━━━━━━━━━━━━━━━━━━━━━━${NC}"
=>     return 1 2>/dev/null || exit 1
> }
[root@localhost rlsys-terminal-main]#
[root@localhost rlsys-terminal-main]# trap 'error_handler $LINEN
O' ERR
[root@localhost rlsys-terminal-main]#
[root@localhost rlsys-terminal-main]# log "=====================
================================="
[01:17:04] =====================================================
=
[root@localhost rlsys-terminal-main]# log " INICIANDO SPRINT 053
 - DYNAMIC BANKROLL MANAGEMENT "
[01:17:04]  INICIANDO SPRINT 053 - DYNAMIC BANKROLL MANAGEMENT
[root@localhost rlsys-terminal-main]# log "=====================
================================="
[01:17:04] =====================================================
=
[root@localhost rlsys-terminal-main]#
s[root@localhost rlsys-terminal-main]# cd "$HOME/rlsys-terminal-
main"
[root@localhost rlsys-terminal-main]#
[root@localhost rlsys-terminal-main]# # 1. Preparação do Git e L
impeza de Estado
[root@localhost rlsys-terminal-main]# log "=> Sincronizando repo
sitório..."
[01:17:04] => Sincronizando repositório...
[root@localhost rlsys-terminal-main]# git checkout main
    }
  }
Already on 'main'
Your branch is up to date with 'origin/main'.
[root@localhost rlsys-terminal-main]# git pull origin main
From https://github.com/thiagocoder30/rlsys-terminal-main
 * branch            main       -> FETCH_HEAD
Already up to date.
[root@localhost rlsys-terminal-main]#
[root@localhost rlsys-terminal-main]# log "=> Preparando branch
isolada..."
[01:17:07] => Preparando branch isolada...
[root@localhost rlsys-terminal-main]# git branch -D sprint-053-p
osition-sizing 2>/dev/null || true
[root@localhost rlsys-terminal-main]# git checkout -b sprint-053
-position-sizing
Switched to a new branch 'sprint-053-position-sizing'
[root@localhost rlsys-terminal-main]#
[root@localhost rlsys-terminal-main]# log "=> Removendo bloqueio
 de Cooldown (se existir) para permitir testes livres..."
[01:17:08] => Removendo bloqueio de Cooldown (se existir) para p
ermitir testes livres...
[root@localhost rlsys-terminal-main]# rm -f storage/snapshots/co
oldown_state.json
[root@localhost rlsys-terminal-main]#
n[root@localhost rlsys-terminal-main]# mkdir -p src/domain/finan
ce
Re[root@localhost rlsys-terminal-main]#
[root@localhost rlsys-terminal-main]# # 2. Atualização: Contrato
s de Decisão (Adicionando o Sizing)
[root@localhost rlsys-terminal-main]# cat << 'EOF' > src/domain/
decision/DecisionContracts.ts
> export enum ActionSignal {
>   NO_GO = 'NO_GO',
>   OBSERVE = 'OBSERVE',
>   SIGNAL = 'SIGNAL'
> }
>
> export interface CurrentLiveState {
>   readonly dealerId: string;
>   readonly wheelSpeedCategory: 'SLOW' | 'NORMAL' | 'FAST';
>   readonly targetSector: number;
> }
>
> export interface DecisionResult {
>   readonly action: ActionSignal;
const>   readonly expectedEV: number;
>   readonly confidence: number;
>   readonly reason: string;
>   recommendedUnits?: number; // Nova propriedade para o tamanh
o da aposta
> }
> EOF
[root@localhost rlsys-terminal-main]#
[root@localhost rlsys-terminal-main]# # 3. Escrita: O Motor de S
izing O(1)
[root@localhost rlsys-terminal-main]# cat << 'EOF' > src/domain/
finance/PositionSizingEngine.ts
> export class PositionSizingEngine {
>   private static readonly MAX_UNITS = 5;
>   private static readonly MIN_UNITS = 1;
>
>   /**
>    * Calcula o tamanho da aposta baseado num Kelly Fracionário
 simplificado e no Drawdown.
>    * Complexidade: O(1) - Zero Memory Allocation.
>    */
>   public static calculateUnits(expectedEV: number, confidence:
 number, consecutiveLosses: number): number {
>     if (expectedEV <= 0) return 0;
>
>     // 1. Base Sizing (Heurística baseada em EV e Confiança)
>     // Ex: EV 0.15 (15%) * 10 = 1.5. * 0.95 = 1.425
>     let baseUnits = (expectedEV * 10) * confidence;
>
i>     // 2. Defensive Scaling (Proteger o capital durante sequê
ncias de perdas)
>     // 0 perdas: 1.0x (Força Total)
>     // 1 perda:  0.8x (Atenção)
>     // 2 perdas: 0.5x (Modo Sobrevivência)
>     let defensiveMultiplier = 1.0;
>     if (consecutiveLosses === 1) defensiveMultiplier = 0.8;
>     if (consecutiveLosses >= 2) defensiveMultiplier = 0.5;
>
>     let finalUnits = baseUnits * defensiveMultiplier;
>
>     // 3. Clamping e Arredondamento (Garantir valores jogáveis
 no casino)
>     // Arredondamos para a metade mais próxima (Ex: 1.5, 2.0)
>     finalUnits = Math.round(finalUnits * 2) / 2;
>
>     if (finalUnits < this.MIN_UNITS) return this.MIN_UNITS;
>     if (finalUnits > this.MAX_UNITS) return this.MAX_UNITS;
>
>     return finalUnits;
>   }
> }
> EOF
[root@localhost rlsys-terminal-main]#
[root@localhost rlsys-terminal-main]# # 4. Atualização: Live Ses
sion Coordinator (Integrando o Sizing)
[root@localhost rlsys-terminal-main]# cat << 'EOF' > src/applica
tion/live/LiveSessionCoordinator.ts
> import { SystemHealthGuard, FinancialGuard, CooldownGuard, Tac
ticalEngine, DefenseStatus } from './IntegrationPorts';
> import { CurrentLiveState, DecisionResult, ActionSignal } from
 '../../domain/decision/DecisionContracts';
> import { PositionSizingEngine } from '../../domain/finance/Pos
itionSizingEngine';
>
> export class LiveSessionCoordinator {
>   constructor(
>     private readonly healthGuard: SystemHealthGuard,
>     private readonly financialGuard: FinancialGuard,
>     private readonly cooldownGuard: CooldownGuard,
>     private readonly tacticalEngine: TacticalEngine
>   ) {}
>
>   public processLiveSpin(liveState: CurrentLiveState, currentT
imeMs: number): DecisionResult {
>     try {
>       if (this.healthGuard.checkHealth() === DefenseStatus.BLO
CKED) return this.buildRejection('SYSTEM_HEALTH_COMPROMISED');
>       if (this.cooldownGuard.isOperatorReady(currentTimeMs) ==
= DefenseStatus.BLOCKED) return this.buildRejection('OPERATOR_IN
_COOLDOWN');
>       if (this.financialGuard.authorizeEntry() === DefenseStat
us.BLOCKED) return this.buildRejection('FINANCIAL_DRAWDOWN_ACTIV
E');
>
>       const decision = this.tacticalEngine.evaluate(liveState)
;
>
>       // Injeção da Inteligência Financeira
>       if (decision.action === ActionSignal.SIGNAL) {
>         const losses = this.financialGuard.getConsecutiveLosse
s();
>         const units = PositionSizingEngine.calculateUnits(deci
sion.expectedEV, decision.confidence, losses);
>         return { ...decision, recommendedUnits: units };
>       }
>
 with defensive >       return decision;
>     } catch (error) {
-positi>       return this.buildRejection('UNEXPECTED_RUNTIME_EX
CEPTION');
g>     }
>   }
>
>   public registerOutcome(pnl: number, currentTimeMs: number):
void {
>     this.financialGuard.registerPnL(pnl);
>     if (this.financialGuard.authorizeEntry() === DefenseStatus
.BLOCKED) {
>       this.cooldownGuard.triggerCooldown(30 * 60 * 1000, curre
ntTimeMs);
>     }
>   }
>
 >   private buildRejection(reason: string): DecisionResult {
>     return { action: ActionSignal.NO_GO, expectedEV: 0, confid
ence: 0, reason };
>   }
> }
> EOF
[root@localhost rlsys-terminal-main]#
e[root@localhost rlsys-terminal-main]# # 5. Atualização: Main TU
I (Exibição do Sizing)
[root@localhost rlsys-terminal-main]# cat << 'EOF' > src/main.ts
> import * as readline from 'node:readline';
> import { AppContainer } from './infrastructure/di/AppContainer
';
> import { ActionSignal, DecisionResult } from './domain/decisio
n/DecisionContracts';
> import { WheelTopology } from './domain/research/WheelTopology
';
>
> const GREEN = '\x1b[32m'; const RED = '\x1b[31m'; const YELLOW
 = '\x1b[33m';
> const BLUE = '\x1b[34m'; const RESET = '\x1b[0m'; const BOLD =
 '\x1b[1m'; const MAGENTA = '\x1b[35m';
>
> async function main() {
>   console.clear();
>   const rl = readline.createInterface({ input: process.stdin,
output: process.stdout, terminal: true });
>
>   let pendingBet: { targetCluster: number[]; decision: Decisio
nResult } | null = null;
>
>   try {
>     const config = { storageDirectory: './storage/snapshots',
targetSnapshotId: process.argv[2] || 'default_alpha', bootTimeMs
: Date.now() };
>     console.log(`${BLUE}${BOLD}RL.SYS CORE — TERMINAL OPERACIO
NAL ATIVO${RESET}`);
>     const coordinator = AppContainer.bootstrap(config);
>     console.log(`${GREEN}[SISTEMA ARMADO]${RESET} Dynamic Bank
roll Sizing Online.\n`);
>
>     rl.on('line', (input) => {
>       const val = input.trim();
>       if (val.toLowerCase() === 'exit') process.exit(0);
>       const num = parseInt(val, 10);
>       if (isNaN(num) || num < 0 || num > 36) return;
>
>       const now = Date.now();
>
>       if (pendingBet) {
>         const isWin = WheelTopology.isHit(num, pendingBet.targ
etCluster);
>         // O PnL agora multiplica as unidades apostadas pela r
ecompensa
>         const units = pendingBet.decision.recommendedUnits ||
1;
>         const pnl = isWin ? (35 * units) : -units;
>
>         coordinator.registerOutcome(pnl, now);
>         console.log(`${isWin ? GREEN : RED}[RESULTADO ANTERIOR
] PnL: ${pnl > 0 ? '+' : ''}${pnl} Unidades${RESET}`);
>         pendingBet = null;
>       }
>
>       const liveState = { dealerId: 'D_ALICE', wheelSpeedCateg
ory: 'NORMAL' as any, targetSector: num };
>       const decision = coordinator.processLiveSpin(liveState,
now);
>
>       let color = RESET;
>       let unitsStr = "";
>       if (decision.action === ActionSignal.SIGNAL) {
>         color = GREEN + BOLD;
>         unitsStr = ` | ${MAGENTA}${BOLD}APOSTAR: ${decision.re
commendedUnits} UNIDADES${RESET}`;
>         pendingBet = { targetCluster: WheelTopology.getCluster
(num, 5), decision };
>       }
>       if (decision.action === ActionSignal.NO_GO) color = RED;
>       if (decision.action === ActionSignal.OBSERVE) color = YE
LLOW;
>
>       console.log(`\n${BLUE}─── RODADA: ${num} ───────────────
──────────────────────${RESET}`);
>       console.log(` DECISÃO: ${color}${decision.action}${RESET
}${unitsStr} | RAZÃO: ${decision.reason}`);
>       console.log(`${BLUE}────────────────────────────────────
───────────────${RESET}\n`);
>
>       if (decision.reason === 'OPERATOR_IN_COOLDOWN' || decisi
on.reason === 'FINANCIAL_DRAWDOWN_ACTIVE') {
>          console.log(`${RED}${BOLD}DEFESA ATIVADA: Operador bl
oqueado. Fechando terminal.${RESET}`);
>          process.exit(1);
>       }
>     });
>   } catch (error: any) {
>     console.log(`${RED}${BOLD}❌ FALHA NO ARRANQUE:${RESET} ${
error.message}`);
>     process.exit(1);
>   }
> }
> main();
> EOF
[root@localhost rlsys-terminal-main]#
[root@localhost rlsys-terminal-main]# log "=> Compilando sistema
 final..."
[01:17:10] => Compilando sistema final...
[root@localhost rlsys-terminal-main]# npm run build

> rl-sys-core@2.9.0 build
> tsc

src/domain/decision/DecisionLookupEngine.ts:42:18 - error TS2339
: Property 'confidence' does not exist on type 'SectorEdge'.

42     if (bestEdge.confidence < 0.85) {
                    ~~~~~~~~~~

src/infrastructure/di/SystemAdapters.ts:29:14 - error TS2420: Cl
ass 'StandardFinancialGuard' incorrectly implements interface 'F
inancialGuard'.
  Type 'StandardFinancialGuard' is missing the following propert
ies from type 'FinancialGuard': registerPnL, getConsecutiveLosse
s

29 export class StandardFinancialGuard implements FinancialGuard
 {
                ~~~~~~~~~~~~~~~~~~~~~~

src/infrastructure/di/SystemAdapters.ts:36:14 - error TS2420: Cl
ass 'StandardCooldownGuard' incorrectly implements interface 'Co
oldownGuard'.
  Property 'triggerCooldown' is missing in type 'StandardCooldow
nGuard' but required in type 'CooldownGuard'.

36 export class StandardCooldownGuard implements CooldownGuard {
                ~~~~~~~~~~~~~~~~~~~~~

  src/application/live/IntegrationPorts.ts:20:3
    20   triggerCooldown(durationMs: number, currentTimeMs: numb
er): void;
         ~~~~~~~~~~~~~~~~~~~~~~~~~~~~~~~~~~~~~~~~~~~~~~~~~~~~~~~
~~~~~~~~~~
    'triggerCooldown' is declared here.


Found 3 errors in 2 files.

Errors  Files
     1  src/domain/decision/DecisionLookupEngine.ts:42
     2  src/infrastructure/di/SystemAdapters.ts:29

━━━━━━━━━━━━━━━━━━━━━━━━━━━━━━━━━━━━━━━━━━━━━━━━━━━━━━━━━━━━━
   ❌ ERRO DETECTADO NA LINHA 3928
   A Sprint 053 foi interrompida para proteger a integridade.
━━━━━━━━━━━━━━━━━━━━━━━━━━━━━━━━━━━━━━━━━━━━━━━━━━━━━━━━━━━━━
[root@localhost rlsys-terminal-main]#
[root@localhost rlsys-terminal-main]# log "=> Finalizando Sprint
 no Git..."
[01:17:51] => Finalizando Sprint no Git...
[root@localhost rlsys-terminal-main]# git add .
[root@localhost rlsys-terminal-main]# git commit -m "feat(financ
e): dynamic position sizing engine with defensive scaling"
[sprint-053-position-sizing 01c4ef9] feat(finance): dynamic posi
tion sizing engine with defensive scaling
 4 files changed, 61 insertions(+), 14 deletions(-)
 create mode 100644 src/domain/finance/PositionSizingEngine.ts
[root@localhost rlsys-terminal-main]# git push -u origin sprint-
053-position-sizing
Enumerating objects: 21, done.
Counting objects: 100% (21/21), done.
Delta compression using up to 8 threads
Compressing objects: 100% (12/12), done.
Writing objects: 100% (12/12), 2.25 KiB | 164.00 KiB/s, done.
Total 12 (delta 8), reused 0 (delta 0), pack-reused 0 (from 0)
remote: Resolving deltas: 100% (8/8), completed with 8 local obj
ects.
remote:
remote: Create a pull request for 'sprint-053-position-sizing' o
n GitHub by visiting:
remote:      https://github.com/thiagocoder30/rlsys-terminal-mai
n/pull/new/sprint-053-position-sizing
remote:
To https://github.com/thiagocoder30/rlsys-terminal-main.git
 * [new branch]      sprint-053-position-sizing -> sprint-053-po
sition-sizing
branch 'sprint-053-position-sizing' set up to track 'origin/spri
nt-053-position-sizing'.
[root@localhost rlsys-terminal-main]# git checkout main
Switched to branch 'main'
Your branch is up to date with 'origin/main'.
[root@localhost rlsys-terminal-main]# git merge sprint-053-posit
ion-sizing
Updating b83b621..01c4ef9
Fast-forward
 .../live/LiveSessionCoordinator.ts       | 17 +++++---
 src/domain/decision/DecisionContracts.ts |  3 +-
 .../finance/PositionSizingEngine.ts      | 35 ++++++++++++++++
 src/main.ts                              | 20 +++++----
 4 files changed, 61 insertions(+), 14 deletions(-)
 create mode 100644 src/domain/finance/PositionSizingEngine.ts
[root@localhost rlsys-terminal-main]# git push origin main
Total 0 (delta 0), reused 0 (delta 0), pack-reused 0 (from 0)
To https://github.com/thiagocoder30/rlsys-terminal-main.git
   b83b621..01c4ef9  main -> main
[root@localhost rlsys-terminal-main]#
[root@localhost rlsys-terminal-main]# echo -e "\n${GREEN}${BOLD}
━━━━━━━━━━━━━━━━━━━━━━━━━━━━━━━━━━━━━━━━━━━━━━━━━━━━━━━━━━━━━${N
C}"

━━━━━━━━━━━━━━━━━━━━━━━━━━━━━━━━━━━━━━━━━━━━━━━━━━━━━━━━━━━━━
[root@localhost rlsys-terminal-main]# echo -e "${GREEN}${BOLD}
 💰 SPRINT 053 CONCLUÍDA: GESTÃO DE BANCA DINÂMICA!${NC}"
echo -e "${GREEN}${BOLD}   💰 SPRINT 053 CONCLUÍDA: GESTÃO DE BA
NCA DINÂMICA"\n${GREEN}${BOLD}━━━━━━━━━━━━━━━━━━━━━━━━━━━━━━━━━━
━━━━━━━━━━━━━━━━━━━━━━━━━━━${NC}"{NC}"
   💰 SPRINT 053 CONCLUÍDA: GESTÃO DE BANCA DINÂMICAn━━━━━━━━━━━
━━━━━━━━━━━━━━━━━━━━━━━━━━━━━━━━━━━━━━━━━━━━━━━━━━{NC}
[root@localhost rlsys-terminal-main]# echo -e "${GREEN}   • Posi
tion Sizing Engine O(1) implementado.${NC}"
   • Position Sizing Engine O(1) implementado.
[root@localhost rlsys-terminal-main]# echo -e "${GREEN}   • Defe
nsive Scaling ativado (Reduz apostas em loss streaks).${NC}"
   • Defensive Scaling ativado (Reduz apostas em loss streaks).
[root@localhost rlsys-terminal-main]# echo -e "${GREEN}   • TUI
atualizada com indicador de tamanho de aposta.${NC}"
   • TUI atualizada com indicador de tamanho de aposta.
[root@localhost rlsys-terminal-main]# echo -e "${GREEN}${BOLD}━━
━━━━━━━━━━━━━━━━━━━━━━━━━━━━━━━━━━━━━━━━━━━━━━━━━━━━━━━━━━━${NC}
"
━━━━━━━━━━━━━━━━━━━━━━━━━━━━━━━━━━━━━━━━━━━━━━━━━━━━━━━━━━━━━
[root@localhost rlsys-terminal-main]# echo -e "Execute: ${BOLD}n
pm run start:live${NC}"
Execute: npm run start:live
[root@localhost rlsys-terminal-main]# npm run start:live

> rl-sys-core@2.9.0 start:live
> node dist/main.js
RL.SYS CORE — TERMINAL OPERACIONAL ATIVO
[SISTEMA ARMADO] Dynamic Bankroll Sizing Online.

32

─── RODADA: 32 ─────────────────────────────────────
 DECISÃO: SIGNAL | APOSTAR: 1.5 UNIDADES | RAZÃO: ALPHA_CONFIRME
D
───────────────────────────────────────────────────

10
[RESULTADO ANTERIOR] PnL: -1.5 Unidades

─── RODADA: 10 ─────────────────────────────────────
 DECISÃO: NO_GO | RAZÃO: SECTOR_NO_EDGE
───────────────────────────────────────────────────

32

─── RODADA: 32 ─────────────────────────────────────
 DECISÃO: SIGNAL | APOSTAR: 1 UNIDADES | RAZÃO: ALPHA_CONFIRMED
───────────────────────────────────────────────────

10
[RESULTADO ANTERIOR] PnL: -1 Unidades

─── RODADA: 10 ─────────────────────────────────────
 DECISÃO: NO_GO | RAZÃO: SECTOR_NO_EDGE
───────────────────────────────────────────────────

32

─── RODADA: 32 ─────────────────────────────────────
 DECISÃO: SIGNAL | APOSTAR: 1 UNIDADES | RAZÃO: ALPHA_CONFIRMED
───────────────────────────────────────────────────

10
[RESULTADO ANTERIOR] PnL: -1 Unidades

─── RODADA: 10 ─────────────────────────────────────
 DECISÃO: NO_GO | RAZÃO: OPERATOR_IN_COOLDOWN
───────────────────────────────────────────────────

DEFESA ATIVADA: Operador bloqueado. Fechando terminal.

━━━━━━━━━━━━━━━━━━━━━━━━━━━━━━━━━━━━━━━━━━━━━━━━━━━━━━━━━━━━━
   ❌ ERRO DETECTADO NA LINHA 3945
   A Sprint 053 foi interrompida para proteger a integridade.
━━━━━━━━━━━━━━━━━━━━━━━━━━━━━━━━━━━━━━━━━━━━━━━━━━━━━━━━━━━━━
[root@localhost rlsys-terminal-main]# ./capture-sprint-buffer.sh


