[root@localhost rlsys-terminal-main]# #!/bin/bash
tro de Ruído OCR (Debounce de 2 segundos para o mesmo número)
      if (num === lastProcessedSector && (now - lastProcessTime)
 < 2000) {
        return; // Ignora entrada duplicada (Idempotência O(1))
      }
      lastProcessedSector = num;
      lastProcess[root@localhost rlsys-terminal-main]# set -uo p
ipefail
[root@localhost rlsys-terminal-main]#
[root@localhost rlsys-terminal-main]# # Cores
[root@localhost rlsys-terminal-main]# GREEN='\033[0;32m'
[root@localhost rlsys-terminal-main]# RED='\033[0;31m'
[root@localhost rlsys-terminal-main]# NC='\033[0m'
[root@localhost rlsys-terminal-main]# BOLD='\033[1m'
[root@localhost rlsys-terminal-main]#
[root@localhost rlsys-terminal-main]# LOG_FILE="sprint_055_ocr_b
ridge.log"
[root@localhost rlsys-terminal-main]# > "$LOG_FILE"
[root@localhost rlsys-terminal-main]#
[root@localhost rlsys-terminal-main]# log() {

  >     echo -e "[$(date +'%H:%M:%S')] $1" | tee -a "$LOG_FILE"
> }
[root@localhost rlsys-terminal-main]#
[root@localhost rlsys-terminal-main]# error_handler() {
>     echo -e "\n${RED}${BOLD}━━━━━━━━━━━━━━━━━━━━━━━━━━━━━━━━━━
━━━━━━━━━━━━━━━━━━━━━━━━━━━${NC}"
>     echo -e "${RED}${BOLD}   ❌ ERRO DETECTADO NA LINHA $1${NC
}"
>     echo -e "${RED}   A Sprint 055 foi interrompida para prote
ger a integridade.${NC}"
it>     echo -e "${RED}${BOLD}━━━━━━━━━━━━━━━━━━━━━━━━━━━━━━━━━━
━━━━━━━━━━━━━━━━━━━━━━━━━━━${NC}"
>     return 1 2>/dev/null || exit 1
> }
 2[root@localhost rlsys-terminal-main]#
.[root@localhost rlsys-terminal-main]# trap 'error_handler $LINE
NO' ERR
on[root@localhost rlsys-terminal-main]#
[root@localhost rlsys-terminal-main]# log "=====================
================================="
[01:37:02] =====================================================
=
[root@localhost rlsys-terminal-main]# log " INICIANDO SPRINT 055
 - THE OCR/VISION BRIDGE "
[01:37:02]  INICIANDO SPRINT 055 - THE OCR/VISION BRIDGE
[root@localhost rlsys-terminal-main]# log "=====================
================================="
[01:37:02] =====================================================
=
[root@localhost rlsys-terminal-main]#
[root@localhost rlsys-terminal-main]# cd "$HOME/rlsys-terminal-m
ain"
[root@localhost rlsys-terminal-main]#
[root@localhost rlsys-terminal-main]# # 1. Preparação do Git
[root@localhost rlsys-terminal-main]# log "=> Sincronizando repo
sitório..."
[01:37:02] => Sincronizando repositório...
[root@localhost rlsys-terminal-main]# git checkout main
D	storage/snapshots/cooldown_state.json
Already on 'main'
Your branch is up to date with 'origin/main'.
[root@localhost rlsys-terminal-main]# git pull origin main
From https://github.com/thiagocoder30/rlsys-terminal-main
 * branch            main       -> FETCH_HEAD
Already up to date.
[root@localhost rlsys-terminal-main]#
[root@localhost rlsys-terminal-main]# log "=> Preparando branch
isolada..."
[01:37:05] => Preparando branch isolada...
[root@localhost rlsys-terminal-main]# git branch -D sprint-055-o
cr-bridge 2>/dev/null || true
[root@localhost rlsys-terminal-main]# git checkout -b sprint-055
-ocr-bridge
Switched to a new branch 'sprint-055-ocr-bridge'
[root@localhost rlsys-terminal-main]#
[root@localhost rlsys-terminal-main]# # Limpando bloqueios antig
os para teste limpo
[root@localhost rlsys-terminal-main]# rm -f storage/snapshots/co
oldown_state.json
[root@localhost rlsys-terminal-main]#
[root@localhost rlsys-terminal-main]# # 2. Atualização: O Novo C
érebro Dual-Mode (main.ts)
[root@localhost rlsys-terminal-main]# cat << 'EOF' > src/main.ts
> import * as readline from 'node:readline';
reason: deci> import { AppContainer } from './infrastructure/di/
AppContainer';
> import { ActionSignal, DecisionResult } from './domain/decisio
n/DecisionContracts';
> import { WheelTopology } from './domain/research/WheelTopology
';
>
> const GREEN = '\x1b[32m'; const RED = '\x1b[31m'; const YELLOW
 = '\x1b[33m';
> const BLUE = '\x1b[34m'; const RESET = '\x1b[0m'; const BOLD =
 '\x1b[1m'; const MAGENTA = '\x1b[35m';
>
> async function main() {
>   // Deteção Automática de Ambiente (Se for piped, isTTY é fal
se)
>   const isInteractive = process.stdout.isTTY;
>   const isHeadless = process.argv.includes('--headless') || !i
sInteractive;
>
 >   const rl = readline.createInterface({ input: process.stdin,
 output: process.stdout, terminal: isInteractive });
>
o>   let pendingBet: { targetCluster: number[]; decision: Decisi
onResult; sector: number; latency: number } | null = null;
>   let lastProcessedSector: number | null = null;
>   let lastProcessTime: number = 0;
>
>   try {
>     const config = { storageDirectory: './storage/snapshots',
targetSnapshotId: process.argv[2] && !process.argv[2].startsWith
('--') ? process.argv[2] : 'default_alpha', bootTimeMs: Date.now
() };
>
>     const { coordinator, logger } = AppContainer.bootstrap(con
fig);
>
>     if (!isHeadless) {
>       console.clear();
>       console.log(`${BLUE}${BOLD}RL.SYS CORE — TERMINAL OPERAC
IONAL ATIVO${RESET}`);
>       console.log(`${GREEN}[SISTEMA ARMADO]${RESET} OCR/Vision
 Bridge Online. Aguardando Telemetria...\n`);
>     }
>
A>     rl.on('line', (input) => {
ge}`);
 >       const val = input.trim();
>       if (!val) return;
>       if (val.toLowerCase() === 'exit') process.exit(0);
>
>       const now = Date.now();
>       let num = -1;
>       let dealer = 'D_ALICE';
>       let speed = 'NORMAL';
>
>       // Parse Adaptativo: Aceita número cru (Manual) ou JSON
(OCR)
>       try {
>         if (val.startsWith('{')) {
>           const payload = JSON.parse(val);
>           num = payload.sector;
>           if (payload.dealerId) dealer = payload.dealerId;
>           if (payload.speed) speed = payload.speed;
>         } else {
>           num = parseInt(val, 10);
>         }
>       } catch (e) {
>         if (!isHeadless) console.log(`${RED}[ERRO] Telemetria
corrompida: ${val}${RESET}`);
>         return;
>       }
>
>       if (isNaN(num) || num < 0 || num > 36) return;
>
>       // Filtro de Ruído OCR (Debounce de 2 segundos para o me
smo número)
>       if (num === lastProcessedSector && (now - lastProcessTim
e) < 2000) {
 >         return; // Ignora entrada duplicada (Idempotência O(1
))
>       }
>       lastProcessedSector = num;
>       lastProcessTime = now;
>
>       // 1. Resolve a Aposta Pendente
>       if (pendingBet) {
>         const isWin = WheelTopology.isHit(num, pendingBet.targ
etCluster);
>         const units = pendingBet.decision.recommendedUnits ||
1;
>         const pnl = isWin ? (35 * units) : -units;
>
>         coordinator.registerOutcome(pnl, now);
>
>         logger.logSpin({
>           timestampMs: now, dealerId: dealer, wheelSpeed: spee
d, targetSector: pendingBet.sector, action: pendingBet.decision.
action,
>           expectedEV: pendingBet.decision.expectedEV, confiden
ce: pendingBet.decision.confidence, recommendedUnits: units,
>           pnl: pnl, latencyMs: pendingBet.latency
>         });
>
>         if (!isHeadless) console.log(`${isWin ? GREEN : RED}[R
ESULTADO ANTERIOR] PnL: ${pnl > 0 ? '+' : ''}${pnl} Unidades${RE
SET}`);
>         pendingBet = null;
>       }
>
>       // 2. Processa a Nova Rodada
>       const liveState = { dealerId: dealer, wheelSpeedCategory
: speed as any, targetSector: num };
>
>       const t0 = performance.now();
>       const decision = coordinator.processLiveSpin(liveState,
now);
>       const latency = performance.now() - t0;
>
>       if (decision.action === ActionSignal.SIGNAL) {
>         pendingBet = { targetCluster: WheelTopology.getCluster
(num, 5), decision, sector: num, latency };
>       }
>
>       // 3. Output Adaptativo
>       if (isHeadless) {
>         // Modo Máquina (JSON Puro para o Python ler)
>         const response = {
>           sector: num, action: decision.action, units: decisio
n.recommendedUnits || 0,
>           reason: decision.reason, latencyMs: latency
>         };
>         console.log(JSON.stringify(response));
>       } else {
>         // Modo Humano (TUI ANSI)
>         let color = decision.action === ActionSignal.SIGNAL ?
GREEN + BOLD : (decision.action === ActionSignal.NO_GO ? RED : Y
ELLOW);
>         let unitsStr = decision.action === ActionSignal.SIGNAL
 ? ` | ${MAGENTA}${BOLD}APOSTAR: ${decision.recommendedUnits} UN
IDADES${RESET}` : "";
>
>         console.log(`\n${BLUE}─── OCR LIDO: ${num} ───────────
───────────────────────────${RESET}`);
>         console.log(` DECISÃO: ${color}${decision.action}${RES
ET}${unitsStr} | RAZÃO: ${decision.reason}`);
>         console.log(`${BLUE}──────────────────────────────────
─────────────────${RESET}\n`);
>       }
>
>       if (decision.reason === 'OPERATOR_IN_COOLDOWN' || decisi
on.reason === 'FINANCIAL_DRAWDOWN_ACTIVE') {
>          if (isHeadless) console.log(JSON.stringify({ action:
'SYSTEM_HALT', reason: decision.reason }));
>          else console.log(`${RED}${BOLD}DEFESA ATIVADA: Operad
or bloqueado. Sistema desligando.${RESET}`);
>          process.exit(1);
>       }
>     });
>   } catch (error: any) {
>     if (isHeadless) console.log(JSON.stringify({ action: 'FATA
L_ERROR', message: error.message }));
>     else console.log(`${RED}${BOLD}❌ FALHA CRÍTICA:${RESET} $
{error.message}`);
>     process.exit(1);
>   }
> }
> main();
> EOF
[root@localhost rlsys-terminal-main]#
[root@localhost rlsys-terminal-main]# # 3. Atualização do packag
e.json com comando headless
[root@localhost rlsys-terminal-main]# log "=> Configurando coman
do headless..."
[01:37:07] => Configurando comando headless...
[root@localhost rlsys-terminal-main]# node -e "
> const fs = require('fs');
> const pkg = JSON.parse(fs.readFileSync('package.json', 'utf8')
);
> pkg.scripts['start:headless'] = 'node dist/main.js --headless'
;
> fs.writeFileSync('package.json', JSON.stringify(pkg, null, 2))
;
> "
[root@localhost rlsys-terminal-main]#
[root@localhost rlsys-terminal-main]# log "=> Compilando sistema
 final..."
[01:37:08] => Compilando sistema final...
[root@localhost rlsys-terminal-main]# npm run build

> rl-sys-core@2.9.0 build
> tsc

src/domain/decision/DecisionLookupEngine.ts:42:18 - error TS2339
: Property 'confidence' does not exist on type 'SectorEdge'.

42     if (bestEdge.confidence < 0.85) {
                    ~~~~~~~~~~

src/infrastructure/di/SystemAdapters.ts:29:14 - error TS2420: Cl
ass 'StandardFinancialGuard' incorrectly implements interface 'F
inancialGuard'.
  Type 'StandardFinancialGuard' is missing the following propert
ies from type 'FinancialGuard': registerPnL, getConsecutiveLosse
s

29 export class StandardFinancialGuard implements FinancialGuard
 {
                ~~~~~~~~~~~~~~~~~~~~~~

src/infrastructure/di/SystemAdapters.ts:36:14 - error TS2420: Cl
ass 'StandardCooldownGuard' incorrectly implements interface 'Co
oldownGuard'.
  Property 'triggerCooldown' is missing in type 'StandardCooldow
nGuard' but required in type 'CooldownGuard'.

36 export class StandardCooldownGuard implements CooldownGuard {
                ~~~~~~~~~~~~~~~~~~~~~

  src/application/live/IntegrationPorts.ts:20:3
    20   triggerCooldown(durationMs: number, currentTimeMs: numb
er): void;
         ~~~~~~~~~~~~~~~~~~~~~~~~~~~~~~~~~~~~~~~~~~~~~~~~~~~~~~~
~~~~~~~~~~
    'triggerCooldown' is declared here.


Found 3 errors in 2 files.

Errors  Files
     1  src/domain/decision/DecisionLookupEngine.ts:42
     2  src/infrastructure/di/SystemAdapters.ts:29

━━━━━━━━━━━━━━━━━━━━━━━━━━━━━━━━━━━━━━━━━━━━━━━━━━━━━━━━━━━━━
   ❌ ERRO DETECTADO NA LINHA 4410
   A Sprint 055 foi interrompida para proteger a integridade.
━━━━━━━━━━━━━━━━━━━━━━━━━━━━━━━━━━━━━━━━━━━━━━━━━━━━━━━━━━━━━
[root@localhost rlsys-terminal-main]#
[root@localhost rlsys-terminal-main]# log "=> Finalizando Sprint
 no Git..."
[01:37:48] => Finalizando Sprint no Git...
[root@localhost rlsys-terminal-main]# git add .
[root@localhost rlsys-terminal-main]# git commit -m "feat(integr
ation): dual-mode ocr bridge with headless standard IO piping"
[sprint-055-ocr-bridge cf65cac] feat(integration): dual-mode ocr
 bridge with headless standard IO piping
 4 files changed, 74 insertions(+), 37 deletions(-)
 delete mode 100644 storage/snapshots/cooldown_state.json
 create mode 100644 storage/snapshots/session_telemetry_2026-05-
17.csv
[root@localhost rlsys-terminal-main]# git push -u origin sprint-
055-ocr-bridge
Enumerating objects: 14, done.
Counting objects: 100% (14/14), done.
Delta compression using up to 8 threads
Compressing objects: 100% (7/7), done.
Writing objects: 100% (8/8), 2.05 KiB | 95.00 KiB/s, done.
Total 8 (delta 4), reused 0 (delta 0), pack-reused 0 (from 0)
remote: Resolving deltas: 100% (4/4), completed with 4 local obj
ects.
remote:
remote: Create a pull request for 'sprint-055-ocr-bridge' on Git
Hub by visiting:
remote:      https://github.com/thiagocoder30/rlsys-terminal-mai
n/pull/new/sprint-055-ocr-bridge
remote:
To https://github.com/thiagocoder30/rlsys-terminal-main.git
 * [new branch]      sprint-055-ocr-bridge -> sprint-055-ocr-bri
dge
branch 'sprint-055-ocr-bridge' set up to track 'origin/sprint-05
5-ocr-bridge'.
[root@localhost rlsys-terminal-main]# git checkout main
Switched to branch 'main'
Your branch is up to date with 'origin/main'.
[root@localhost rlsys-terminal-main]# git merge sprint-055-ocr-b
ridge
Updating 7d7fc7a..cf65cac
Fast-forward
 package.json                             |   3 +-
 src/main.ts                              | 105 ++++++++++-----
 storage/snapshots/cooldown_state.json    |   1 -
 .../session_telemetry_2026-05-17.csv     |   2 +
 4 files changed, 74 insertions(+), 37 deletions(-)
 delete mode 100644 storage/snapshots/cooldown_state.json
 create mode 100644 storage/snapshots/session_telemetry_2026-05-
17.csv
[root@localhost rlsys-terminal-main]# git push origin main
Total 0 (delta 0), reused 0 (delta 0), pack-reused 0 (from 0)
To https://github.com/thiagocoder30/rlsys-terminal-main.git
   7d7fc7a..cf65cac  main -> main
[root@localhost rlsys-terminal-main]#
[root@localhost rlsys-terminal-main]# echo -e "\n${GREEN}${BOLD}
━━━━━━━━━━━━━━━━━━━━━━━━━━━━━━━━━━━━━━━━━━━━━━━━━━━━━━━━━━━━━${N
C}"

━━━━━━━━━━━━━━━━━━━━━━━━━━━━━━━━━━━━━━━━━━━━━━━━━━━━━━━━━━━━━
[root@localhost rlsys-terminal-main]# echo -e "${GREEN}${BOLD}
 👁️ SPRINT 055 CONCLUÍDA: A PONTE DE VISÃO ESTÁ ATIVA!${NC}"
echo -e "${GREEN}${BOLD}   👁️ SPRINT 055 CONCLUÍDA: A PONTE DE V
ISÃO ESTÁ ATIVA"\n${GREEN}${BOLD}━━━━━━━━━━━━━━━━━━━━━━━━━━━━━━━
━━━━━━━━━━━━━━━━━━━━━━━━━━━━━━${NC}"{NC}"
   👁️ SPRINT 055 CONCLUÍDA: A PONTE DE VISÃO ESTÁ ATIVAn━━━━━━━━
━━━━━━━━━━━━━━━━━━━━━━━━━━━━━━━━━━━━━━━━━━━━━━━━━━━━━{NC}
[root@localhost rlsys-terminal-main]# echo -e "${GREEN}   • Modo
 Headless implementado (I/O em formato JSON).${NC}"
   • Modo Headless implementado (I/O em formato JSON).
[root@localhost rlsys-terminal-main]# echo -e "${GREEN}   • Filt
ro de Ruído O(1) impede falsas duplicações de câmara.${NC}"
   • Filtro de Ruído O(1) impede falsas duplicações de câmara.
[root@localhost rlsys-terminal-main]# echo -e "${GREEN}   • O si
stema está pronto para ser injetado via Unix Pipes.${NC}"
   • O sistema está pronto para ser injetado via Unix Pipes.
[root@localhost rlsys-terminal-main]# echo -e "${GREEN}${BOLD}━━
━━━━━━━━━━━━━━━━━━━━━━━━━━━━━━━━━━━━━━━━━━━━━━━━━━━━━━━━━━━${NC}
"
━━━━━━━━━━━━━━━━━━━━━━━━━━━━━━━━━━━━━━━━━━━━━━━━━━━━━━━━━━━━━
[root@localhost rlsys-terminal-main]# log "Operação terminada. P
ronto para simulação OCR."
[01:37:57] Operação terminada. Pronto para simulação OCR.
[root@localhost rlsys-terminal-main]# echo -e '{"sector": 32, "d
ealerId": "D_ALICE"}\n{"sector": 10}\n{"sector": 32}' | npm run
start:headless

> rl-sys-core@2.9.0 start:headless
> node dist/main.js --headless

{"sector": 32, "dealerId": "D_ALICE"}
{"sector":32,"action":"SIGNAL","units":1.5,"reason":"ALPHA_CONFI
RMED","latencyMs":4.489769000000251}
{"sector": 10}
{"sector":10,"action":"NO_GO","units":0,"reason":"SECTOR_NO_EDGE
","latencyMs":0.7007690000000366}
{"sector": 32}
{"sector":32,"action":"SIGNAL","units":1,"reason":"ALPHA_CONFIRM
ED","latencyMs":1.2140000000003965}
[root@localhost rlsys-terminal-main]# ./capture-sprint-buffer.sh


