[root@localhost rlsys-terminal-main]# pacman -S libjpeg-turbo zl
ib libpng tesseract --noconfirm
warning: zlib-1:1.3.2-3 is up to date -- reinstalling
resolving dependencies...
:: There are 128 providers available for tessdata:
:: Repository extra
   1) tesseract-data-afr  2) tesseract-data-amh
   3) tesseract-data-ara  4) tesseract-data-asm
   5) tesseract-data-aze  6) tesseract-data-aze_cyrl
   7) tesseract-data-bel  8) tesseract-data-ben
   9) tesseract-data-bod  10) tesseract-data-bos
   11) tesseract-data-bre  12) tesseract-data-bul
   13) tesseract-data-cat  14) tesseract-data-ceb
   15) tesseract-data-ces  16) tesseract-data-chi_sim
   17) tesseract-data-chi_sim_vert  18) tesseract-data-chi_tra
   19) tesseract-data-chi_tra_vert  20) tesseract-data-chr
   21) tesseract-data-cos  22) tesseract-data-cym
   23) tesseract-data-dan  24) tesseract-data-dan_frak
   25) tesseract-data-deu  26) tesseract-data-deu_frak
   27) tesseract-data-div  28) tesseract-data-dzo
   29) tesseract-data-ell  30) tesseract-data-eng
   31) tesseract-data-enm  32) tesseract-data-epo
   33) tesseract-data-equ  34) tesseract-data-est
   35) tesseract-data-eus  36) tesseract-data-fao
   37) tesseract-data-fas  38) tesseract-data-fil
   39) tesseract-data-fin  40) tesseract-data-fra
   41) tesseract-data-frk  42) tesseract-data-frm
   43) tesseract-data-fry  44) tesseract-data-gla
   45) tesseract-data-gle  46) tesseract-data-glg
   47) tesseract-data-grc  48) tesseract-data-guj
   49) tesseract-data-hat  50) tesseract-data-heb
   51) tesseract-data-hin  52) tesseract-data-hrv
   53) tesseract-data-hun  54) tesseract-data-hye
   55) tesseract-data-iku  56) tesseract-data-ind
   57) tesseract-data-isl  58) tesseract-data-ita
   59) tesseract-data-ita_old  60) tesseract-data-jav
   61) tesseract-data-jpn  62) tesseract-data-jpn_vert
   63) tesseract-data-kan  64) tesseract-data-kat
   65) tesseract-data-kat_old  66) tesseract-data-kaz
   67) tesseract-data-khm  68) tesseract-data-kir
   69) tesseract-data-kmr  70) tesseract-data-kor
   71) tesseract-data-kor_vert  72) tesseract-data-lao
   73) tesseract-data-lat  74) tesseract-data-lav
   75) tesseract-data-lit  76) tesseract-data-ltz
   77) tesseract-data-mal  78) tesseract-data-mar
   79) tesseract-data-mkd  80) tesseract-data-mlt
   81) tesseract-data-mon  82) tesseract-data-mri
   83) tesseract-data-msa  84) tesseract-data-mya
   85) tesseract-data-nep  86) tesseract-data-nld
   87) tesseract-data-nor  88) tesseract-data-oci
   89) tesseract-data-ori  90) tesseract-data-pan
   91) tesseract-data-pol  92) tesseract-data-por
   93) tesseract-data-pus  94) tesseract-data-que
   95) tesseract-data-ron  96) tesseract-data-rus
   97) tesseract-data-san  98) tesseract-data-sin
   99) tesseract-data-slk  100) tesseract-data-slk_frak
   101) tesseract-data-slv  102) tesseract-data-snd
   103) tesseract-data-spa  104) tesseract-data-spa_old
   105) tesseract-data-sqi  106) tesseract-data-srp
   107) tesseract-data-srp_latn  108) tesseract-data-sun
   109) tesseract-data-swa  110) tesseract-data-swe
   111) tesseract-data-syr  112) tesseract-data-tam
   113) tesseract-data-tat  114) tesseract-data-tel
   115) tesseract-data-tgk  116) tesseract-data-tgl
   117) tesseract-data-tha  118) tesseract-data-tir
   119) tesseract-data-ton  120) tesseract-data-tur
   121) tesseract-data-uig  122) tesseract-data-ukr
   123) tesseract-data-urd  124) tesseract-data-uzb
   125) tesseract-data-uzb_cyrl  126) tesseract-data-vie
   127) tesseract-data-yid  128) tesseract-data-yor

Enter a number (default=1):
looking for conflicting packages...

Packages (14) giflib-6.1.3-1  jbigkit-2.1-8  lcms2-2.19-1
              leptonica-1.87.0-1  libdeflate-1.25-1
              libtiff-4.7.1-2  libwebp-1.6.0-2
              openjpeg2-2.5.4-1  tesseract-data-afr-2:4.1.0-5
              tesseract-data-osd-2:4.1.0-5
              libjpeg-turbo-3.1.4.1-1  libpng-1.6.58-1
              tesseract-5.5.2-1  zlib-1:1.3.2-3

Total Download Size:   10.72 MiB
Total Installed Size:  44.99 MiB
Net Upgrade Size:      44.79 MiB

:: Proceed with installation? [Y/n]
:: Retrieving packages...
 tesseract-5.5.2-...  1453.3 KiB   335 KiB/s 00:04 [######] 100%
 leptonica-1.87.0...  1019.0 KiB   213 KiB/s 00:05 [######] 100%
 openjpeg2-2.5.4-...   904.9 KiB   189 KiB/s 00:05 [######] 100%
 tesseract-data-a...     3.1 MiB   517 KiB/s 00:06 [######] 100%
 libjpeg-turbo-3....   404.8 KiB   252 KiB/s 00:02 [######] 100%
 libpng-1.6.58-1-...   224.0 KiB   171 KiB/s 00:01 [######] 100%
 libtiff-4.7.1-2-...   333.0 KiB   176 KiB/s 00:02 [######] 100%
 giflib-6.1.3-1-a...    77.1 KiB   175 KiB/s 00:00 [######] 100%
 libwebp-1.6.0-2-...   215.6 KiB   182 KiB/s 00:01 [######] 100%
 lcms2-2.19-1-armv7h.pkg.tar.xz failed to download
 tesseract-data-o...     2.9 MiB   271 KiB/s 00:11 [######] 100%
 Total (11/13)          10.7 MiB  1003 KiB/s 00:11 [######] 100%
error: failed retrieving file 'lcms2-2.19-1-armv7h.pkg.tar.xz' f
rom mirror.archlinuxarm.org : The requested URL returned error:
404
warning: failed to retrieve some files
error: failed to commit transaction (unexpected error)
Errors occurred, no packages were upgraded.

━━━━━━━━━━━━━━━━━━━━━━━━━━━━━━━━━━━━━━━━━━━━━━━━━━━━━━━━━━━━━
   ❌ ERRO DETECTADO NA LINHA 5241
   A Sprint 059 foi interrompida para proteger a integridade.
━━━━━━━━━━━━━━━━━━━━━━━━━━━━━━━━━━━━━━━━━━━━━━━━━━━━━━━━━━━━━
[root@localhost rlsys-terminal-main]# ./capture-sprint-buffer.sh

Buffer capturado com sucesso:
logs/sprint-buffer-20260517-031413.log

Arquivo enviado para Downloads:
/sdcard/Download/sprint-buffer-20260517-031413.log

Após me enviar o arquivo aqui e eu confirmar a análise, remova c
om:
rm 'logs/sprint-buffer-20260517-031413.log' '/sdcard/Download/sp
rint-buffer-20260517-031413.log'
[root@localhost rlsys-terminal-main]# apt update && apt install
libjpeg-turbo zlib1g-dev libpng-dev tesseract-ocr -y
Ability to run this command as root has been disabled permanentl
y for safety purposes.
[root@localhost rlsys-terminal-main]# pacman -S lcms2 --noconfir
m
resolving dependencies...
looking for conflicting packages...

Packages (6) jbigkit-2.1-8  libdeflate-1.25-1
             libjpeg-turbo-3.1.4.1-1  libtiff-4.7.1-2
             libwebp-1.6.0-2  lcms2-2.19-1

Total Download Size:   0.27 MiB
Total Installed Size:  4.49 MiB

:: Proceed with installation? [Y/n]
:: Retrieving packages...
 lcms2-2.19-1-armv7h.pkg.tar.xz failed to download
 libdeflate-1.25-...    48.3 KiB  29.7 KiB/s 00:02 [######] 100%
 jbigkit-2.1-8-armv7h   44.6 KiB  27.3 KiB/s 00:02 [######] 100%
 Total (3/3)           272.0 KiB   150 KiB/s 00:02 [######] 100%
error: failed retrieving file 'lcms2-2.19-1-armv7h.pkg.tar.xz' f
rom mirror.archlinuxarm.org : The requested URL returned error:
404
warning: failed to retrieve some files
error: failed to commit transaction (unexpected error)
Errors occurred, no packages were upgraded.

━━━━━━━━━━━━━━━━━━━━━━━━━━━━━━━━━━━━━━━━━━━━━━━━━━━━━━━━━━━━━
   ❌ ERRO DETECTADO NA LINHA 5244
   A Sprint 059 foi interrompida para proteger a integridade.
━━━━━━━━━━━━━━━━━━━━━━━━━━━━━━━━━━━━━━━━━━━━━━━━━━━━━━━━━━━━━
[root@localhost rlsys-terminal-main]# pacman -S libjpeg-turbo zl
ib libpng tesseract
warning: zlib-1:1.3.2-3 is up to date -- reinstalling
resolving dependencies...
:: There are 128 providers available for tessdata:
:: Repository extra
   1) tesseract-data-afr  2) tesseract-data-amh
   3) tesseract-data-ara  4) tesseract-data-asm
   5) tesseract-data-aze  6) tesseract-data-aze_cyrl
   7) tesseract-data-bel  8) tesseract-data-ben
   9) tesseract-data-bod  10) tesseract-data-bos
   11) tesseract-data-bre  12) tesseract-data-bul
   13) tesseract-data-cat  14) tesseract-data-ceb
   15) tesseract-data-ces  16) tesseract-data-chi_sim
   17) tesseract-data-chi_sim_vert  18) tesseract-data-chi_tra
   19) tesseract-data-chi_tra_vert  20) tesseract-data-chr
   21) tesseract-data-cos  22) tesseract-data-cym
   23) tesseract-data-dan  24) tesseract-data-dan_frak
   25) tesseract-data-deu  26) tesseract-data-deu_frak
   27) tesseract-data-div  28) tesseract-data-dzo
   29) tesseract-data-ell  30) tesseract-data-eng
   31) tesseract-data-enm  32) tesseract-data-epo
   33) tesseract-data-equ  34) tesseract-data-est
   35) tesseract-data-eus  36) tesseract-data-fao
   37) tesseract-data-fas  38) tesseract-data-fil
   39) tesseract-data-fin  40) tesseract-data-fra
   41) tesseract-data-frk  42) tesseract-data-frm
   43) tesseract-data-fry  44) tesseract-data-gla
   45) tesseract-data-gle  46) tesseract-data-glg
   47) tesseract-data-grc  48) tesseract-data-guj
   49) tesseract-data-hat  50) tesseract-data-heb
   51) tesseract-data-hin  52) tesseract-data-hrv
   53) tesseract-data-hun  54) tesseract-data-hye
   55) tesseract-data-iku  56) tesseract-data-ind
   57) tesseract-data-isl  58) tesseract-data-ita
   59) tesseract-data-ita_old  60) tesseract-data-jav
   61) tesseract-data-jpn  62) tesseract-data-jpn_vert
   63) tesseract-data-kan  64) tesseract-data-kat
   65) tesseract-data-kat_old  66) tesseract-data-kaz
   67) tesseract-data-khm  68) tesseract-data-kir
   69) tesseract-data-kmr  70) tesseract-data-kor
   71) tesseract-data-kor_vert  72) tesseract-data-lao
   73) tesseract-data-lat  74) tesseract-data-lav
   75) tesseract-data-lit  76) tesseract-data-ltz
   77) tesseract-data-mal  78) tesseract-data-mar
   79) tesseract-data-mkd  80) tesseract-data-mlt
   81) tesseract-data-mon  82) tesseract-data-mri
   83) tesseract-data-msa  84) tesseract-data-mya
   85) tesseract-data-nep  86) tesseract-data-nld
   87) tesseract-data-nor  88) tesseract-data-oci
   89) tesseract-data-ori  90) tesseract-data-pan
   91) tesseract-data-pol  92) tesseract-data-por
   93) tesseract-data-pus  94) tesseract-data-que
   95) tesseract-data-ron  96) tesseract-data-rus
   97) tesseract-data-san  98) tesseract-data-sin
   99) tesseract-data-slk  100) tesseract-data-slk_frak
   101) tesseract-data-slv  102) tesseract-data-snd
   103) tesseract-data-spa  104) tesseract-data-spa_old
   105) tesseract-data-sqi  106) tesseract-data-srp
   107) tesseract-data-srp_latn  108) tesseract-data-sun
   109) tesseract-data-swa  110) tesseract-data-swe
   111) tesseract-data-syr  112) tesseract-data-tam
   113) tesseract-data-tat  114) tesseract-data-tel
   115) tesseract-data-tgk  116) tesseract-data-tgl
   117) tesseract-data-tha  118) tesseract-data-tir
   119) tesseract-data-ton  120) tesseract-data-tur
   121) tesseract-data-uig  122) tesseract-data-ukr
   123) tesseract-data-urd  124) tesseract-data-uzb
   125) tesseract-data-uzb_cyrl  126) tesseract-data-vie
   127) tesseract-data-yid  128) tesseract-data-yor

Enter a number (default=1): 1
looking for conflicting packages...

Packages (14) giflib-6.1.3-1  jbigkit-2.1-8  lcms2-2.19-1
              leptonica-1.87.0-1  libdeflate-1.25-1
              libtiff-4.7.1-2  libwebp-1.6.0-2
              openjpeg2-2.5.4-1  tesseract-data-afr-2:4.1.0-5
              tesseract-data-osd-2:4.1.0-5
              libjpeg-turbo-3.1.4.1-1  libpng-1.6.58-1
              tesseract-5.5.2-1  zlib-1:1.3.2-3

Total Download Size:    0.17 MiB
Total Installed Size:  44.99 MiB
Net Upgrade Size:      44.79 MiB

:: Proceed with installation? [Y/n]
:: Retrieving packages...
 lcms2-2.19-1-armv7h.pkg.tar.xz failed to download
error: failed retrieving file 'lcms2-2.19-1-armv7h.pkg.tar.xz' f
rom mirror.archlinuxarm.org : The requested URL returned error:
404
warning: failed to retrieve some files
error: failed to commit transaction (failed to retrieve some fil
es)
Errors occurred, no packages were upgraded.

━━━━━━━━━━━━━━━━━━━━━━━━━━━━━━━━━━━━━━━━━━━━━━━━━━━━━━━━━━━━━
   ❌ ERRO DETECTADO NA LINHA 5245
   A Sprint 059 foi interrompida para proteger a integridade.
━━━━━━━━━━━━━━━━━━━━━━━━━━━━━━━━━━━━━━━━━━━━━━━━━━━━━━━━━━━━━
[root@localhost rlsys-terminal-main]# ./capture-sprint-buffer.sh


