[root@localhost rlsys-terminal-main]# cat << 'EOF' > satellite/m
ain.py
> import sys
> import json
> import time
> from adapters.real_vision import RealCamera, RealOcrEngine
>
> def run_satellite():
>     # Coordenadas calibradas para o 1º número da timeline (Ex:
 31)
>     roi_evolution = {'top': 180, 'left': 460, 'width': 55, 'he
ight': 45}
>
>     camera = RealCamera(bounding_box=roi_evolution)
>     ocr = RealOcrEngine()
>
>     time.sleep(2)
>
>     try:
>         while True:
>             frame = camera.get_frame()
>
>             # MODO DEBUG: Guarda a foto da mira no disco para
validação
>             frame.save("mira_debug.png")
>
>             read_result = ocr.extract_number(frame)
>
>             if read_result:
>                 payload = {
>                     "sector": read_result.sector,
>                     "dealerId": read_result.dealer_id,
>                     "speed": "NORMAL"
>                 }
>                 print(json.dumps(payload), flush=True)
>                 time.sleep(3)
>             else:
>                 time.sleep(0.033)
>
>     except KeyboardInterrupt:
>         sys.exit(0)
>
> if __name__ == "__main__":
>     run_satellite()
> EOF
[root@localhost rlsys-terminal-main]#
[root@localhost rlsys-terminal-main]# echo -e "\033[0;32m\033[1m
[COORDENADAS ATUALIZADAS] Mira calibrada para a Timeline (Número
 31).\033[0m"
[COORDENADAS ATUALIZADAS] Mira calibrada para a Timeline (Número
 31).
[root@localhost rlsys-terminal-main]# echo -e "Execute o satélit
e (python3 satellite/main.py), aguarde 3 segundos e cancele (Ctr
l+C)."
Execute o satélite (python3 satellite/main.py), aguarde 3 segund
os e cancele (Ctrl+C).
[root@localhost rlsys-terminal-main]# echo -e "Depois, abra a im
agem 'mira_debug.png' no seu telemóvel para verificar se o 31 es
tá perfeitamente enquadrado."
Depois, abra a imagem 'mira_debug.png' no seu telemóvel para ver
ificar se o 31 está perfeitamente enquadrado.
[root@localhost rlsys-terminal-main]# python3 satellite/main.py
Traceback (most recent call last):
  File "/root/rlsys-terminal-main/satellite/main.py", line 4, in
 <module>
    from adapters.real_vision import RealCamera, RealOcrEngine
  File "/root/rlsys-terminal-main/satellite/adapters/real_vision
.py", line 4, in <module>
    from PIL import Image, ImageOps
ModuleNotFoundError: No module named 'PIL'

━━━━━━━━━━━━━━━━━━━━━━━━━━━━━━━━━━━━━━━━━━━━━━━━━━━━━━━━━━━━━
   ❌ ERRO DETECTADO NA LINHA 5234
   A Sprint 059 foi interrompida para proteger a integridade.
━━━━━━━━━━━━━━━━━━━━━━━━━━━━━━━━━━━━━━━━━━━━━━━━━━━━━━━━━━━━━
[root@localhost rlsys-terminal-main]# ./capture-sprint-buffer.sh


