[root@localhost rlsys-terminal-main]# #!/bin/bash
[root@localhost rlsys-terminal-main]# set -uo pipefail
nstructor(private readonly policy: DrawdownPolicy) {
    if (policy.windowSize < 2) {
      throw new Error("A janela de monitorizacao deve ter no min
imo 2 rodadas.");
    }
    // Pre-alocação de memória (Evita Garbage Collection no Andr
oid)
    this.balances = new Float64Array(policy.windowSize);
  }

  /**
   * Processa uma nova rodada em tempo O(K), onde K é o tamanho
da janela.
   * Utiliza padrao Result para garantir idempotencia sem quebra
r o runtime.
   */
  public processRound(roundId: number, currentBankroll: number):
 MonitorResult {
    // 1. Idempotência: Ignorar rodadas duplicadas ou fora de or
dem
    if (roundId <= this.lastRoundId) {
      return { success: false, error: 'INVALID_ROUND_SEQUENCE' }
;
    }

    // 2. Inserção no Buffer Circular O(1)
    this.balances[this.head] = currentBankroll;
    this.head = (this.head + 1) % this.policy.windowSize;
    if (this.count < this.policy.windowSize) {
      this.count++;
    }
    this.lastRoundId = roundId;

    // 3. Aguardar dados suficientes
    if (this.count < 2) {
      return { success: true, status: DrawdownStatus.HEALTHY };
    }

    // 4. Calcular o Pico (Peak) dentro da janela atual
    let peak = this.balances[0];
    for (let i = 1; i < this.count; i++) {
      if (this.balances[i] > peak) {
        peak = this.balances[i];
      }
    }

    // 5. Avaliar a Velocidade do Drawdown (Drawdown Velocity)
    const currentDrawdown = peak - currentBankroll;

    if (currentDrawdown >= this.policy.maxLossPerWindow) {
      return { success: true, status: DrawdownStatus.VELOCITY_AL
ERT };
    }

    return { success: true, status: DrawdownStatus.HEALTHY };
  }

  public reset(): void {
    this.head = 0;
    this.count = 0;
    this.lastRoundId = -1;
    this.balances.fill(0);
  }
}
EOF

# 4. Escrita: Testes Unitários Rígidos
cat << 'EOF' > tests/runtime-drawdown.test.js
cons[root@localhost rlsys-terminal-main]#
[root@localhost rlsys-terminal-main]# # Cores para o alerta (Pad
rão ArchLinux/Termux)
[root@localhost rlsys-terminal-main]# GREEN='\033[0;32m'
[root@localhost rlsys-terminal-main]# RED='\033[0;31m'
[root@localhost rlsys-terminal-main]# NC='\033[0m'
[root@localhost rlsys-terminal-main]# BOLD='\033[1m'
[root@localhost rlsys-terminal-main]#
[root@localhost rlsys-terminal-main]# LOG_FILE="sprint_032_drawd
own.log"
[root@localhost rlsys-terminal-main]# > "$LOG_FILE"
r');
c[root@localhost rlsys-terminal-main]#
[root@localhost rlsys-terminal-main]# log() {
>     echo -e "[$(date +'%H:%M:%S')] $1" | tee -a "$LOG_FILE"
> }
[root@localhost rlsys-terminal-main]#
[root@localhost rlsys-terminal-main]# error_handler() {
>     echo -e "\n${RED}${BOLD}━━━━━━━━━━━━━━━━━━━━━━━━━━━━━━━━━━
━━━━━━━━━━━━━━━━━━━━━━━━━━━${NC}"
und(1>     echo -e "${RED}${BOLD}   ❌ ERRO DETECTADO NA LINHA $
1${NC}"
>     echo -e "${RED}   A Sprint 032 foi interrompida para prote
ger a branch main.${NC}"
>     echo -e "${RED}${BOLD}━━━━━━━━━━━━━━━━━━━━━━━━━━━━━━━━━━━━
━━━━━━━━━━━━━━━━━━━━━━━━━${NC}"
>     return 1 2>/dev/null || exit 1
> }
[root@localhost rlsys-terminal-main]#
[root@localhost rlsys-terminal-main]# trap 'error_handler $LINEN
O' ERR
co [root@localhost rlsys-terminal-main]#
[root@localhost rlsys-terminal-main]# log "=====================
================================="
[22:32:07] =====================================================
=
[root@localhost rlsys-terminal-main]# log " INICIANDO SPRINT 032
 - RUNTIME DRAWDOWN LOCK "
[22:32:07]  INICIANDO SPRINT 032 - RUNTIME DRAWDOWN LOCK
[root@localhost rlsys-terminal-main]# log "=====================
================================="
[22:32:07] =====================================================
=
[root@localhost rlsys-terminal-main]#
a[root@localhost rlsys-terminal-main]# cd "$HOME/rlsys-terminal-
main"
[root@localhost rlsys-terminal-main]#
[root@localhost rlsys-terminal-main]# # 1. Preparação do Git
[root@localhost rlsys-terminal-main]# log "=> Sincronizando repo
sitório..."
ci[22:32:08] => Sincronizando repositório...
[root@localhost rlsys-terminal-main]# git checkout main
adaAlready on 'main'
Your branch is up to date with 'origin/main'.
[root@localhost rlsys-terminal-main]# git pull origin main
From https://github.com/thiagocoder30/rlsys-terminal-main
 * branch            main       -> FETCH_HEAD
Already up to date.
[root@localhost rlsys-terminal-main]#
[root@localhost rlsys-terminal-main]# log "=> Preparando branch
isolada..."
[22:32:16] => Preparando branch isolada...
[root@localhost rlsys-terminal-main]# git branch -D sprint-032-d
rawdown-lock 2>/dev/null || true
[root@localhost rlsys-terminal-main]# git checkout -b sprint-032
-drawdown-lock
Switched to a new branch 'sprint-032-drawdown-lock'
[root@localhost rlsys-terminal-main]#
u[root@localhost rlsys-terminal-main]# log "=> Criando ficheiros
 de domínio..."
[22:32:16] => Criando ficheiros de domínio...
[root@localhost rlsys-terminal-main]#
[root@localhost rlsys-terminal-main]# # 2. Escrita: Contratos e
Políticas (DrawdownPolicy.ts)
[root@localhost rlsys-terminal-main]# cat << 'EOF' > src/domain/
runtime/DrawdownPolicy.ts
> export interface DrawdownPolicy {
>   readonly windowSize: number;
>   readonly maxLossPerWindow: number;
> }
>
> export enum DrawdownStatus {
>   HEALTHY = 'HEALTHY',
>   VELOCITY_ALERT = 'VELOCITY_ALERT'
> }
>
 > export type MonitorResult =
>   | { success: true; status: DrawdownStatus }
>   | { success: false; error: string };
> EOF
[root@localhost rlsys-terminal-main]#
[root@localhost rlsys-terminal-main]# # 3. Escrita: O Motor Ciné
tico (RuntimeDrawdownMonitor.ts)
[root@localhost rlsys-terminal-main]# cat << 'EOF' > src/domain/
runtime/RuntimeDrawdownMonitor.ts
> import { DrawdownPolicy, DrawdownStatus, MonitorResult } from
'./DrawdownPolicy';
>
> export class RuntimeDrawdownMonitor {
GR>   private readonly balances: Float64Array;
>   private head: number = 0;
>   private count: number = 0;
>   private lastRoundId: number = -1;
>
>   constructor(private readonly policy: DrawdownPolicy) {
>     if (policy.windowSize < 2) {
>       throw new Error("A janela de monitorizacao deve ter no m
inimo 2 rodadas.");
>     }
>     // Pre-alocação de memória (Evita Garbage Collection no An
droid)
>     this.balances = new Float64Array(policy.windowSize);
>   }
rantida (Result Pattern).${NC}"
echo -e >
>   /**
>    * Processa uma nova rodada em tempo O(K), onde K é o tamanh
o da janela.
>    * Utiliza padrao Result para garantir idempotencia sem queb
rar o runtime.
>    */
>   public processRound(roundId: number, currentBankroll: number
): MonitorResult {
>     // 1. Idempotência: Ignorar rodadas duplicadas ou fora de
ordem
>     if (roundId <= this.lastRoundId) {
>       return { success: false, error: 'INVALID_ROUND_SEQUENCE'
 };
>     }
>
>     // 2. Inserção no Buffer Circular O(1)
>     this.balances[this.head] = currentBankroll;
>     this.head = (this.head + 1) % this.policy.windowSize;
>     if (this.count < this.policy.windowSize) {
>       this.count++;
>     }
>     this.lastRoundId = roundId;
>
>     // 3. Aguardar dados suficientes
>     if (this.count < 2) {
>       return { success: true, status: DrawdownStatus.HEALTHY }
;
>     }
>
>     // 4. Calcular o Pico (Peak) dentro da janela atual
>     let peak = this.balances[0];
>     for (let i = 1; i < this.count; i++) {
>       if (this.balances[i] > peak) {
>         peak = this.balances[i];
>       }
>     }
>
>     // 5. Avaliar a Velocidade do Drawdown (Drawdown Velocity)
>     const currentDrawdown = peak - currentBankroll;
>
>     if (currentDrawdown >= this.policy.maxLossPerWindow) {
>       return { success: true, status: DrawdownStatus.VELOCITY_
ALERT };
>     }
>
>     return { success: true, status: DrawdownStatus.HEALTHY };
>   }
>
>   public reset(): void {
>     this.head = 0;
>     this.count = 0;
>     this.lastRoundId = -1;
>     this.balances.fill(0);
>   }
> }
> EOF
[root@localhost rlsys-terminal-main]#
[root@localhost rlsys-terminal-main]# # 4. Escrita: Testes Unitá
rios Rígidos
[root@localhost rlsys-terminal-main]# cat << 'EOF' > tests/runti
me-drawdown.test.js
> const test = require('node:test');
> const assert = require('node:assert');
> const { RuntimeDrawdownMonitor } = require('../dist/domain/run
time/RuntimeDrawdownMonitor');
> const { DrawdownStatus } = require('../dist/domain/runtime/Dra
wdownPolicy');
>
> const policy = { windowSize: 5, maxLossPerWindow: 20 };
>
> test('DrawdownMonitor: Mantem status HEALTHY em flutuacoes nor
mais', () => {
>   const monitor = new RuntimeDrawdownMonitor(policy);
>   assert.strictEqual(monitor.processRound(1, 100).status, Draw
downStatus.HEALTHY);
>   assert.strictEqual(monitor.processRound(2, 95).status, Drawd
ownStatus.HEALTHY); // -5 loss
>   assert.strictEqual(monitor.processRound(3, 105).status, Draw
downStatus.HEALTHY); // peak changed
> });
>
> test('DrawdownMonitor: Dispara VELOCITY_ALERT em queda brusca'
, () => {
>   const monitor = new RuntimeDrawdownMonitor(policy);
>   monitor.processRound(1, 100);
>   monitor.processRound(2, 110); // Novo Pico (Peak)
>
>   // Queda de 110 para 85 = 25 de perda (limite é 20)
>   const result = monitor.processRound(3, 85);
>
>   assert.strictEqual(result.success, true);
>   assert.strictEqual(result.status, DrawdownStatus.VELOCITY_AL
ERT);
> });
>
> test('DrawdownMonitor: Garante idempotencia e rejeita rodadas
duplicadas', () => {
>   const monitor = new RuntimeDrawdownMonitor(policy);
>   monitor.processRound(10, 100);
>
>   // Tenta injetar a rodada 10 novamente (Ex: Duplo clique ou
falha de OCR)
>   const invalidResult = monitor.processRound(10, 90);
>
>   assert.strictEqual(invalidResult.success, false);
>   assert.strictEqual(invalidResult.error, 'INVALID_ROUND_SEQUE
NCE');
> });
> EOF
[root@localhost rlsys-terminal-main]#
[root@localhost rlsys-terminal-main]# # 5. Compilação e Teste
[root@localhost rlsys-terminal-main]# log "=> Instalando dependê
ncias e a compilar (TypeScript)..."
[22:32:18] => Instalando dependências e a compilar (TypeScript).
..
[root@localhost rlsys-terminal-main]# npm ci && npm run build

added 98 packages, and audited 99 packages in 20s

19 packages are looking for funding
  run `npm fund` for details

found 0 vulnerabilities

> rl-sys-core@2.9.0 build
> tsc

[root@localhost rlsys-terminal-main]#
[root@localhost rlsys-terminal-main]# log "=> Executando validaç
ão de domínio (Tests)..."
[22:33:21] => Executando validação de domínio (Tests)...
[root@localhost rlsys-terminal-main]# npm test

> rl-sys-core@2.9.0 test
> node --test tests/*.test.js

✔ AdaptiveConfidenceEngine allows mature low-noise signal calibr
ation (21.666154ms)
✔ AdaptiveConfidenceEngine observes marginal confidence near dyn
amic threshold (3.041231ms)
✔ AdaptiveConfidenceEngine blocks noisy low-quality calibration
(4.541923ms)
✔ AdaptiveConfidenceEngine rejects malformed input without silen
t failure (4.791616ms)
✔ AdvancedWalkForwardService rejects corrupted datasets (40978.7
24541ms)
✔ AdvancedWalkForwardService returns blocked research report for
 clean dataset (1875.96477ms)
✔ AdvancedWalkForwardValidator rejects invalid roulette history
(15.250538ms)
✔ AdvancedWalkForwardValidator detects low robustness on balance
d data (135.243461ms)
✔ AdvancedWalkForwardValidator surfaces candidate for persistent
 out-of-sample bias (92.592616ms)
✔ BayesianEdgeValidator rejects insufficient evidence (16.019616
ms)
✔ BayesianEdgeValidator supports strong positive out-of-sample e
vidence (8.599077ms)
✔ BenchmarkComparisonService rejects corrupted datasets (3659.49
0693ms)
✔ BenchmarkComparisonService returns institutional benchmark rep
ort with blocked gate (1269.745846ms)
✔ BootstrapResampler creates deterministic block samples with ch
ecksums (45.752154ms)
✔ BootstrapResampler rejects insufficient history (5.115769ms)
✔ CapitalExposureService returns institutional capital report wi
th blocked gate (3306.388308ms)
✔ CapitalExposureService rejects corrupted datasets (4.795077ms)
✔ CapitalExposureSimulator returns bounded capital survival metr
ics (73.387231ms)
✔ CapitalExposureSimulator rejects invalid roulette histories (6
.102231ms)
✔ CapitalExposureSimulator flags aggressive capital pressure wit
hout opening operational gate (43.979462ms)
✔ ConfidenceScorer returns a bounded score and grade (14.975693m
s)
✔ ConfigValidator accepts production-safe defaults with warnings
 only (14.734615ms)
✔ ConfigValidator rejects invalid ports and log levels (4.490846
ms)
✔ DataIntegrityValidator accepts research-sized canonical datase
ts (47.891923ms)
✔ DataIntegrityValidator blocks insufficient datasets (5.264077m
s)
✔ DatasetEngine parses and normalizes CSV datasets with checksum
s (21896.913463ms)
✔ DatasetEngine rejects invalid spin values without throwing (4.
438154ms)
✔ DatasetRegistryEngine accepts high quality datasets with deter
ministic checksums (45.793231ms)
✔ DatasetRegistryEngine requires review for OCR datasets with we
ak reliability (5.712ms)
✔ DatasetRegistryEngine blocks corrupted roulette sample values
(7.522769ms)
✔ DatasetRegistryEngine rejects duplicate dataset ids without si
lent failure (3.863077ms)
✔ DatasetRegistryEngine blocks oversized dataset batches before
processing (3.778385ms)
✔ DatasetRegistryEngine can block synthetic datasets by policy (
4.644077ms)
✔ DealerSignatureEngine detects persistent dealer sector signatu
re (25.501846ms)
✔ DealerSignatureEngine returns inconclusive for balanced dealer
 history (5.143846ms)
✔ DealerSignatureEngine blocks insufficient dealer sample (11.18
6538ms)
✔ DealerSignatureEngine rejects malformed roulette values withou
t silent failure (7.305153ms)
✔ DealerSignatureEngine blocks oversized batches for low-end har
dware safety (2.919692ms)
✔ DealerSignatureEngine is deterministic for repeated analysis (
13.597616ms)
✔ DecisionOrchestrator connects ranking to research-only live de
cision (57.391ms)
✔ DecisionOrchestrator keeps observation state when live session
 is not ready (8.028923ms)
✔ DecisionOrchestrator returns typed Result error for malformed
input (5.660846ms)
✔ DecisionOrchestrator blocks research signal when regime policy
 blocks signals (21.781923ms)
✔ DecisionOrchestrator blocks research signal when ensemble repo
rts strategic conflict (16.845769ms)
✔ DecisionOrchestrator blocks research signal when temporal deca
y expires evidence (13.797154ms)
✔ DecisionOrchestrator blocks research signal when adaptive conf
idence is too low (13.691077ms)
✔ DeterministicReplayStudio replays command streams with stable
checksums (4220.273077ms)
✔ DeterministicReplayStudio preserves idempotency for duplicate
frame events (5.430153ms)
✔ DeterministicReplayStudio replays verified persistence records
 (16.863538ms)
✔ DeterministicReplayStudio blocks checkpoint mismatches without
 throwing (4.928308ms)
✔ DeterministicReplayStudio rejects malformed requests without s
ilent failure (16.815538ms)
✔ EdgePersistenceAnalyzer returns no persistent edge for rotatin
g balanced data (161.757538ms)
✔ EdgePersistenceAnalyzer flags stable concentrated evidence as
persistent research signal (45.034154ms)
✔ EdgePersistenceAnalyzer estimates decay direction for fading s
ignals (38.622692ms)
✔ EVRiskAnalyticsEngine identifies positive edge candidate under
 bounded risk (119.095923ms)
✔ EVRiskAnalyticsEngine blocks negative expected value samples (
6.072385ms)
✔ EVRiskAnalyticsEngine blocks insufficient samples even when pr
ofitable (5.980769ms)
✔ EVRiskAnalyticsEngine exposes deterministic checksums for repe
ated analytics (5.695924ms)
✔ EVRiskAnalyticsEngine rejects malformed outcomes without silen
t failure (5.833846ms)
✔ EVRiskAnalyticsEngine blocks oversized analytics batches befor
e processing (2.420923ms)
✔ ExplainabilityEngine generates deterministic audit narrative f
or research signal (65.341923ms)
✔ ExplainabilityEngine surfaces blockers as primary reason for r
ejected decisions (10.860538ms)
✔ ExplainabilityEngine bounds evidence list for low-memory opera
tor UI (13.837769ms)
✔ ExplainabilityEngine rejects malformed input without silent fa
ilure (3.355307ms)
✔ HealthCheckService reports readiness with writable data direct
ory (3603.161077ms)
✔ HypothesisValidator keeps operational gate blocked without str
ong large-sample evidence (27.322923ms)
✔ IncrementalStatisticsEngine updates bounded rolling metrics wi
thout recompute over full history (40.733461ms)
✔ IncrementalStatisticsEngine preserves idempotency for duplicat
e round events (3.686538ms)
✔ IncrementalStatisticsEngine detects concentrated low-entropy w
indows (13.403154ms)
✔ IncrementalStatisticsEngine replays deterministically with mat
ching checksum (30.766923ms)
✔ IncrementalStatisticsEngine rejects malformed roulette values
without silent failure (10.991231ms)
✔ InputHardeningEngine accepts bounded manual roulette payloads
(37.49323ms)
✔ InputHardeningEngine rejects invalid roulette values before do
main processing (7.402ms)
✔ InputHardeningEngine rejects suspicious tokens and prototype p
ollution keys (5.89023ms)
✔ InputHardeningEngine sanitizes long strings without mutating p
ayload (10.062307ms)
✔ InputHardeningEngine rejects payloads exceeding bounded array
policy (53.796154ms)
✔ InputHardeningEngine returns typed Result error for malformed
request (3.313461ms)
✔ InstitutionalBacktestEngine returns bounded institutional metr
ics and gates (229.600538ms)
✔ InstitutionalBacktestEngine rejects invalid roulette history (
10.988847ms)
✔ InstitutionalBacktestService rejects corrupted datasets and ke
eps operational gate blocked (14919.162386ms)
✔ InstitutionalBacktestService returns institutional research re
port for clean dataset (337.228923ms)
✔ InternalEventBus delivers events to observers in a typed deter
ministic report (36.043ms)
✔ InternalEventBus preserves idempotency for duplicate event ids
 (6.483769ms)
✔ InternalEventBus isolates observer failures without throwing t
hrough publisher (88.838769ms)
✔ InternalEventBus rejects malformed events without silent failu
re (4.406769ms)
✔ LiveSessionRuntimeService collects rounds before decision read
iness (3353.823616ms)
✔ LiveSessionRuntimeService invokes decision layer after 100 rou
nds while keeping live gate blocked (165.550692ms)
✔ LiveSessionRuntimeService reports duplicate events idempotentl
y (3.738154ms)
✔ LiveSessionRuntimeService rejects malformed round input (5.138
846ms)
✔ LiveSessionRuntimeService surfaces cooldown without invoking l
ive stake (66.488615ms)
✔ LiveSessionRuntime ingests rounds incrementally with bounded w
indows (3350.716539ms)
✔ LiveSessionRuntime is idempotent for duplicated event ids (4.8
06308ms)
✔ LiveSessionRuntime rejects invalid roulette values without sil
ent failure (3.756ms)
✔ LiveSessionRuntime exposes deterministic control frame for dec
ision readiness (14.632308ms)
✔ LiveSessionRuntime enters cooldown on concentrated rolling win
dow (11.605384ms)
✔ MetricsRegistry captures counters, timers, uptime and memory (
9515.356846ms)
✔ MonteCarloEngine returns bounded institutional risk metrics (3
0.259462ms)
(node:14306) [MODULE_TYPELESS_PACKAGE_JSON] Warning: Module type
 of file:///root/rlsys-terminal-main/tests/monte-carlo-research-
studio.test.js is not specified and it doesn't parse as CommonJS
.
Reparsing as ES module because module syntax was detected. This
incurs a performance overhead.
To eliminate this warning, add "type": "module" to /root/rlsys-t
erminal-main/package.json.
(Use `node --trace-warnings ...` to show where the warning was c
reated)
✔ MonteCarloResearchStudio accepts robust candidate under varian
ce stress (69.656539ms)
✔ MonteCarloResearchStudio blocks fragile candidate when drawdow
n and ruin risk are excessive (21.158769ms)
✔ MonteCarloResearchStudio is deterministic for the same seed an
d inputs (167.588462ms)
✔ MonteCarloResearchStudio blocks oversized research batches (6.
70223ms)
✔ MonteCarloResearchStudio rejects malformed outcomes without si
lent failure (3.964385ms)
✔ MonteCarloV2Engine returns bounded bootstrap risk metrics (544
.743539ms)
✔ MonteCarloV2Engine surfaces robust candidate without opening o
perational gate (177.730692ms)
✔ MonteCarloV2Engine rejects invalid histories (6.781ms)
✔ MonteCarloV2Service returns institutional blocked research rep
ort (5503.201308ms)
✔ MonteCarloV2Service rejects corrupted datasets (6.783538ms)
✔ OfflineResearchRunner processes clean datasets with determinis
tic checksum (3892.042385ms)
✔ OfflineResearchRunner preserves replay idempotency metrics for
 duplicate events (9.783538ms)
✔ OfflineResearchRunner blocks oversized offline batches before
replay (3.678154ms)
✔ OfflineResearchRunner rejects malformed datasets without silen
t failure (3.459077ms)
✔ OfflineResearchRunner reports no signal-like frames without tr
eating it as failure (16.605462ms)
✔ OperatorHudProjectionEngine creates deterministic research-onl
y HUD projection (87.394385ms)
✔ OperatorHudProjectionEngine surfaces blocked decisions as dang
er mode (7.709539ms)
✔ OperatorHudProjectionEngine bounds cards for low-memory operat
or UI (5.587615ms)
✔ OperatorHudProjectionEngine rejects malformed input without si
lent failure (2.739077ms)
✔ PersistenceResearchService rejects corrupted tiny dataset (34.
222615ms)
✔ PersistenceResearchService returns research-ready status for p
ersistent evidence while keeping operational gate blocked (4418.
724846ms)
✔ RegimeClassificationEngine classifies balanced history as stab
le research regime (345.586308ms)
✔ RegimeClassificationEngine blocks chaotic concentrated history
 (6.974ms)
✔ RegimeClassificationEngine detects drifting sector pressure wi
thout opening signals (14.05777ms)
✔ RegimeClassificationEngine returns typed Result error for malf
ormed history (6.064462ms)
✔ RegimeDetector returns bounded stability and windows (47.69307
7ms)
✔ RegimeDetector marks very small samples as unstable (4.077231m
s)
✔ ReleaseReadinessService returns review when config has warning
s but no blockers (22312.94954ms)
✔ ReleaseReadinessService blocks failed readiness checks (3.4212
31ms)
✔ ResearchDatasetService returns accepted report for clean resea
rch dataset (5423.260539ms)
✔ ResearchDatasetService rejects corrupted dataset (12.548846ms)
✔ ResearchExperimentOrchestrator promotes governed positive edge
 to alpha candidate (36.535385ms)
✔ ResearchExperimentOrchestrator blocks when analytics is negati
ve or inconclusive (3.729077ms)
✔ ResearchExperimentOrchestrator blocks mismatched dataset count
s without silent failure (280.769ms)
✔ ResearchExperimentOrchestrator is deterministic for repeated e
xperiment envelopes (5.958231ms)
✔ ResearchExperimentOrchestrator blocks insufficient offline fra
me evidence (4.291384ms)
✔ ResearchReportingService rejects corrupted datasets with audit
 envelope (4679.226693ms)
✔ ResearchReportingService consolidates all research modules whi
le keeping operational gate blocked (838.106308ms)
✔ DrawdownMonitor: Mantem status HEALTHY em flutuacoes normais (
14.280846ms)
✔ DrawdownMonitor: Dispara VELOCITY_ALERT em queda brusca (2.82m
s)
✔ DrawdownMonitor: Garante idempotencia e rejeita rodadas duplic
adas (2.241461ms)
✔ RuntimePerformanceBudgetEngine keeps low-end runtime within bu
dget (24.307308ms)
✔ RuntimePerformanceBudgetEngine throttles when queue and latenc
y exceed policy (5.092461ms)
✔ RuntimePerformanceBudgetEngine blocks live evaluation on criti
cal thermal state (3.667539ms)
✔ RuntimePerformanceBudgetEngine produces deterministic checksum
s for repeated samples (4.069384ms)
✔ RuntimePerformanceBudgetEngine rejects malformed samples witho
ut silent failure (3.61777ms)
✔ RuntimeSanityEngine accepts healthy runtime alignment (20.6838
46ms)
✔ RuntimeSanityEngine requires review for moderate divergence (3
.550307ms)
✔ RuntimeSanityEngine detects paradigm break under severe diverg
ence (3.665461ms)
✔ RuntimeSanityEngine blocks insufficient runtime sample (6.6366
93ms)
✔ RuntimeSanityEngine rejects malformed runtime input (3.61923ms
)
✔ securityHeaders applies baseline hardening headers (11.268923m
s)
✔ valueToState maps roulette values to institutional states (14.
947846ms)
✔ SequentialBiasDetector returns low evidence for rotating balan
ced states (34.062846ms)
✔ SequentialBiasDetector flags persistent temporal clusters (15.
971692ms)
✔ SequentialResearchService rejects corrupted tiny dataset (42.1
79615ms)
✔ SequentialResearchService returns a temporal report for persis
tent dataset (79.150385ms)
✔ Sessao Saudavel (12.174539ms)
✔ Disparo Stop Loss (3.880924ms)
✔ SessionPersistenceEngine creates and verifies deterministic pe
rsistence records (9881.108386ms)
✔ SessionPersistenceEngine replays journal for crash recovery wi
th matching checksum (25.491ms)
✔ SessionPersistenceEngine preserves idempotency during replay (
9.67023ms)
✔ SessionPersistenceEngine rejects corrupted records without sil
ent failure (4.833ms)
✔ SpatialClusterCorrelationEngine detects contextual spatial clu
ster (34.861924ms)
✔ SpatialClusterCorrelationEngine remains deterministic for repe
ated evaluation (20.862539ms)
✔ SpatialClusterCorrelationEngine returns inconclusive for balan
ced contexts (7.129846ms)
✔ SpatialClusterCorrelationEngine blocks insufficient sample (3.
050385ms)
✔ SpatialClusterCorrelationEngine rejects malformed roulette val
ues without silent failure (4.266539ms)
✔ StatisticalResearchService returns inconclusive research repor
t for clean uniform dataset (4319.261847ms)
✔ StatisticalResearchService rejects corrupted tiny dataset (14.
778769ms)
✔ StatisticalSignificanceEngine treats balanced roulette distrib
ution as low evidence (27.319461ms)
✔ StatisticalSignificanceEngine flags concentrated deviation as
significant (9.874615ms)
✔ StrategyBenchmarkEngine rejects invalid histories (25.104231ms
)
✔ StrategyBenchmarkEngine returns bounded benchmark metrics (558
.278846ms)
✔ StrategyBenchmarkEngine can surface candidate without opening
operational gate (415.054385ms)
✔ StrategyComparisonFramework selects a clear risk-adjusted lead
er (33.508616ms)
✔ StrategyComparisonFramework returns no clear leader for close
candidates (4.00523ms)
✔ StrategyComparisonFramework blocks candidates that fail eligib
ility policy (5.136462ms)
✔ StrategyComparisonFramework is deterministic across repeated c
omparisons (66.885615ms)
✔ StrategyComparisonFramework rejects malformed input without si
lent failure (2.734692ms)
✔ StrategyComparisonFramework blocks oversized comparison batche
s (2.423692ms)
✔ StrategyDecisionEngine returns research-only entry candidate f
or strong evidence (40.970693ms)
✔ StrategyDecisionEngine blocks NO_GO warmup regardless of other
 evidence (5.598923ms)
✔ StrategyDecisionEngine never opens live stake even for candida
tes (3.097846ms)
✔ StrategyDecisionEngine blocks unsafe bankroll progression when
 stake does not fit stop loss budget (3.312462ms)
✔ StrategyDecisionEngine exposes no-stake bankroll guard for obs
ervation states (9.662ms)
✔ StrategyDecisionService returns blocked governance decision fo
r clean session (7418.736769ms)
✔ StrategyDecisionService rejects corrupted tiny sessions throug
h decision blockers (22.30923ms)
✔ RouletteStats rejects invalid roulette numbers (14.81923ms)
✔ StrategyEngine locks insufficient samples (3.519308ms)
✔ StrategyEngine returns institutional analysis shape for valid
sample (27.345231ms)
✔ BacktestEngine produces a stable walk-forward summary (288.950
385ms)
✔ RiskPolicy blocks strategy without enough walk-forward evidenc
e (5.738076ms)
✔ StrategyEnsembleEngine forms consensus from aligned strategy v
otes (24.475923ms)
✔ StrategyEnsembleEngine blocks when strategies conflict above p
olicy limit (4.36ms)
✔ StrategyEnsembleEngine rejects malformed votes without silent
failure (5.217693ms)
✔ StrategyRankingEngine ranks eligible candidates by Bayesian ev
idence adjusted for risk (21.260846ms)
✔ StrategyRankingEngine is deterministic for repeated input orde
r and tie-breaks by id (90.977693ms)
✔ StrategyRankingEngine rejects malformed candidates without sil
ent failure (7.569ms)
✔ StressScenarioAnalyzer returns bounded stress metrics and draw
down surface (142.145308ms)
✔ StressScenarioAnalyzer rejects invalid roulette histories (4.5
84693ms)
✔ StressScenarioAnalyzer flags aggressive capital pressure witho
ut opening operational gate (81.980846ms)
✔ StressScenarioService returns institutional stress report with
 blocked gate (7570.810001ms)
✔ StressScenarioService rejects corrupted datasets (7.332231ms)
✔ StructuredLogger emits sanitized JSON logs (5980.584923ms)
(node:14772) [MODULE_TYPELESS_PACKAGE_JSON] Warning: Module type
 of file:///root/rlsys-terminal-main/tests/synthetic-session-gen
erator.test.js is not specified and it doesn't parse as CommonJS
.
Reparsing as ES module because module syntax was detected. This
incurs a performance overhead.
To eliminate this warning, add "type": "module" to /root/rlsys-t
erminal-main/package.json.
(Use `node --trace-warnings ...` to show where the warning was c
reated)
✔ SyntheticSessionGenerator creates deterministic balanced contr
ol sessions (49.829308ms)
✔ SyntheticSessionGenerator injects sector bias for physical-edg
e research (16.276846ms)
✔ SyntheticSessionGenerator creates drifting sessions with multi
ple segments (12.476384ms)
✔ SyntheticSessionGenerator blocks oversized batches for low-mem
ory devices (3.322692ms)
✔ SyntheticSessionGenerator rejects malformed requests without s
ilent failure (4.863923ms)
✔ TemporalDecayEngine keeps fresh signals eligible with bounded
contribution (20.845231ms)
✔ TemporalDecayEngine blocks expired evidence before live decisi
on (5.058615ms)
✔ TemporalDecayEngine returns observation for aging but non-expi
red evidence (3.359846ms)
✔ TemporalDecayEngine rejects malformed signal without silent fa
ilure (3.576154ms)
✔ VisionReliabilityInspector accepts complete high-quality warmu
p extraction (25.884616ms)
✔ VisionReliabilityInspector requires manual review for low item
 confidence (5.407077ms)
✔ VisionReliabilityInspector rejects incomplete high-rejection e
xtraction (2.957154ms)
✔ VisionWarmupNormalizer extracts valid roulette numbers from JS
ON markdown (41.474154ms)
✔ VisionWarmupNormalizer reports rejected OCR values without gue
ssing (6.435077ms)
✔ VisionWarmupNormalizer rejects payload without sequence (3.783
923ms)
✔ VisionWarmupNormalizer reads object values and exposes reliabi
lity review (8.625077ms)
✔ WalkForwardValidationLab accepts robust out-of-sample alpha ca
ndidate (41.991538ms)
✔ WalkForwardValidationLab flags train-positive validation-negat
ive overfit (10.363154ms)
✔ WalkForwardValidationLab returns inconclusive when validation
pass rate is weak but not pure overfit (11.715462ms)
✔ WalkForwardValidationLab is deterministic across repeated runs
 (13.226616ms)
✔ WalkForwardValidationLab rejects malformed outcomes without si
lent failure (5.366846ms)
✔ WalkForwardValidationLab blocks oversized research batches (4.
103538ms)
✔ WarmupSessionAnalyzer accepts complete balanced 100-round warm
up for research (29.429769ms)
✔ WarmupSessionAnalyzer rejects invalid roulette values (6.175ms
)
✔ WarmupSessionAnalyzer marks incomplete warmup as NO_GO (4.0030
76ms)
✔ WarmupSessionService evaluates manual 100-round warmup with bl
ocked operational gate (3725.270462ms)
✔ WarmupSessionService rejects corrupted warmup dataset (6.68369
3ms)
✔ WarmupSessionService evaluates vision raw JSON without opening
 operational gate (20.543462ms)
ℹ tests 230
ℹ suites 0
ℹ pass 230
ℹ fail 0
ℹ cancelled 0
ℹ skipped 0
ℹ todo 0
ℹ duration_ms 51385.907464
[root@localhost rlsys-terminal-main]#
[root@localhost rlsys-terminal-main]# # 6. Finalização Git
[root@localhost rlsys-terminal-main]# log "=> Guardar registos e
 integrar (Merge)..."
[22:34:34] => Guardar registos e integrar (Merge)...
[root@localhost rlsys-terminal-main]# git add .
[root@localhost rlsys-terminal-main]# git commit -m "feat(runtim
e): O(1) runtime drawdown lock com ring buffer"
[sprint-032-drawdown-lock c9857af] feat(runtime): O(1) runtime d
rawdown lock com ring buffer
 3 files changed, 113 insertions(+)
 create mode 100644 src/domain/runtime/DrawdownPolicy.ts
 create mode 100644 src/domain/runtime/RuntimeDrawdownMonitor.ts
 create mode 100644 tests/runtime-drawdown.test.js
[root@localhost rlsys-terminal-main]# git push -u origin sprint-
032-drawdown-lock
Enumerating objects: 14, done.
Counting objects: 100% (14/14), done.
Delta compression using up to 8 threads
Compressing objects: 100% (9/9), done.
Writing objects: 100% (9/9), 2.34 KiB | 149.00 KiB/s, done.
Total 9 (delta 4), reused 0 (delta 0), pack-reused 0 (from 0)
remote: Resolving deltas: 100% (4/4), completed with 4 local obj
ects.
remote:
remote: Create a pull request for 'sprint-032-drawdown-lock' on
GitHub by visiting:
remote:      https://github.com/thiagocoder30/rlsys-terminal-mai
n/pull/new/sprint-032-drawdown-lock
remote:
To https://github.com/thiagocoder30/rlsys-terminal-main.git
 * [new branch]      sprint-032-drawdown-lock -> sprint-032-draw
down-lock
branch 'sprint-032-drawdown-lock' set up to track 'origin/sprint
-032-drawdown-lock'.
[root@localhost rlsys-terminal-main]#
[root@localhost rlsys-terminal-main]# git checkout main
Switched to branch 'main'
Your branch is up to date with 'origin/main'.
[root@localhost rlsys-terminal-main]# git merge sprint-032-drawd
own-lock
Updating 0ff20e6..c9857af
Fast-forward
 src/domain/runtime/DrawdownPolicy.ts     | 13 ++++
 .../runtime/RuntimeDrawdownMonitor.ts    | 64 ++++++++++++++++
 tests/runtime-drawdown.test.js           | 36 +++++++++
 3 files changed, 113 insertions(+)
 create mode 100644 src/domain/runtime/DrawdownPolicy.ts
 create mode 100644 src/domain/runtime/RuntimeDrawdownMonitor.ts
 create mode 100644 tests/runtime-drawdown.test.js
[root@localhost rlsys-terminal-main]# git push origin main
Total 0 (delta 0), reused 0 (delta 0), pack-reused 0 (from 0)
To https://github.com/thiagocoder30/rlsys-terminal-main.git
   0ff20e6..c9857af  main -> main
[root@localhost rlsys-terminal-main]#
[root@localhost rlsys-terminal-main]# # 7. Banner de Sucesso
[root@localhost rlsys-terminal-main]# echo -e "\n${GREEN}${BOLD}
━━━━━━━━━━━━━━━━━━━━━━━━━━━━━━━━━━━━━━━━━━━━━━━━━━━━━━━━━━━━━${N
C}"

━━━━━━━━━━━━━━━━━━━━━━━━━━━━━━━━━━━━━━━━━━━━━━━━━━━━━━━━━━━━━
[root@localhost rlsys-terminal-main]# echo -e "${GREEN}${BOLD}
 🛡️ SPRINT 032 CONCLUÍDA: RUNTIME DRAWDOWN LOCK ATIVO!${NC}"
echo -e "${GREEN}${BOLD}   🛡️ SPRINT 032 CONCLUÍDA: RUNTIME DRAW
DOWN LOCK ATIVO"\n${GREEN}${BOLD}━━━━━━━━━━━━━━━━━━━━━━━━━━━━━━━
━━━━━━━━━━━━━━━━━━━━━━━━━━━━━━${NC}"{NC}"
   🛡️ SPRINT 032 CONCLUÍDA: RUNTIME DRAWDOWN LOCK ATIVOn━━━━━━━━
━━━━━━━━━━━━━━━━━━━━━━━━━━━━━━━━━━━━━━━━━━━━━━━━━━━━━{NC}
[root@localhost rlsys-terminal-main]# echo -e "${GREEN}   • Buff
er Circular alocado (Zero GC overhead).${NC}"
   • Buffer Circular alocado (Zero GC overhead).
[root@localhost rlsys-terminal-main]# echo -e "${GREEN}   • Idem
potência garantida (Result Pattern).${NC}"
   • Idempotência garantida (Result Pattern).
[root@localhost rlsys-terminal-main]# echo -e "${GREEN}   • Test
es de queda e ruído passaram com sucesso.${NC}"
   • Testes de queda e ruído passaram com sucesso.
[root@localhost rlsys-terminal-main]# echo -e "${GREEN}${BOLD}━━
━━━━━━━━━━━━━━━━━━━━━━━━━━━━━━━━━━━━━━━━━━━━━━━━━━━━━━━━━━━${NC}
"
━━━━━━━━━━━━━━━━━━━━━━━━━━━━━━━━━━━━━━━━━━━━━━━━━━━━━━━━━━━━━
[root@localhost rlsys-terminal-main]# log "Operação terminada. T
erminal livre para uso."
[22:34:57] Operação terminada. Terminal livre para uso.
[root@localhost rlsys-terminal-main]#
[root@localhost rlsys-terminal-main]# ./capture-sprint-buffer.sh


