[INFO] Entrando no projeto...
[INFO] Ativando venv, se existir...
[INFO] Garantindo patch na raiz do projeto...
[INFO] Conferindo ambiente...
/root/rlsys-terminal-main
?? logs/sprint-034-install-20260519-120725.log
?? logs/sprint-034-v2-install-20260519-124140.log
?? logs/sprint-buffer-20260519-093130.log
?? rlsys-terminal-sprint-034-runtime-enforcement-orchestrator-v2.diff
?? rlsys-terminal-sprint-034-runtime-enforcement-orchestrator.diff
?? run-sprint-034-v2.sh
?? run-sprint-034.sh
v26.1.0
11.14.1
[INFO] Preparando branch...
Switched to branch 'main'
Your branch is up to date with 'origin/main'.
From https://github.com/thiagocoder30/rlsys-terminal-main
 * branch            main       -> FETCH_HEAD
Already up to date.
Deleted branch sprint-034-runtime-enforcement-orchestrator (was a65d1d9).
Switched to a new branch 'sprint-034-runtime-enforcement-orchestrator'
[INFO] Validando patch...
error: No valid patches in input (allow with "--allow-empty")

[ERRO] Falha na linha 58.
[ERRO] Log salvo em: /root/rlsys-terminal-main/logs/sprint-034-v2-install-20260519-124140.log

Pressione ENTER para manter o terminal aberto...
[FINALIZADO] Log salvo em: /root/rlsys-terminal-main/logs/sprint-034-v2-install-20260519-124140.log

Pressione ENTER para sair...